FILE_TYPE=LIBRARY_PARTS;
TIME='Created/Modified on Tue Dec 01 17:13:42 2009';

primitive 'D_ESD_NORM','D_ESD_N/A','D_ESD_SLP_2PIN','D_ESD_SMC','D_ESD_0402','D_ESD_0603','D_ESD_SMB','D_ESD_MICROSMP','D_ESD_1608','D_ESD_SMA','D_ESD_SOD123','D_ESD_X2SON','D_ESD_MICROSMP_AK';
  pin
    '2':
      PIN_NUMBER='(2)';
	PIN_TYPE='ANALOG';
	NO_LOAD_CHECK='BOTH';
	NO_IO_CHECK='BOTH';
	ALLOW_CONNECT='TRUE';
    '1':
      PIN_NUMBER='(1)';
	PIN_TYPE='ANALOG';
	NO_LOAD_CHECK='BOTH';
	NO_IO_CHECK='BOTH';
	ALLOW_CONNECT='TRUE';
  end_pin;
  body
    CLASS='DISCRETE';
    BODY_NAME='D_ESD';
    PART_NAME='D_ESD';
    PHYS_DES_PREFIX='D';
    PINCOUNT='2';
  end_body;
end_primitive;

primitive 'D_ESD_SLP6','D_ESD_SMF';
  pin
    '2C':
      PIN_NUMBER='(2)';
	PIN_TYPE='ANALOG';
	NO_LOAD_CHECK='BOTH';
	NO_IO_CHECK='BOTH';
	ALLOW_CONNECT='TRUE';
    '1A':
      PIN_NUMBER='(1)';
	PIN_TYPE='ANALOG';
	NO_LOAD_CHECK='BOTH';
	NO_IO_CHECK='BOTH';
	ALLOW_CONNECT='TRUE';
  end_pin;
  body
    CLASS='DISCRETE';
    BODY_NAME='D_ESD';
    PART_NAME='D_ESD';
    PHYS_DES_PREFIX='D';
    PINCOUNT='2';
  end_body;
end_primitive;

primitive 'D_ESD_SOD523','D_ESD_SOD923','D_ESD_SOD123_U';
  pin
    '2A':
      PIN_NUMBER='(2)';
	PIN_TYPE='ANALOG';
	NO_LOAD_CHECK='BOTH';
	NO_IO_CHECK='BOTH';
	ALLOW_CONNECT='TRUE';
    '1C':
      PIN_NUMBER='(1)';
	PIN_TYPE='ANALOG';
	NO_LOAD_CHECK='BOTH';
	NO_IO_CHECK='BOTH';
	ALLOW_CONNECT='TRUE';
  end_pin;
  body
    CLASS='DISCRETE';
    BODY_NAME='D_ESD';
    PART_NAME='D_ESD';
    PHYS_DES_PREFIX='D';
    PINCOUNT='2';
  end_body;
end_primitive;

primitive 'D_ESD_SOT553';
 pin
    'LINE1':
      PIN_NUMBER='(1)';
      PIN_TYPE='ANALOG';
      NO_LOAD_CHECK='BOTH';
      NO_IO_CHECK='BOTH';
      ALLOW_CONNECT='TRUE';
    'LINE2':
      PIN_NUMBER='(3)';
      PIN_TYPE='ANALOG';
      NO_LOAD_CHECK='BOTH';
      NO_IO_CHECK='BOTH';
      ALLOW_CONNECT='TRUE';
    'LINE3':
      PIN_NUMBER='(4)';
      PIN_TYPE='ANALOG';
      NO_LOAD_CHECK='BOTH';
      NO_IO_CHECK='BOTH';
      ALLOW_CONNECT='TRUE';
    'LINE4':
      PIN_NUMBER='(5)';
      PIN_TYPE='ANALOG';
      NO_LOAD_CHECK='BOTH';
      NO_IO_CHECK='BOTH';
      ALLOW_CONNECT='TRUE';
    'GND':
      PIN_NUMBER='(2)';
      PINUSE='GROUND';
 end_pin;
 body
  PART_NAME='D_ESD';
  BODY_NAME='D_ESD';
  PHYS_DES_PREFIX='D';
  CLASS='IC';
 end_body;
end_primitive;

primitive 'D_ESD_SOT23','D_ESD_SC70';
 pin
    'P1':
      PIN_NUMBER='(1)';
      PIN_TYPE='ANALOG';
      NO_LOAD_CHECK='BOTH';
      NO_IO_CHECK='BOTH';
      ALLOW_CONNECT='TRUE';
	  PIN_GROUP='1';
    'P2':
      PIN_NUMBER='(2)';
      PIN_TYPE='ANALOG';
      NO_LOAD_CHECK='BOTH';
      NO_IO_CHECK='BOTH';
      ALLOW_CONNECT='TRUE';
	  PIN_GROUP='1';
    'P3':
      PIN_NUMBER='(3)';
      PIN_TYPE='ANALOG';
      NO_LOAD_CHECK='BOTH';
      NO_IO_CHECK='BOTH';
      ALLOW_CONNECT='TRUE';
 end_pin;
 body
  PART_NAME='D_ESD';
  BODY_NAME='D_ESD';
  PHYS_DES_PREFIX='D';
  CLASS='DISCRETE';
 end_body;
end_primitive;

primitive 'D_ESD_DFN18';
 pin
    'LINE1':
      PIN_NUMBER='(1)';
      INPUT_LOAD='(-0.01,0.01)';
    'LINE2':
      PIN_NUMBER='(2)';
      INPUT_LOAD='(-0.01,0.01)';
    'LINE3':
      PIN_NUMBER='(3)';
      INPUT_LOAD='(-0.01,0.01)';
    'LINE4':
      PIN_NUMBER='(4)';
      INPUT_LOAD='(-0.01,0.01)';
    'LINE5':
      PIN_NUMBER='(5)';
      INPUT_LOAD='(-0.01,0.01)';
    'LINE6':
      PIN_NUMBER='(6)';
     INPUT_LOAD='(-0.01,0.01)';
    'LINE7':
      PIN_NUMBER='(7)';
      INPUT_LOAD='(-0.01,0.01)';
    'LINE8':
      PIN_NUMBER='(8)';
      INPUT_LOAD='(-0.01,0.01)';
    'LINE9':
      PIN_NUMBER='(9)';
      INPUT_LOAD='(-0.01,0.01)';
    'LINE10':
      PIN_NUMBER='(10)';
      INPUT_LOAD='(-0.01,0.01)';
    'LINE11':
      PIN_NUMBER='(11)';
      INPUT_LOAD='(-0.01,0.01)';
    'LINE13':
      PIN_NUMBER='(13)';
      INPUT_LOAD='(-0.01,0.01)';
    'LINE15':
      PIN_NUMBER='(15)';
       INPUT_LOAD='(-0.01,0.01)';
    'LINE17':
      PIN_NUMBER='(17)';
      INPUT_LOAD='(-0.01,0.01)';
    'GND12':
      PIN_NUMBER='(12)';
      PINUSE='GROUND';
    'GND14':
      PIN_NUMBER='(14)';
      PINUSE='GROUND';
    'GND16':
      PIN_NUMBER='(16)';
      PINUSE='GROUND';
    'GND18':
      PIN_NUMBER='(18)';
      PINUSE='GROUND';
    'GND19':
      PIN_NUMBER='(19)';
      PINUSE='GROUND';
    'GND20':
      PIN_NUMBER='(20)';
      PINUSE='GROUND';
    'GND21':
      PIN_NUMBER='(21)';
      PINUSE='GROUND';
 end_pin;
 body
  CLASS='IO';
  PART_NAME='D_ESD';
  BODY_NAME='D_ESD';
  PHYS_DES_PREFIX='D';
 end_body;
end_primitive;

primitive 'D_ESD_SLP8';
 pin
    'IO_1':
      PIN_NUMBER='(1)';
      PIN_TYPE='ANALOG';
      NO_LOAD_CHECK='BOTH';
      NO_IO_CHECK='BOTH';
      ALLOW_CONNECT='TRUE';
    'IO_2':
      PIN_NUMBER='(2)';
      PIN_TYPE='ANALOG';
      NO_LOAD_CHECK='BOTH';
      NO_IO_CHECK='BOTH';
      ALLOW_CONNECT='TRUE';
    'IO_3':
      PIN_NUMBER='(3)';
      PIN_TYPE='ANALOG';
      NO_LOAD_CHECK='BOTH';
      NO_IO_CHECK='BOTH';
      ALLOW_CONNECT='TRUE';
    'IO_4':
      PIN_NUMBER='(4)';
      PIN_TYPE='ANALOG';
      NO_LOAD_CHECK='BOTH';
      NO_IO_CHECK='BOTH';
      ALLOW_CONNECT='TRUE';
    'IO_5':
      PIN_NUMBER='(5)';
      PIN_TYPE='ANALOG';
      NO_LOAD_CHECK='BOTH';
      NO_IO_CHECK='BOTH';
      ALLOW_CONNECT='TRUE';
    'IO_6':
      PIN_NUMBER='(6)';
      PIN_TYPE='ANALOG';
      NO_LOAD_CHECK='BOTH';
      NO_IO_CHECK='BOTH';
      ALLOW_CONNECT='TRUE';
   'GND1':
    PIN_NUMBER='(7)';
    PINUSE='GROUND';
   'GND2':
    PIN_NUMBER='(8)';
    PINUSE='GROUND';
  end_pin;
 body
  CLASS='IO';
  PART_NAME='D_ESD';
  BODY_NAME='D_ESD';
  PHYS_DES_PREFIX='D';
 end_body;
end_primitive;

primitive 'D_ESD_SLP_6PIN';
 pin
    '1':
      PIN_NUMBER='(1)';
      PIN_TYPE='ANALOG';
      NO_LOAD_CHECK='BOTH';
      NO_IO_CHECK='BOTH';
      ALLOW_CONNECT='TRUE';
    '3':
      PIN_NUMBER='(3)';
      PIN_TYPE='ANALOG';
      NO_LOAD_CHECK='BOTH';
      NO_IO_CHECK='BOTH';
      ALLOW_CONNECT='TRUE';
    '4':
      PIN_NUMBER='(4)';
      PIN_TYPE='ANALOG';
      NO_LOAD_CHECK='BOTH';
      NO_IO_CHECK='BOTH';
      ALLOW_CONNECT='TRUE';
    '6':
      PIN_NUMBER='(6)';
      PIN_TYPE='ANALOG';
      NO_LOAD_CHECK='BOTH';
      NO_IO_CHECK='BOTH';
      ALLOW_CONNECT='TRUE';
    'PWR':
      PIN_NUMBER='(5)';
      PINUSE='POWER';
    'GND':
      PIN_NUMBER='(2)';
      PINUSE='GROUND';
  end_pin;
 body
  CLASS='IO';
  PART_NAME='D_ESD';
  BODY_NAME='D_ESD';
  PHYS_DES_PREFIX='D';
 end_body;
end_primitive;

primitive 'D_ESD_SLP_6_PIN';
  pin
    '2':
      PIN_NUMBER='(2)';
      PIN_TYPE='ANALOG';
      NO_LOAD_CHECK='BOTH';
      NO_IO_CHECK='BOTH';
      ALLOW_CONNECT='TRUE';
    '3':
      PIN_NUMBER='(3)';
      PIN_TYPE='ANALOG';
      NO_LOAD_CHECK='BOTH';
      NO_IO_CHECK='BOTH';
      ALLOW_CONNECT='TRUE';
    '4':
      PIN_NUMBER='(4)';
      PIN_TYPE='ANALOG';
      NO_LOAD_CHECK='BOTH';
      NO_IO_CHECK='BOTH';
      ALLOW_CONNECT='TRUE';
    '5':
      PIN_NUMBER='(5)';
      PIN_TYPE='ANALOG';
      NO_LOAD_CHECK='BOTH';
      NO_IO_CHECK='BOTH';
      ALLOW_CONNECT='TRUE';
    'PWR':
      PIN_NUMBER='(6)';
      PINUSE='POWER';
    'GND':
      PIN_NUMBER='(1)';
      PINUSE='GROUND';
  end_pin;
 body
  CLASS='IO';
  PART_NAME='D_ESD';
  BODY_NAME='D_ESD';
  PHYS_DES_PREFIX='D';
 end_body;
end_primitive;

primitive 'D_ESD_SOD323';
  pin
    '2_24':
      PIN_NUMBER='(2)';
	PIN_TYPE='ANALOG';
	NO_LOAD_CHECK='BOTH';
	NO_IO_CHECK='BOTH';
	ALLOW_CONNECT='TRUE';
    '1_15':
      PIN_NUMBER='(1)';
	PIN_TYPE='ANALOG';
	NO_LOAD_CHECK='BOTH';
	NO_IO_CHECK='BOTH';
	ALLOW_CONNECT='TRUE';
  end_pin;
  body
    CLASS='DISCRETE';
    BODY_NAME='D_ESD';
    PART_NAME='D_ESD';
    PHYS_DES_PREFIX='D';
    PINCOUNT='2';
  end_body;
end_primitive;


END.
