FILE_TYPE=LIBRARY_PARTS;
TIME='Created/Modified on Mon Oct 29 10:49:20 2007';

PRIMITIVE 'U_LEVSHFT_TXB0302_DFN8';
  PIN
    'B1':
      PIN_NUMBER='(7)';
      OUTPUT_TYPE='(TS,TS)';
      BIDIRECTIONAL='TRUE';
      INPUT_LOAD='(-0.01,0.01)';
      OUTPUT_LOAD='(1.0,-1.0)';
   'B2':
      PIN_NUMBER='(6)';
      OUTPUT_TYPE='(TS,TS)';
      BIDIRECTIONAL='TRUE';
      INPUT_LOAD='(-0.01,0.01)';
      OUTPUT_LOAD='(1.0,-1.0)';
   'A1':
      PIN_NUMBER='(2)';
      OUTPUT_TYPE='(TS,TS)';
      BIDIRECTIONAL='TRUE';
      INPUT_LOAD='(-0.01,0.01)';
      OUTPUT_LOAD='(1.0,-1.0)';
    'A2':
      PIN_NUMBER='(3)';
      OUTPUT_TYPE='(TS,TS)';
      BIDIRECTIONAL='TRUE';
      INPUT_LOAD='(-0.01,0.01)';
      OUTPUT_LOAD='(1.0,-1.0)';
    'OE':
      PIN_NUMBER='(5)';
      OUTPUT_TYPE='(TS,TS)';
      BIDIRECTIONAL='TRUE';
      INPUT_LOAD='(-0.01,0.01)';
      OUTPUT_LOAD='(1.0,-1.0)';
    'GND':
      PIN_NUMBER='(4)';
      PINUSE='GROUND';
    'VCCA':
      PIN_NUMBER='(1)';
      PINUSE='POWER';
    'VCCB':
      PIN_NUMBER='(8)';
      PINUSE='POWER';
  END_PIN;
  BODY
    PART_NAME='U_LEVSHFT_TXB0302';
    BODY_NAME='U_LEVSHFT_TXB0302';
    PHYS_DES_PREFIX='U';
    CLASS='IC';
  END_BODY;
END_PRIMITIVE;


PRIMITIVE 'U_LEVSHFT_TXB0302_DFN8_B';
  PIN
    'B1':
      PIN_NUMBER='(7)';
      OUTPUT_TYPE='(TS,TS)';
      BIDIRECTIONAL='TRUE';
      INPUT_LOAD='(-0.01,0.01)';
      OUTPUT_LOAD='(1.0,-1.0)';
   'B2':
      PIN_NUMBER='(6)';
      OUTPUT_TYPE='(TS,TS)';
      BIDIRECTIONAL='TRUE';
      INPUT_LOAD='(-0.01,0.01)';
      OUTPUT_LOAD='(1.0,-1.0)';
   'A1':
      PIN_NUMBER='(2)';
      OUTPUT_TYPE='(TS,TS)';
      BIDIRECTIONAL='TRUE';
      INPUT_LOAD='(-0.01,0.01)';
      OUTPUT_LOAD='(1.0,-1.0)';
    'A2':
      PIN_NUMBER='(3)';
      OUTPUT_TYPE='(TS,TS)';
      BIDIRECTIONAL='TRUE';
      INPUT_LOAD='(-0.01,0.01)';
      OUTPUT_LOAD='(1.0,-1.0)';
    'OE':
      PIN_NUMBER='(4)';
      OUTPUT_TYPE='(TS,TS)';
      BIDIRECTIONAL='TRUE';
      INPUT_LOAD='(-0.01,0.01)';
      OUTPUT_LOAD='(1.0,-1.0)';
    'GND':
      PIN_NUMBER='(5)';
      PINUSE='GROUND';
    'VCCA':
      PIN_NUMBER='(1)';
      PINUSE='POWER';
    'VCCB':
      PIN_NUMBER='(8)';
      PINUSE='POWER';
  END_PIN;
  BODY
    PART_NAME='U_LEVSHFT_TXB0302';
    BODY_NAME='U_LEVSHFT_TXB0302';
    PHYS_DES_PREFIX='U';
    CLASS='IC';
  END_BODY;
END_PRIMITIVE;
END.
