FILE_TYPE=LIBRARY_PARTS;
PRIMITIVE 'HDR_1X12_NORM';
 PIN
  '1':
    PIN_NUMBER='(1)';
    PIN_TYPE='ANALOG';
    NO_LOAD_CHECK='BOTH';
    NO_IO_CHECK='BOTH';
    ALLOW_CONNECT='TRUE';
  '2':
    PIN_NUMBER='(2)';
    PIN_TYPE='ANALOG';
    NO_LOAD_CHECK='BOTH';
    NO_IO_CHECK='BOTH';
    ALLOW_CONNECT='TRUE';
  '3':
    PIN_NUMBER='(3)';
    PIN_TYPE='ANALOG';
    NO_LOAD_CHECK='BOTH';
    NO_IO_CHECK='BOTH';
    ALLOW_CONNECT='TRUE';
  '4':
    PIN_NUMBER='(4)';
    PIN_TYPE='ANALOG';
    NO_LOAD_CHECK='BOTH';
    NO_IO_CHECK='BOTH';
    ALLOW_CONNECT='TRUE';
  '5':
    PIN_NUMBER='(5)';
    PIN_TYPE='ANALOG';
    NO_LOAD_CHECK='BOTH';
    NO_IO_CHECK='BOTH';
    ALLOW_CONNECT='TRUE';
  '6':
    PIN_NUMBER='(6)';
    PIN_TYPE='ANALOG';
    NO_LOAD_CHECK='BOTH';
    NO_IO_CHECK='BOTH';
    ALLOW_CONNECT='TRUE';
  '7':
    PIN_NUMBER='(7)';
    PIN_TYPE='ANALOG';
    NO_LOAD_CHECK='BOTH';
    NO_IO_CHECK='BOTH';
    ALLOW_CONNECT='TRUE';
  '8':
    PIN_NUMBER='(8)';
    PIN_TYPE='ANALOG';
    NO_LOAD_CHECK='BOTH';
    NO_IO_CHECK='BOTH';
    ALLOW_CONNECT='TRUE';
  '9':
    PIN_NUMBER='(9)';
    PIN_TYPE='ANALOG';
    NO_LOAD_CHECK='BOTH';
    NO_IO_CHECK='BOTH';
    ALLOW_CONNECT='TRUE';
  '10':
    PIN_NUMBER='(10)';
    PIN_TYPE='ANALOG';
    NO_LOAD_CHECK='BOTH';
    NO_IO_CHECK='BOTH';
    ALLOW_CONNECT='TRUE';
  '11':
    PIN_NUMBER='(11)';
    PIN_TYPE='ANALOG';
    NO_LOAD_CHECK='BOTH';
    NO_IO_CHECK='BOTH';
    ALLOW_CONNECT='TRUE';
  '12':
    PIN_NUMBER='(12)';
    PIN_TYPE='ANALOG';
    NO_LOAD_CHECK='BOTH';
    NO_IO_CHECK='BOTH';
    ALLOW_CONNECT='TRUE';
 END_PIN;
 BODY
  CLASS='IO';
  PART_NAME='HDR_1X12';
  BODY_NAME='HDR_1X12';
  PHYS_DES_PREFIX='J';
 END_BODY;
END_PRIMITIVE;

PRIMITIVE 'HDR_1X12_MNT2';
 PIN
  '1':
    PIN_NUMBER='(1)';
    PIN_TYPE='ANALOG';
    NO_LOAD_CHECK='BOTH';
    NO_IO_CHECK='BOTH';
    ALLOW_CONNECT='TRUE';
  '2':
    PIN_NUMBER='(2)';
    PIN_TYPE='ANALOG';
    NO_LOAD_CHECK='BOTH';
    NO_IO_CHECK='BOTH';
    ALLOW_CONNECT='TRUE';
  '3':
    PIN_NUMBER='(3)';
    PIN_TYPE='ANALOG';
    NO_LOAD_CHECK='BOTH';
    NO_IO_CHECK='BOTH';
    ALLOW_CONNECT='TRUE';
  '4':
    PIN_NUMBER='(4)';
    PIN_TYPE='ANALOG';
    NO_LOAD_CHECK='BOTH';
    NO_IO_CHECK='BOTH';
    ALLOW_CONNECT='TRUE';
  '5':
    PIN_NUMBER='(5)';
    PIN_TYPE='ANALOG';
    NO_LOAD_CHECK='BOTH';
    NO_IO_CHECK='BOTH';
    ALLOW_CONNECT='TRUE';
  '6':
    PIN_NUMBER='(6)';
    PIN_TYPE='ANALOG';
    NO_LOAD_CHECK='BOTH';
    NO_IO_CHECK='BOTH';
    ALLOW_CONNECT='TRUE';
  '7':
    PIN_NUMBER='(7)';
    PIN_TYPE='ANALOG';
    NO_LOAD_CHECK='BOTH';
    NO_IO_CHECK='BOTH';
    ALLOW_CONNECT='TRUE';
  '8':
    PIN_NUMBER='(8)';
    PIN_TYPE='ANALOG';
    NO_LOAD_CHECK='BOTH';
    NO_IO_CHECK='BOTH';
    ALLOW_CONNECT='TRUE';
  '9':
    PIN_NUMBER='(9)';
    PIN_TYPE='ANALOG';
    NO_LOAD_CHECK='BOTH';
    NO_IO_CHECK='BOTH';
    ALLOW_CONNECT='TRUE';
  '10':
    PIN_NUMBER='(10)';
    PIN_TYPE='ANALOG';
    NO_LOAD_CHECK='BOTH';
    NO_IO_CHECK='BOTH';
    ALLOW_CONNECT='TRUE';
  '11':
    PIN_NUMBER='(11)';
    PIN_TYPE='ANALOG';
    NO_LOAD_CHECK='BOTH';
    NO_IO_CHECK='BOTH';
    ALLOW_CONNECT='TRUE';
  '12':
    PIN_NUMBER='(12)';
    PIN_TYPE='ANALOG';
    NO_LOAD_CHECK='BOTH';
    NO_IO_CHECK='BOTH';
    ALLOW_CONNECT='TRUE';
  'MNT1':
    PIN_NUMBER='(13)';
    PIN_TYPE='ANALOG';
    NO_LOAD_CHECK='BOTH';
    NO_IO_CHECK='BOTH';
    ALLOW_CONNECT='TRUE';
  'MNT2':
    PIN_NUMBER='(14)';
    PIN_TYPE='ANALOG';
    NO_LOAD_CHECK='BOTH';
    NO_IO_CHECK='BOTH';
    ALLOW_CONNECT='TRUE';
 END_PIN;
 BODY
  CLASS='IO';
  PART_NAME='HDR_1X12';
  BODY_NAME='HDR_1X12';
  PHYS_DES_PREFIX='J';
 END_BODY;
 END_PRIMITIVE;

END.
