temp/xxnedtmp1/event.log NEWFILE1
temp/xxnedtmp1/text.log NEWFILE2
temp/xxnedtmp1/environ.log NEWFILE3
S:\eda\app\prd\cadence_setup\cds_site\cdssetup/concept/concepthdl.scr FILE4
C:\Cadence\SPB_17.2/share/cdssetup/concept/concepthdl.scr FILE5
C:\work\nvidia\Tegra\Xaiver_NX\customer_version\140-13509-0000-A01\p3509_a01_archive\cds.lib FILE6
C:\work\nvidia\Tegra\Xaiver_NX\customer_version\140-13509-0000-A01\p3509_a01_archive\worklib\p3509_a01\sch_1\page1.csb FILE7
C:\work\nvidia\Tegra\Xaiver_NX\customer_version\140-13509-0000-A01\p3509_a01_archive\worklib\p3509_a01\sch_1\page_map.lck NEWFILE8
C:\work\nvidia\Tegra\Xaiver_NX\customer_version\140-13509-0000-A01\p3509_a01_archive\worklib\p3509_a01\sch_1\page1_csb.lck NEWFILE9
temp/xxnedtmp1/undo1.log NEWFILE10
C:\work\nvidia\Tegra\Xaiver_NX\customer_version\140-13509-0000-A01\p3509_a01_archive\archive_libs\nv_standard\nv_11x17xxl_v3_toc\sym_1\symbol.css FILE11
C:\work\nvidia\Tegra\Xaiver_NX\customer_version\140-13509-0000-A01\p3509_a01_archive\worklib\p3509_a01\sch_1\page1_csa.lck NEWFILE12
C:/work/nvidia/Tegra/Xaiver_NX/customer_version/140-13509-0000-A01/p3509_a01_archive/worklib/p3509_a01/sch_1/p3509_a01.xcon FILE13
C:/work/nvidia/Tegra/Xaiver_NX/customer_version/140-13509-0000-A01/p3509_a01_archive/worklib/p3509_a01/sch_1/p3509_a01.dcf FILE14
S:\eda\app\prd\cadence_setup\cds_site/cdssetup/projmgr/ConceptStart.txt FILE15
C:\work\nvidia\Tegra\Xaiver_NX\customer_version\140-13509-0000-A01\p3509_a01_archive\worklib\p3509_a01\sch_1\page6.csb FILE16
C:\work\nvidia\Tegra\Xaiver_NX\customer_version\140-13509-0000-A01\p3509_a01_archive\worklib\p3509_a01\sch_1\page6_csb.lck NEWFILE17
C:\work\nvidia\Tegra\Xaiver_NX\customer_version\140-13509-0000-A01\p3509_a01_archive\archive_libs\nv_standard\nv_11x17xxl_v3\sym_1\symbol.css FILE18
C:\work\nvidia\Tegra\Xaiver_NX\customer_version\140-13509-0000-A01\p3509_a01_archive\archive_libs\electro_mechanic\labtestpoint\sym_1\symbol.css FILE19
C:\work\nvidia\Tegra\Xaiver_NX\customer_version\140-13509-0000-A01\p3509_a01_archive\archive_libs\nv_standard\offpage\sym_2\symbol.css FILE20
C:\work\nvidia\Tegra\Xaiver_NX\customer_version\140-13509-0000-A01\p3509_a01_archive\archive_libs\nv_standard\offpage\sym_4\symbol.css FILE21
C:\work\nvidia\Tegra\Xaiver_NX\customer_version\140-13509-0000-A01\p3509_a01_archive\archive_libs\nv_standard\gnd\sym_1\symbol.css FILE22
C:\work\nvidia\Tegra\Xaiver_NX\customer_version\140-13509-0000-A01\p3509_a01_archive\archive_libs\nv_standard\3v3\sym_1\symbol.css FILE23
C:\work\nvidia\Tegra\Xaiver_NX\customer_version\140-13509-0000-A01\p3509_a01_archive\archive_libs\discrete\r\sym_2\symbol.css FILE24
C:\work\nvidia\Tegra\Xaiver_NX\customer_version\140-13509-0000-A01\p3509_a01_archive\archive_libs\logic\u_buf_od\sym_1\symbol.css FILE25
C:\work\nvidia\Tegra\Xaiver_NX\customer_version\140-13509-0000-A01\p3509_a01_archive\archive_libs\nv_standard\offpage\sym_5\symbol.css FILE26
C:\work\nvidia\Tegra\Xaiver_NX\customer_version\140-13509-0000-A01\p3509_a01_archive\archive_libs\nv_standard\offpage\sym_1\symbol.css FILE27
C:\work\nvidia\Tegra\Xaiver_NX\customer_version\140-13509-0000-A01\p3509_a01_archive\archive_libs\nv_standard\offpage\sym_3\symbol.css FILE28
C:\work\nvidia\Tegra\Xaiver_NX\customer_version\140-13509-0000-A01\p3509_a01_archive\archive_libs\discrete\c\sym_2\symbol.css FILE29
C:\work\nvidia\Tegra\Xaiver_NX\customer_version\140-13509-0000-A01\p3509_a01_archive\archive_libs\electro_mechanic\con_sodimm_260\sym_8\symbol.css FILE30
C:\work\nvidia\Tegra\Xaiver_NX\customer_version\140-13509-0000-A01\p3509_a01_archive\worklib\p3509_a01\sch_1\page11.csb FILE31
C:\work\nvidia\Tegra\Xaiver_NX\customer_version\140-13509-0000-A01\p3509_a01_archive\worklib\p3509_a01/images/BMCU_state_diagram.JPG FILE32
C:\work\nvidia\Tegra\Xaiver_NX\customer_version\140-13509-0000-A01\p3509_a01_archive\worklib\p3509_a01\sch_1\page11_csb.lck NEWFILE33
C:\work\nvidia\Tegra\Xaiver_NX\customer_version\140-13509-0000-A01\p3509_a01_archive\archive_libs\logic\u_levshft_3state\sym_10\symbol.css FILE34
C:\work\nvidia\Tegra\Xaiver_NX\customer_version\140-13509-0000-A01\p3509_a01_archive\archive_libs\discrete\d_zener\sym_2\symbol.css FILE35
C:\work\nvidia\Tegra\Xaiver_NX\customer_version\140-13509-0000-A01\p3509_a01_archive\archive_libs\discrete\q_fet_n_enh\sym_2\symbol.css FILE36
C:\work\nvidia\Tegra\Xaiver_NX\customer_version\140-13509-0000-A01\p3509_a01_archive\archive_libs\discrete\c\sym_1\symbol.css FILE37
C:\work\nvidia\Tegra\Xaiver_NX\customer_version\140-13509-0000-A01\p3509_a01_archive\archive_libs\nv_standard\var_pow\sym_1\symbol.css FILE38
C:\work\nvidia\Tegra\Xaiver_NX\customer_version\140-13509-0000-A01\p3509_a01_archive\archive_libs\discrete\r\sym_1\symbol.css FILE39
C:\work\nvidia\Tegra\Xaiver_NX\customer_version\140-13509-0000-A01\p3509_a01_archive\archive_libs\discrete\q_fet_p_enh\sym_2\symbol.css FILE40
C:\work\nvidia\Tegra\Xaiver_NX\customer_version\140-13509-0000-A01\p3509_a01_archive\archive_libs\standard\synonym\sym_1\symbol.css FILE41
C:\work\nvidia\Tegra\Xaiver_NX\customer_version\140-13509-0000-A01\p3509_a01_archive\archive_libs\discrete\d_3pin_cc\sym_1\symbol.css FILE42
C:\work\nvidia\Tegra\Xaiver_NX\customer_version\140-13509-0000-A01\p3509_a01_archive\archive_libs\nv_standard\gnd\sym_2\symbol.css FILE43
C:\work\nvidia\Tegra\Xaiver_NX\customer_version\140-13509-0000-A01\p3509_a01_archive\archive_libs\electro_mechanic\labtestpoint\sym_3\symbol.css FILE44
C:\work\nvidia\Tegra\Xaiver_NX\customer_version\140-13509-0000-A01\p3509_a01_archive\archive_libs\digital\u_cpu_efm8sb1\sym_1\symbol.css FILE45
C:\work\nvidia\Tegra\Xaiver_NX\customer_version\140-13509-0000-A01\p3509_a01_archive\worklib\p3509_a01\sch_1\page3.csb FILE46
C:\work\nvidia\Tegra\Xaiver_NX\customer_version\140-13509-0000-A01\p3509_a01_archive\worklib\p3509_a01/images/power_tree_1.jpg FILE47
C:\work\nvidia\Tegra\Xaiver_NX\customer_version\140-13509-0000-A01\p3509_a01_archive\worklib\p3509_a01\sch_1\page3_csb.lck FILE48
C:\work\nvidia\Tegra\Xaiver_NX\customer_version\140-13509-0000-A01\p3509_a01_archive\worklib\p3509_a01\sch_1\page2.csb FILE49
C:\work\nvidia\Tegra\Xaiver_NX\customer_version\140-13509-0000-A01\p3509_a01_archive\worklib\p3509_a01/images/block_diagram_1.jpg FILE50
C:\work\nvidia\Tegra\Xaiver_NX\customer_version\140-13509-0000-A01\p3509_a01_archive\worklib\p3509_a01\sch_1\page2_csb.lck NEWFILE51
C:\work\nvidia\Tegra\Xaiver_NX\customer_version\140-13509-0000-A01\p3509_a01_archive\worklib\p3509_a01\sch_1\page3_csa.lck NEWFILE52
C:/work/nvidia/Tegra/Xaiver_NX/customer_version/140-13509-0000-A01/p3509_a01_archive/worklib/p3509_a01/images/power_tree_2.JPG FILE53
temp/xxnedtmp1/undo2.log NEWFILE54
C:\work\nvidia\Tegra\Xaiver_NX\customer_version\140-13509-0000-A01\p3509_a01_archive\worklib\p3509_a01\sch_1\page2_csa.lck NEWFILE55
temp/xxnedtmp1/concept.mkr NEWFILE56
C:/Cadence/SPB_17.2/tools/language/pack_type_rename.dat NEWFILE57
temp/xxnedtmp1/../nv_11x17xxl_v3.mkr NEWFILE58
C:/work/nvidia/Tegra/Xaiver_NX/customer_version/140-13509-0000-A01/p3509_a01_archive/worklib/p3509_a01/sch_1/p3509_a01_xcon.lck NEWFILE59
C:/work/nvidia/Tegra/Xaiver_NX/customer_version/140-13509-0000-A01/p3509_a01_archive/worklib/p3509_a01/sch_1/p3509_a01_dcf.lck NEWFILE60
C:\work\nvidia\Tegra\Xaiver_NX\customer_version\140-13509-0000-A01\p3509_a01_archive\worklib\p3509_a01/images/power_tree_2.JPG FILE61
C:\work\nvidia\Tegra\Xaiver_NX\customer_version\140-13509-0000-A01\p3509_a01_archive\worklib\p3509_a01/images/power_tree_2_0.JPG NEWFILE62
C:\work\nvidia\Tegra\Xaiver_NX\customer_version\140-13509-0000-A01\p3509_a01_archive\worklib\p3509_a01\sch_1\page3.csa FILE63
C:\work\nvidia\Tegra\Xaiver_NX\customer_version\140-13509-0000-A01\p3509_a01_archive\worklib\p3509_a01\sch_1\page3.csv FILE64
temp/xxnedtmp1/csnetlister.mkr NEWFILE65
C:\work\nvidia\Tegra\Xaiver_NX\customer_version\140-13509-0000-A01\p3509_a01_archive\worklib\p3509_a01\sch_1\page4.csb FILE66
C:\work\nvidia\Tegra\Xaiver_NX\customer_version\140-13509-0000-A01\p3509_a01_archive\worklib\p3509_a01\sch_1\page4_csb.lck NEWFILE67
C:\work\nvidia\Tegra\Xaiver_NX\customer_version\140-13509-0000-A01\p3509_a01_archive\archive_libs\electro_mechanic\hdr_1x4\sym_1\symbol.css FILE68
C:\work\nvidia\Tegra\Xaiver_NX\customer_version\140-13509-0000-A01\p3509_a01_archive\archive_libs\discrete\c_pol\sym_1\symbol.css FILE69
C:\work\nvidia\Tegra\Xaiver_NX\customer_version\140-13509-0000-A01\p3509_a01_archive\archive_libs\electro_mechanic\con_sodimm_260\sym_5\symbol.css FILE70
C:\work\nvidia\Tegra\Xaiver_NX\customer_version\140-13509-0000-A01\p3509_a01_archive\archive_libs\discrete\d_esd\sym_2\symbol.css FILE71
C:\work\nvidia\Tegra\Xaiver_NX\customer_version\140-13509-0000-A01\p3509_a01_archive\archive_libs\discrete\d_schottky\sym_1\symbol.css FILE72
C:\work\nvidia\Tegra\Xaiver_NX\customer_version\140-13509-0000-A01\p3509_a01_archive\archive_libs\electro_mechanic\con_battery\sym_1\symbol.css FILE73
C:\work\nvidia\Tegra\Xaiver_NX\customer_version\140-13509-0000-A01\p3509_a01_archive\archive_libs\discrete\led\sym_1\symbol.css FILE74
C:\work\nvidia\Tegra\Xaiver_NX\customer_version\140-13509-0000-A01\p3509_a01_archive\worklib\p3509_a01\sch_1\page5.csb FILE75
C:\work\nvidia\Tegra\Xaiver_NX\customer_version\140-13509-0000-A01\p3509_a01_archive\worklib\p3509_a01\sch_1\page5_csb.lck NEWFILE76
C:\work\nvidia\Tegra\Xaiver_NX\customer_version\140-13509-0000-A01\p3509_a01_archive\archive_libs\nv_standard\offpage\sym_6\symbol.css FILE77
C:\work\nvidia\Tegra\Xaiver_NX\customer_version\140-13509-0000-A01\p3509_a01_archive\archive_libs\electro_mechanic\con_sodimm_260\sym_7\symbol.css FILE78
C:\work\nvidia\Tegra\Xaiver_NX\customer_version\140-13509-0000-A01\p3509_a01_archive\worklib\p3509_a01\sch_1\page7.csb FILE79
C:\work\nvidia\Tegra\Xaiver_NX\customer_version\140-13509-0000-A01\p3509_a01_archive\worklib\p3509_a01\sch_1\page7_csb.lck NEWFILE80
C:\work\nvidia\Tegra\Xaiver_NX\customer_version\140-13509-0000-A01\p3509_a01_archive\archive_libs\electro_mechanic\hdr_1x2\sym_1\symbol.css FILE81
C:\work\nvidia\Tegra\Xaiver_NX\customer_version\140-13509-0000-A01\p3509_a01_archive\archive_libs\discrete\q_fet_p_enh\sym_8\symbol.css FILE82
C:\work\nvidia\Tegra\Xaiver_NX\customer_version\140-13509-0000-A01\p3509_a01_archive\archive_libs\digital\u_rst_mon\sym_6\symbol.css FILE83
C:\work\nvidia\Tegra\Xaiver_NX\customer_version\140-13509-0000-A01\p3509_a01_archive\archive_libs\electro_mechanic\con_pwr_jack\sym_1\symbol.css FILE84
C:\work\nvidia\Tegra\Xaiver_NX\customer_version\140-13509-0000-A01\p3509_a01_archive\worklib\p3509_a01\sch_1\page8.csb FILE85
C:\work\nvidia\Tegra\Xaiver_NX\customer_version\140-13509-0000-A01\p3509_a01_archive\worklib\p3509_a01\sch_1\page8_csb.lck NEWFILE86
C:\work\nvidia\Tegra\Xaiver_NX\customer_version\140-13509-0000-A01\p3509_a01_archive\archive_libs\power_supply\u_swreg_tps53015\sym_1\symbol.css FILE87
C:\work\nvidia\Tegra\Xaiver_NX\customer_version\140-13509-0000-A01\p3509_a01_archive\archive_libs\discrete\q_fet_n_enh\sym_5\symbol.css FILE88
C:\work\nvidia\Tegra\Xaiver_NX\customer_version\140-13509-0000-A01\p3509_a01_archive\archive_libs\discrete\l\sym_1\symbol.css FILE89
C:\work\nvidia\Tegra\Xaiver_NX\customer_version\140-13509-0000-A01\p3509_a01_archive\worklib\p3509_a01\sch_1\page9.csb FILE90
C:\work\nvidia\Tegra\Xaiver_NX\customer_version\140-13509-0000-A01\p3509_a01_archive\worklib\p3509_a01\sch_1\page9_csb.lck NEWFILE91
C:\work\nvidia\Tegra\Xaiver_NX\customer_version\140-13509-0000-A01\p3509_a01_archive\worklib\p3509_a01\sch_1\page10.csb FILE92
C:\work\nvidia\Tegra\Xaiver_NX\customer_version\140-13509-0000-A01\p3509_a01_archive\worklib\p3509_a01\sch_1\page10_csb.lck NEWFILE93
C:\work\nvidia\Tegra\Xaiver_NX\customer_version\140-13509-0000-A01\p3509_a01_archive\archive_libs\power_supply\u_ldo\sym_3\symbol.css FILE94
C:\work\nvidia\Tegra\Xaiver_NX\customer_version\140-13509-0000-A01\p3509_a01_archive\archive_libs\power_supply\u_vreg_5pin\sym_15\symbol.css FILE95
C:\work\nvidia\Tegra\Xaiver_NX\customer_version\140-13509-0000-A01\p3509_a01_archive\worklib\p3509_a01\sch_1\page12.csb FILE96
C:\work\nvidia\Tegra\Xaiver_NX\customer_version\140-13509-0000-A01\p3509_a01_archive\worklib\p3509_a01\sch_1\page12_csb.lck NEWFILE97
C:\work\nvidia\Tegra\Xaiver_NX\customer_version\140-13509-0000-A01\p3509_a01_archive\archive_libs\electro_mechanic\con_usb\sym_2\symbol.css FILE98
C:\work\nvidia\Tegra\Xaiver_NX\customer_version\140-13509-0000-A01\p3509_a01_archive\worklib\p3509_a01\sch_1\page13.csb FILE99
C:\work\nvidia\Tegra\Xaiver_NX\customer_version\140-13509-0000-A01\p3509_a01_archive\worklib\p3509_a01\sch_1\page13_csb.lck NEWFILE100
C:\work\nvidia\Tegra\Xaiver_NX\customer_version\140-13509-0000-A01\p3509_a01_archive\archive_libs\mechanic\virtual_short\sym_1\symbol.css FILE101
C:\work\nvidia\Tegra\Xaiver_NX\customer_version\140-13509-0000-A01\p3509_a01_archive\archive_libs\memory\u_mem_fl_ser_512kx8\sym_1\symbol.css FILE102
C:\work\nvidia\Tegra\Xaiver_NX\customer_version\140-13509-0000-A01\p3509_a01_archive\archive_libs\power_supply\u_dcdc_buck_mp2152\sym_1\symbol.css FILE103
C:\work\nvidia\Tegra\Xaiver_NX\customer_version\140-13509-0000-A01\p3509_a01_archive\archive_libs\nv_standard\gnd\sym_4\symbol.css FILE104
C:\work\nvidia\Tegra\Xaiver_NX\customer_version\140-13509-0000-A01\p3509_a01_archive\archive_libs\digital\u_usb_hub_rts5489\sym_1\symbol.css FILE105
C:\work\nvidia\Tegra\Xaiver_NX\customer_version\140-13509-0000-A01\p3509_a01_archive\archive_libs\digital\u_usb_hub_rts5489\sym_2\symbol.css FILE106
C:\work\nvidia\Tegra\Xaiver_NX\customer_version\140-13509-0000-A01\p3509_a01_archive\archive_libs\clocks\xtal_4pin\sym_2\symbol.css FILE107
C:\work\nvidia\Tegra\Xaiver_NX\customer_version\140-13509-0000-A01\p3509_a01_archive\worklib\p3509_a01\sch_1\page14.csb FILE108
C:\work\nvidia\Tegra\Xaiver_NX\customer_version\140-13509-0000-A01\p3509_a01_archive\worklib\p3509_a01\sch_1\page14_csb.lck NEWFILE109
C:\work\nvidia\Tegra\Xaiver_NX\customer_version\140-13509-0000-A01\p3509_a01_archive\archive_libs\electro_mechanic\con_usb3\sym_14\symbol.css FILE110
C:\work\nvidia\Tegra\Xaiver_NX\customer_version\140-13509-0000-A01\p3509_a01_archive\archive_libs\discrete\l_cmf_4p\sym_3\symbol.css FILE111
C:\work\nvidia\Tegra\Xaiver_NX\customer_version\140-13509-0000-A01\p3509_a01_archive\archive_libs\analog\u_sw_load\sym_7\symbol.css FILE112
C:\work\nvidia\Tegra\Xaiver_NX\customer_version\140-13509-0000-A01\p3509_a01_archive\archive_libs\discrete\d_esd_diffpair\sym_2\symbol.css FILE113
C:\work\nvidia\Tegra\Xaiver_NX\customer_version\140-13509-0000-A01\p3509_a01_archive\archive_libs\discrete\d_esd_diffpair\sym_1\symbol.css FILE114
C:\work\nvidia\Tegra\Xaiver_NX\customer_version\140-13509-0000-A01\p3509_a01_archive\worklib\p3509_a01\sch_1\page15.csb FILE115
C:\work\nvidia\Tegra\Xaiver_NX\customer_version\140-13509-0000-A01\p3509_a01_archive\worklib\p3509_a01\sch_1\page15_csb.lck NEWFILE116
C:\work\nvidia\Tegra\Xaiver_NX\customer_version\140-13509-0000-A01\p3509_a01_archive\worklib\p3509_a01\sch_1\page16.csb FILE117
C:\work\nvidia\Tegra\Xaiver_NX\customer_version\140-13509-0000-A01\p3509_a01_archive\worklib\p3509_a01\sch_1\page16_csb.lck NEWFILE118
C:\work\nvidia\Tegra\Xaiver_NX\customer_version\140-13509-0000-A01\p3509_a01_archive\archive_libs\analog\u_sw_load\sym_4\symbol.css FILE119
C:\work\nvidia\Tegra\Xaiver_NX\customer_version\140-13509-0000-A01\p3509_a01_archive\archive_libs\power_supply\u_pwr_sw_ul\sym_1\symbol.css FILE120
C:\work\nvidia\Tegra\Xaiver_NX\customer_version\140-13509-0000-A01\p3509_a01_archive\archive_libs\nv_standard\nvvdd\sym_1\symbol.css FILE121
C:\work\nvidia\Tegra\Xaiver_NX\customer_version\140-13509-0000-A01\p3509_a01_archive\archive_libs\discrete\d_3pin_cc\sym_4\symbol.css FILE122
C:\work\nvidia\Tegra\Xaiver_NX\customer_version\140-13509-0000-A01\p3509_a01_archive\archive_libs\discrete\q_npn\sym_1\symbol.css FILE123
C:\work\nvidia\Tegra\Xaiver_NX\customer_version\140-13509-0000-A01\p3509_a01_archive\archive_libs\electro_mechanic\con_hdmi_displayport\sym_1\symbol.css FILE124
C:\work\nvidia\Tegra\Xaiver_NX\customer_version\140-13509-0000-A01\p3509_a01_archive\worklib\p3509_a01\sch_1\page17.csb FILE125
C:\work\nvidia\Tegra\Xaiver_NX\customer_version\140-13509-0000-A01\p3509_a01_archive\worklib\p3509_a01\sch_1\page17_csb.lck NEWFILE126
C:\work\nvidia\Tegra\Xaiver_NX\customer_version\140-13509-0000-A01\p3509_a01_archive\archive_libs\discrete\l_cmf_4p\sym_1\symbol.css FILE127
C:\work\nvidia\Tegra\Xaiver_NX\customer_version\140-13509-0000-A01\p3509_a01_archive\archive_libs\electro_mechanic\con_hdmi_displayport\sym_2\symbol.css FILE128
C:\work\nvidia\Tegra\Xaiver_NX\customer_version\140-13509-0000-A01\p3509_a01_archive\worklib\p3509_a01\sch_1\page18.csb FILE129
C:\work\nvidia\Tegra\Xaiver_NX\customer_version\140-13509-0000-A01\p3509_a01_archive\worklib\p3509_a01\sch_1\page18_csb.lck NEWFILE130
C:\work\nvidia\Tegra\Xaiver_NX\customer_version\140-13509-0000-A01\p3509_a01_archive\archive_libs\electro_mechanic\con_fpc_15\sym_3\symbol.css FILE131
C:\work\nvidia\Tegra\Xaiver_NX\customer_version\140-13509-0000-A01\p3509_a01_archive\archive_libs\analog\u_sw_ana_usb\sym_3\symbol.css FILE132
C:\work\nvidia\Tegra\Xaiver_NX\customer_version\140-13509-0000-A01\p3509_a01_archive\worklib\p3509_a01\sch_1\page19.csb FILE133
C:\work\nvidia\Tegra\Xaiver_NX\customer_version\140-13509-0000-A01\p3509_a01_archive\worklib\p3509_a01\sch_1\page19_csb.lck NEWFILE134
C:\work\nvidia\Tegra\Xaiver_NX\customer_version\140-13509-0000-A01\p3509_a01_archive\archive_libs\nv_standard\cgnd\sym_1\symbol.css FILE135
C:\work\nvidia\Tegra\Xaiver_NX\customer_version\140-13509-0000-A01\p3509_a01_archive\archive_libs\electro_mechanic\con_rj45\sym_15\symbol.css FILE136
C:\work\nvidia\Tegra\Xaiver_NX\customer_version\140-13509-0000-A01\p3509_a01_archive\worklib\p3509_a01\sch_1\page20.csb FILE137
C:\work\nvidia\Tegra\Xaiver_NX\customer_version\140-13509-0000-A01\p3509_a01_archive\worklib\p3509_a01\sch_1\page20_csb.lck NEWFILE138
C:\work\nvidia\Tegra\Xaiver_NX\customer_version\140-13509-0000-A01\p3509_a01_archive\archive_libs\mechanic\mec_standoff\sym_2\symbol.css FILE139
C:\work\nvidia\Tegra\Xaiver_NX\customer_version\140-13509-0000-A01\p3509_a01_archive\archive_libs\electro_mechanic\con_m2_pci_exp\sym_2\symbol.css FILE140
C:\work\nvidia\Tegra\Xaiver_NX\customer_version\140-13509-0000-A01\p3509_a01_archive\worklib\p3509_a01\sch_1\page21.csb FILE141
C:\work\nvidia\Tegra\Xaiver_NX\customer_version\140-13509-0000-A01\p3509_a01_archive\worklib\p3509_a01\sch_1\page21_csb.lck NEWFILE142
C:\work\nvidia\Tegra\Xaiver_NX\customer_version\140-13509-0000-A01\p3509_a01_archive\archive_libs\clocks\osc_4pin\sym_1\symbol.css FILE143
C:\work\nvidia\Tegra\Xaiver_NX\customer_version\140-13509-0000-A01\p3509_a01_archive\archive_libs\electro_mechanic\con_m2_pci_exp\sym_5\symbol.css FILE144
C:\work\nvidia\Tegra\Xaiver_NX\customer_version\140-13509-0000-A01\p3509_a01_archive\worklib\p3509_a01\sch_1\page22.csb FILE145
C:\work\nvidia\Tegra\Xaiver_NX\customer_version\140-13509-0000-A01\p3509_a01_archive\worklib\p3509_a01\sch_1\page22_csb.lck NEWFILE146
C:\work\nvidia\Tegra\Xaiver_NX\customer_version\140-13509-0000-A01\p3509_a01_archive\archive_libs\digital\u_levshft_txb0108\sym_1\symbol.css FILE147
C:\work\nvidia\Tegra\Xaiver_NX\customer_version\140-13509-0000-A01\p3509_a01_archive\archive_libs\discrete\q_pnp\sym_2\symbol.css FILE148
C:\work\nvidia\Tegra\Xaiver_NX\customer_version\140-13509-0000-A01\p3509_a01_archive\archive_libs\discrete\q_fet_p_enh\sym_10\symbol.css FILE149
C:\work\nvidia\Tegra\Xaiver_NX\customer_version\140-13509-0000-A01\p3509_a01_archive\archive_libs\electro_mechanic\hdr_2x20\sym_1\symbol.css FILE150
C:\work\nvidia\Tegra\Xaiver_NX\customer_version\140-13509-0000-A01\p3509_a01_archive\worklib\p3509_a01\sch_1\page23.csb FILE151
C:\work\nvidia\Tegra\Xaiver_NX\customer_version\140-13509-0000-A01\p3509_a01_archive\worklib\p3509_a01\sch_1\page23_csb.lck NEWFILE152
C:\work\nvidia\Tegra\Xaiver_NX\customer_version\140-13509-0000-A01\p3509_a01_archive\archive_libs\logic\u_levshft_3state\sym_1\symbol.css FILE153
C:\work\nvidia\Tegra\Xaiver_NX\customer_version\140-13509-0000-A01\p3509_a01_archive\archive_libs\mechanic\virtual_short\sym_2\symbol.css FILE154
C:\work\nvidia\Tegra\Xaiver_NX\customer_version\140-13509-0000-A01\p3509_a01_archive\archive_libs\electro_mechanic\con_b2w_1x4\sym_1\symbol.css FILE155
C:\work\nvidia\Tegra\Xaiver_NX\customer_version\140-13509-0000-A01\p3509_a01_archive\archive_libs\logic\u_levshft_txb0302\sym_1\symbol.css FILE156
C:\work\nvidia\Tegra\Xaiver_NX\customer_version\140-13509-0000-A01\p3509_a01_archive\archive_libs\electro_mechanic\hdr_1x12\sym_1\symbol.css FILE157
C:\work\nvidia\Tegra\Xaiver_NX\customer_version\140-13509-0000-A01\p3509_a01_archive\archive_libs\memory\u_mem_ee_i2c\sym_2\symbol.css FILE158
C:\work\nvidia\Tegra\Xaiver_NX\customer_version\140-13509-0000-A01\p3509_a01_archive\worklib\p3509_a01\sch_1\page24.csb FILE159
C:\work\nvidia\Tegra\Xaiver_NX\customer_version\140-13509-0000-A01\p3509_a01_archive\worklib\p3509_a01\sch_1\page24_csb.lck NEWFILE160
C:\work\nvidia\Tegra\Xaiver_NX\customer_version\140-13509-0000-A01\p3509_a01_archive\archive_libs\mechanic\mounting_hole\sym_1\symbol.css FILE161
C:\work\nvidia\Tegra\Xaiver_NX\customer_version\140-13509-0000-A01\p3509_a01_archive\worklib\p3509_a01\sch_1\page25.csb FILE162
C:\work\nvidia\Tegra\Xaiver_NX\customer_version\140-13509-0000-A01\p3509_a01_archive\worklib\p3509_a01\sch_1\page25_csb.lck NEWFILE163
temp/xxnedtmp1/../nv_11x17xxl_v3_toc.mkr NEWFILE164
C:\work\nvidia\Tegra\Xaiver_NX\customer_version\140-13509-0000-A01\p3509_a01_archive\worklib\p3509_a01\sch_1\page1.csa FILE165
C:\work\nvidia\Tegra\Xaiver_NX\customer_version\140-13509-0000-A01\p3509_a01_archive\worklib\p3509_a01\sch_1\page1.csv FILE166
C:/work/nvidia/Tegra/Xaiver_NX/customer_version/140-13509-0000-A01/p3509_a01_archive/worklib/p3509_a01/images/Power_tree_3.jpg FILE167
C:\work\nvidia\Tegra\Xaiver_NX\customer_version\140-13509-0000-A01\p3509_a01_archive\worklib\p3509_a01/images/Power_tree_3.jpg FILE168
C:\work\nvidia\Tegra\Xaiver_NX\customer_version\140-13509-0000-A01\p3509_a01_archive\worklib\p3509_a01/images/Power_tree_3_0.jpg NEWFILE169
C:/work/nvidia/Tegra/Xaiver_NX/customer_version/140-13509-0000-A01/p3509_a01_archive/worklib/p3509_a01/images/Picture1.jpg FILE170
C:/work/nvidia/Tegra/Xaiver_NX/customer_version/140-13509-0000-A01/p3509_a01_archive/worklib/p3509_a01/images/Power_tree_4.jpg FILE171
C:\work\nvidia\Tegra\Xaiver_NX\customer_version\140-13509-0000-A01\p3509_a01_archive\worklib\p3509_a01/images/Power_tree_4.jpg FILE172
C:\work\nvidia\Tegra\Xaiver_NX\customer_version\140-13509-0000-A01\p3509_a01_archive\worklib\p3509_a01/images/Power_tree_4_0.jpg NEWFILE173
C:\work\nvidia\Tegra\Xaiver_NX\customer_version\140-13509-0000-A01\p3509_a01_archive\worklib\p3509_a01\sch_1\page6_csa.lck NEWFILE174
C:\work\nvidia\Tegra\Xaiver_NX\customer_version\140-13509-0000-A01\p3509_a01_archive\worklib\p3509_a01\sch_1\page11_csa.lck NEWFILE175
C:\work\nvidia\Tegra\Xaiver_NX\customer_version\140-13509-0000-A01\p3509_a01_archive\worklib\p3509_a01\sch_1\page25_csa.lck NEWFILE176
C:\work\nvidia\Tegra\Xaiver_NX\customer_version\140-13509-0000-A01\p3509_a01_archive\worklib\p3509_a01\sch_1\page25.csa FILE177
C:\work\nvidia\Tegra\Xaiver_NX\customer_version\140-13509-0000-A01\p3509_a01_archive\worklib\p3509_a01\sch_1\page25.csv FILE178
C:\work\nvidia\Tegra\Xaiver_NX\customer_version\140-13509-0000-A01\p3509_a01_archive\worklib\p3509_a01\sch_1\page7_csa.lck NEWFILE179
C:/Cadence/SPB_17.2/tools/language/config.dat FILE180
temp/xxnedtmp1/../gnd.mkr NEWFILE181
temp/xxnedtmp1/../c.mkr NEWFILE182
temp/xxnedtmp1/../hdr_1x2.mkr NEWFILE183
temp/xxnedtmp1/../r.mkr NEWFILE184
temp/xxnedtmp1/../q_fet_p_enh.mkr NEWFILE185
temp/xxnedtmp1/../offpage.mkr NEWFILE186
temp/xxnedtmp1/../u_rst_mon.mkr NEWFILE187
temp/xxnedtmp1/../var_pow.mkr NEWFILE188
temp/xxnedtmp1/../d_zener.mkr NEWFILE189
temp/xxnedtmp1/../d_esd.mkr NEWFILE190
temp/xxnedtmp1/../con_pwr_jack.mkr NEWFILE191
C:\work\nvidia\Tegra\Xaiver_NX\customer_version\140-13509-0000-A01\p3509_a01_archive\worklib\p3509_a01\sch_1\page7.csa FILE192
C:\work\nvidia\Tegra\Xaiver_NX\customer_version\140-13509-0000-A01\p3509_a01_archive\worklib\p3509_a01\sch_1\page7.csv FILE193
C:\work\nvidia\Tegra\Xaiver_NX\customer_version\140-13509-0000-A01\p3509_a01_archive\worklib\p3509_a01\sch_1\page2.csa FILE194
C:\work\nvidia\Tegra\Xaiver_NX\customer_version\140-13509-0000-A01\p3509_a01_archive\worklib\p3509_a01\sch_1\page2.csv FILE195
temp/xxnedtmp1/../con_sodimm_260.mkr NEWFILE196
temp/xxnedtmp1/../c_pol.mkr NEWFILE197
temp/xxnedtmp1/../hdr_1x4.mkr NEWFILE198
temp/xxnedtmp1/../d_schottky.mkr NEWFILE199
temp/xxnedtmp1/../con_battery.mkr NEWFILE200
temp/xxnedtmp1/../q_fet_n_enh.mkr NEWFILE201
temp/xxnedtmp1/../led.mkr NEWFILE202
temp/xxnedtmp1/../3v3.mkr NEWFILE203
C:\work\nvidia\Tegra\Xaiver_NX\customer_version\140-13509-0000-A01\p3509_a01_archive\worklib\p3509_a01\sch_1\page4.csa FILE204
C:\work\nvidia\Tegra\Xaiver_NX\customer_version\140-13509-0000-A01\p3509_a01_archive\worklib\p3509_a01\sch_1\page4.csv FILE205
C:\work\nvidia\Tegra\Xaiver_NX\customer_version\140-13509-0000-A01\p3509_a01_archive\worklib\p3509_a01\sch_1\page4_csa.lck NEWFILE206
temp/xxnedtmp1/../labtestpoint.mkr NEWFILE207
C:\work\nvidia\Tegra\Xaiver_NX\customer_version\140-13509-0000-A01\p3509_a01_archive\worklib\p3509_a01\sch_1\page5.csa FILE208
C:\work\nvidia\Tegra\Xaiver_NX\customer_version\140-13509-0000-A01\p3509_a01_archive\worklib\p3509_a01\sch_1\page5.csv FILE209
C:\work\nvidia\Tegra\Xaiver_NX\customer_version\140-13509-0000-A01\p3509_a01_archive\worklib\p3509_a01\sch_1\page5_csa.lck NEWFILE210
temp/xxnedtmp1/../u_buf_od.mkr NEWFILE211
C:\work\nvidia\Tegra\Xaiver_NX\customer_version\140-13509-0000-A01\p3509_a01_archive\worklib\p3509_a01\sch_1\page6.csa FILE212
C:\work\nvidia\Tegra\Xaiver_NX\customer_version\140-13509-0000-A01\p3509_a01_archive\worklib\p3509_a01\sch_1\page6.csv FILE213
temp/xxnedtmp1/../u_swreg_tps53015.mkr NEWFILE214
temp/xxnedtmp1/../l.mkr NEWFILE215
C:\work\nvidia\Tegra\Xaiver_NX\customer_version\140-13509-0000-A01\p3509_a01_archive\worklib\p3509_a01\sch_1\page8.csa FILE216
C:\work\nvidia\Tegra\Xaiver_NX\customer_version\140-13509-0000-A01\p3509_a01_archive\worklib\p3509_a01\sch_1\page8.csv FILE217
C:\work\nvidia\Tegra\Xaiver_NX\customer_version\140-13509-0000-A01\p3509_a01_archive\worklib\p3509_a01\sch_1\page8_csa.lck NEWFILE218
C:\work\nvidia\Tegra\Xaiver_NX\customer_version\140-13509-0000-A01\p3509_a01_archive\worklib\p3509_a01\sch_1\page9.csa FILE219
C:\work\nvidia\Tegra\Xaiver_NX\customer_version\140-13509-0000-A01\p3509_a01_archive\worklib\p3509_a01\sch_1\page9.csv FILE220
C:\work\nvidia\Tegra\Xaiver_NX\customer_version\140-13509-0000-A01\p3509_a01_archive\worklib\p3509_a01\sch_1\page9_csa.lck NEWFILE221
temp/xxnedtmp1/../u_ldo.mkr NEWFILE222
temp/xxnedtmp1/../u_vreg_5pin.mkr NEWFILE223
C:\work\nvidia\Tegra\Xaiver_NX\customer_version\140-13509-0000-A01\p3509_a01_archive\worklib\p3509_a01\sch_1\page10.csa FILE224
C:\work\nvidia\Tegra\Xaiver_NX\customer_version\140-13509-0000-A01\p3509_a01_archive\worklib\p3509_a01\sch_1\page10.csv FILE225
C:\work\nvidia\Tegra\Xaiver_NX\customer_version\140-13509-0000-A01\p3509_a01_archive\worklib\p3509_a01\sch_1\page10_csa.lck NEWFILE226
temp/xxnedtmp1/../u_levshft_3state.mkr NEWFILE227
temp/xxnedtmp1/../u_cpu_efm8sb1.mkr NEWFILE228
temp/xxnedtmp1/../d_3pin_cc.mkr NEWFILE229
temp/xxnedtmp1/../synonym.mkr NEWFILE230
C:\work\nvidia\Tegra\Xaiver_NX\customer_version\140-13509-0000-A01\p3509_a01_archive\worklib\p3509_a01\sch_1\page11.csa FILE231
C:\work\nvidia\Tegra\Xaiver_NX\customer_version\140-13509-0000-A01\p3509_a01_archive\worklib\p3509_a01\sch_1\page11.csv FILE232
temp/xxnedtmp1/../con_usb.mkr NEWFILE233
C:\work\nvidia\Tegra\Xaiver_NX\customer_version\140-13509-0000-A01\p3509_a01_archive\worklib\p3509_a01\sch_1\page12.csa FILE234
C:\work\nvidia\Tegra\Xaiver_NX\customer_version\140-13509-0000-A01\p3509_a01_archive\worklib\p3509_a01\sch_1\page12.csv FILE235
C:\work\nvidia\Tegra\Xaiver_NX\customer_version\140-13509-0000-A01\p3509_a01_archive\worklib\p3509_a01\sch_1\page12_csa.lck NEWFILE236
temp/xxnedtmp1/../u_usb_hub_rts5489.mkr NEWFILE237
temp/xxnedtmp1/../u_mem_fl_ser_512kx8.mkr NEWFILE238
temp/xxnedtmp1/../virtual_short.mkr NEWFILE239
temp/xxnedtmp1/../u_dcdc_buck_mp2152.mkr NEWFILE240
temp/xxnedtmp1/../xtal_4pin.mkr NEWFILE241
C:\work\nvidia\Tegra\Xaiver_NX\customer_version\140-13509-0000-A01\p3509_a01_archive\worklib\p3509_a01\sch_1\page13.csa FILE242
C:\work\nvidia\Tegra\Xaiver_NX\customer_version\140-13509-0000-A01\p3509_a01_archive\worklib\p3509_a01\sch_1\page13.csv FILE243
C:\work\nvidia\Tegra\Xaiver_NX\customer_version\140-13509-0000-A01\p3509_a01_archive\worklib\p3509_a01\sch_1\page13_csa.lck NEWFILE244
temp/xxnedtmp1/../l_cmf_4p.mkr NEWFILE245
temp/xxnedtmp1/../d_esd_diffpair.mkr NEWFILE246
temp/xxnedtmp1/../u_sw_load.mkr NEWFILE247
temp/xxnedtmp1/../con_usb3.mkr NEWFILE248
C:\work\nvidia\Tegra\Xaiver_NX\customer_version\140-13509-0000-A01\p3509_a01_archive\worklib\p3509_a01\sch_1\page14.csa FILE249
C:\work\nvidia\Tegra\Xaiver_NX\customer_version\140-13509-0000-A01\p3509_a01_archive\worklib\p3509_a01\sch_1\page14.csv FILE250
C:\work\nvidia\Tegra\Xaiver_NX\customer_version\140-13509-0000-A01\p3509_a01_archive\worklib\p3509_a01\sch_1\page14_csa.lck NEWFILE251
C:\work\nvidia\Tegra\Xaiver_NX\customer_version\140-13509-0000-A01\p3509_a01_archive\worklib\p3509_a01\sch_1\page15.csa FILE252
C:\work\nvidia\Tegra\Xaiver_NX\customer_version\140-13509-0000-A01\p3509_a01_archive\worklib\p3509_a01\sch_1\page15.csv FILE253
C:\work\nvidia\Tegra\Xaiver_NX\customer_version\140-13509-0000-A01\p3509_a01_archive\worklib\p3509_a01\sch_1\page15_csa.lck NEWFILE254
temp/xxnedtmp1/../u_pwr_sw_ul.mkr NEWFILE255
temp/xxnedtmp1/../q_npn.mkr NEWFILE256
temp/xxnedtmp1/../con_hdmi_displayport.mkr NEWFILE257
temp/xxnedtmp1/../nvvdd.mkr NEWFILE258
C:\work\nvidia\Tegra\Xaiver_NX\customer_version\140-13509-0000-A01\p3509_a01_archive\worklib\p3509_a01\sch_1\page16.csa FILE259
C:\work\nvidia\Tegra\Xaiver_NX\customer_version\140-13509-0000-A01\p3509_a01_archive\worklib\p3509_a01\sch_1\page16.csv FILE260
C:\work\nvidia\Tegra\Xaiver_NX\customer_version\140-13509-0000-A01\p3509_a01_archive\worklib\p3509_a01\sch_1\page16_csa.lck NEWFILE261
C:\work\nvidia\Tegra\Xaiver_NX\customer_version\140-13509-0000-A01\p3509_a01_archive\worklib\p3509_a01\sch_1\page17.csa FILE262
C:\work\nvidia\Tegra\Xaiver_NX\customer_version\140-13509-0000-A01\p3509_a01_archive\worklib\p3509_a01\sch_1\page17.csv FILE263
C:\work\nvidia\Tegra\Xaiver_NX\customer_version\140-13509-0000-A01\p3509_a01_archive\worklib\p3509_a01\sch_1\page17_csa.lck NEWFILE264
temp/xxnedtmp1/../u_sw_ana_usb.mkr NEWFILE265
temp/xxnedtmp1/../con_fpc_15.mkr NEWFILE266
C:\work\nvidia\Tegra\Xaiver_NX\customer_version\140-13509-0000-A01\p3509_a01_archive\worklib\p3509_a01\sch_1\page18.csa FILE267
C:\work\nvidia\Tegra\Xaiver_NX\customer_version\140-13509-0000-A01\p3509_a01_archive\worklib\p3509_a01\sch_1\page18.csv FILE268
C:\work\nvidia\Tegra\Xaiver_NX\customer_version\140-13509-0000-A01\p3509_a01_archive\worklib\p3509_a01\sch_1\page18_csa.lck NEWFILE269
temp/xxnedtmp1/../con_rj45.mkr NEWFILE270
temp/xxnedtmp1/../cgnd.mkr NEWFILE271
C:\work\nvidia\Tegra\Xaiver_NX\customer_version\140-13509-0000-A01\p3509_a01_archive\worklib\p3509_a01\sch_1\page19.csa FILE272
C:\work\nvidia\Tegra\Xaiver_NX\customer_version\140-13509-0000-A01\p3509_a01_archive\worklib\p3509_a01\sch_1\page19.csv FILE273
C:\work\nvidia\Tegra\Xaiver_NX\customer_version\140-13509-0000-A01\p3509_a01_archive\worklib\p3509_a01\sch_1\page19_csa.lck NEWFILE274
temp/xxnedtmp1/../mec_standoff.mkr NEWFILE275
temp/xxnedtmp1/../con_m2_pci_exp.mkr NEWFILE276
C:\work\nvidia\Tegra\Xaiver_NX\customer_version\140-13509-0000-A01\p3509_a01_archive\worklib\p3509_a01\sch_1\page20.csa FILE277
C:\work\nvidia\Tegra\Xaiver_NX\customer_version\140-13509-0000-A01\p3509_a01_archive\worklib\p3509_a01\sch_1\page20.csv FILE278
C:\work\nvidia\Tegra\Xaiver_NX\customer_version\140-13509-0000-A01\p3509_a01_archive\worklib\p3509_a01\sch_1\page20_csa.lck NEWFILE279
temp/xxnedtmp1/../osc_4pin.mkr NEWFILE280
C:\work\nvidia\Tegra\Xaiver_NX\customer_version\140-13509-0000-A01\p3509_a01_archive\worklib\p3509_a01\sch_1\page21.csa FILE281
C:\work\nvidia\Tegra\Xaiver_NX\customer_version\140-13509-0000-A01\p3509_a01_archive\worklib\p3509_a01\sch_1\page21.csv FILE282
C:\work\nvidia\Tegra\Xaiver_NX\customer_version\140-13509-0000-A01\p3509_a01_archive\worklib\p3509_a01\sch_1\page21_csa.lck NEWFILE283
temp/xxnedtmp1/../u_levshft_txb0108.mkr NEWFILE284
temp/xxnedtmp1/../q_pnp.mkr NEWFILE285
temp/xxnedtmp1/../hdr_2x20.mkr NEWFILE286
C:\work\nvidia\Tegra\Xaiver_NX\customer_version\140-13509-0000-A01\p3509_a01_archive\worklib\p3509_a01\sch_1\page22.csa FILE287
C:\work\nvidia\Tegra\Xaiver_NX\customer_version\140-13509-0000-A01\p3509_a01_archive\worklib\p3509_a01\sch_1\page22.csv FILE288
C:\work\nvidia\Tegra\Xaiver_NX\customer_version\140-13509-0000-A01\p3509_a01_archive\worklib\p3509_a01\sch_1\page22_csa.lck NEWFILE289
temp/xxnedtmp1/../u_levshft_txb0302.mkr NEWFILE290
temp/xxnedtmp1/../con_b2w_1x4.mkr NEWFILE291
temp/xxnedtmp1/../hdr_1x12.mkr NEWFILE292
temp/xxnedtmp1/../u_mem_ee_i2c.mkr NEWFILE293
C:\work\nvidia\Tegra\Xaiver_NX\customer_version\140-13509-0000-A01\p3509_a01_archive\worklib\p3509_a01\sch_1\page23.csa FILE294
C:\work\nvidia\Tegra\Xaiver_NX\customer_version\140-13509-0000-A01\p3509_a01_archive\worklib\p3509_a01\sch_1\page23.csv FILE295
C:\work\nvidia\Tegra\Xaiver_NX\customer_version\140-13509-0000-A01\p3509_a01_archive\worklib\p3509_a01\sch_1\page23_csa.lck NEWFILE296
temp/xxnedtmp1/../mounting_hole.mkr NEWFILE297
C:\work\nvidia\Tegra\Xaiver_NX\customer_version\140-13509-0000-A01\p3509_a01_archive\worklib\p3509_a01\sch_1\page24.csa FILE298
C:\work\nvidia\Tegra\Xaiver_NX\customer_version\140-13509-0000-A01\p3509_a01_archive\worklib\p3509_a01\sch_1\page24.csv FILE299
C:\work\nvidia\Tegra\Xaiver_NX\customer_version\140-13509-0000-A01\p3509_a01_archive\worklib\p3509_a01\sch_1\page24_csa.lck NEWFILE300
