FILE_TYPE=LIBRARY_PARTS;
TIME='Created/Modified on Tue Jul 27 14:08:41 2010';

primitive 'U_SW_ANA_USB_MLP10';
 pin
  '1B1':
    PIN_NUMBER='(2)';
    OUTPUT_LOAD='(1.0,-1.0)';
    INPUT_LOAD='(-0.01,0.01)';
    OUTPUT_TYPE='(TS,TS)';
    BIDIRECTIONAL='TRUE';
  '1B2':
    PIN_NUMBER='(3)';
    OUTPUT_LOAD='(1.0,-1.0)';
    INPUT_LOAD='(-0.01,0.01)';
    OUTPUT_TYPE='(TS,TS)';
    BIDIRECTIONAL='TRUE';
  '1A':
    PIN_NUMBER='(4)';
    OUTPUT_LOAD='(1.0,-1.0)';
    INPUT_LOAD='(-0.01,0.01)';
    OUTPUT_TYPE='(TS,TS)';
    BIDIRECTIONAL='TRUE';
  '2B1':
    PIN_NUMBER='(8)';
    OUTPUT_LOAD='(1.0,-1.0)';
    INPUT_LOAD='(-0.01,0.01)';
    OUTPUT_TYPE='(TS,TS)';
    BIDIRECTIONAL='TRUE';
  '2B2':
    PIN_NUMBER='(7)';
    OUTPUT_LOAD='(1.0,-1.0)';
    INPUT_LOAD='(-0.01,0.01)';
    OUTPUT_TYPE='(TS,TS)';
    BIDIRECTIONAL='TRUE';
  '2A':
    PIN_NUMBER='(6)';
    OUTPUT_LOAD='(1.0,-1.0)';
    INPUT_LOAD='(-0.01,0.01)';
    OUTPUT_TYPE='(TS,TS)';
    BIDIRECTIONAL='TRUE';
  'S':
    PIN_NUMBER='(1)';
    INPUT_LOAD='(-0.01,0.01)';
  'VCC':
    PIN_NUMBER='(10)';
    PINUSE='POWER';
  'GND':
    PIN_NUMBER='(5)';
    PINUSE='GROUND';
  '-OE':
    PIN_NUMBER='(9)';
    INPUT_LOAD='(-0.01,0.01)';
 end_pin;
 body
  CLASS='IC';
  PART_NAME='U_SW_ANA_USB';
  BODY_NAME='U_SW_ANA_USB';
  PHYS_DES_PREFIX='U';
 end_body;
end_primitive;

primitive 'U_SW_ANA_USB_UTQFN10';
 pin
  'FSD1':
    PIN_NUMBER='(7)';
    OUTPUT_LOAD='(1.0,-1.0)';
    INPUT_LOAD='(-0.01,0.01)';
    OUTPUT_TYPE='(TS,TS)';
    BIDIRECTIONAL='TRUE';
  'HSD1':
    PIN_NUMBER='(9)';
    OUTPUT_LOAD='(1.0,-1.0)';
    INPUT_LOAD='(-0.01,0.01)';
    OUTPUT_TYPE='(TS,TS)';
    BIDIRECTIONAL='TRUE';
  'COMD1':
    PIN_NUMBER='(3)';
    OUTPUT_LOAD='(1.0,-1.0)';
    INPUT_LOAD='(-0.01,0.01)';
    OUTPUT_TYPE='(TS,TS)';
    BIDIRECTIONAL='TRUE';
  'FSD2':
    PIN_NUMBER='(6)';
    OUTPUT_LOAD='(1.0,-1.0)';
    INPUT_LOAD='(-0.01,0.01)';
    OUTPUT_TYPE='(TS,TS)';
    BIDIRECTIONAL='TRUE';
  'HSD2':
    PIN_NUMBER='(8)';
    OUTPUT_LOAD='(1.0,-1.0)';
    INPUT_LOAD='(-0.01,0.01)';
    OUTPUT_TYPE='(TS,TS)';
    BIDIRECTIONAL='TRUE';
  'COMD2':
    PIN_NUMBER='(4)';
    OUTPUT_LOAD='(1.0,-1.0)';
    INPUT_LOAD='(-0.01,0.01)';
    OUTPUT_TYPE='(TS,TS)';
    BIDIRECTIONAL='TRUE';
  'IN':
    PIN_NUMBER='(2)';
    INPUT_LOAD='(-0.01,0.01)';
  'VCC':
    PIN_NUMBER='(1)';
    PINUSE='POWER';
  'GND':
    PIN_NUMBER='(5)';
    PINUSE='GROUND';
  'EN':
    PIN_NUMBER='(10)';
    INPUT_LOAD='(-0.01,0.01)';
 end_pin;
 body
  CLASS='IC';
  PART_NAME='U_SW_ANA_USB';
  BODY_NAME='U_SW_ANA_USB';
  PHYS_DES_PREFIX='U';
 end_body;
end_primitive;

primitive 'U_SW_ANA_USB_UQFN10';
 pin
  'HSD1P':
    PIN_NUMBER='(1)';
    OUTPUT_LOAD='(1.0,-1.0)';
    INPUT_LOAD='(-0.01,0.01)';
    OUTPUT_TYPE='(TS,TS)';
    BIDIRECTIONAL='TRUE';
  'HSD2P':
    PIN_NUMBER='(2)';
    OUTPUT_LOAD='(1.0,-1.0)';
    INPUT_LOAD='(-0.01,0.01)';
    OUTPUT_TYPE='(TS,TS)';
    BIDIRECTIONAL='TRUE';
  'DP':
    PIN_NUMBER='(3)';
    OUTPUT_LOAD='(1.0,-1.0)';
    INPUT_LOAD='(-0.01,0.01)';
    OUTPUT_TYPE='(TS,TS)';
    BIDIRECTIONAL='TRUE';
  'DN':
    PIN_NUMBER='(5)';
    OUTPUT_LOAD='(1.0,-1.0)';
    INPUT_LOAD='(-0.01,0.01)';
    OUTPUT_TYPE='(TS,TS)';
    BIDIRECTIONAL='TRUE';
  'HSD2N':
    PIN_NUMBER='(6)';
    OUTPUT_LOAD='(1.0,-1.0)';
    INPUT_LOAD='(-0.01,0.01)';
    OUTPUT_TYPE='(TS,TS)';
    BIDIRECTIONAL='TRUE';
  'HSD1N':
    PIN_NUMBER='(7)';
    OUTPUT_LOAD='(1.0,-1.0)';
    INPUT_LOAD='(-0.01,0.01)';
    OUTPUT_TYPE='(TS,TS)';
    BIDIRECTIONAL='TRUE';
  'S':
    PIN_NUMBER='(10)';
    INPUT_LOAD='(-0.01,0.01)';
  'VCC':
    PIN_NUMBER='(9)';
    PINUSE='POWER';
  'GND':
    PIN_NUMBER='(4)';
    PINUSE='GROUND';
  '-OE':
    PIN_NUMBER='(8)';
    INPUT_LOAD='(-0.01,0.01)';
 end_pin;
 body
  CLASS='IC';
  PART_NAME='U_SW_ANA_USB';
  BODY_NAME='U_SW_ANA_USB';
  PHYS_DES_PREFIX='U';
 end_body;
end_primitive;

primitive 'U_SW_ANA_USB_QFN10';
 pin
  '1DP':
    PIN_NUMBER='(1)';
    OUTPUT_LOAD='(1.0,-1.0)';
    INPUT_LOAD='(-0.01,0.01)';
    OUTPUT_TYPE='(TS,TS)';
    BIDIRECTIONAL='TRUE';
  '1DN':
    PIN_NUMBER='(2)';
    OUTPUT_LOAD='(1.0,-1.0)';
    INPUT_LOAD='(-0.01,0.01)';
    OUTPUT_TYPE='(TS,TS)';
    BIDIRECTIONAL='TRUE';
  'DP':
    PIN_NUMBER='(8)';
    OUTPUT_LOAD='(1.0,-1.0)';
    INPUT_LOAD='(-0.01,0.01)';
    OUTPUT_TYPE='(TS,TS)';
    BIDIRECTIONAL='TRUE';
  '2DP':
    PIN_NUMBER='(3)';
    OUTPUT_LOAD='(1.0,-1.0)';
    INPUT_LOAD='(-0.01,0.01)';
    OUTPUT_TYPE='(TS,TS)';
    BIDIRECTIONAL='TRUE';
  '2DN':
    PIN_NUMBER='(4)';
    OUTPUT_LOAD='(1.0,-1.0)';
    INPUT_LOAD='(-0.01,0.01)';
    OUTPUT_TYPE='(TS,TS)';
    BIDIRECTIONAL='TRUE';
  'DN':
    PIN_NUMBER='(7)';
    OUTPUT_LOAD='(1.0,-1.0)';
    INPUT_LOAD='(-0.01,0.01)';
    OUTPUT_TYPE='(TS,TS)';
    BIDIRECTIONAL='TRUE';
  'S':
    PIN_NUMBER='(9)';
    INPUT_LOAD='(-0.01,0.01)';
  'VCC':
    PIN_NUMBER='(10)';
    PINUSE='POWER';
  'GND':
    PIN_NUMBER='(5)';
    PINUSE='GROUND';
  '-OE':
    PIN_NUMBER='(6)';
    INPUT_LOAD='(-0.01,0.01)';
 end_pin;
 body
  CLASS='IC';
  PART_NAME='U_SW_ANA_USB';
  BODY_NAME='U_SW_ANA_USB';
  PHYS_DES_PREFIX='U';
 end_body;
end_primitive;

END.
