FILE_TYPE=LIBRARY_PARTS;
TIME='Created/Modified on Wed Dec 27 16:05:08 3917';
primitive 'CON_USB3_TYPEC_28PIN';
  pin
  'GND1':
    PIN_NUMBER='(A1)';
    PINUSE='GROUND';
  'SSTX1_P':
    PIN_NUMBER='(A2)';
    OUTPUT_LOAD='(1.0,-1.0)';
  'SSTX1_N':
    PIN_NUMBER='(A3)';
    OUTPUT_LOAD='(1.0,-1.0)';
  'VBUS1':
    PIN_NUMBER='(A4)';
    PINUSE='POWER';
  'CC1':
    PIN_NUMBER='(A5)';
    PIN_TYPE='ANALOG';
    NO_LOAD_CHECK='BOTH';
    NO_IO_CHECK='BOTH';
    ALLOW_CONNECT='TRUE';
  'D1_P':
    PIN_NUMBER='(A6)';
    INPUT_LOAD='(-0.01,0.01)';
    OUTPUT_LOAD='(1.0,-1.0)';
    BIDIRECTIONAL='TRUE';
  'D1_N':
    PIN_NUMBER='(A7)';
    INPUT_LOAD='(-0.01,0.01)';
    OUTPUT_LOAD='(1.0,-1.0)';
    BIDIRECTIONAL='TRUE';
  'SBU1':
    PIN_NUMBER='(A8)';
    PIN_TYPE='ANALOG';
    NO_LOAD_CHECK='BOTH';
    NO_IO_CHECK='BOTH';
    ALLOW_CONNECT='TRUE';
  'VBUS2':
    PIN_NUMBER='(A9)';
    PINUSE='POWER';
  'SSRX2_N':
    PIN_NUMBER='(A10)';
    INPUT_LOAD='(-0.01,0.01)';
  'SSRX2_P':
    PIN_NUMBER='(A11)';
    INPUT_LOAD='(-0.01,0.01)';
  'GND2':
    PIN_NUMBER='(A12)';
    PINUSE='GROUND';
  'GND3':
    PIN_NUMBER='(B1A)';
    PINUSE='GROUND';
  'GND4':
    PIN_NUMBER='(B1B)';
    PINUSE='GROUND';
  'SSTX2_P':
    PIN_NUMBER='(B2)';
    OUTPUT_LOAD='(1.0,-1.0)';
  'SSTX2_N':
    PIN_NUMBER='(B3)';
    OUTPUT_LOAD='(1.0,-1.0)';
  'VBUS3':
    PIN_NUMBER='(B4)';
    PINUSE='POWER';
  'CC2':
    PIN_NUMBER='(B5)';
    PIN_TYPE='ANALOG';
    NO_LOAD_CHECK='BOTH';
    NO_IO_CHECK='BOTH';
    ALLOW_CONNECT='TRUE';
  'D2_P':
    PIN_NUMBER='(B6)';
    INPUT_LOAD='(-0.01,0.01)';
    OUTPUT_LOAD='(1.0,-1.0)';
    BIDIRECTIONAL='TRUE';
  'D2_N':
    PIN_NUMBER='(B7)';
    INPUT_LOAD='(-0.01,0.01)';
    OUTPUT_LOAD='(1.0,-1.0)';
    BIDIRECTIONAL='TRUE';
  'SBU2':
    PIN_NUMBER='(B8)';
    PIN_TYPE='ANALOG';
    NO_LOAD_CHECK='BOTH';
    NO_IO_CHECK='BOTH';
    ALLOW_CONNECT='TRUE';
  'VBUS4':
    PIN_NUMBER='(B9)';
    PINUSE='POWER';
  'SSRX1_N':
    PIN_NUMBER='(B10)';
    INPUT_LOAD='(-0.01,0.01)';
  'SSRX1_P':
    PIN_NUMBER='(B11)';
    INPUT_LOAD='(-0.01,0.01)';
  'GND5':
    PIN_NUMBER='(B12A)';
    PINUSE='GROUND';
  'GND6':
    PIN_NUMBER='(B12B)';
    PINUSE='GROUND';
  'SH1':
    PIN_NUMBER='(1)';
    PINUSE='GROUND';
  'SH2':
    PIN_NUMBER='(2)';
    PINUSE='GROUND';
  'SH3':
    PIN_NUMBER='(3)';
    PINUSE='GROUND';
  'SH4':
    PIN_NUMBER='(4)';
    PINUSE='GROUND';
  end_pin;
  body
    CLASS='IO';
    BODY_NAME='CON_USB3';
    PART_NAME='CON_USB3';
    PHYS_DES_PREFIX='J';
  end_body;
end_primitive;
primitive 'CON_USB3_TYPEA_11PIN';
  pin
  'VBUS':
    PIN_NUMBER='(1)';
    PINUSE='POWER';
  'DN':
    PIN_NUMBER='(2)';
    INPUT_LOAD='(-0.01,0.01)';
  'DP':
    PIN_NUMBER='(3)';
    INPUT_LOAD='(-0.01,0.01)';
  'GND1':
    PIN_NUMBER='(4)';
    PINUSE='GROUND';
  'SSRXN':
    PIN_NUMBER='(5)';
    INPUT_LOAD='(-0.01,0.01)';
  'SSRXP':
    PIN_NUMBER='(6)';
    INPUT_LOAD='(-0.01,0.01)';
  'GND2':
    PIN_NUMBER='(7)';
    PINUSE='GROUND';
  'SSTXN':
    PIN_NUMBER='(8)';
    OUTPUT_LOAD='(1.0,-1.0)';
  'SSTXP':
    PIN_NUMBER='(9)';
    OUTPUT_LOAD='(1.0,-1.0)';
  'MT1':
    PIN_NUMBER='(10)';
    PINUSE='GROUND';
  'MT2':
    PIN_NUMBER='(11)';
    PINUSE='GROUND';
  end_pin;
  body
    CLASS='IO';
    BODY_NAME='CON_USB3';
    PART_NAME='CON_USB3';
    PHYS_DES_PREFIX='J';
  end_body;
end_primitive;
primitive 'CON_USB3_USB3_A','CON_USB3_TYPEA_13PIN';
  pin
  'VBUS':
    PIN_NUMBER='(1)';
    PINUSE='POWER';
  'DN':
    PIN_NUMBER='(2)';
    INPUT_LOAD='(-0.01,0.01)';
    OUTPUT_LOAD='(1.0,-1.0)';
    OUTPUT_TYPE='(TS,TS)';
    BIDIRECTIONAL='TRUE';
  'DP':
    PIN_NUMBER='(3)';
    INPUT_LOAD='(-0.01,0.01)';
    OUTPUT_LOAD='(1.0,-1.0)';
    OUTPUT_TYPE='(TS,TS)';
    BIDIRECTIONAL='TRUE';
  'GND1':
    PIN_NUMBER='(4)';
    PINUSE='GROUND';
  'RX_N':
    PIN_NUMBER='(5)';
    INPUT_LOAD='(-0.01,0.01)';
  'RX_P':
    PIN_NUMBER='(6)';
    INPUT_LOAD='(-0.01,0.01)';
  'GND2':
    PIN_NUMBER='(7)';
    PINUSE='GROUND';
  'TX_N':
    PIN_NUMBER='(8)';
    OUTPUT_LOAD='(1.0,-1.0)';
  'TX_P':
    PIN_NUMBER='(9)';
    OUTPUT_LOAD='(1.0,-1.0)';
  'SH1':
    PIN_NUMBER='(10)';
    PINUSE='GROUND';
  'SH2':
    PIN_NUMBER='(11)';
    PINUSE='GROUND';
  'SH3':
    PIN_NUMBER='(12)';
    PINUSE='GROUND';
  'SH4':
    PIN_NUMBER='(13)';
    PINUSE='GROUND';
  end_pin;
  body
    CLASS='IO';
    BODY_NAME='CON_USB3';
    PART_NAME='CON_USB3';
    PHYS_DES_PREFIX='J';
  end_body;
end_primitive;
primitive 'CON_USB3_TYPEUB_11PIN';
  pin
  'VBUS':
    PIN_NUMBER='(1)';
    PINUSE='POWER';
  'DN':
    PIN_NUMBER='(2)';
    INPUT_LOAD='(-0.01,0.01)';
  'DP':
    PIN_NUMBER='(3)';
    INPUT_LOAD='(-0.01,0.01)';
  'ID':
    PIN_NUMBER='(4)';
    INPUT_LOAD='(-0.01,0.01)';
  'GND1':
    PIN_NUMBER='(5)';
    PINUSE='GROUND';
  'SSTXN':
    PIN_NUMBER='(6)';
    OUTPUT_LOAD='(1.0,-1.0)';
  'SSTXP':
    PIN_NUMBER='(7)';
    OUTPUT_LOAD='(1.0,-1.0)';
  'GND2':
    PIN_NUMBER='(8)';
    PINUSE='GROUND';
  'SSRXN':
    PIN_NUMBER='(9)';
    INPUT_LOAD='(-0.01,0.01)';
  'SSRXP':
    PIN_NUMBER='(10)';
    INPUT_LOAD='(-0.01,0.01)';
  end_pin;
  body
    CLASS='IO';
    BODY_NAME='CON_USB3';
    PART_NAME='CON_USB3';
    PHYS_DES_PREFIX='J';
  end_body;
end_primitive;
primitive 'CON_USB3_TYPEUB_15PIN';
  pin
  'VBUS':
    PIN_NUMBER='(1)';
    PINUSE='POWER';
  'DN':
    PIN_NUMBER='(2)';
    INPUT_LOAD='(-0.01,0.01)';
  'DP':
    PIN_NUMBER='(3)';
    INPUT_LOAD='(-0.01,0.01)';
  'ID':
    PIN_NUMBER='(4)';
    INPUT_LOAD='(-0.01,0.01)';
  'GND1':
    PIN_NUMBER='(5)';
    PINUSE='GROUND';
  'SSTXN':
    PIN_NUMBER='(6)';
    OUTPUT_LOAD='(1.0,-1.0)';
  'SSTXP':
    PIN_NUMBER='(7)';
    OUTPUT_LOAD='(1.0,-1.0)';
  'GND2':
    PIN_NUMBER='(8)';
    PINUSE='GROUND';
  'SSRXN':
    PIN_NUMBER='(9)';
    INPUT_LOAD='(-0.01,0.01)';
  'SSRXP':
    PIN_NUMBER='(10)';
    INPUT_LOAD='(-0.01,0.01)';
  'GND3':
    PIN_NUMBER='(11)';
    PINUSE='GROUND';
  'GND4':
    PIN_NUMBER='(12)';
    PINUSE='GROUND';
  'GND5':
    PIN_NUMBER='(13)';
    PINUSE='GROUND';
  'GND6':
    PIN_NUMBER='(14)';
    PINUSE='GROUND';
  'GND7':
    PIN_NUMBER='(15)';
    PINUSE='GROUND';
  end_pin;
  body
    CLASS='IO';
    BODY_NAME='CON_USB3';
    PART_NAME='CON_USB3';
    PHYS_DES_PREFIX='J';
  end_body;
end_primitive;
primitive 'CON_USB3_TYPEA_22PIN';
  pin
  'VBUS0':
    PIN_NUMBER='(1)';
    PINUSE='POWER';
  'DN0':
    PIN_NUMBER='(2)';
    INPUT_LOAD='(-0.01,0.01)';
  'DP0':
    PIN_NUMBER='(3)';
    INPUT_LOAD='(-0.01,0.01)';
  'GND1':
    PIN_NUMBER='(4)';
    PINUSE='GROUND';
  'SSRXN0':
    PIN_NUMBER='(5)';
    INPUT_LOAD='(-0.01,0.01)';
  'SSRXP0':
    PIN_NUMBER='(6)';
    INPUT_LOAD='(-0.01,0.01)';
  'GND2':
    PIN_NUMBER='(7)';
    PINUSE='GROUND';
  'SSTXN0':
    PIN_NUMBER='(8)';
    OUTPUT_LOAD='(1.0,-1.0)';
  'SSTXP0':
    PIN_NUMBER='(9)';
    OUTPUT_LOAD='(1.0,-1.0)';
  'VBUS1':
    PIN_NUMBER='(10)';
    PINUSE='POWER';
  'DN1':
    PIN_NUMBER='(11)';
    INPUT_LOAD='(-0.01,0.01)';
  'DP1':
    PIN_NUMBER='(12)';
    INPUT_LOAD='(-0.01,0.01)';
  'GND3':
    PIN_NUMBER='(13)';
    PINUSE='GROUND';
  'SSRXN1':
    PIN_NUMBER='(14)';
    INPUT_LOAD='(-0.01,0.01)';
  'SSRXP1':
    PIN_NUMBER='(15)';
    INPUT_LOAD='(-0.01,0.01)';
  'GND4':
    PIN_NUMBER='(16)';
    PINUSE='GROUND';
  'SSTXN1':
    PIN_NUMBER='(17)';
    OUTPUT_LOAD='(1.0,-1.0)';
  'SSTXP1':
    PIN_NUMBER='(18)';
    OUTPUT_LOAD='(1.0,-1.0)';
  'MT1':
    PIN_NUMBER='(19)';
    PINUSE='GROUND';
  'MT2':
    PIN_NUMBER='(20)';
    PINUSE='GROUND';
  'MT3':
    PIN_NUMBER='(21)';
    PINUSE='GROUND';
  'MT4':
    PIN_NUMBER='(22)';
    PINUSE='GROUND';
  end_pin;
  body
    CLASS='IO';
    BODY_NAME='CON_USB3';
    PART_NAME='CON_USB3';
    PHYS_DES_PREFIX='J';
  end_body;
end_primitive;
primitive 'CON_USB3_TYPE_C_38PIN';
  pin
  'GND1':
    PIN_NUMBER='(A1)';
    PINUSE='GROUND';
  'SSTX1_P':
    PIN_NUMBER='(A2)';
    OUTPUT_LOAD='(1.0,-1.0)';
  'SSTX1_N':
    PIN_NUMBER='(A3)';
    OUTPUT_LOAD='(1.0,-1.0)';
  'VBUS1':
    PIN_NUMBER='(A4)';
    PINUSE='POWER';
  'CC1':
    PIN_NUMBER='(A5)';
    PIN_TYPE='ANALOG';
    NO_LOAD_CHECK='BOTH';
    NO_IO_CHECK='BOTH';
    ALLOW_CONNECT='TRUE';
  'D1_P':
    PIN_NUMBER='(A6)';
    INPUT_LOAD='(-0.01,0.01)';
    OUTPUT_LOAD='(1.0,-1.0)';
    BIDIRECTIONAL='TRUE';
  'D1_N':
    PIN_NUMBER='(A7)';
    INPUT_LOAD='(-0.01,0.01)';
    OUTPUT_LOAD='(1.0,-1.0)';
    BIDIRECTIONAL='TRUE';
  'SBU1':
    PIN_NUMBER='(A8)';
    PIN_TYPE='ANALOG';
    NO_LOAD_CHECK='BOTH';
    NO_IO_CHECK='BOTH';
    ALLOW_CONNECT='TRUE';
  'VBUS2':
    PIN_NUMBER='(A9)';
    PINUSE='POWER';
  'SSRX2_N':
    PIN_NUMBER='(A10)';
    INPUT_LOAD='(-0.01,0.01)';
  'SSRX2_P':
    PIN_NUMBER='(A11)';
    INPUT_LOAD='(-0.01,0.01)';
  'GND2':
    PIN_NUMBER='(A12)';
    PINUSE='GROUND';
  'GND3':
    PIN_NUMBER='(B1)';
    PINUSE='GROUND';
  'SSTX2_P':
    PIN_NUMBER='(B2)';
    OUTPUT_LOAD='(1.0,-1.0)';
  'SSTX2_N':
    PIN_NUMBER='(B3)';
    OUTPUT_LOAD='(1.0,-1.0)';
  'VBUS3':
    PIN_NUMBER='(B4)';
    PINUSE='POWER';
  'CC2':
    PIN_NUMBER='(B5)';
    PIN_TYPE='ANALOG';
    NO_LOAD_CHECK='BOTH';
    NO_IO_CHECK='BOTH';
    ALLOW_CONNECT='TRUE';
  'D2_P':
    PIN_NUMBER='(B6)';
    INPUT_LOAD='(-0.01,0.01)';
    OUTPUT_LOAD='(1.0,-1.0)';
    BIDIRECTIONAL='TRUE';
  'D2_N':
    PIN_NUMBER='(B7)';
    INPUT_LOAD='(-0.01,0.01)';
    OUTPUT_LOAD='(1.0,-1.0)';
    BIDIRECTIONAL='TRUE';
  'SBU2':
    PIN_NUMBER='(B8)';
    PIN_TYPE='ANALOG';
    NO_LOAD_CHECK='BOTH';
    NO_IO_CHECK='BOTH';
    ALLOW_CONNECT='TRUE';
  'VBUS4':
    PIN_NUMBER='(B9)';
    PINUSE='POWER';
  'SSRX1_N':
    PIN_NUMBER='(B10)';
    INPUT_LOAD='(-0.01,0.01)';
  'SSRX1_P':
    PIN_NUMBER='(B11)';
    INPUT_LOAD='(-0.01,0.01)';
  'GND4':
    PIN_NUMBER='(B12)';
    PINUSE='GROUND';
  'SH1':
    PIN_NUMBER='(1)';
    PINUSE='GROUND';
  'SH2':
    PIN_NUMBER='(2)';
    PINUSE='GROUND';
  'SH3':
    PIN_NUMBER='(3)';
    PINUSE='GROUND';
  'SH4':
    PIN_NUMBER='(4)';
    PINUSE='GROUND';
  'SH5':
    PIN_NUMBER='(5)';
    PINUSE='GROUND';
  'SH6':
    PIN_NUMBER='(6)';
    PINUSE='GROUND';
  'SH7':
    PIN_NUMBER='(7)';
    PINUSE='GROUND';
  'SH8':
    PIN_NUMBER='(8)';
    PINUSE='GROUND';
  'SH9':
    PIN_NUMBER='(9)';
    PINUSE='GROUND';
  'SH10':
    PIN_NUMBER='(10)';
    PINUSE='GROUND';
  'SH11':
    PIN_NUMBER='(11)';
    PINUSE='GROUND';
  'SH12':
    PIN_NUMBER='(12)';
    PINUSE='GROUND';
  'SH13':
    PIN_NUMBER='(13)';
    PINUSE='GROUND';
  'SH14':
    PIN_NUMBER='(14)';
    PINUSE='GROUND';
  end_pin;
  body
    CLASS='IO';
    BODY_NAME='CON_USB3';
    PART_NAME='CON_USB3';
    PHYS_DES_PREFIX='J';
  end_body;
end_primitive;
primitive 'CON_USB3_TYPEC_PLUG_26PIN';
  pin
  'GND1':
    PIN_NUMBER='(A1)';
    PINUSE='GROUND';
  'SSTX1_P':
    PIN_NUMBER='(A2)';
    OUTPUT_LOAD='(1.0,-1.0)';
  'SSTX1_N':
    PIN_NUMBER='(A3)';
    OUTPUT_LOAD='(1.0,-1.0)';
  'VBUS1':
    PIN_NUMBER='(A4)';
    PINUSE='POWER';
  'CC':
    PIN_NUMBER='(A5)';
    PIN_TYPE='ANALOG';
    NO_LOAD_CHECK='BOTH';
    NO_IO_CHECK='BOTH';
    ALLOW_CONNECT='TRUE';
  'D_P':
    PIN_NUMBER='(A6)';
    INPUT_LOAD='(-0.01,0.01)';
    OUTPUT_LOAD='(1.0,-1.0)';
    BIDIRECTIONAL='TRUE';
  'D_N':
    PIN_NUMBER='(A7)';
    INPUT_LOAD='(-0.01,0.01)';
    OUTPUT_LOAD='(1.0,-1.0)';
    BIDIRECTIONAL='TRUE';
  'SBU1':
    PIN_NUMBER='(A8)';
    PIN_TYPE='ANALOG';
    NO_LOAD_CHECK='BOTH';
    NO_IO_CHECK='BOTH';
    ALLOW_CONNECT='TRUE';
  'VBUS2':
    PIN_NUMBER='(A9)';
    PINUSE='POWER';
  'SSRX2_N':
    PIN_NUMBER='(A10)';
    INPUT_LOAD='(-0.01,0.01)';
  'SSRX2_P':
    PIN_NUMBER='(A11)';
    INPUT_LOAD='(-0.01,0.01)';
  'GND2':
    PIN_NUMBER='(A12)';
    PINUSE='GROUND';
  'GND3':
    PIN_NUMBER='(B1)';
    PINUSE='GROUND';
  'GND4':
    PIN_NUMBER='(B12)';
    PINUSE='GROUND';
  'SSTX2_P':
    PIN_NUMBER='(B2)';
    OUTPUT_LOAD='(1.0,-1.0)';
  'SSTX2_N':
    PIN_NUMBER='(B3)';
    OUTPUT_LOAD='(1.0,-1.0)';
  'VBUS3':
    PIN_NUMBER='(B4)';
    PINUSE='POWER';
  'VCONN':
    PIN_NUMBER='(B5)';
    PIN_TYPE='ANALOG';
    NO_LOAD_CHECK='BOTH';
    NO_IO_CHECK='BOTH';
    ALLOW_CONNECT='TRUE';
  'OPEN_D_P':
    PIN_NUMBER='(B6)';
    INPUT_LOAD='(-0.01,0.01)';
    OUTPUT_LOAD='(1.0,-1.0)';
    BIDIRECTIONAL='TRUE';
  'OPEN_D_N':
    PIN_NUMBER='(B7)';
    INPUT_LOAD='(-0.01,0.01)';
    OUTPUT_LOAD='(1.0,-1.0)';
    BIDIRECTIONAL='TRUE';
  'SBU2':
    PIN_NUMBER='(B8)';
    PIN_TYPE='ANALOG';
    NO_LOAD_CHECK='BOTH';
    NO_IO_CHECK='BOTH';
    ALLOW_CONNECT='TRUE';
  'VBUS4':
    PIN_NUMBER='(B9)';
    PINUSE='POWER';
  'SSRX1_N':
    PIN_NUMBER='(B10)';
    INPUT_LOAD='(-0.01,0.01)';
  'SSRX1_P':
    PIN_NUMBER='(B11)';
    INPUT_LOAD='(-0.01,0.01)';
  'SH1':
    PIN_NUMBER='(25)';
    PINUSE='GROUND';
  'SH2':
    PIN_NUMBER='(26)';
    PINUSE='GROUND';
  end_pin;
  body
    CLASS='IO';
    BODY_NAME='CON_USB3';
    PART_NAME='CON_USB3';
    PHYS_DES_PREFIX='J';
  end_body;
end_primitive;
primitive 'CON_USB3_TYPEC_30PIN';
  pin
  'GND1':
    PIN_NUMBER='(A1)';
    PINUSE='GROUND';
  'SSTX1_P':
    PIN_NUMBER='(A2)';
    OUTPUT_LOAD='(1.0,-1.0)';
  'SSTX1_N':
    PIN_NUMBER='(A3)';
    OUTPUT_LOAD='(1.0,-1.0)';
  'VBUS1':
    PIN_NUMBER='(A4)';
    PINUSE='POWER';
  'CC1':
    PIN_NUMBER='(A5)';
    PIN_TYPE='ANALOG';
    NO_LOAD_CHECK='BOTH';
    NO_IO_CHECK='BOTH';
    ALLOW_CONNECT='TRUE';
  'D1_P':
    PIN_NUMBER='(A6)';
    INPUT_LOAD='(-0.01,0.01)';
    OUTPUT_LOAD='(1.0,-1.0)';
    BIDIRECTIONAL='TRUE';
  'D1_N':
    PIN_NUMBER='(A7)';
    INPUT_LOAD='(-0.01,0.01)';
    OUTPUT_LOAD='(1.0,-1.0)';
    BIDIRECTIONAL='TRUE';
  'SBU1':
    PIN_NUMBER='(A8)';
    PIN_TYPE='ANALOG';
    NO_LOAD_CHECK='BOTH';
    NO_IO_CHECK='BOTH';
    ALLOW_CONNECT='TRUE';
  'VBUS2':
    PIN_NUMBER='(A9)';
    PINUSE='POWER';
  'SSRX2_N':
    PIN_NUMBER='(A10)';
    INPUT_LOAD='(-0.01,0.01)';
  'SSRX2_P':
    PIN_NUMBER='(A11)';
    INPUT_LOAD='(-0.01,0.01)';
  'GND2':
    PIN_NUMBER='(A12)';
    PINUSE='GROUND';
  'GND3':
    PIN_NUMBER='(B1)';
    PINUSE='GROUND';
  'GND4':
    PIN_NUMBER='(B12)';
    PINUSE='GROUND';
  'SSTX2_P':
    PIN_NUMBER='(B2)';
    OUTPUT_LOAD='(1.0,-1.0)';
  'SSTX2_N':
    PIN_NUMBER='(B3)';
    OUTPUT_LOAD='(1.0,-1.0)';
  'VBUS3':
    PIN_NUMBER='(B4)';
    PINUSE='POWER';
  'CC2':
    PIN_NUMBER='(B5)';
    PIN_TYPE='ANALOG';
    NO_LOAD_CHECK='BOTH';
    NO_IO_CHECK='BOTH';
    ALLOW_CONNECT='TRUE';
  'D2_P':
    PIN_NUMBER='(B6)';
    INPUT_LOAD='(-0.01,0.01)';
    OUTPUT_LOAD='(1.0,-1.0)';
    BIDIRECTIONAL='TRUE';
  'D2_N':
    PIN_NUMBER='(B7)';
    INPUT_LOAD='(-0.01,0.01)';
    OUTPUT_LOAD='(1.0,-1.0)';
    BIDIRECTIONAL='TRUE';
  'SBU2':
    PIN_NUMBER='(B8)';
    PIN_TYPE='ANALOG';
    NO_LOAD_CHECK='BOTH';
    NO_IO_CHECK='BOTH';
    ALLOW_CONNECT='TRUE';
  'VBUS4':
    PIN_NUMBER='(B9)';
    PINUSE='POWER';
  'SSRX1_N':
    PIN_NUMBER='(B10)';
    INPUT_LOAD='(-0.01,0.01)';
  'SSRX1_P':
    PIN_NUMBER='(B11)';
    INPUT_LOAD='(-0.01,0.01)';
  'SH1':
    PIN_NUMBER='(27)';
    PINUSE='GROUND';
  'SH2':
    PIN_NUMBER='(28)';
    PINUSE='GROUND';
  'SH3':
    PIN_NUMBER='(29)';
    PINUSE='GROUND';
  'SH4':
    PIN_NUMBER='(30)';
    PINUSE='GROUND';
  'MP1':
    PIN_NUMBER='(25)';
    PINUSE='GROUND';
  'MP2':
    PIN_NUMBER='(26)';
    PINUSE='GROUND';
  end_pin;
  body
    CLASS='IO';
    BODY_NAME='CON_USB3';
    PART_NAME='CON_USB3';
    PHYS_DES_PREFIX='J';
  end_body;
end_primitive;
primitive 'CON_USB3_TYPEC_34PIN';
pin
  'GND1':
    PIN_NUMBER='(A1)';
    PINUSE='GROUND';
  'SSTX1_P':
    PIN_NUMBER='(A2)';
    OUTPUT_LOAD='(1.0,-1.0)';
  'SSTX1_N':
    PIN_NUMBER='(A3)';
    OUTPUT_LOAD='(1.0,-1.0)';
  'VBUS1':
    PIN_NUMBER='(A4)';
    PINUSE='POWER';
  'CC1':
    PIN_NUMBER='(A5)';
    PIN_TYPE='ANALOG';
	NO_LOAD_CHECK='BOTH';
	NO_IO_CHECK='BOTH';
	ALLOW_CONNECT='TRUE';
  'D1_P':
    PIN_NUMBER='(A6)';
    INPUT_LOAD='(-0.01,0.01)';
	OUTPUT_LOAD='(1.0,-1.0)';
	BIDIRECTIONAL='TRUE';
  'D1_N':
    PIN_NUMBER='(A7)';
    INPUT_LOAD='(-0.01,0.01)';
	OUTPUT_LOAD='(1.0,-1.0)';
	BIDIRECTIONAL='TRUE';
  'SBU1':
    PIN_NUMBER='(A8)';
    PIN_TYPE='ANALOG';
	NO_LOAD_CHECK='BOTH';
	NO_IO_CHECK='BOTH';
	ALLOW_CONNECT='TRUE';
  'VBUS2':
    PIN_NUMBER='(A9)';
    PINUSE='POWER';
  'SSRX2_N':
    PIN_NUMBER='(A10)';
    INPUT_LOAD='(-0.01,0.01)';
  'SSRX2_P':
    PIN_NUMBER='(A11)';
    INPUT_LOAD='(-0.01,0.01)';
  'GND2':
    PIN_NUMBER='(A12)';
    PINUSE='GROUND';
  'GND3':
    PIN_NUMBER='(B1)';
    PINUSE='GROUND';
  'SSTX2_P':
    PIN_NUMBER='(B2)';
    OUTPUT_LOAD='(1.0,-1.0)';
  'SSTX2_N':
    PIN_NUMBER='(B3)';
    OUTPUT_LOAD='(1.0,-1.0)';
  'VBUS3':
    PIN_NUMBER='(B4)';
    PINUSE='POWER';
  'CC2':
    PIN_NUMBER='(B5)';
    PIN_TYPE='ANALOG';
	NO_LOAD_CHECK='BOTH';
	NO_IO_CHECK='BOTH';
	ALLOW_CONNECT='TRUE';
  'D2_P':
    PIN_NUMBER='(B6)';
    INPUT_LOAD='(-0.01,0.01)';
	OUTPUT_LOAD='(1.0,-1.0)';
	BIDIRECTIONAL='TRUE';
  'D2_N':
    PIN_NUMBER='(B7)';
    INPUT_LOAD='(-0.01,0.01)';
	OUTPUT_LOAD='(1.0,-1.0)';
	BIDIRECTIONAL='TRUE';
  'SBU2':
    PIN_NUMBER='(B8)';
    PIN_TYPE='ANALOG';
	NO_LOAD_CHECK='BOTH';
	NO_IO_CHECK='BOTH';
	ALLOW_CONNECT='TRUE';
  'VBUS4':
    PIN_NUMBER='(B9)';
    PINUSE='POWER';
  'SSRX1_N':
    PIN_NUMBER='(B10)';
    INPUT_LOAD='(-0.01,0.01)';
  'SSRX1_P':
    PIN_NUMBER='(B11)';
    INPUT_LOAD='(-0.01,0.01)';
  'GND4':
    PIN_NUMBER='(B12)';
    PINUSE='GROUND';
  'SH1':
    PIN_NUMBER='(1)';
    PINUSE='GROUND';
  'SH2':
    PIN_NUMBER='(2)';
    PINUSE='GROUND';
  'SH3':
    PIN_NUMBER='(3)';
    PINUSE='GROUND';
  'SH4':
    PIN_NUMBER='(4)';
    PINUSE='GROUND';
  'SH5':
    PIN_NUMBER='(5)';
    PINUSE='GROUND';
  'SH6':
    PIN_NUMBER='(6)';
    PINUSE='GROUND';
  'TAB1':
    PIN_NUMBER='(7)';
    PINUSE='GROUND';
  'TAB2':
    PIN_NUMBER='(8)';
    PINUSE='GROUND';
  'TAB3':
    PIN_NUMBER='(9)';
    PINUSE='GROUND';
  'TAB4':
    PIN_NUMBER='(10)';
    PINUSE='GROUND';
  end_pin;
  body
    CLASS='IO';
    BODY_NAME='CON_USB3';
    PART_NAME='CON_USB3';
    PHYS_DES_PREFIX='J';
  end_body;
end_primitive;
primitive 'CON_USB3_TYPEC_28PIN_B';
  pin
  'GND1':
    PIN_NUMBER='(A1)';
    PINUSE='GROUND';
  'SSTX1_P':
    PIN_NUMBER='(A2)';
    OUTPUT_LOAD='(1.0,-1.0)';
  'SSTX1_N':
    PIN_NUMBER='(A3)';
    OUTPUT_LOAD='(1.0,-1.0)';
  'VBUS1':
    PIN_NUMBER='(A4)';
    PINUSE='POWER';
  'CC1':
    PIN_NUMBER='(A5)';
    PIN_TYPE='ANALOG';
    NO_LOAD_CHECK='BOTH';
    NO_IO_CHECK='BOTH';
    ALLOW_CONNECT='TRUE';
  'D1_P':
    PIN_NUMBER='(A6)';
    INPUT_LOAD='(-0.01,0.01)';
    OUTPUT_LOAD='(1.0,-1.0)';
    BIDIRECTIONAL='TRUE';
  'D1_N':
    PIN_NUMBER='(A7)';
    INPUT_LOAD='(-0.01,0.01)';
    OUTPUT_LOAD='(1.0,-1.0)';
    BIDIRECTIONAL='TRUE';
  'SBU1':
    PIN_NUMBER='(A8)';
    PIN_TYPE='ANALOG';
    NO_LOAD_CHECK='BOTH';
    NO_IO_CHECK='BOTH';
    ALLOW_CONNECT='TRUE';
  'VBUS2':
    PIN_NUMBER='(A9)';
    PINUSE='POWER';
  'SSRX2_N':
    PIN_NUMBER='(A10)';
    INPUT_LOAD='(-0.01,0.01)';
  'SSRX2_P':
    PIN_NUMBER='(A11)';
    INPUT_LOAD='(-0.01,0.01)';
  'GND2':
    PIN_NUMBER='(A12)';
    PINUSE='GROUND';
  'GND3':
    PIN_NUMBER='(B1)';
    PINUSE='GROUND';
  'GND4':
    PIN_NUMBER='(B12)';
    PINUSE='GROUND';
  'SSTX2_P':
    PIN_NUMBER='(B2)';
    OUTPUT_LOAD='(1.0,-1.0)';
  'SSTX2_N':
    PIN_NUMBER='(B3)';
    OUTPUT_LOAD='(1.0,-1.0)';
  'VBUS3':
    PIN_NUMBER='(B4)';
    PINUSE='POWER';
  'CC2':
    PIN_NUMBER='(B5)';
    PIN_TYPE='ANALOG';
    NO_LOAD_CHECK='BOTH';
    NO_IO_CHECK='BOTH';
    ALLOW_CONNECT='TRUE';
  'D2_P':
    PIN_NUMBER='(B6)';
    INPUT_LOAD='(-0.01,0.01)';
    OUTPUT_LOAD='(1.0,-1.0)';
    BIDIRECTIONAL='TRUE';
  'D2_N':
    PIN_NUMBER='(B7)';
    INPUT_LOAD='(-0.01,0.01)';
    OUTPUT_LOAD='(1.0,-1.0)';
    BIDIRECTIONAL='TRUE';
  'SBU2':
    PIN_NUMBER='(B8)';
    PIN_TYPE='ANALOG';
    NO_LOAD_CHECK='BOTH';
    NO_IO_CHECK='BOTH';
    ALLOW_CONNECT='TRUE';
  'VBUS4':
    PIN_NUMBER='(B9)';
    PINUSE='POWER';
  'SSRX1_N':
    PIN_NUMBER='(B10)';
    INPUT_LOAD='(-0.01,0.01)';
  'SSRX1_P':
    PIN_NUMBER='(B11)';
    INPUT_LOAD='(-0.01,0.01)';
  'SH1':
    PIN_NUMBER='(25A)';
    PINUSE='GROUND';
  'SH2':
    PIN_NUMBER='(25B)';
    PINUSE='GROUND';
  'SH3':
    PIN_NUMBER='(26A)';
    PINUSE='GROUND';
  'SH4':
    PIN_NUMBER='(26B)';
    PINUSE='GROUND';
  'SH5':
    PIN_NUMBER='(27)';
    PINUSE='GROUND';
  'SH6':
    PIN_NUMBER='(28)';
    PINUSE='GROUND';
  end_pin;
  body
    CLASS='IO';
    BODY_NAME='CON_USB3';
    PART_NAME='CON_USB3';
    PHYS_DES_PREFIX='J';
  end_body;
end_primitive;
primitive 'CON_USB3_TYPEA_40PIN';
  pin
  'VBUS':
    PIN_NUMBER='(11,21,31,41)';
    PINUSE='POWER';
  'DN':
    PIN_NUMBER='(12,22,32,42)';
    INPUT_LOAD='(-0.01,0.01)';
  'DP':
    PIN_NUMBER='(13,23,33,43)';
    INPUT_LOAD='(-0.01,0.01)';
  'GND1':
    PIN_NUMBER='(14,24,34,44)';
    PINUSE='GROUND';
  'SSRXN':
    PIN_NUMBER='(15,25,35,45)';
    INPUT_LOAD='(-0.01,0.01)';
  'SSRXP':
    PIN_NUMBER='(16,26,36,46)';
    INPUT_LOAD='(-0.01,0.01)';
  'GND2':
    PIN_NUMBER='(17,27,37,47)';
    PINUSE='GROUND';
  'SSTXN':
    PIN_NUMBER='(18,28,38,48)';
    OUTPUT_LOAD='(1.0,-1.0)';
  'SSTXP':
    PIN_NUMBER='(19,29,39,49)';
    OUTPUT_LOAD='(1.0,-1.0)';
  'MT1':
    PIN_NUMBER='(50,51,52,52)';
    PINUSE='GROUND';
  'MT2':
    PIN_NUMBER='(53,54,55,55)';
    PINUSE='GROUND';
  end_pin;
  body
    CLASS='IO';
    BODY_NAME='CON_USB3';
    PART_NAME='CON_USB3';
    PHYS_DES_PREFIX='J';
  end_body;
end_primitive;
primitive 'CON_USB3_TYPEC_30PIN_B';
  pin
  'GND1':
    PIN_NUMBER='(A1)';
    PINUSE='GROUND';
  'SSTX1_P':
    PIN_NUMBER='(A2)';
    OUTPUT_LOAD='(1.0,-1.0)';
  'SSTX1_N':
    PIN_NUMBER='(A3)';
    OUTPUT_LOAD='(1.0,-1.0)';
  'VBUS1':
    PIN_NUMBER='(A4)';
    PINUSE='POWER';
  'CC1':
    PIN_NUMBER='(A5)';
    PIN_TYPE='ANALOG';
    NO_LOAD_CHECK='BOTH';
    NO_IO_CHECK='BOTH';
    ALLOW_CONNECT='TRUE';
  'D1_P':
    PIN_NUMBER='(A6)';
    INPUT_LOAD='(-0.01,0.01)';
    OUTPUT_LOAD='(1.0,-1.0)';
    BIDIRECTIONAL='TRUE';
  'D1_N':
    PIN_NUMBER='(A7)';
    INPUT_LOAD='(-0.01,0.01)';
    OUTPUT_LOAD='(1.0,-1.0)';
    BIDIRECTIONAL='TRUE';
  'SBU1':
    PIN_NUMBER='(A8)';
    PIN_TYPE='ANALOG';
    NO_LOAD_CHECK='BOTH';
    NO_IO_CHECK='BOTH';
    ALLOW_CONNECT='TRUE';
  'VBUS2':
    PIN_NUMBER='(A9)';
    PINUSE='POWER';
  'SSRX2_N':
    PIN_NUMBER='(A10)';
    INPUT_LOAD='(-0.01,0.01)';
  'SSRX2_P':
    PIN_NUMBER='(A11)';
    INPUT_LOAD='(-0.01,0.01)';
  'GND2':
    PIN_NUMBER='(A12)';
    PINUSE='GROUND';
  'GND3':
    PIN_NUMBER='(B1)';
    PINUSE='GROUND';
  'SSTX2_P':
    PIN_NUMBER='(B2)';
    OUTPUT_LOAD='(1.0,-1.0)';
  'SSTX2_N':
    PIN_NUMBER='(B3)';
    OUTPUT_LOAD='(1.0,-1.0)';
  'VBUS3':
    PIN_NUMBER='(B4)';
    PINUSE='POWER';
  'CC2':
    PIN_NUMBER='(B5)';
    PIN_TYPE='ANALOG';
    NO_LOAD_CHECK='BOTH';
    NO_IO_CHECK='BOTH';
    ALLOW_CONNECT='TRUE';
  'D2_P':
    PIN_NUMBER='(B6)';
    INPUT_LOAD='(-0.01,0.01)';
    OUTPUT_LOAD='(1.0,-1.0)';
    BIDIRECTIONAL='TRUE';
  'D2_N':
    PIN_NUMBER='(B7)';
    INPUT_LOAD='(-0.01,0.01)';
    OUTPUT_LOAD='(1.0,-1.0)';
    BIDIRECTIONAL='TRUE';
  'SBU2':
    PIN_NUMBER='(B8)';
    PIN_TYPE='ANALOG';
    NO_LOAD_CHECK='BOTH';
    NO_IO_CHECK='BOTH';
    ALLOW_CONNECT='TRUE';
  'VBUS4':
    PIN_NUMBER='(B9)';
    PINUSE='POWER';
  'SSRX1_N':
    PIN_NUMBER='(B10)';
    INPUT_LOAD='(-0.01,0.01)';
  'SSRX1_P':
    PIN_NUMBER='(B11)';
    INPUT_LOAD='(-0.01,0.01)';
  'GND4':
    PIN_NUMBER='(B12)';
    PINUSE='GROUND';
  'SH1':
    PIN_NUMBER='(25)';
    PINUSE='GROUND';
  'SH2':
    PIN_NUMBER='(26)';
    PINUSE='GROUND';
  'SH3':
    PIN_NUMBER='(27)';
    PINUSE='GROUND';
  'SH4':
    PIN_NUMBER='(28)';
    PINUSE='GROUND';
  'SH5':
    PIN_NUMBER='(29)';
    PINUSE='GROUND';
  'SH6':
    PIN_NUMBER='(30)';
    PINUSE='GROUND';
  end_pin;
  body
    CLASS='IO';
    BODY_NAME='CON_USB3';
    PART_NAME='CON_USB3';
    PHYS_DES_PREFIX='J';
  end_body;
end_primitive;
primitive 'CON_USB3_TYPEC_32PIN';
  pin
  'GND1':
    PIN_NUMBER='(A1)';
    PINUSE='GROUND';
  'SSTX1_P':
    PIN_NUMBER='(A2)';
    OUTPUT_LOAD='(1.0,-1.0)';
  'SSTX1_N':
    PIN_NUMBER='(A3)';
    OUTPUT_LOAD='(1.0,-1.0)';
  'VBUS1':
    PIN_NUMBER='(A4)';
    PINUSE='POWER';
  'CC1':
    PIN_NUMBER='(A5)';
    PIN_TYPE='ANALOG';
    NO_LOAD_CHECK='BOTH';
    NO_IO_CHECK='BOTH';
    ALLOW_CONNECT='TRUE';
  'D1_P':
    PIN_NUMBER='(A6)';
    INPUT_LOAD='(-0.01,0.01)';
    OUTPUT_LOAD='(1.0,-1.0)';
    BIDIRECTIONAL='TRUE';
  'D1_N':
    PIN_NUMBER='(A7)';
    INPUT_LOAD='(-0.01,0.01)';
    OUTPUT_LOAD='(1.0,-1.0)';
    BIDIRECTIONAL='TRUE';
  'SBU1':
    PIN_NUMBER='(A8)';
    PIN_TYPE='ANALOG';
    NO_LOAD_CHECK='BOTH';
    NO_IO_CHECK='BOTH';
    ALLOW_CONNECT='TRUE';
  'VBUS2':
    PIN_NUMBER='(A9)';
    PINUSE='POWER';
  'SSRX2_N':
    PIN_NUMBER='(A10)';
    INPUT_LOAD='(-0.01,0.01)';
  'SSRX2_P':
    PIN_NUMBER='(A11)';
    INPUT_LOAD='(-0.01,0.01)';
  'GND2':
    PIN_NUMBER='(A12)';
    PINUSE='GROUND';
  'GND3':
    PIN_NUMBER='(B1)';
    PINUSE='GROUND';
  'GND4':
    PIN_NUMBER='(B12)';
    PINUSE='GROUND';
  'SSTX2_P':
    PIN_NUMBER='(B2)';
    OUTPUT_LOAD='(1.0,-1.0)';
  'SSTX2_N':
    PIN_NUMBER='(B3)';
    OUTPUT_LOAD='(1.0,-1.0)';
  'VBUS3':
    PIN_NUMBER='(B4)';
    PINUSE='POWER';
  'CC2':
    PIN_NUMBER='(B5)';
    PIN_TYPE='ANALOG';
    NO_LOAD_CHECK='BOTH';
    NO_IO_CHECK='BOTH';
    ALLOW_CONNECT='TRUE';
  'D2_P':
    PIN_NUMBER='(B6)';
    INPUT_LOAD='(-0.01,0.01)';
    OUTPUT_LOAD='(1.0,-1.0)';
    BIDIRECTIONAL='TRUE';
  'D2_N':
    PIN_NUMBER='(B7)';
    INPUT_LOAD='(-0.01,0.01)';
    OUTPUT_LOAD='(1.0,-1.0)';
    BIDIRECTIONAL='TRUE';
  'SBU2':
    PIN_NUMBER='(B8)';
    PIN_TYPE='ANALOG';
    NO_LOAD_CHECK='BOTH';
    NO_IO_CHECK='BOTH';
    ALLOW_CONNECT='TRUE';
  'VBUS4':
    PIN_NUMBER='(B9)';
    PINUSE='POWER';
  'SSRX1_N':
    PIN_NUMBER='(B10)';
    INPUT_LOAD='(-0.01,0.01)';
  'SSRX1_P':
    PIN_NUMBER='(B11)';
    INPUT_LOAD='(-0.01,0.01)';
  'MP1':
    PIN_NUMBER='(25)';
    PINUSE='GROUND';
  'MP2':
    PIN_NUMBER='(26)';
    PINUSE='GROUND';
  'MP3':
    PIN_NUMBER='(27)';
    PINUSE='GROUND';
  'MP4':
    PIN_NUMBER='(28)';
    PINUSE='GROUND';
  'SH1':
    PIN_NUMBER='(29)';
    PINUSE='GROUND';
  'SH2':
    PIN_NUMBER='(30)';
    PINUSE='GROUND';
  'SH3':
    PIN_NUMBER='(31)';
    PINUSE='GROUND';
  'SH4':
    PIN_NUMBER='(32)';
    PINUSE='GROUND';
  end_pin;
  body
    CLASS='IO';
    BODY_NAME='CON_USB3';
    PART_NAME='CON_USB3';
    PHYS_DES_PREFIX='J';
  end_body;
end_primitive;


primitive 'CON_USB3_TYPEA_27PIN';
  pin
  'VBUS0':
    PIN_NUMBER='(1)';
    PINUSE='POWER';
  'DN0':
    PIN_NUMBER='(2)';
    INPUT_LOAD='(-0.01,0.01)';
  'DP0':
    PIN_NUMBER='(3)';
    INPUT_LOAD='(-0.01,0.01)';
  'GND1':
    PIN_NUMBER='(4)';
    PINUSE='GROUND';
  'SSRXN0':
    PIN_NUMBER='(5)';
    INPUT_LOAD='(-0.01,0.01)';
  'SSRXP0':
    PIN_NUMBER='(6)';
    INPUT_LOAD='(-0.01,0.01)';
  'GND2':
    PIN_NUMBER='(7)';
    PINUSE='GROUND';
  'SSTXN0':
    PIN_NUMBER='(8)';
    OUTPUT_LOAD='(1.0,-1.0)';
  'SSTXP0':
    PIN_NUMBER='(9)';
    OUTPUT_LOAD='(1.0,-1.0)';
  'VBUS1':
    PIN_NUMBER='(10)';
    PINUSE='POWER';
  'DN1':
    PIN_NUMBER='(11)';
    INPUT_LOAD='(-0.01,0.01)';
  'DP1':
    PIN_NUMBER='(12)';
    INPUT_LOAD='(-0.01,0.01)';
  'GND3':
    PIN_NUMBER='(13)';
    PINUSE='GROUND';
  'SSRXN1':
    PIN_NUMBER='(14)';
    INPUT_LOAD='(-0.01,0.01)';
  'SSRXP1':
    PIN_NUMBER='(15)';
    INPUT_LOAD='(-0.01,0.01)';
  'GND4':
    PIN_NUMBER='(16)';
    PINUSE='GROUND';
  'SSTXN1':
    PIN_NUMBER='(17)';
    OUTPUT_LOAD='(1.0,-1.0)';
  'SSTXP1':
    PIN_NUMBER='(18)';
    OUTPUT_LOAD='(1.0,-1.0)';
  'MT1':
    PIN_NUMBER='(19)';
    PINUSE='GROUND';
  'MT2':
    PIN_NUMBER='(20)';
    PINUSE='GROUND';
  'MT3':
    PIN_NUMBER='(21)';
    PINUSE='GROUND';
  'MT4':
    PIN_NUMBER='(22)';
    PINUSE='GROUND';
  'MT5':
    PIN_NUMBER='(23)';
    PINUSE='GROUND';
  'MT6':
    PIN_NUMBER='(24)';
    PINUSE='GROUND';
  'MT7':
    PIN_NUMBER='(25)';
    PINUSE='GROUND';
  'MT8':
    PIN_NUMBER='(26)';
    PINUSE='GROUND';
  'MT9':
    PIN_NUMBER='(27)';
    PINUSE='GROUND';
  end_pin;
  body
    CLASS='IO';
    BODY_NAME='CON_USB3';
    PART_NAME='CON_USB3';
    PHYS_DES_PREFIX='J';
  end_body;
end_primitive;



END.