temp/xxnedtmp/event.log NEWFILE1
temp/xxnedtmp/text.log NEWFILE2
temp/xxnedtmp/environ.log NEWFILE3
S:\eda\app\prd\cadence_setup\cds_site\cdssetup/concept/concepthdl.scr FILE4
C:\Cadence\SPB_17.2/share/cdssetup/concept/concepthdl.scr FILE5
C:\work\nvidia\Tegra\Xaiver_NX\customer_version\140-13509-0000-A01\p3509_a01_archive\cds.lib FILE6
C:\work\nvidia\Tegra\Xaiver_NX\customer_version\140-13509-0000-A01\p3509_a01_archive\worklib\p3509_a01\sch_1\page1.csb FILE7
C:\work\nvidia\Tegra\Xaiver_NX\customer_version\140-13509-0000-A01\p3509_a01_archive\worklib\p3509_a01\sch_1\page_map.lck NEWFILE8
C:\work\nvidia\Tegra\Xaiver_NX\customer_version\140-13509-0000-A01\p3509_a01_archive\worklib\p3509_a01\sch_1\page1_csb.lck NEWFILE9
temp/xxnedtmp/undo1.log NEWFILE10
C:\work\nvidia\Tegra\Xaiver_NX\customer_version\140-13509-0000-A01\p3509_a01_archive\archive_libs\nv_standard\nv_11x17xxl_v3_toc\sym_1\symbol.css FILE11
C:\work\nvidia\Tegra\Xaiver_NX\customer_version\140-13509-0000-A01\p3509_a01_archive\worklib\p3509_a01\sch_1\page1_csa.lck NEWFILE12
C:/work/nvidia/Tegra/Xaiver_NX/customer_version/140-13509-0000-A01/p3509_a01_archive/worklib/p3509_a01/sch_1/p3509_a01.xcon FILE13
C:/work/nvidia/Tegra/Xaiver_NX/customer_version/140-13509-0000-A01/p3509_a01_archive/worklib/p3509_a01/sch_1/p3509_a01.dcf FILE14
S:\eda\app\prd\cadence_setup\cds_site/cdssetup/projmgr/ConceptStart.txt FILE15
C:\work\nvidia\Tegra\Xaiver_NX\customer_version\140-13509-0000-A01\p3509_a01_archive\worklib\p3509_a01\sch_1\page3.csb FILE16
C:\work\nvidia\Tegra\Xaiver_NX\customer_version\140-13509-0000-A01\p3509_a01_archive\worklib\p3509_a01/images/power_tree_1.jpg FILE17
C:\work\nvidia\Tegra\Xaiver_NX\customer_version\140-13509-0000-A01\p3509_a01_archive\worklib\p3509_a01\sch_1\page3_csb.lck NEWFILE18
C:\work\nvidia\Tegra\Xaiver_NX\customer_version\140-13509-0000-A01\p3509_a01_archive\archive_libs\nv_standard\nv_11x17xxl_v3\sym_1\symbol.css FILE19
C:\work\nvidia\Tegra\Xaiver_NX\customer_version\140-13509-0000-A01\p3509_a01_archive\worklib\p3509_a01\sch_1\page6.csb FILE20
C:\work\nvidia\Tegra\Xaiver_NX\customer_version\140-13509-0000-A01\p3509_a01_archive\worklib\p3509_a01\sch_1\page6_csb.lck NEWFILE21
C:\work\nvidia\Tegra\Xaiver_NX\customer_version\140-13509-0000-A01\p3509_a01_archive\worklib\p3509_a01\sch_1\page3_csa.lck NEWFILE22
C:\work\nvidia\Tegra\Xaiver_NX\customer_version\140-13509-0000-A01\p3509_a01_archive\archive_libs\electro_mechanic\labtestpoint\sym_1\symbol.css FILE23
C:\work\nvidia\Tegra\Xaiver_NX\customer_version\140-13509-0000-A01\p3509_a01_archive\archive_libs\nv_standard\offpage\sym_2\symbol.css FILE24
C:\work\nvidia\Tegra\Xaiver_NX\customer_version\140-13509-0000-A01\p3509_a01_archive\archive_libs\nv_standard\offpage\sym_4\symbol.css FILE25
C:\work\nvidia\Tegra\Xaiver_NX\customer_version\140-13509-0000-A01\p3509_a01_archive\archive_libs\nv_standard\gnd\sym_1\symbol.css FILE26
C:\work\nvidia\Tegra\Xaiver_NX\customer_version\140-13509-0000-A01\p3509_a01_archive\archive_libs\nv_standard\3v3\sym_1\symbol.css FILE27
C:\work\nvidia\Tegra\Xaiver_NX\customer_version\140-13509-0000-A01\p3509_a01_archive\archive_libs\discrete\r\sym_2\symbol.css FILE28
C:\work\nvidia\Tegra\Xaiver_NX\customer_version\140-13509-0000-A01\p3509_a01_archive\archive_libs\logic\u_buf_od\sym_1\symbol.css FILE29
C:\work\nvidia\Tegra\Xaiver_NX\customer_version\140-13509-0000-A01\p3509_a01_archive\archive_libs\nv_standard\offpage\sym_5\symbol.css FILE30
C:\work\nvidia\Tegra\Xaiver_NX\customer_version\140-13509-0000-A01\p3509_a01_archive\archive_libs\nv_standard\offpage\sym_1\symbol.css FILE31
C:\work\nvidia\Tegra\Xaiver_NX\customer_version\140-13509-0000-A01\p3509_a01_archive\archive_libs\nv_standard\offpage\sym_3\symbol.css FILE32
C:\work\nvidia\Tegra\Xaiver_NX\customer_version\140-13509-0000-A01\p3509_a01_archive\archive_libs\discrete\c\sym_2\symbol.css FILE33
C:\work\nvidia\Tegra\Xaiver_NX\customer_version\140-13509-0000-A01\p3509_a01_archive\archive_libs\electro_mechanic\con_sodimm_260\sym_8\symbol.css FILE34
C:\work\nvidia\Tegra\Xaiver_NX\customer_version\140-13509-0000-A01\p3509_a01_archive\worklib\p3509_a01\sch_1\page11.csb FILE35
C:\work\nvidia\Tegra\Xaiver_NX\customer_version\140-13509-0000-A01\p3509_a01_archive\worklib\p3509_a01/images/BMCU_state_diagram.JPG FILE36
C:\work\nvidia\Tegra\Xaiver_NX\customer_version\140-13509-0000-A01\p3509_a01_archive\worklib\p3509_a01\sch_1\page11_csb.lck NEWFILE37
temp/xxnedtmp/undo2.log NEWFILE38
C:\work\nvidia\Tegra\Xaiver_NX\customer_version\140-13509-0000-A01\p3509_a01_archive\archive_libs\logic\u_levshft_3state\sym_10\symbol.css FILE39
C:\work\nvidia\Tegra\Xaiver_NX\customer_version\140-13509-0000-A01\p3509_a01_archive\archive_libs\discrete\d_zener\sym_2\symbol.css FILE40
C:\work\nvidia\Tegra\Xaiver_NX\customer_version\140-13509-0000-A01\p3509_a01_archive\archive_libs\discrete\q_fet_n_enh\sym_2\symbol.css FILE41
C:\work\nvidia\Tegra\Xaiver_NX\customer_version\140-13509-0000-A01\p3509_a01_archive\archive_libs\discrete\c\sym_1\symbol.css FILE42
C:\work\nvidia\Tegra\Xaiver_NX\customer_version\140-13509-0000-A01\p3509_a01_archive\archive_libs\nv_standard\var_pow\sym_1\symbol.css FILE43
C:\work\nvidia\Tegra\Xaiver_NX\customer_version\140-13509-0000-A01\p3509_a01_archive\archive_libs\discrete\r\sym_1\symbol.css FILE44
C:\work\nvidia\Tegra\Xaiver_NX\customer_version\140-13509-0000-A01\p3509_a01_archive\archive_libs\discrete\q_fet_p_enh\sym_2\symbol.css FILE45
C:\work\nvidia\Tegra\Xaiver_NX\customer_version\140-13509-0000-A01\p3509_a01_archive\archive_libs\standard\synonym\sym_1\symbol.css FILE46
C:\work\nvidia\Tegra\Xaiver_NX\customer_version\140-13509-0000-A01\p3509_a01_archive\archive_libs\discrete\d_3pin_cc\sym_1\symbol.css FILE47
C:\work\nvidia\Tegra\Xaiver_NX\customer_version\140-13509-0000-A01\p3509_a01_archive\archive_libs\nv_standard\gnd\sym_2\symbol.css FILE48
C:\work\nvidia\Tegra\Xaiver_NX\customer_version\140-13509-0000-A01\p3509_a01_archive\archive_libs\electro_mechanic\labtestpoint\sym_3\symbol.css FILE49
C:\work\nvidia\Tegra\Xaiver_NX\customer_version\140-13509-0000-A01\p3509_a01_archive\archive_libs\digital\u_cpu_efm8sb1\sym_1\symbol.css FILE50
C:\work\nvidia\Tegra\Xaiver_NX\customer_version\140-13509-0000-A01\p3509_a01_archive\worklib\p3509_a01\sch_1\page12.csb FILE51
C:\work\nvidia\Tegra\Xaiver_NX\customer_version\140-13509-0000-A01\p3509_a01_archive\worklib\p3509_a01\sch_1\page12_csb.lck NEWFILE52
temp/xxnedtmp/undo3.log NEWFILE53
C:\work\nvidia\Tegra\Xaiver_NX\customer_version\140-13509-0000-A01\p3509_a01_archive\archive_libs\electro_mechanic\con_usb\sym_2\symbol.css FILE54
C:\work\nvidia\Tegra\Xaiver_NX\customer_version\140-13509-0000-A01\p3509_a01_archive\archive_libs\nv_standard\offpage\sym_6\symbol.css FILE55
C:\work\nvidia\Tegra\Xaiver_NX\customer_version\140-13509-0000-A01\p3509_a01_archive\archive_libs\discrete\d_esd\sym_2\symbol.css FILE56
C:\work\nvidia\Tegra\Xaiver_NX\customer_version\140-13509-0000-A01\p3509_a01_archive\worklib\p3509_a01\sch_1\page12_csa.lck NEWFILE57
temp/xxnedtmp/concept.mkr NEWFILE58
C:/Cadence/SPB_17.2/tools/language/config.dat FILE59
C:/Cadence/SPB_17.2/tools/language/pack_type_rename.dat NEWFILE60
temp/xxnedtmp/../nv_11x17xxl_v3.mkr NEWFILE61
temp/xxnedtmp/../labtestpoint.mkr NEWFILE62
temp/xxnedtmp/../offpage.mkr NEWFILE63
temp/xxnedtmp/../gnd.mkr NEWFILE64
temp/xxnedtmp/../3v3.mkr NEWFILE65
temp/xxnedtmp/../r.mkr NEWFILE66
temp/xxnedtmp/../u_buf_od.mkr NEWFILE67
temp/xxnedtmp/../c.mkr NEWFILE68
temp/xxnedtmp/../con_sodimm_260.mkr NEWFILE69
C:/work/nvidia/Tegra/Xaiver_NX/customer_version/140-13509-0000-A01/p3509_a01_archive/worklib/p3509_a01/sch_1/p3509_a01_xcon.lck NEWFILE70
C:/work/nvidia/Tegra/Xaiver_NX/customer_version/140-13509-0000-A01/p3509_a01_archive/worklib/p3509_a01/sch_1/p3509_a01_dcf.lck NEWFILE71
C:\work\nvidia\Tegra\Xaiver_NX\customer_version\140-13509-0000-A01\p3509_a01_archive\worklib\p3509_a01\sch_1\page6.csa FILE72
C:\work\nvidia\Tegra\Xaiver_NX\customer_version\140-13509-0000-A01\p3509_a01_archive\worklib\p3509_a01\sch_1\page6.csv FILE73
temp/xxnedtmp/csnetlister.mkr NEWFILE74
C:\work\nvidia\Tegra\Xaiver_NX\customer_version\140-13509-0000-A01\p3509_a01_archive\worklib\p3509_a01\sch_1\page6_csa.lck NEWFILE75
temp/xxnedtmp/../u_levshft_3state.mkr NEWFILE76
temp/xxnedtmp/../d_zener.mkr NEWFILE77
temp/xxnedtmp/../q_fet_n_enh.mkr NEWFILE78
temp/xxnedtmp/../var_pow.mkr NEWFILE79
temp/xxnedtmp/../q_fet_p_enh.mkr NEWFILE80
temp/xxnedtmp/../synonym.mkr NEWFILE81
temp/xxnedtmp/../d_3pin_cc.mkr NEWFILE82
temp/xxnedtmp/../u_cpu_efm8sb1.mkr NEWFILE83
C:\work\nvidia\Tegra\Xaiver_NX\customer_version\140-13509-0000-A01\p3509_a01_archive\worklib\p3509_a01\sch_1\page11.csa FILE84
C:\work\nvidia\Tegra\Xaiver_NX\customer_version\140-13509-0000-A01\p3509_a01_archive\worklib\p3509_a01\sch_1\page11.csv FILE85
C:\work\nvidia\Tegra\Xaiver_NX\customer_version\140-13509-0000-A01\p3509_a01_archive\worklib\p3509_a01\sch_1\page11_csa.lck NEWFILE86
C:\work\nvidia\Tegra\Xaiver_NX\customer_version\140-13509-0000-A01\p3509_a01_archive\worklib\p3509_a01\sch_1\page2.csb FILE87
C:\work\nvidia\Tegra\Xaiver_NX\customer_version\140-13509-0000-A01\p3509_a01_archive\worklib\p3509_a01/images/block_diagram_1.jpg FILE88
C:\work\nvidia\Tegra\Xaiver_NX\customer_version\140-13509-0000-A01\p3509_a01_archive\worklib\p3509_a01\sch_1\page2_csb.lck NEWFILE89
