Allegro Design Entry HDL 17.2-2016 S050 (3752318) 12/19/2018
Copyright 2011 Cadence Design Systems, Inc

WARNING(SPCOCN-1474): You must specify a window that contains a drawing.
WARNING(SPCOCN-1474): You must specify a window that contains a drawing.
WARNING(SPCOCN-1474): You must specify a window that contains a drawing.
WARNING(SPCOCN-1474): You must specify a window that contains a drawing.
WARNING(SPCOCN-1474): You must specify a window that contains a drawing.
WARNING(SPCOCN-1474): You must specify a window that contains a drawing.
WARNING(SPCOCN-1474): You must specify a window that contains a drawing.
WARNING(SPCOCN-1780): CATPATH is not a directory.
WARNING(SPCOCN-2065): The PLOT_DPI directive defines the Dots Per Inch setting used by the printer for printing. Ensure that you specify a positive integer value for the directive.
INFO(SPCOCN-2012): The Page Name property has changed. To display the page names in the Hierarchy Viewer, 
choose File - Save Hierarchy.
WARNING(SPCOCN-1474): You must specify a window that contains a drawing.
WARNING(SPCOCN-1474): You must specify a window that contains a drawing.
WARNING(SPCOCN-1474): You must specify a window that contains a drawing.
WARNING(SPCOCN-1474): You must specify a window that contains a drawing.
WARNING(SPCOCN-1474): You must specify a window that contains a drawing.
WARNING(SPCOCN-1474): You must specify a window that contains a drawing.
WARNING(SPCOCN-1474): You must specify a window that contains a drawing.
INFO(SPCOCN-245): Unknown project directive : BBOX_SHOWN_ON_ANY_MOVE.
WARNING(SPCOCN-1474): You must specify a window that contains a drawing.
WARNING(SPCOCN-1474): You must specify a window that contains a drawing.
WARNING(SPCOCN-1474): You must specify a window that contains a drawing.
WARNING(SPCOCN-1474): You must specify a window that contains a drawing.
WARNING(SPCOCN-1474): You must specify a window that contains a drawing.
WARNING(SPCOCN-1474): You must specify a window that contains a drawing.
WARNING(SPCOCN-2027): The font specified in CPM category CDS_PINPROPERTY_NAME was not found. Ensure that the font is installed on the system. 
The default font Concept Font will be used.
WARNING(SPCOCN-2027): The font specified in CPM category CDS_REFDES_NAME was not found. Ensure that the font is installed on the system. 
The default font Concept Font will be used.
INFO(SPCOCN-1737): Reading C:\work\nvidia\Tegra\Xaiver_NX\customer_version\140-13509-0000-A01\p3509_a01_archive\cds.lib file.
WARNING(SPCOCN-1474): You must specify a window that contains a drawing.
INFO(SPCOCN-1445): Reading P3509_A01.SCH.1.1 into drawing #1.
INFO(SPCOCN-195): The following file will be used to identify the list of modules to be excluded: 'C:\Cadence\SPB_17.2\share\cdssetup\xmodules.dat'.
INFO(SPCOCN-1445): Reading P3509_A01.SCH.1.1 into drawing #1.
INFO(SPCOCN-1445): Reading P3509_A01.SCH.1.1 into drawing #1.
INFO(SPCOCN-1445): Reading P3509_A01.SCH.1.1 into drawing #1.
INFO(SPCOCN-1445): Reading P3509_A01.SCH.1.3 into drawing #1.
INFO(SPCOCN-1445): Reading P3509_A01.SCH.1.6 into drawing #1.
WARNING(SPCOCN-982): The operation could not be performed because no object on the drawing was selected.
INFO(SPCOCN-1854): The drawing P3509_A01.SCH.1.6
INFO(SPCOCN-578): will be retained as drawing #1.
INFO(SPCOCN-1445): Reading P3509_A01.SCH.1.11 into drawing #2.
INFO(SPCOCN-1854): The drawing P3509_A01.SCH.1.25
INFO(SPCOCN-578): will be retained as drawing #2.
INFO(SPCOCN-1445): Reading P3509_A01.SCH.1.12 into drawing #3.
INFO(SPCOCN-1443): P3509_A01.SCH.1.11 has been previously edited as drawing #2.
Variant Editor Connect on Feb 10 13:17:19 2020
Variant Editor disconnect on Feb 10 13:18:41 2020
INFO(SPCOCN-1070): Checking drawing...
INFO(SPCOCN-1028): writing <p3509_a01_lib>P3509_A01.SCH.1.6:
INFO(SPCOCN-1044): writing binary file...
INFO(SPCOCN-1049): Writing ASCII file...
INFO(SPCOCN-1727): Appending master.tag page1.csa with page6.csa
INFO(SPCOCN-1053): writing connectivity file...
INFO(SPCOCN-1054): ...written

CSDirect 17.2-2016 S050 (3752318)

Netlisting block p3509_a01

Processing page 6

No netlisting errors found. 

INFO(SPCOCN-1640): writing occurrence data...
INFO(SPCOCN-1054): ...written
INFO(SPCOCN-1070): Checking drawing...
INFO(SPCOCN-1028): writing <p3509_a01_lib>P3509_A01.SCH.1.11:
INFO(SPCOCN-1044): writing binary file...
INFO(SPCOCN-1049): Writing ASCII file...
INFO(SPCOCN-1727): Appending master.tag page1.csa with page11.csa
INFO(SPCOCN-1053): writing connectivity file...
INFO(SPCOCN-1054): ...written

CSDirect 17.2-2016 S050 (3752318)

Netlisting block p3509_a01

Processing page 11

No netlisting errors found. 

INFO(SPCOCN-1640): writing occurrence data...
INFO(SPCOCN-1054): ...written
INFO(SPCOCN-1019): Save All completed.
INFO(SPCOCN-1445): Reading P3509_A01.SCH.1.11 into drawing #2.
INFO(SPCOCN-1445): Reading P3509_A01.SCH.1.1 into drawing #2.
INFO(SPCOCN-1445): Reading P3509_A01.SCH.1.2 into drawing #2.
INFO(SPCOCN-1445): Reading P3509_A01.SCH.1.3 into drawing #2.
INFO(SPCOCN-1445): Reading P3509_A01.SCH.1.2 into drawing #2.
INFO(SPCOCN-1445): Reading P3509_A01.SCH.1.3 into drawing #2.
INFO(SPCOCN-1445): Reading P3509_A01.SCH.1.2 into drawing #2.
INFO(SPCOCN-1445): Reading P3509_A01.SCH.1.3 into drawing #2.
INFO(SPCOCN-1445): Reading P3509_A01.SCH.1.3 into drawing #2.
