FILE_TYPE=LIBRARY_PARTS;
TIME='Created/Modified on Tue Oct 21 09:45:35 2008';

primitive 'HDR_2X20_SMD','HDR_2X20_NORM';
 pin
  '1':
    PIN_NUMBER='(1)';
    PIN_TYPE='ANALOG';
    NO_LOAD_CHECK='BOTH';
    NO_IO_CHECK='BOTH';
    ALLOW_CONNECT='TRUE';
  '2':
    PIN_NUMBER='(2)';
    PIN_TYPE='ANALOG';
    NO_LOAD_CHECK='BOTH';
    NO_IO_CHECK='BOTH';
    ALLOW_CONNECT='TRUE';
  '3':
    PIN_NUMBER='(3)';
    PIN_TYPE='ANALOG';
    NO_LOAD_CHECK='BOTH';
    NO_IO_CHECK='BOTH';
    ALLOW_CONNECT='TRUE';
  '4':
    PIN_NUMBER='(4)';
    PIN_TYPE='ANALOG';
    NO_LOAD_CHECK='BOTH';
    NO_IO_CHECK='BOTH';
    ALLOW_CONNECT='TRUE';
  '5':
    PIN_NUMBER='(5)';
    PIN_TYPE='ANALOG';
    NO_LOAD_CHECK='BOTH';
    NO_IO_CHECK='BOTH';
    ALLOW_CONNECT='TRUE';
  '6':
    PIN_NUMBER='(6)';
    PIN_TYPE='ANALOG';
    NO_LOAD_CHECK='BOTH';
    NO_IO_CHECK='BOTH';
    ALLOW_CONNECT='TRUE';
  '7':
    PIN_NUMBER='(7)';
    PIN_TYPE='ANALOG';
    NO_LOAD_CHECK='BOTH';
    NO_IO_CHECK='BOTH';
    ALLOW_CONNECT='TRUE';
  '8':
    PIN_NUMBER='(8)';
    PIN_TYPE='ANALOG';
    NO_LOAD_CHECK='BOTH';
    NO_IO_CHECK='BOTH';
    ALLOW_CONNECT='TRUE';
  '9':
    PIN_NUMBER='(9)';
    PIN_TYPE='ANALOG';
    NO_LOAD_CHECK='BOTH';
    NO_IO_CHECK='BOTH';
    ALLOW_CONNECT='TRUE';
  '10':
    PIN_NUMBER='(10)';
    PIN_TYPE='ANALOG';
    NO_LOAD_CHECK='BOTH';
    NO_IO_CHECK='BOTH';
    ALLOW_CONNECT='TRUE';
  '11':
    PIN_NUMBER='(11)';
    PIN_TYPE='ANALOG';
    NO_LOAD_CHECK='BOTH';
    NO_IO_CHECK='BOTH';
    ALLOW_CONNECT='TRUE';
  '12':
    PIN_NUMBER='(12)';
    PIN_TYPE='ANALOG';
    NO_LOAD_CHECK='BOTH';
    NO_IO_CHECK='BOTH';
    ALLOW_CONNECT='TRUE';
  '13':
    PIN_NUMBER='(13)';
    PIN_TYPE='ANALOG';
    NO_LOAD_CHECK='BOTH';
    NO_IO_CHECK='BOTH';
    ALLOW_CONNECT='TRUE';
  '14':
    PIN_NUMBER='(14)';
    PIN_TYPE='ANALOG';
    NO_LOAD_CHECK='BOTH';
    NO_IO_CHECK='BOTH';
    ALLOW_CONNECT='TRUE';
  '15':
    PIN_NUMBER='(15)';
    PIN_TYPE='ANALOG';
    NO_LOAD_CHECK='BOTH';
    NO_IO_CHECK='BOTH';
    ALLOW_CONNECT='TRUE';
  '16':
    PIN_NUMBER='(16)';
    PIN_TYPE='ANALOG';
    NO_LOAD_CHECK='BOTH';
    NO_IO_CHECK='BOTH';
    ALLOW_CONNECT='TRUE';
  '17':
    PIN_NUMBER='(17)';
    PIN_TYPE='ANALOG';
    NO_LOAD_CHECK='BOTH';
    NO_IO_CHECK='BOTH';
    ALLOW_CONNECT='TRUE';
  '18':
    PIN_NUMBER='(18)';
    PIN_TYPE='ANALOG';
    NO_LOAD_CHECK='BOTH';
    NO_IO_CHECK='BOTH';
    ALLOW_CONNECT='TRUE';
  '19':
    PIN_NUMBER='(19)';
    PIN_TYPE='ANALOG';
    NO_LOAD_CHECK='BOTH';
    NO_IO_CHECK='BOTH';
    ALLOW_CONNECT='TRUE';
  '20':
    PIN_NUMBER='(20)';
    PIN_TYPE='ANALOG';
    NO_LOAD_CHECK='BOTH';
    NO_IO_CHECK='BOTH';
    ALLOW_CONNECT='TRUE';
  '21':
    PIN_NUMBER='(21)';
    PIN_TYPE='ANALOG';
    NO_LOAD_CHECK='BOTH';
    NO_IO_CHECK='BOTH';
    ALLOW_CONNECT='TRUE';
  '22':
    PIN_NUMBER='(22)';
    PIN_TYPE='ANALOG';
    NO_LOAD_CHECK='BOTH';
    NO_IO_CHECK='BOTH';
    ALLOW_CONNECT='TRUE';
  '23':
    PIN_NUMBER='(23)';
    PIN_TYPE='ANALOG';
    NO_LOAD_CHECK='BOTH';
    NO_IO_CHECK='BOTH';
    ALLOW_CONNECT='TRUE';
  '24':
    PIN_NUMBER='(24)';
    PIN_TYPE='ANALOG';
    NO_LOAD_CHECK='BOTH';
    NO_IO_CHECK='BOTH';
    ALLOW_CONNECT='TRUE';
  '25':
    PIN_NUMBER='(25)';
    PIN_TYPE='ANALOG';
    NO_LOAD_CHECK='BOTH';
    NO_IO_CHECK='BOTH';
    ALLOW_CONNECT='TRUE';
  '26':
    PIN_NUMBER='(26)';
    PIN_TYPE='ANALOG';
    NO_LOAD_CHECK='BOTH';
    NO_IO_CHECK='BOTH';
    ALLOW_CONNECT='TRUE';
  '27':
    PIN_NUMBER='(27)';
    PIN_TYPE='ANALOG';
    NO_LOAD_CHECK='BOTH';
    NO_IO_CHECK='BOTH';
    ALLOW_CONNECT='TRUE';
  '28':
    PIN_NUMBER='(28)';
    PIN_TYPE='ANALOG';
    NO_LOAD_CHECK='BOTH';
    NO_IO_CHECK='BOTH';
    ALLOW_CONNECT='TRUE';
  '29':
    PIN_NUMBER='(29)';
    PIN_TYPE='ANALOG';
    NO_LOAD_CHECK='BOTH';
    NO_IO_CHECK='BOTH';
    ALLOW_CONNECT='TRUE';
  '30':
    PIN_NUMBER='(30)';
    PIN_TYPE='ANALOG';
    NO_LOAD_CHECK='BOTH';
    NO_IO_CHECK='BOTH';
    ALLOW_CONNECT='TRUE';
  '31':
    PIN_NUMBER='(31)';
    PIN_TYPE='ANALOG';
    NO_LOAD_CHECK='BOTH';
    NO_IO_CHECK='BOTH';
    ALLOW_CONNECT='TRUE';
  '32':
    PIN_NUMBER='(32)';
    PIN_TYPE='ANALOG';
    NO_LOAD_CHECK='BOTH';
    NO_IO_CHECK='BOTH';
    ALLOW_CONNECT='TRUE';
  '33':
    PIN_NUMBER='(33)';
    PIN_TYPE='ANALOG';
    NO_LOAD_CHECK='BOTH';
    NO_IO_CHECK='BOTH';
    ALLOW_CONNECT='TRUE';
  '34':
    PIN_NUMBER='(34)';
    PIN_TYPE='ANALOG';
    NO_LOAD_CHECK='BOTH';
    NO_IO_CHECK='BOTH';
    ALLOW_CONNECT='TRUE';
  '35':
    PIN_NUMBER='(35)';
    PIN_TYPE='ANALOG';
    NO_LOAD_CHECK='BOTH';
    NO_IO_CHECK='BOTH';
    ALLOW_CONNECT='TRUE';
  '36':
    PIN_NUMBER='(36)';
    PIN_TYPE='ANALOG';
    NO_LOAD_CHECK='BOTH';
    NO_IO_CHECK='BOTH';
    ALLOW_CONNECT='TRUE';
  '37':
    PIN_NUMBER='(37)';
    PIN_TYPE='ANALOG';
    NO_LOAD_CHECK='BOTH';
    NO_IO_CHECK='BOTH';
    ALLOW_CONNECT='TRUE';
  '38':
    PIN_NUMBER='(38)';
    PIN_TYPE='ANALOG';
    NO_LOAD_CHECK='BOTH';
    NO_IO_CHECK='BOTH';
    ALLOW_CONNECT='TRUE';
  '39':
    PIN_NUMBER='(39)';
    PIN_TYPE='ANALOG';
    NO_LOAD_CHECK='BOTH';
    NO_IO_CHECK='BOTH';
    ALLOW_CONNECT='TRUE';
  '40':
    PIN_NUMBER='(40)';
    PIN_TYPE='ANALOG';
    NO_LOAD_CHECK='BOTH';
    NO_IO_CHECK='BOTH';
    ALLOW_CONNECT='TRUE';
  end_pin;
 body
  CLASS=IO;
  PART_NAME='HDR_2X20';
  BODY_NAME='HDR_2X20';
  PHYS_DES_PREFIX='J';
  PINCOUNT='40';
 end_body;
end_primitive;

primitive 'HDR_2X20_SMD_A';
 pin
  '1':
    PIN_NUMBER='(1)';
    PIN_TYPE='ANALOG';
    NO_LOAD_CHECK='BOTH';
    NO_IO_CHECK='BOTH';
    ALLOW_CONNECT='TRUE';
  '2':
    PIN_NUMBER='(2)';
    PIN_TYPE='ANALOG';
    NO_LOAD_CHECK='BOTH';
    NO_IO_CHECK='BOTH';
    ALLOW_CONNECT='TRUE';
  '3':
    PIN_NUMBER='(3)';
    PIN_TYPE='ANALOG';
    NO_LOAD_CHECK='BOTH';
    NO_IO_CHECK='BOTH';
    ALLOW_CONNECT='TRUE';
  '4':
    PIN_NUMBER='(4)';
    PIN_TYPE='ANALOG';
    NO_LOAD_CHECK='BOTH';
    NO_IO_CHECK='BOTH';
    ALLOW_CONNECT='TRUE';
  '5':
    PIN_NUMBER='(5)';
    PIN_TYPE='ANALOG';
    NO_LOAD_CHECK='BOTH';
    NO_IO_CHECK='BOTH';
    ALLOW_CONNECT='TRUE';
  '6':
    PIN_NUMBER='(6)';
    PIN_TYPE='ANALOG';
    NO_LOAD_CHECK='BOTH';
    NO_IO_CHECK='BOTH';
    ALLOW_CONNECT='TRUE';
  '7':
    PIN_NUMBER='(7)';
    PIN_TYPE='ANALOG';
    NO_LOAD_CHECK='BOTH';
    NO_IO_CHECK='BOTH';
    ALLOW_CONNECT='TRUE';
  '8':
    PIN_NUMBER='(8)';
    PIN_TYPE='ANALOG';
    NO_LOAD_CHECK='BOTH';
    NO_IO_CHECK='BOTH';
    ALLOW_CONNECT='TRUE';
  '9':
    PIN_NUMBER='(9)';
    PIN_TYPE='ANALOG';
    NO_LOAD_CHECK='BOTH';
    NO_IO_CHECK='BOTH';
    ALLOW_CONNECT='TRUE';
  '10':
    PIN_NUMBER='(10)';
    PIN_TYPE='ANALOG';
    NO_LOAD_CHECK='BOTH';
    NO_IO_CHECK='BOTH';
    ALLOW_CONNECT='TRUE';
  '11':
    PIN_NUMBER='(11)';
    PIN_TYPE='ANALOG';
    NO_LOAD_CHECK='BOTH';
    NO_IO_CHECK='BOTH';
    ALLOW_CONNECT='TRUE';
  '12':
    PIN_NUMBER='(12)';
    PIN_TYPE='ANALOG';
    NO_LOAD_CHECK='BOTH';
    NO_IO_CHECK='BOTH';
    ALLOW_CONNECT='TRUE';
  '13':
    PIN_NUMBER='(13)';
    PIN_TYPE='ANALOG';
    NO_LOAD_CHECK='BOTH';
    NO_IO_CHECK='BOTH';
    ALLOW_CONNECT='TRUE';
  '14':
    PIN_NUMBER='(14)';
    PIN_TYPE='ANALOG';
    NO_LOAD_CHECK='BOTH';
    NO_IO_CHECK='BOTH';
    ALLOW_CONNECT='TRUE';
  '15':
    PIN_NUMBER='(15)';
    PIN_TYPE='ANALOG';
    NO_LOAD_CHECK='BOTH';
    NO_IO_CHECK='BOTH';
    ALLOW_CONNECT='TRUE';
  '16':
    PIN_NUMBER='(16)';
    PIN_TYPE='ANALOG';
    NO_LOAD_CHECK='BOTH';
    NO_IO_CHECK='BOTH';
    ALLOW_CONNECT='TRUE';
  '17':
    PIN_NUMBER='(17)';
    PIN_TYPE='ANALOG';
    NO_LOAD_CHECK='BOTH';
    NO_IO_CHECK='BOTH';
    ALLOW_CONNECT='TRUE';
  '18':
    PIN_NUMBER='(18)';
    PIN_TYPE='ANALOG';
    NO_LOAD_CHECK='BOTH';
    NO_IO_CHECK='BOTH';
    ALLOW_CONNECT='TRUE';
  '19':
    PIN_NUMBER='(19)';
    PIN_TYPE='ANALOG';
    NO_LOAD_CHECK='BOTH';
    NO_IO_CHECK='BOTH';
    ALLOW_CONNECT='TRUE';
  '20':
    PIN_NUMBER='(20)';
    PIN_TYPE='ANALOG';
    NO_LOAD_CHECK='BOTH';
    NO_IO_CHECK='BOTH';
    ALLOW_CONNECT='TRUE';
  '21':
    PIN_NUMBER='(21)';
    PIN_TYPE='ANALOG';
    NO_LOAD_CHECK='BOTH';
    NO_IO_CHECK='BOTH';
    ALLOW_CONNECT='TRUE';
  '22':
    PIN_NUMBER='(22)';
    PIN_TYPE='ANALOG';
    NO_LOAD_CHECK='BOTH';
    NO_IO_CHECK='BOTH';
    ALLOW_CONNECT='TRUE';
  '23':
    PIN_NUMBER='(23)';
    PIN_TYPE='ANALOG';
    NO_LOAD_CHECK='BOTH';
    NO_IO_CHECK='BOTH';
    ALLOW_CONNECT='TRUE';
  '24':
    PIN_NUMBER='(24)';
    PIN_TYPE='ANALOG';
    NO_LOAD_CHECK='BOTH';
    NO_IO_CHECK='BOTH';
    ALLOW_CONNECT='TRUE';
  '25':
    PIN_NUMBER='(25)';
    PIN_TYPE='ANALOG';
    NO_LOAD_CHECK='BOTH';
    NO_IO_CHECK='BOTH';
    ALLOW_CONNECT='TRUE';
  '26':
    PIN_NUMBER='(26)';
    PIN_TYPE='ANALOG';
    NO_LOAD_CHECK='BOTH';
    NO_IO_CHECK='BOTH';
    ALLOW_CONNECT='TRUE';
  '27':
    PIN_NUMBER='(27)';
    PIN_TYPE='ANALOG';
    NO_LOAD_CHECK='BOTH';
    NO_IO_CHECK='BOTH';
    ALLOW_CONNECT='TRUE';
  '28':
    PIN_NUMBER='(28)';
    PIN_TYPE='ANALOG';
    NO_LOAD_CHECK='BOTH';
    NO_IO_CHECK='BOTH';
    ALLOW_CONNECT='TRUE';
  '29':
    PIN_NUMBER='(29)';
    PIN_TYPE='ANALOG';
    NO_LOAD_CHECK='BOTH';
    NO_IO_CHECK='BOTH';
    ALLOW_CONNECT='TRUE';
  '30':
    PIN_NUMBER='(30)';
    PIN_TYPE='ANALOG';
    NO_LOAD_CHECK='BOTH';
    NO_IO_CHECK='BOTH';
    ALLOW_CONNECT='TRUE';
  '31':
    PIN_NUMBER='(31)';
    PIN_TYPE='ANALOG';
    NO_LOAD_CHECK='BOTH';
    NO_IO_CHECK='BOTH';
    ALLOW_CONNECT='TRUE';
  '32':
    PIN_NUMBER='(32)';
    PIN_TYPE='ANALOG';
    NO_LOAD_CHECK='BOTH';
    NO_IO_CHECK='BOTH';
    ALLOW_CONNECT='TRUE';
  '33':
    PIN_NUMBER='(33)';
    PIN_TYPE='ANALOG';
    NO_LOAD_CHECK='BOTH';
    NO_IO_CHECK='BOTH';
    ALLOW_CONNECT='TRUE';
  '34':
    PIN_NUMBER='(34)';
    PIN_TYPE='ANALOG';
    NO_LOAD_CHECK='BOTH';
    NO_IO_CHECK='BOTH';
    ALLOW_CONNECT='TRUE';
  '35':
    PIN_NUMBER='(35)';
    PIN_TYPE='ANALOG';
    NO_LOAD_CHECK='BOTH';
    NO_IO_CHECK='BOTH';
    ALLOW_CONNECT='TRUE';
  '36':
    PIN_NUMBER='(36)';
    PIN_TYPE='ANALOG';
    NO_LOAD_CHECK='BOTH';
    NO_IO_CHECK='BOTH';
    ALLOW_CONNECT='TRUE';
  '37':
    PIN_NUMBER='(37)';
    PIN_TYPE='ANALOG';
    NO_LOAD_CHECK='BOTH';
    NO_IO_CHECK='BOTH';
    ALLOW_CONNECT='TRUE';
  '38':
    PIN_NUMBER='(38)';
    PIN_TYPE='ANALOG';
    NO_LOAD_CHECK='BOTH';
    NO_IO_CHECK='BOTH';
    ALLOW_CONNECT='TRUE';
  '39':
    PIN_NUMBER='(39)';
    PIN_TYPE='ANALOG';
    NO_LOAD_CHECK='BOTH';
    NO_IO_CHECK='BOTH';
    ALLOW_CONNECT='TRUE';
  '40':
    PIN_NUMBER='(40)';
    PIN_TYPE='ANALOG';
    NO_LOAD_CHECK='BOTH';
    NO_IO_CHECK='BOTH';
    ALLOW_CONNECT='TRUE';
  'EGP1':
    PIN_NUMBER='(41)';
    PIN_TYPE='ANALOG';
    NO_LOAD_CHECK='BOTH';
    NO_IO_CHECK='BOTH';
    ALLOW_CONNECT='TRUE';
  'EGP2':
    PIN_NUMBER='(42)';
    PIN_TYPE='ANALOG';
    NO_LOAD_CHECK='BOTH';
    NO_IO_CHECK='BOTH';
    ALLOW_CONNECT='TRUE';
  end_pin;
 body
  CLASS=IO;
  PART_NAME='HDR_2X20';
  BODY_NAME='HDR_2X20';
  PHYS_DES_PREFIX='J';
  PINCOUNT='42';
 end_body;
end_primitive;


primitive 'HDR_2X20_TSM40','HDR_2X20_ESQ40','HDR_2X20_SSM40';
 pin
  '1':
    PIN_NUMBER='(1,3,5,7,9,11,13,15,17,19,21,23,25,27,29,31,33,35,37,39)';
    PIN_TYPE='ANALOG';
    NO_LOAD_CHECK='BOTH';
    NO_IO_CHECK='BOTH';
    ALLOW_CONNECT='TRUE';
  '2':
    PIN_NUMBER='(2,4,6,8,10,12,14,16,18,20,22,24,26,28,30,32,34,36,38,40)';
    PIN_TYPE='ANALOG';
    NO_LOAD_CHECK='BOTH';
    NO_IO_CHECK='BOTH';
    ALLOW_CONNECT='TRUE';
 end_pin;
 body
  CLASS=IO;
  PART_NAME='HDR_2X20';
  BODY_NAME='HDR_2X20';
  PHYS_DES_PREFIX='J';
  PINCOUNT='40';
 end_body;
end_primitive;

END.
