FILE_TYPE=LIBRARY_PARTS;
TIME='Created/Modified on Wed Oct 27 17:33:16 2015';

primitive 'U_VREG_5PIN_SOT235-NOEN';
 pin
  'IN':
    PIN_NUMBER='(2)';
    PINUSE='POWER';
  'GND':
    PIN_NUMBER='(1)';
    PINUSE='GROUND';
  'OUT':
    PIN_NUMBER='(3)';
    PINUSE='POWER';
  'NC1':
    PIN_NUMBER='(5)';
    PINUSE='NC';
  'NC2':
    PIN_NUMBER='(4)';
    PINUSE='NC';
 end_pin;
 body
  CLASS=IC;
  PART_NAME='U_VREG_5PIN';
  BODY_NAME='U_VREG_5PIN';
  PHYS_DES_PREFIX='U';
  PINCOUNT='5';
 end_body;
end_primitive;

primitive 'U_VREG_5PIN_SOT235-NOEN_B';
 pin
  'IN':
    PIN_NUMBER='(3)';
    PINUSE='POWER';
  'GND':
    PIN_NUMBER='(2)';
    PINUSE='GROUND';
  'OUT':
    PIN_NUMBER='(1)';
    PINUSE='POWER';
  'NC1':
    PIN_NUMBER='(5)';
    PINUSE='NC';
  'NC2':
    PIN_NUMBER='(4)';
    PINUSE='NC';
 end_pin;
 body
  CLASS=IC;
  PART_NAME='U_VREG_5PIN';
  BODY_NAME='U_VREG_5PIN';
  PHYS_DES_PREFIX='U';
  PINCOUNT='5';
 end_body;
end_primitive;

primitive 'U_VREG_5PIN_TO263-5P-LT';
 pin
  'SENSE':
    PIN_NUMBER='(2)';
    PIN_TYPE='ANALOG';
    NO_LOAD_CHECK='BOTH';
    UNKNOWN_LOADING='TRUE';
    NO_IO_CHECK='BOTH';
    ALLOW_CONNECT='TRUE';
  '-SHDN':
    PIN_NUMBER='(4)';
    PIN_TYPE='ANALOG';
    NO_LOAD_CHECK='BOTH';
    UNKNOWN_LOADING='TRUE';
    NO_IO_CHECK='BOTH';
    ALLOW_CONNECT='TRUE';
  'OUT':
    PIN_NUMBER='(1)';
    PIN_TYPE='ANALOG';
    NO_LOAD_CHECK='BOTH';
    UNKNOWN_LOADING='TRUE';
    NO_IO_CHECK='BOTH';
    ALLOW_CONNECT='TRUE';
  'GND':
    PIN_NUMBER='(3)';
      PINUSE='GROUND';
  'IN':
    PIN_NUMBER='(5)';
    PIN_TYPE='ANALOG';
    NO_LOAD_CHECK='BOTH';
    UNKNOWN_LOADING='TRUE';
    NO_IO_CHECK='BOTH';
    ALLOW_CONNECT='TRUE';
  'TAB':
    PIN_NUMBER='(6)';
    PIN_TYPE='ANALOG';
    NO_LOAD_CHECK='BOTH';
    UNKNOWN_LOADING='TRUE';
    NO_IO_CHECK='BOTH';
    ALLOW_CONNECT='TRUE';
 end_pin;
 body
  CLASS=IC;
  PART_NAME='U_VREG_5PIN';
  BODY_NAME='U_VREG_5PIN';
  PHYS_DES_PREFIX='U';
 end_body;
end_primitive;

primitive 'U_VREG_5PIN_SOT23-5';
 pin
  'IN':
    PIN_NUMBER='(1)';
    PIN_TYPE='ANALOG';
    NO_LOAD_CHECK='BOTH';
    UNKNOWN_LOADING='TRUE';
    NO_IO_CHECK='BOTH';
    ALLOW_CONNECT='TRUE';
  'GND':
    PIN_NUMBER='(2)';
      PINUSE='GROUND';
  'OUT':
    PIN_NUMBER='(5)';
    PIN_TYPE='ANALOG';
    NO_LOAD_CHECK='BOTH';
    UNKNOWN_LOADING='TRUE';
    NO_IO_CHECK='BOTH';
    ALLOW_CONNECT='TRUE';
  'EN':
    PIN_NUMBER='(3)';
    PIN_TYPE='ANALOG';
    NO_LOAD_CHECK='BOTH';
    UNKNOWN_LOADING='TRUE';
    NO_IO_CHECK='BOTH';
    ALLOW_CONNECT='TRUE';
  'ADJ':
    PIN_NUMBER='(4)';
    PIN_TYPE='ANALOG';
    NO_LOAD_CHECK='BOTH';
    UNKNOWN_LOADING='TRUE';
    NO_IO_CHECK='BOTH';
    ALLOW_CONNECT='TRUE';
 end_pin;
 body
  CLASS=IC;
  PART_NAME='U_VREG_5PIN';
  BODY_NAME='U_VREG_5PIN';
  PHYS_DES_PREFIX='U';
  PINCOUNT='5';
 end_body;
end_primitive;

primitive 'U_VREG_5PIN_SO8';
 pin
  'IN':
    PIN_NUMBER='(2)';
    PIN_TYPE='ANALOG';
    NO_LOAD_CHECK='BOTH';
    UNKNOWN_LOADING='TRUE';
    NO_IO_CHECK='BOTH';
    ALLOW_CONNECT='TRUE';
  'OUT':
    PIN_NUMBER='(3)';
    PIN_TYPE='ANALOG';
    NO_LOAD_CHECK='BOTH';
    UNKNOWN_LOADING='TRUE';
    NO_IO_CHECK='BOTH';
    ALLOW_CONNECT='TRUE';
  'EN':
    PIN_NUMBER='(1)';
    PIN_TYPE='ANALOG';
    NO_LOAD_CHECK='BOTH';
    UNKNOWN_LOADING='TRUE';
    NO_IO_CHECK='BOTH';
    ALLOW_CONNECT='TRUE';
  'ADJ':
    PIN_NUMBER='(4)';
    PIN_TYPE='ANALOG';
    NO_LOAD_CHECK='BOTH';
    UNKNOWN_LOADING='TRUE';
    NO_IO_CHECK='BOTH';
    ALLOW_CONNECT='TRUE';
  'GND1':
    PIN_NUMBER='(5)';
      PINUSE='GROUND';
  'GND2':
    PIN_NUMBER='(6)';
      PINUSE='GROUND';
  'GND3':
    PIN_NUMBER='(7)';
      PINUSE='GROUND';
  'GND4':
    PIN_NUMBER='(8)';
      PINUSE='GROUND';
 end_pin;
 body
  CLASS=IC;
  PART_NAME='U_VREG_5PIN';
  BODY_NAME='U_VREG_5PIN';
  PHYS_DES_PREFIX='U';
 end_body;
end_primitive;

primitive 'U_VREG_5PIN_SO8-SC1541';
 pin
  'IN':
    PIN_NUMBER='(3)';
    PIN_TYPE='ANALOG';
    NO_LOAD_CHECK='BOTH';
    UNKNOWN_LOADING='TRUE';
    NO_IO_CHECK='BOTH';
    ALLOW_CONNECT='TRUE';
  'GND':
    PIN_NUMBER='(2)';
      PINUSE='GROUND';
  'EN':
    PIN_NUMBER='(1)';
    PIN_TYPE='ANALOG';
    NO_LOAD_CHECK='BOTH';
    UNKNOWN_LOADING='TRUE';
    NO_IO_CHECK='BOTH';
    ALLOW_CONNECT='TRUE';
  'NC':
    PIN_NUMBER='(4)';
    PIN_TYPE='ANALOG';
    NO_LOAD_CHECK='BOTH';
    UNKNOWN_LOADING='TRUE';
    NO_IO_CHECK='BOTH';
    ALLOW_CONNECT='TRUE';
  'OUT1':
    PIN_NUMBER='(5)';
    PIN_TYPE='ANALOG';
    NO_LOAD_CHECK='BOTH';
    UNKNOWN_LOADING='TRUE';
    NO_IO_CHECK='BOTH';
    ALLOW_CONNECT='TRUE';
  'OUT2':
    PIN_NUMBER='(6)';
    PIN_TYPE='ANALOG';
    NO_LOAD_CHECK='BOTH';
    UNKNOWN_LOADING='TRUE';
    NO_IO_CHECK='BOTH';
    ALLOW_CONNECT='TRUE';
  'OUT3':
    PIN_NUMBER='(7)';
    PIN_TYPE='ANALOG';
    NO_LOAD_CHECK='BOTH';
    UNKNOWN_LOADING='TRUE';
    NO_IO_CHECK='BOTH';
    ALLOW_CONNECT='TRUE';
  'OUT4':
    PIN_NUMBER='(8)';
    PIN_TYPE='ANALOG';
    NO_LOAD_CHECK='BOTH';
    UNKNOWN_LOADING='TRUE';
    NO_IO_CHECK='BOTH';
    ALLOW_CONNECT='TRUE';
 end_pin;
 body
  CLASS=IC;
  PART_NAME='U_VREG_5PIN';
  BODY_NAME='U_VREG_5PIN';
  PHYS_DES_PREFIX='U';
 end_body;
end_primitive;

primitive 'U_VREG_5PIN_TO263-5P';
 pin
  'SENSE':
    PIN_NUMBER='(1)';
    PIN_TYPE='ANALOG';
    NO_LOAD_CHECK='BOTH';
    UNKNOWN_LOADING='TRUE';
    NO_IO_CHECK='BOTH';
    ALLOW_CONNECT='TRUE';
  'ADJ':
    PIN_NUMBER='(2)';
    PIN_TYPE='ANALOG';
    NO_LOAD_CHECK='BOTH';
    UNKNOWN_LOADING='TRUE';
    NO_IO_CHECK='BOTH';
    ALLOW_CONNECT='TRUE';
  'OUT':
    PIN_NUMBER='(3)';
    PIN_TYPE='ANALOG';
    NO_LOAD_CHECK='BOTH';
    UNKNOWN_LOADING='TRUE';
    NO_IO_CHECK='BOTH';
    ALLOW_CONNECT='TRUE';
  'CTRL':
    PIN_NUMBER='(4)';
    PIN_TYPE='ANALOG';
    NO_LOAD_CHECK='BOTH';
    UNKNOWN_LOADING='TRUE';
    NO_IO_CHECK='BOTH';
    ALLOW_CONNECT='TRUE';
  'IN':
    PIN_NUMBER='(5)';
    PIN_TYPE='ANALOG';
    NO_LOAD_CHECK='BOTH';
    UNKNOWN_LOADING='TRUE';
    NO_IO_CHECK='BOTH';
    ALLOW_CONNECT='TRUE';
  'TAB':
    PIN_NUMBER='(6)';
    PIN_TYPE='ANALOG';
    NO_LOAD_CHECK='BOTH';
    UNKNOWN_LOADING='TRUE';
    NO_IO_CHECK='BOTH';
    ALLOW_CONNECT='TRUE';
 end_pin;
 body
  CLASS=IC;
  PART_NAME='U_VREG_5PIN';
  BODY_NAME='U_VREG_5PIN';
  PHYS_DES_PREFIX='U';
 end_body;
end_primitive;

primitive 'U_VREG_5PIN_TO263-5P-VTT';
 pin
  'IN':
    PIN_NUMBER='(1)';
      PINUSE='POWER';
  'GND':
    PIN_NUMBER='(2)';
      PINUSE='GROUND';
  'CTRL':
    PIN_NUMBER='(3)';
      PINUSE='POWER';
  'EN':
    PIN_NUMBER='(4)';
      PIN_TYPE='ANALOG';
      NO_LOAD_CHECK='BOTH';
      NO_IO_CHECK='BOTH';
      ALLOW_CONNECT='TRUE';
  'OUT':
    PIN_NUMBER='(5)';
      PINUSE='POWER';
  'TAB':
    PIN_NUMBER='(6)';
      PIN_TYPE='ANALOG';
      NO_LOAD_CHECK='BOTH';
      NO_IO_CHECK='BOTH';
      ALLOW_CONNECT='TRUE';
 end_pin;
 body
  CLASS=IC;
  PART_NAME='U_VREG_5PIN';
  BODY_NAME='U_VREG_5PIN';
  PHYS_DES_PREFIX='U';
 end_body;
end_primitive;

primitive 'U_VREG_5PIN_SO8_THERMPAD';
 pin
  'VIN':
    PIN_NUMBER='(1)';
    PIN_TYPE='ANALOG';
    NO_LOAD_CHECK='BOTH';
    UNKNOWN_LOADING='TRUE';
    NO_IO_CHECK='BOTH';
    ALLOW_CONNECT='TRUE';
  'GND':
    PIN_NUMBER='(2)';
      PINUSE='GROUND';
  'VREF':
    PIN_NUMBER='(3)';
    PIN_TYPE='ANALOG';
    NO_LOAD_CHECK='BOTH';
    UNKNOWN_LOADING='TRUE';
    NO_IO_CHECK='BOTH';
    ALLOW_CONNECT='TRUE';
  'VOUT':
    PIN_NUMBER='(4)';
    PIN_TYPE='ANALOG';
    NO_LOAD_CHECK='BOTH';
    UNKNOWN_LOADING='TRUE';
    NO_IO_CHECK='BOTH';
    ALLOW_CONNECT='TRUE';
  'VCNTL5':
    PIN_NUMBER='(5)';
    PIN_TYPE='ANALOG';
    NO_LOAD_CHECK='BOTH';
    UNKNOWN_LOADING='TRUE';
    NO_IO_CHECK='BOTH';
    ALLOW_CONNECT='TRUE';
  'VCNTL6':
    PIN_NUMBER='(6)';
    PIN_TYPE='ANALOG';
    NO_LOAD_CHECK='BOTH';
    UNKNOWN_LOADING='TRUE';
    NO_IO_CHECK='BOTH';
    ALLOW_CONNECT='TRUE';
  'VCNTL7':
    PIN_NUMBER='(7)';
    PIN_TYPE='ANALOG';
    NO_LOAD_CHECK='BOTH';
    UNKNOWN_LOADING='TRUE';
    NO_IO_CHECK='BOTH';
    ALLOW_CONNECT='TRUE';
  'VCNTL8':
    PIN_NUMBER='(8)';
    PIN_TYPE='ANALOG';
    NO_LOAD_CHECK='BOTH';
    UNKNOWN_LOADING='TRUE';
    NO_IO_CHECK='BOTH';
    ALLOW_CONNECT='TRUE';
  'THRMGND':
    PIN_NUMBER='(9)';
      PINUSE='GROUND';
 end_pin;
 body
  CLASS=IC;
  PART_NAME='U_VREG_5PIN';
  BODY_NAME='U_VREG_5PIN';
  PHYS_DES_PREFIX='U';
 end_body;
end_primitive;

primitive 'U_VREG_5PIN_SOP8';
 pin
  'VIN':
    PIN_NUMBER='(1)';
    PIN_TYPE='ANALOG';
    NO_LOAD_CHECK='BOTH';
    UNKNOWN_LOADING='TRUE';
    NO_IO_CHECK='BOTH';
    ALLOW_CONNECT='TRUE';
  'GND':
    PIN_NUMBER='(2)';
      PINUSE='GROUND';
  'VREF':
    PIN_NUMBER='(3)';
    PIN_TYPE='ANALOG';
    NO_LOAD_CHECK='BOTH';
    UNKNOWN_LOADING='TRUE';
    NO_IO_CHECK='BOTH';
    ALLOW_CONNECT='TRUE';
  'VOUT':
    PIN_NUMBER='(4)';
    PIN_TYPE='ANALOG';
    NO_LOAD_CHECK='BOTH';
    UNKNOWN_LOADING='TRUE';
    NO_IO_CHECK='BOTH';
    ALLOW_CONNECT='TRUE';
  'NC1':
    PIN_NUMBER='(5)';
    PIN_TYPE='ANALOG';
    NO_LOAD_CHECK='BOTH';
    UNKNOWN_LOADING='TRUE';
    NO_IO_CHECK='BOTH';
    ALLOW_CONNECT='TRUE';
  'VCNTL6':
    PIN_NUMBER='(6)';
    PIN_TYPE='ANALOG';
    NO_LOAD_CHECK='BOTH';
    UNKNOWN_LOADING='TRUE';
    NO_IO_CHECK='BOTH';
    ALLOW_CONNECT='TRUE';
  'NC2':
    PIN_NUMBER='(7)';
    PIN_TYPE='ANALOG';
    NO_LOAD_CHECK='BOTH';
    UNKNOWN_LOADING='TRUE';
    NO_IO_CHECK='BOTH';
    ALLOW_CONNECT='TRUE';
  'NC3':
    PIN_NUMBER='(8)';
    PIN_TYPE='ANALOG';
    NO_LOAD_CHECK='BOTH';
    UNKNOWN_LOADING='TRUE';
    NO_IO_CHECK='BOTH';
    ALLOW_CONNECT='TRUE';
  'THRMGND':
    PIN_NUMBER='(9)';
      PINUSE='GROUND';
 end_pin;
 body
  CLASS=IC;
  PART_NAME='U_VREG_5PIN';
  BODY_NAME='U_VREG_5PIN';
  PHYS_DES_PREFIX='U';
 end_body;
end_primitive;

primitive 'U_VREG_5PIN_S8';
  pin
    'OUT':
      PIN_NUMBER='(1)';
      PINUSE='POWER';
    'IN':
      PIN_NUMBER='(8)';
      PINUSE='POWER';
    'ADJ':
      PIN_NUMBER='(2)';
      PIN_TYPE='ANALOG';
      NO_LOAD_CHECK='BOTH';
      UNKNOWN_LOADING='TRUE';
      NO_IO_CHECK='BOTH';
      ALLOW_CONNECT='TRUE';
    'BYP':
      PIN_NUMBER='(4)';
      PIN_TYPE='ANALOG';
      NO_LOAD_CHECK='BOTH';
      UNKNOWN_LOADING='TRUE';
      NO_IO_CHECK='BOTH';
      ALLOW_CONNECT='TRUE';
    '-SHDN':
      PIN_NUMBER='(5)';
      INPUT_LOAD='(-0.01,0.01)';
    'GND1':
      PIN_NUMBER='(3)';
      PINUSE='GROUND';
    'GND2':
      PIN_NUMBER='(7)';
      PINUSE='GROUND';
    'GND3':
      PIN_NUMBER='(6)';
      PINUSE='GROUND';
  end_pin;
  body
    CLASS='IC';
    BODY_NAME='U_VREG_5PIN';
    PART_NAME='U_VREG_5PIN';
    PHYS_DES_PREFIX='U';
  end_body;
end_primitive;

primitive 'U_VREG_5PIN_SON-6';
 pin
  'IN':
    PIN_NUMBER='(1)';
    PIN_TYPE='ANALOG';
    NO_LOAD_CHECK='BOTH';
    UNKNOWN_LOADING='TRUE';
    NO_IO_CHECK='BOTH';
    ALLOW_CONNECT='TRUE';
  'GND':
    PIN_NUMBER='(5)';
      PINUSE='GROUND';
  'OUT':
    PIN_NUMBER='(3)';
    PIN_TYPE='ANALOG';
    NO_LOAD_CHECK='BOTH';
    UNKNOWN_LOADING='TRUE';
    NO_IO_CHECK='BOTH';
    ALLOW_CONNECT='TRUE';
  'EN':
    PIN_NUMBER='(6)';
    PIN_TYPE='ANALOG';
    NO_LOAD_CHECK='BOTH';
    UNKNOWN_LOADING='TRUE';
    NO_IO_CHECK='BOTH';
    ALLOW_CONNECT='TRUE';
  '-ECO':
    PIN_NUMBER='(4)';
    PIN_TYPE='ANALOG';
    NO_LOAD_CHECK='BOTH';
    UNKNOWN_LOADING='TRUE';
    NO_IO_CHECK='BOTH';
    ALLOW_CONNECT='TRUE';
  'NC':
    PIN_NUMBER='(2)';
      PINUSE='NC';
 end_pin;
 body
  CLASS=IC;
  PART_NAME='U_VREG_5PIN';
  BODY_NAME='U_VREG_5PIN';
  PHYS_DES_PREFIX='U';
 end_body;
end_primitive;

primitive 'U_VREG_5PIN_HSOP-6J';
 pin
  'IN':
    PIN_NUMBER='(6)';
    PIN_TYPE='ANALOG';
    NO_LOAD_CHECK='BOTH';
    UNKNOWN_LOADING='TRUE';
    NO_IO_CHECK='BOTH';
    ALLOW_CONNECT='TRUE';
  'GND_1':
    PIN_NUMBER='(2)';
      PINUSE='GROUND';
  'GND_2':
    PIN_NUMBER='(5)';
      PINUSE='GROUND';
  'OUT':
    PIN_NUMBER='(1)';
    PIN_TYPE='ANALOG';
    NO_LOAD_CHECK='BOTH';
    UNKNOWN_LOADING='TRUE';
    NO_IO_CHECK='BOTH';
    ALLOW_CONNECT='TRUE';
  'EN':
    PIN_NUMBER='(4)';
    PIN_TYPE='ANALOG';
    NO_LOAD_CHECK='BOTH';
    UNKNOWN_LOADING='TRUE';
    NO_IO_CHECK='BOTH';
    ALLOW_CONNECT='TRUE';
  'ADJ':
    PIN_NUMBER='(3)';
    PIN_TYPE='ANALOG';
    NO_LOAD_CHECK='BOTH';
    UNKNOWN_LOADING='TRUE';
    NO_IO_CHECK='BOTH';
    ALLOW_CONNECT='TRUE';
 end_pin;
 body
  CLASS=IC;
  PART_NAME='U_VREG_5PIN';
  BODY_NAME='U_VREG_5PIN';
  PHYS_DES_PREFIX='U';
 end_body;
end_primitive;

primitive 'U_VREG_5PIN_SC70-5';
 pin
  'FB':
    PIN_NUMBER='(1)';
    PIN_TYPE='ANALOG';
    NO_LOAD_CHECK='BOTH';
    UNKNOWN_LOADING='TRUE';
    NO_IO_CHECK='BOTH';
    ALLOW_CONNECT='TRUE';
  'GND':
    PIN_NUMBER='(2)';
      PINUSE='GROUND';
  'OUT':
    PIN_NUMBER='(5)';
    PIN_TYPE='ANALOG';
    NO_LOAD_CHECK='BOTH';
    UNKNOWN_LOADING='TRUE';
    NO_IO_CHECK='BOTH';
    ALLOW_CONNECT='TRUE';
  'NC':
    PIN_NUMBER='(3)';
      PINUSE='NC';
  'IN':
    PIN_NUMBER='(4)';
    PIN_TYPE='ANALOG';
    NO_LOAD_CHECK='BOTH';
    UNKNOWN_LOADING='TRUE';
    NO_IO_CHECK='BOTH';
    ALLOW_CONNECT='TRUE';
 end_pin;
 body
  CLASS=IC;
  PART_NAME='U_VREG_5PIN';
  BODY_NAME='U_VREG_5PIN';
  PHYS_DES_PREFIX='U';
  PINCOUNT='5';
 end_body;
end_primitive;

primitive 'U_VREG_5PIN_TO263_75801';
pin
'OUT':
    PIN_NUMBER='(4)';
    PINUSE='POWER';
'FB':
    PIN_NUMBER='(5)';
      PIN_TYPE='ANALOG';
      NO_LOAD_CHECK='BOTH';
      NO_IO_CHECK='BOTH';
      ALLOW_CONNECT='TRUE';
'EN':
    PIN_NUMBER='(1)';
      PIN_TYPE='ANALOG';
      NO_LOAD_CHECK='BOTH';
      NO_IO_CHECK='BOTH';
      ALLOW_CONNECT='TRUE';
'GND':
    PIN_NUMBER='(3)';
      PINUSE='GROUND';
'IN':
    PIN_NUMBER='(2)';
    PINUSE='POWER';
'TH':
    PIN_NUMBER='(6)';
    PINUSE='POWER';
end_pin;
body
  CLASS=IC;
  NO_LOAD_CHECK='BOTH';
  PART_NAME='U_VREG_5PIN';
  BODY_NAME='U_VREG_5PIN';
  PHYS_DES_PREFIX='U';
end_body;
end_primitive;

primitive 'U_VREG_5PIN_TO263_75501vias','U_VREG_5PIN_TO263_75501';
pin
'OUTPUT':
    PIN_NUMBER='(4)';
    PINUSE='POWER';
'FB':
    PIN_NUMBER='(5)';
      PIN_TYPE='ANALOG';
      NO_LOAD_CHECK='BOTH';
      NO_IO_CHECK='BOTH';
      ALLOW_CONNECT='TRUE';
'-EN':
    PIN_NUMBER='(1)';
      PIN_TYPE='ANALOG';
      NO_LOAD_CHECK='BOTH';
      NO_IO_CHECK='BOTH';
      ALLOW_CONNECT='TRUE';
'GND':
    PIN_NUMBER='(3)';
      PINUSE='GROUND';
'IN':
    PIN_NUMBER='(2)';
    PINUSE='POWER';
'TH':
    PIN_NUMBER='(6)';
    PINUSE='POWER';
end_pin;
body
  CLASS=IC;
  NO_LOAD_CHECK='BOTH';
  PART_NAME='U_VREG_5PIN';
  BODY_NAME='U_VREG_5PIN';
  PHYS_DES_PREFIX='U';
end_body;
end_primitive;

primitive 'U_VREG_5PIN_BGA5';
 pin
  'EN':
    PIN_NUMBER='(C3)';
    PIN_TYPE='ANALOG';
    NO_LOAD_CHECK='BOTH';
    UNKNOWN_LOADING='TRUE';
    NO_IO_CHECK='BOTH';
    ALLOW_CONNECT='TRUE';
  'GND':
    PIN_NUMBER='(B2)';
      PINUSE='GROUND';
  'OUT':
    PIN_NUMBER='(A3)';
    PIN_TYPE='ANALOG';
    NO_LOAD_CHECK='BOTH';
    UNKNOWN_LOADING='TRUE';
    NO_IO_CHECK='BOTH';
    ALLOW_CONNECT='TRUE';
  'BIAS':
    PIN_NUMBER='(C1)';
    PIN_TYPE='ANALOG';
    NO_LOAD_CHECK='BOTH';
    UNKNOWN_LOADING='TRUE';
    NO_IO_CHECK='BOTH';
    ALLOW_CONNECT='TRUE';
  'IN':
    PIN_NUMBER='(A1)';
    PIN_TYPE='ANALOG';
    NO_LOAD_CHECK='BOTH';
    UNKNOWN_LOADING='TRUE';
    NO_IO_CHECK='BOTH';
    ALLOW_CONNECT='TRUE';
 end_pin;
 body
  CLASS=IC;
  PART_NAME='U_VREG_5PIN';
  BODY_NAME='U_VREG_5PIN';
  PHYS_DES_PREFIX='U';
 end_body;
end_primitive;

primitive 'U_VREG_5PIN_BGA5_B';
 pin
  'EN':
    PIN_NUMBER='(A3)';
    PIN_TYPE='ANALOG';
    NO_LOAD_CHECK='BOTH';
    UNKNOWN_LOADING='TRUE';
    NO_IO_CHECK='BOTH';
    ALLOW_CONNECT='TRUE';
  'GND':
    PIN_NUMBER='(A1)';
      PINUSE='GROUND';
  'OUT':
    PIN_NUMBER='(C1)';
    PIN_TYPE='ANALOG';
    NO_LOAD_CHECK='BOTH';
    UNKNOWN_LOADING='TRUE';
    NO_IO_CHECK='BOTH';
    ALLOW_CONNECT='TRUE';
  'BIAS':
    PIN_NUMBER='(B2)';
    PIN_TYPE='ANALOG';
    NO_LOAD_CHECK='BOTH';
    UNKNOWN_LOADING='TRUE';
    NO_IO_CHECK='BOTH';
    ALLOW_CONNECT='TRUE';
  'IN':
    PIN_NUMBER='(C3)';
    PIN_TYPE='ANALOG';
    NO_LOAD_CHECK='BOTH';
    UNKNOWN_LOADING='TRUE';
    NO_IO_CHECK='BOTH';
    ALLOW_CONNECT='TRUE';
 end_pin;
 body
  CLASS=IC;
  PART_NAME='U_VREG_5PIN';
  BODY_NAME='U_VREG_5PIN';
  PHYS_DES_PREFIX='U';
 end_body;
end_primitive;

primitive 'U_VREG_5PIN_SOT235','U_VREG_5PIN_SC705','U_VREG_5PIN_SOT_25','U_VREG_5PIN_SOT23';
 pin
  'IN':
    PIN_NUMBER='(1)';
    PIN_TYPE='ANALOG';
    NO_LOAD_CHECK='BOTH';
    UNKNOWN_LOADING='TRUE';
    NO_IO_CHECK='BOTH';
    ALLOW_CONNECT='TRUE';
  'GND1':
     PIN_NUMBER='(2)';
      PINUSE='GROUND';
  'OUT':
    PIN_NUMBER='(5)';
    PIN_TYPE='ANALOG';
    NO_LOAD_CHECK='BOTH';
    UNKNOWN_LOADING='TRUE';
    NO_IO_CHECK='BOTH';
    ALLOW_CONNECT='TRUE';
  'EN':
    PIN_NUMBER='(3)';
    PIN_TYPE='ANALOG';
    NO_LOAD_CHECK='BOTH';
    UNKNOWN_LOADING='TRUE';
    NO_IO_CHECK='BOTH';
    ALLOW_CONNECT='TRUE';
  'GND2':
     PIN_NUMBER='(4)';
      PINUSE='GROUND';
 end_pin;
 body
  CLASS=IC;
  PART_NAME='U_VREG_5PIN';
  BODY_NAME='U_VREG_5PIN';
  PHYS_DES_PREFIX='U';
  PINCOUNT='5';
 end_body;
end_primitive;

primitive 'U_VREG_5PIN_DFN','U_VREG_5PIN_DFN1X1';
 pin
  'OUT':
    PIN_NUMBER='(1)';
    PIN_TYPE='ANALOG';
    NO_LOAD_CHECK='BOTH';
    UNKNOWN_LOADING='TRUE';
    NO_IO_CHECK='BOTH';
    ALLOW_CONNECT='TRUE';
  'GND1':
     PIN_NUMBER='(2)';
      PINUSE='GROUND';
  'GND2':
    PIN_NUMBER='(5)';
      PINUSE='GROUND';
  'EN':
    PIN_NUMBER='(3)';
    PIN_TYPE='ANALOG';
    NO_LOAD_CHECK='BOTH';
    UNKNOWN_LOADING='TRUE';
    NO_IO_CHECK='BOTH';
    ALLOW_CONNECT='TRUE';
  'IN':
     PIN_NUMBER='(4)';
    PIN_TYPE='ANALOG';
    NO_LOAD_CHECK='BOTH';
    UNKNOWN_LOADING='TRUE';
    NO_IO_CHECK='BOTH';
    ALLOW_CONNECT='TRUE';
 end_pin;
 body
  CLASS=IC;
  PART_NAME='U_VREG_5PIN';
  BODY_NAME='U_VREG_5PIN';
  PHYS_DES_PREFIX='U';
 end_body;
end_primitive;

primitive 'U_VREG_5PIN_DFN6','U_VREG_5PIN_DFN6_VIAS';
  pin
  'EN':
    PIN_NUMBER='(1)';
    INPUT_LOAD='(-0.01,0.01)';
  'GND':
    PIN_NUMBER='(2)';
    PINUSE='GROUND';
  'VDD1':
    PIN_NUMBER='(3)';
    PINUSE='POWER';
  'VOUT':
    PIN_NUMBER='(4)';
    PINUSE='POWER';
  'NC':
    PIN_NUMBER='(5)';
    PINUSE='NC';
  'ADJ':
    PIN_NUMBER='(6)';
    PIN_TYPE='ANALOG';
    NO_LOAD_CHECK='BOTH';
    NO_IO_CHECK='BOTH';
    ALLOW_CONNECT='TRUE';
  'VDD2':
    PIN_NUMBER='(7)';
    PINUSE='POWER';
  end_pin;
  body
    CLASS=IC;
    PART_NAME='U_VREG_5PIN';
    BODY_NAME='U_VREG_5PIN';
    PHYS_DES_PREFIX='U';
  end_body;
end_primitive;

END.
