FILE_TYPE=LIBRARY_PARTS;
TIME='Created/Modified on Tue Dec 08 10:17:10 2009';

primitive 'C_POL_1206','C_POL_2312','C_POL_7343','C_POL_SMD','C_POL_SMD_3528','C_POL_SMD_7473','C_POL_SMD_7343','C_POL_SMD_D100','C_POL_SMD_D38','C_POL_SMD_D50','C_POL_SMD_D60','C_POL_SMD_D63','C_POL_SMD_D80','C_POL_TH_D100P50','C_POL_TH_D80P35','C_POL_TH_D63P25','C_POL_TH_D50P20','C_POL_COMBI_7343_D80','C_POL_COMBI_7343_1812','C_POL_COMBI_7343_D80_D100','C_POL_COMBI_7343D80D1001812','C_POL_CAP_SMD_ALE_66X66H59','C_POL_COMBI_TH_D80_D50','C_POL_SMD_3225','C_POL_SMD_3216','C_POL_SMD_6032','C_POL_SMD_D160','C_POL_SMD_D48','C_POL_TH_050X105','C_POL_SMD_D60_B','C_POL_TH_D125P50','C_POL_TH_D160P75';
  pin
    '2':
      PIN_NUMBER='(2)';
	PIN_TYPE='ANALOG';
	NO_LOAD_CHECK='BOTH';
	NO_IO_CHECK='BOTH';
	ALLOW_CONNECT='TRUE';
    '1':
      PIN_NUMBER='(1)';
	PIN_TYPE='ANALOG';
	NO_LOAD_CHECK='BOTH';
	NO_IO_CHECK='BOTH';
	ALLOW_CONNECT='TRUE';
  end_pin;
  body
    CLASS='DISCRETE';
    BODY_NAME='C_POL';
    PART_NAME='C_POL';
    PHYS_DES_PREFIX='C';
    PINCOUNT='2';
	SIGNAL_MODEL='nv_capp';
  end_body;
end_primitive;


PRIMITIVE 'C_POL_COMBI_TH_D80_D100','C_POL_SMD_TPL','C_POL_SMD_3PIN';
  PIN
    '1':
      PIN_NUMBER='(1)';
	PIN_TYPE='ANALOG';
	NO_LOAD_CHECK='BOTH';
	NO_IO_CHECK='BOTH';
	ALLOW_CONNECT='TRUE';
    '2':
      PIN_NUMBER='(2)';
	PIN_TYPE='ANALOG';
	NO_LOAD_CHECK='BOTH';
	NO_IO_CHECK='BOTH';
	ALLOW_CONNECT='TRUE';
    '3':
      PIN_NUMBER='(3)';
	PIN_TYPE='ANALOG';
	NO_LOAD_CHECK='BOTH';
	NO_IO_CHECK='BOTH';
	ALLOW_CONNECT='TRUE';
  END_PIN;
  BODY
    CLASS='DISCRETE';
    BODY_NAME='C_POL';
    PART_NAME='C_POL';
    PHYS_DES_PREFIX='C';
    PINCOUNT='3';
	SIGNAL_MODEL='nv_capp_3p';
  END_BODY;
END_PRIMITIVE;

PRIMITIVE 'C_POL_SMD_4PIN';
  PIN
    '1':
      PIN_NUMBER='(1)';
	PIN_TYPE='ANALOG';
	NO_LOAD_CHECK='BOTH';
	NO_IO_CHECK='BOTH';
	ALLOW_CONNECT='TRUE';
    '2':
      PIN_NUMBER='(2)';
	PIN_TYPE='ANALOG';
	NO_LOAD_CHECK='BOTH';
	NO_IO_CHECK='BOTH';
	ALLOW_CONNECT='TRUE';
    '3':
      PIN_NUMBER='(3)';
	PIN_TYPE='ANALOG';
	NO_LOAD_CHECK='BOTH';
	NO_IO_CHECK='BOTH';
	ALLOW_CONNECT='TRUE';
    '4':
      PIN_NUMBER='(4)';
	PIN_TYPE='ANALOG';
	NO_LOAD_CHECK='BOTH';
	NO_IO_CHECK='BOTH';
	ALLOW_CONNECT='TRUE';
  END_PIN;
  BODY
    CLASS='DISCRETE';
    BODY_NAME='C_POL';
    PART_NAME='C_POL';
    PHYS_DES_PREFIX='C';
    PINCOUNT='4';
	SIGNAL_MODEL='nv_capp';
  END_BODY;
END_PRIMITIVE;


END.
