FILE_TYPE=LIBRARY_PARTS;
TIME='Created/Modified on Wed Dec 29 15:59:22 3916';
primitive 'D_ESD_DIFFPAIR_DFN10';
  pin
  'CH1':
    PIN_NUMBER='(1)';
    PIN_TYPE='ANALOG';
    NO_LOAD_CHECK='BOTH';
    NO_IO_CHECK='BOTH';
    ALLOW_CONNECT='TRUE';
  'CH2':
    PIN_NUMBER='(2)';
    PIN_TYPE='ANALOG';
    NO_LOAD_CHECK='BOTH';
    NO_IO_CHECK='BOTH';
    ALLOW_CONNECT='TRUE';
  'CH3':
    PIN_NUMBER='(4)';
    PIN_TYPE='ANALOG';
    NO_LOAD_CHECK='BOTH';
    NO_IO_CHECK='BOTH';
    ALLOW_CONNECT='TRUE';
  'CH4':
    PIN_NUMBER='(5)';
    PIN_TYPE='ANALOG';
    NO_LOAD_CHECK='BOTH';
    NO_IO_CHECK='BOTH';
    ALLOW_CONNECT='TRUE';
  'GND1':
    PIN_NUMBER='(3)';
    PINUSE='GROUND';
  'GND2':
    PIN_NUMBER='(8)';
    PINUSE='GROUND';
  'NC_CH4':
    PIN_NUMBER='(6)';
    PINUSE='UNSPEC';
    NO_LOAD_CHECK='BOTH';
    NO_IO_CHECK='BOTH';
    ALLOW_CONNECT='TRUE';
  'NC_CH3':
    PIN_NUMBER='(7)';
    PINUSE='UNSPEC';
    NO_LOAD_CHECK='BOTH';
    NO_IO_CHECK='BOTH';
    ALLOW_CONNECT='TRUE';
  'NC_CH2':
    PIN_NUMBER='(9)';
    PINUSE='UNSPEC';
    NO_LOAD_CHECK='BOTH';
    NO_IO_CHECK='BOTH';
    ALLOW_CONNECT='TRUE';
  'NC_CH1':
    PIN_NUMBER='(10)';
    PINUSE='UNSPEC';
    NO_LOAD_CHECK='BOTH';
    NO_IO_CHECK='BOTH';
    ALLOW_CONNECT='TRUE';
  end_pin;
  body
    CLASS='DISCRETE';
    BODY_NAME='D_ESD_DIFFPAIR';
    PART_NAME='D_ESD_DIFFPAIR';
    PHYS_DES_PREFIX='D';
    PINCOUNT='10';
  end_body;
end_primitive;
primitive 'D_ESD_DIFFPAIR_DUAL';
  pin
  '1A':
    PIN_NUMBER='(1,0)';
    PIN_TYPE='ANALOG';
    NO_LOAD_CHECK='BOTH';
    NO_IO_CHECK='BOTH';
    ALLOW_CONNECT='TRUE';
  '1B':
    PIN_NUMBER='(10,0)';
    PIN_TYPE='ANALOG';
    NO_LOAD_CHECK='BOTH';
    NO_IO_CHECK='BOTH';
    ALLOW_CONNECT='TRUE';
  '2A':
    PIN_NUMBER='(2,0)';
    PIN_TYPE='ANALOG';
    NO_LOAD_CHECK='BOTH';
    NO_IO_CHECK='BOTH';
    ALLOW_CONNECT='TRUE';
  '2B':
    PIN_NUMBER='(9,0)';
    PIN_TYPE='ANALOG';
    NO_LOAD_CHECK='BOTH';
    NO_IO_CHECK='BOTH';
    ALLOW_CONNECT='TRUE';
  '3A':
    PIN_NUMBER='(0,4)';
    PIN_TYPE='ANALOG';
    NO_LOAD_CHECK='BOTH';
    NO_IO_CHECK='BOTH';
    ALLOW_CONNECT='TRUE';
  '3B':
    PIN_NUMBER='(0,7)';
    PIN_TYPE='ANALOG';
    NO_LOAD_CHECK='BOTH';
    NO_IO_CHECK='BOTH';
    ALLOW_CONNECT='TRUE';
  '4A':
    PIN_NUMBER='(0,5)';
    PIN_TYPE='ANALOG';
    NO_LOAD_CHECK='BOTH';
    NO_IO_CHECK='BOTH';
    ALLOW_CONNECT='TRUE';
  '4B':
    PIN_NUMBER='(0,6)';
    PIN_TYPE='ANALOG';
    NO_LOAD_CHECK='BOTH';
    NO_IO_CHECK='BOTH';
    ALLOW_CONNECT='TRUE';
  'GND1':
    PIN_NUMBER='(3,3)';
    PINUSE='GROUND';
  end_pin;
  body
    CLASS='IO';
    PART_NAME='D_ESD_DIFFPAIR';
    BODY_NAME='D_ESD_DIFFPAIR';
    PHYS_DES_PREFIX='D';
    PINCOUNT='9';
  end_body;
end_primitive;
primitive 'D_ESD_DIFFPAIR_DFN06';
  pin
  'LINE1':
    PIN_NUMBER='(1)';
    PIN_TYPE='ANALOG';
    NO_LOAD_CHECK='BOTH';
    NO_IO_CHECK='BOTH';
    ALLOW_CONNECT='TRUE';
    PIN_GROUP='1';
  'LINE2':
    PIN_NUMBER='(3)';
    PIN_TYPE='ANALOG';
    NO_LOAD_CHECK='BOTH';
    NO_IO_CHECK='BOTH';
    ALLOW_CONNECT='TRUE';
    PIN_GROUP='1';
  'LINE3':
    PIN_NUMBER='(4)';
    PIN_TYPE='ANALOG';
    NO_LOAD_CHECK='BOTH';
    NO_IO_CHECK='BOTH';
    ALLOW_CONNECT='TRUE';
    PIN_GROUP='1';
  'VBUS':
    PIN_NUMBER='(5)';
    PIN_TYPE='ANALOG';
    NO_LOAD_CHECK='BOTH';
    NO_IO_CHECK='BOTH';
    ALLOW_CONNECT='TRUE';
  'NC':
    PIN_NUMBER='(2)';
    PINUSE='NC';
  'GND':
    PIN_NUMBER='(6)';
    PINUSE='GROUND';
  end_pin;
  body
    CLASS='IO';
    PART_NAME='D_ESD_DIFFPAIR';
    BODY_NAME='D_ESD_DIFFPAIR';
    PHYS_DES_PREFIX='D';
  end_body;
end_primitive;
primitive 'D_ESD_DIFFPAIR_SC70_6','D_ESD_DIFFPAIR_SOT23_6','D_ESD_DIFFPAIR_SOT666','D_ESD_DIFFPAIR_SC89_6';
  pin
  '1':
    PIN_NUMBER='(1,0)';
    PIN_TYPE='ANALOG';
    NO_LOAD_CHECK='BOTH';
    NO_IO_CHECK='BOTH';
    ALLOW_CONNECT='TRUE';
    PIN_GROUP='1';
  '6':
    PIN_NUMBER='(6,0)';
    PIN_TYPE='ANALOG';
    NO_LOAD_CHECK='BOTH';
    NO_IO_CHECK='BOTH';
    ALLOW_CONNECT='TRUE';
    PIN_GROUP='1';
  '3':
    PIN_NUMBER='(0,3)';
    PIN_TYPE='ANALOG';
    NO_LOAD_CHECK='BOTH';
    NO_IO_CHECK='BOTH';
    ALLOW_CONNECT='TRUE';
    PIN_GROUP='2';
  '4':
    PIN_NUMBER='(0,4)';
    PIN_TYPE='ANALOG';
    NO_LOAD_CHECK='BOTH';
    NO_IO_CHECK='BOTH';
    ALLOW_CONNECT='TRUE';
    PIN_GROUP='2';
  'PWR1':
    PIN_NUMBER='(5,5)';
    PINUSE='POWER';
  'GND1':
    PIN_NUMBER='(2,2)';
    PINUSE='GROUND';
  end_pin;
  body
    CLASS='IO';
    PART_NAME='D_ESD_DIFFPAIR';
    BODY_NAME='D_ESD_DIFFPAIR';
    PHYS_DES_PREFIX='D';
  end_body;
end_primitive;
primitive 'D_ESD_DIFFPAIR_SLP_6PIN';
  pin
  'DM':
    PIN_NUMBER='(1)';
    PIN_TYPE='ANALOG';
    NO_LOAD_CHECK='BOTH';
    NO_IO_CHECK='BOTH';
    ALLOW_CONNECT='TRUE';
    PIN_GROUP='USB';
  'DP':
    PIN_NUMBER='(2)';
    PIN_TYPE='ANALOG';
    NO_LOAD_CHECK='BOTH';
    NO_IO_CHECK='BOTH';
    ALLOW_CONNECT='TRUE';
    PIN_GROUP='USB';
  'ID':
    PIN_NUMBER='(3)';
    PIN_TYPE='ANALOG';
    NO_LOAD_CHECK='BOTH';
    NO_IO_CHECK='BOTH';
    ALLOW_CONNECT='TRUE';
    PIN_GROUP='USB';
  'VBUS':
    PIN_NUMBER='(6)';
    PIN_TYPE='ANALOG';
    NO_LOAD_CHECK='BOTH';
    NO_IO_CHECK='BOTH';
    ALLOW_CONNECT='TRUE';
  'NC1':
    PIN_NUMBER='(4)';
    PINUSE='NC';
  'NC2':
    PIN_NUMBER='(5)';
    PINUSE='NC';
  'GND':
    PIN_NUMBER='(7)';
    PINUSE='GROUND';
  end_pin;
  body
    CLASS='IO';
    PART_NAME='D_ESD_DIFFPAIR';
    BODY_NAME='D_ESD_DIFFPAIR';
    PHYS_DES_PREFIX='D';
    PINCOUNT='7';
  end_body;
end_primitive;
primitive 'D_ESD_DIFFPAIR_SLP16';
  pin
  '1':
    PIN_NUMBER='(1)';
    PIN_TYPE='ANALOG';
    NO_LOAD_CHECK='BOTH';
    NO_IO_CHECK='BOTH';
    ALLOW_CONNECT='TRUE';
  '3':
    PIN_NUMBER='(3)';
    PIN_TYPE='ANALOG';
    NO_LOAD_CHECK='BOTH';
    NO_IO_CHECK='BOTH';
    ALLOW_CONNECT='TRUE';
  '4':
    PIN_NUMBER='(4)';
    PIN_TYPE='ANALOG';
    NO_LOAD_CHECK='BOTH';
    NO_IO_CHECK='BOTH';
    ALLOW_CONNECT='TRUE';
  '6':
    PIN_NUMBER='(6)';
    PIN_TYPE='ANALOG';
    NO_LOAD_CHECK='BOTH';
    NO_IO_CHECK='BOTH';
    ALLOW_CONNECT='TRUE';
  'PWR':
    PIN_NUMBER='(5)';
    PINUSE='POWER';
  'NC':
    PIN_NUMBER='(2)';
    PINUSE='NC';
  'TP':
    PIN_NUMBER='(7)';
    PINUSE='GROUND';
  end_pin;
  body
    CLASS='IO';
    PART_NAME='D_ESD_DIFFPAIR';
    BODY_NAME='D_ESD_DIFFPAIR';
    PHYS_DES_PREFIX='D';
  end_body;
end_primitive;
primitive 'D_ESD_DIFFPAIR_UDFN6';
  pin
  'NC1':
    PIN_NUMBER='(2)';
    PINUSE='NC';
  'NC2':
    PIN_NUMBER='(3)';
    PINUSE='NC';
  'VBUS':
    PIN_NUMBER='(6)';
    PIN_TYPE='ANALOG';
    NO_LOAD_CHECK='BOTH';
    NO_IO_CHECK='BOTH';
    ALLOW_CONNECT='TRUE';
  'DP':
    PIN_NUMBER='(5)';
    PIN_TYPE='ANALOG';
    NO_LOAD_CHECK='BOTH';
    NO_IO_CHECK='BOTH';
    ALLOW_CONNECT='TRUE';
  'DN':
    PIN_NUMBER='(4)';
    PIN_TYPE='ANALOG';
    NO_LOAD_CHECK='BOTH';
    NO_IO_CHECK='BOTH';
    ALLOW_CONNECT='TRUE';
  'GND':
    PIN_NUMBER='(1)';
    PINUSE='GROUND';
  end_pin;
  body
    CLASS='IO';
    PART_NAME='D_ESD_DIFFPAIR';
    BODY_NAME='D_ESD_DIFFPAIR';
    PHYS_DES_PREFIX='D';
  end_body;
end_primitive;
primitive 'D_ESD_DIFFPAIR_WDFN10';
  pin
  'IN_1P':
    PIN_NUMBER='(1)';
    PIN_TYPE='ANALOG';
    NO_LOAD_CHECK='BOTH';
    NO_IO_CHECK='BOTH';
    ALLOW_CONNECT='TRUE';
  'IN_1N':
    PIN_NUMBER='(2)';
    PIN_TYPE='ANALOG';
    NO_LOAD_CHECK='BOTH';
    NO_IO_CHECK='BOTH';
    ALLOW_CONNECT='TRUE';
  'IN_2P':
    PIN_NUMBER='(4)';
    PIN_TYPE='ANALOG';
    NO_LOAD_CHECK='BOTH';
    NO_IO_CHECK='BOTH';
    ALLOW_CONNECT='TRUE';
  'IN_2N':
    PIN_NUMBER='(5)';
    PIN_TYPE='ANALOG';
    NO_LOAD_CHECK='BOTH';
    NO_IO_CHECK='BOTH';
    ALLOW_CONNECT='TRUE';
  'OUT_1P':
    PIN_NUMBER='(10)';
    PIN_TYPE='ANALOG';
    NO_LOAD_CHECK='BOTH';
    NO_IO_CHECK='BOTH';
    ALLOW_CONNECT='TRUE';
  'OUT_1N':
    PIN_NUMBER='(9)';
    PIN_TYPE='ANALOG';
    NO_LOAD_CHECK='BOTH';
    NO_IO_CHECK='BOTH';
    ALLOW_CONNECT='TRUE';
  'OUT_2P':
    PIN_NUMBER='(7)';
    PIN_TYPE='ANALOG';
    NO_LOAD_CHECK='BOTH';
    NO_IO_CHECK='BOTH';
    ALLOW_CONNECT='TRUE';
  'OUT_2N':
    PIN_NUMBER='(6)';
    PIN_TYPE='ANALOG';
    NO_LOAD_CHECK='BOTH';
    NO_IO_CHECK='BOTH';
    ALLOW_CONNECT='TRUE';
  'GND1':
    PIN_NUMBER='(3)';
    PINUSE='GROUND';
  'GND2':
    PIN_NUMBER='(8)';
    PINUSE='GROUND';
  end_pin;
  body
    CLASS='IO';
    PART_NAME='D_ESD_DIFFPAIR';
    BODY_NAME='D_ESD_DIFFPAIR';
    PHYS_DES_PREFIX='D';
  end_body;
end_primitive;
primitive 'D_ESD_DIFFPAIR_UDFN20';
  pin
  'IN_1P':
    PIN_NUMBER='(1)';
    PIN_TYPE='ANALOG';
    NO_LOAD_CHECK='BOTH';
    NO_IO_CHECK='BOTH';
    ALLOW_CONNECT='TRUE';
  'IN_1N':
    PIN_NUMBER='(2)';
    PIN_TYPE='ANALOG';
    NO_LOAD_CHECK='BOTH';
    NO_IO_CHECK='BOTH';
    ALLOW_CONNECT='TRUE';
  'IN_2P':
    PIN_NUMBER='(4)';
    PIN_TYPE='ANALOG';
    NO_LOAD_CHECK='BOTH';
    NO_IO_CHECK='BOTH';
    ALLOW_CONNECT='TRUE';
  'IN_2N':
    PIN_NUMBER='(5)';
    PIN_TYPE='ANALOG';
    NO_LOAD_CHECK='BOTH';
    NO_IO_CHECK='BOTH';
    ALLOW_CONNECT='TRUE';
  'IN_3P':
    PIN_NUMBER='(6)';
    PIN_TYPE='ANALOG';
    NO_LOAD_CHECK='BOTH';
    NO_IO_CHECK='BOTH';
    ALLOW_CONNECT='TRUE';
  'IN_3N':
    PIN_NUMBER='(7)';
    PIN_TYPE='ANALOG';
    NO_LOAD_CHECK='BOTH';
    NO_IO_CHECK='BOTH';
    ALLOW_CONNECT='TRUE';
  'IN_4P':
    PIN_NUMBER='(9)';
    PIN_TYPE='ANALOG';
    NO_LOAD_CHECK='BOTH';
    NO_IO_CHECK='BOTH';
    ALLOW_CONNECT='TRUE';
  'IN_4N':
    PIN_NUMBER='(10)';
    PIN_TYPE='ANALOG';
    NO_LOAD_CHECK='BOTH';
    NO_IO_CHECK='BOTH';
    ALLOW_CONNECT='TRUE';
  'OUT_1P':
    PIN_NUMBER='(20)';
    PIN_TYPE='ANALOG';
    NO_LOAD_CHECK='BOTH';
    NO_IO_CHECK='BOTH';
    ALLOW_CONNECT='TRUE';
  'OUT_1N':
    PIN_NUMBER='(19)';
    PIN_TYPE='ANALOG';
    NO_LOAD_CHECK='BOTH';
    NO_IO_CHECK='BOTH';
    ALLOW_CONNECT='TRUE';
  'OUT_2P':
    PIN_NUMBER='(17)';
    PIN_TYPE='ANALOG';
    NO_LOAD_CHECK='BOTH';
    NO_IO_CHECK='BOTH';
    ALLOW_CONNECT='TRUE';
  'OUT_2N':
    PIN_NUMBER='(16)';
    PIN_TYPE='ANALOG';
    NO_LOAD_CHECK='BOTH';
    NO_IO_CHECK='BOTH';
    ALLOW_CONNECT='TRUE';
  'OUT_3P':
    PIN_NUMBER='(15)';
    PIN_TYPE='ANALOG';
    NO_LOAD_CHECK='BOTH';
    NO_IO_CHECK='BOTH';
    ALLOW_CONNECT='TRUE';
  'OUT_3N':
    PIN_NUMBER='(14)';
    PIN_TYPE='ANALOG';
    NO_LOAD_CHECK='BOTH';
    NO_IO_CHECK='BOTH';
    ALLOW_CONNECT='TRUE';
  'OUT_4P':
    PIN_NUMBER='(12)';
    PIN_TYPE='ANALOG';
    NO_LOAD_CHECK='BOTH';
    NO_IO_CHECK='BOTH';
    ALLOW_CONNECT='TRUE';
  'OUT_4N':
    PIN_NUMBER='(11)';
    PIN_TYPE='ANALOG';
    NO_LOAD_CHECK='BOTH';
    NO_IO_CHECK='BOTH';
    ALLOW_CONNECT='TRUE';
  'GND1':
    PIN_NUMBER='(3)';
    PINUSE='GROUND';
  'GND2':
    PIN_NUMBER='(8)';
    PINUSE='GROUND';
  'GND3':
    PIN_NUMBER='(13)';
    PINUSE='GROUND';
  'GND4':
    PIN_NUMBER='(18)';
    PINUSE='GROUND';
  end_pin;
  body
    CLASS='IO';
    PART_NAME='D_ESD_DIFFPAIR';
    BODY_NAME='D_ESD_DIFFPAIR';
    PHYS_DES_PREFIX='D';
  end_body;
end_primitive;
primitive 'D_ESD_DIFFPAIR_SOT_666';
  pin
  '1':
    PIN_NUMBER='(1)';
    PIN_TYPE='ANALOG';
    NO_LOAD_CHECK='BOTH';
    NO_IO_CHECK='BOTH';
    ALLOW_CONNECT='TRUE';
  '3':
    PIN_NUMBER='(3)';
    PIN_TYPE='ANALOG';
    NO_LOAD_CHECK='BOTH';
    NO_IO_CHECK='BOTH';
    ALLOW_CONNECT='TRUE';
  '4':
    PIN_NUMBER='(4)';
    PIN_TYPE='ANALOG';
    NO_LOAD_CHECK='BOTH';
    NO_IO_CHECK='BOTH';
    ALLOW_CONNECT='TRUE';
  '6':
    PIN_NUMBER='(6)';
    PIN_TYPE='ANALOG';
    NO_LOAD_CHECK='BOTH';
    NO_IO_CHECK='BOTH';
    ALLOW_CONNECT='TRUE';
  'PWR':
    PIN_NUMBER='(5)';
    PINUSE='POWER';
  'GND':
    PIN_NUMBER='(2)';
    PINUSE='GROUND';
  end_pin;
  body
    CLASS='IO';
    PART_NAME='D_ESD_DIFFPAIR';
    BODY_NAME='D_ESD_DIFFPAIR';
    PHYS_DES_PREFIX='D';
  end_body;
end_primitive;
primitive 'D_ESD_DIFFPAIR_SON10';
  pin
  'D1N':
    PIN_NUMBER='(2)';
    PIN_TYPE='ANALOG';
    NO_LOAD_CHECK='BOTH';
    NO_IO_CHECK='BOTH';
    ALLOW_CONNECT='TRUE';
  'D1P':
    PIN_NUMBER='(1)';
    PIN_TYPE='ANALOG';
    NO_LOAD_CHECK='BOTH';
    NO_IO_CHECK='BOTH';
    ALLOW_CONNECT='TRUE';
  'D2N':
    PIN_NUMBER='(5)';
    PIN_TYPE='ANALOG';
    NO_LOAD_CHECK='BOTH';
    NO_IO_CHECK='BOTH';
    ALLOW_CONNECT='TRUE';
  'D2P':
    PIN_NUMBER='(4)';
    PIN_TYPE='ANALOG';
    NO_LOAD_CHECK='BOTH';
    NO_IO_CHECK='BOTH';
    ALLOW_CONNECT='TRUE';
  'GND1':
    PIN_NUMBER='(3)';
    PINUSE='GROUND';
  'GND2':
    PIN_NUMBER='(8)';
    PINUSE='GROUND';
  'NC1':
    PIN_NUMBER='(6)';
    PIN_TYPE='ANALOG';
    NO_LOAD_CHECK='BOTH';
    NO_IO_CHECK='BOTH';
    ALLOW_CONNECT='TRUE';
  'NC2':
    PIN_NUMBER='(7)';
    PIN_TYPE='ANALOG';
    NO_LOAD_CHECK='BOTH';
    NO_IO_CHECK='BOTH';
    ALLOW_CONNECT='TRUE';
  'NC3':
    PIN_NUMBER='(9)';
    PIN_TYPE='ANALOG';
    NO_LOAD_CHECK='BOTH';
    NO_IO_CHECK='BOTH';
    ALLOW_CONNECT='TRUE';
  'NC4':
    PIN_NUMBER='(10)';
    PIN_TYPE='ANALOG';
    NO_LOAD_CHECK='BOTH';
    NO_IO_CHECK='BOTH';
    ALLOW_CONNECT='TRUE';
  end_pin;
  body
    PART_NAME='D_ESD_DIFFPAIR';
    BODY_NAME='D_ESD_DIFFPAIR';
    CLASS=IC;
    NO_LOAD_CHECK='BOTH';
    PHYS_DES_PREFIX='U';
  end_body;
end_primitive;
primitive 'D_ESD_DIFFPAIR_DFN9';
  pin
  'D1N':
    PIN_NUMBER='(2)';
    PIN_TYPE='ANALOG';
    NO_LOAD_CHECK='BOTH';
    NO_IO_CHECK='BOTH';
    ALLOW_CONNECT='TRUE';
  'D1P':
    PIN_NUMBER='(1)';
    PIN_TYPE='ANALOG';
    NO_LOAD_CHECK='BOTH';
    NO_IO_CHECK='BOTH';
    ALLOW_CONNECT='TRUE';
  'D2N':
    PIN_NUMBER='(4)';
    PIN_TYPE='ANALOG';
    NO_LOAD_CHECK='BOTH';
    NO_IO_CHECK='BOTH';
    ALLOW_CONNECT='TRUE';
  'D2P':
    PIN_NUMBER='(3)';
    PIN_TYPE='ANALOG';
    NO_LOAD_CHECK='BOTH';
    NO_IO_CHECK='BOTH';
    ALLOW_CONNECT='TRUE';
  'GND1':
    PIN_NUMBER='(9)';
    PINUSE='GROUND';
  'NC1':
    PIN_NUMBER='(5)';
    PIN_TYPE='ANALOG';
    NO_LOAD_CHECK='BOTH';
    NO_IO_CHECK='BOTH';
    ALLOW_CONNECT='TRUE';
  'NC2':
    PIN_NUMBER='(6)';
    PIN_TYPE='ANALOG';
    NO_LOAD_CHECK='BOTH';
    NO_IO_CHECK='BOTH';
    ALLOW_CONNECT='TRUE';
  'NC3':
    PIN_NUMBER='(7)';
    PIN_TYPE='ANALOG';
    NO_LOAD_CHECK='BOTH';
    NO_IO_CHECK='BOTH';
    ALLOW_CONNECT='TRUE';
  'NC4':
    PIN_NUMBER='(8)';
    PIN_TYPE='ANALOG';
    NO_LOAD_CHECK='BOTH';
    NO_IO_CHECK='BOTH';
    ALLOW_CONNECT='TRUE';
  end_pin;
  body
    PART_NAME='D_ESD_DIFFPAIR';
    BODY_NAME='D_ESD_DIFFPAIR';
    CLASS=IC;
    NO_LOAD_CHECK='BOTH';
    PHYS_DES_PREFIX='U';
  end_body;
end_primitive;
primitive 'D_ESD_DIFFPAIR_SOT666_B';
  pin
  '1A':
    PIN_NUMBER='(1)';
    PIN_TYPE='ANALOG';
    NO_LOAD_CHECK='BOTH';
    NO_IO_CHECK='BOTH';
    ALLOW_CONNECT='TRUE';
  '1B':
    PIN_NUMBER='(6)';
    PIN_TYPE='ANALOG';
    NO_LOAD_CHECK='BOTH';
    NO_IO_CHECK='BOTH';
    ALLOW_CONNECT='TRUE';
  '2A':
    PIN_NUMBER='(3)';
    PIN_TYPE='ANALOG';
    NO_LOAD_CHECK='BOTH';
    NO_IO_CHECK='BOTH';
    ALLOW_CONNECT='TRUE';
  '2B':
    PIN_NUMBER='(4)';
    PIN_TYPE='ANALOG';
    NO_LOAD_CHECK='BOTH';
    NO_IO_CHECK='BOTH';
    ALLOW_CONNECT='TRUE';
  'PWR1':
    PIN_NUMBER='(5)';
    PINUSE='POWER';
  'GND1':
    PIN_NUMBER='(2)';
    PINUSE='GROUND';
  end_pin;
  body
    CLASS='IO';
    PART_NAME='D_ESD_DIFFPAIR';
    BODY_NAME='D_ESD_DIFFPAIR';
    PHYS_DES_PREFIX='D';
  end_body;
end_primitive;
primitive 'D_ESD_DIFFPAIR_UDFN16';
  pin
  'IN_1P':
    PIN_NUMBER='(1)';
    PIN_TYPE='ANALOG';
    NO_LOAD_CHECK='BOTH';
    NO_IO_CHECK='BOTH';
    ALLOW_CONNECT='TRUE';
  'IN_1N':
    PIN_NUMBER='(2)';
    PIN_TYPE='ANALOG';
    NO_LOAD_CHECK='BOTH';
    NO_IO_CHECK='BOTH';
    ALLOW_CONNECT='TRUE';
  'IN_2P':
    PIN_NUMBER='(4)';
    PIN_TYPE='ANALOG';
    NO_LOAD_CHECK='BOTH';
    NO_IO_CHECK='BOTH';
    ALLOW_CONNECT='TRUE';
  'IN_2N':
    PIN_NUMBER='(5)';
    PIN_TYPE='ANALOG';
    NO_LOAD_CHECK='BOTH';
    NO_IO_CHECK='BOTH';
    ALLOW_CONNECT='TRUE';
  'IN_3P':
    PIN_NUMBER='(7)';
    PIN_TYPE='ANALOG';
    NO_LOAD_CHECK='BOTH';
    NO_IO_CHECK='BOTH';
    ALLOW_CONNECT='TRUE';
  'IN_3N':
    PIN_NUMBER='(8)';
    PIN_TYPE='ANALOG';
    NO_LOAD_CHECK='BOTH';
    NO_IO_CHECK='BOTH';
    ALLOW_CONNECT='TRUE';
  'OUT_1P':
    PIN_NUMBER='(16)';
    PIN_TYPE='ANALOG';
    NO_LOAD_CHECK='BOTH';
    NO_IO_CHECK='BOTH';
    ALLOW_CONNECT='TRUE';
  'OUT_1N':
    PIN_NUMBER='(15)';
    PIN_TYPE='ANALOG';
    NO_LOAD_CHECK='BOTH';
    NO_IO_CHECK='BOTH';
    ALLOW_CONNECT='TRUE';
  'OUT_2P':
    PIN_NUMBER='(13)';
    PIN_TYPE='ANALOG';
    NO_LOAD_CHECK='BOTH';
    NO_IO_CHECK='BOTH';
    ALLOW_CONNECT='TRUE';
  'OUT_2N':
    PIN_NUMBER='(12)';
    PIN_TYPE='ANALOG';
    NO_LOAD_CHECK='BOTH';
    NO_IO_CHECK='BOTH';
    ALLOW_CONNECT='TRUE';
  'OUT_3P':
    PIN_NUMBER='(10)';
    PIN_TYPE='ANALOG';
    NO_LOAD_CHECK='BOTH';
    NO_IO_CHECK='BOTH';
    ALLOW_CONNECT='TRUE';
  'OUT_3N':
    PIN_NUMBER='(9)';
    PIN_TYPE='ANALOG';
    NO_LOAD_CHECK='BOTH';
    NO_IO_CHECK='BOTH';
    ALLOW_CONNECT='TRUE';
  'GND1':
    PIN_NUMBER='(3)';
    PINUSE='GROUND';
  'GND2':
    PIN_NUMBER='(14)';
    PINUSE='GROUND';
  'GND3':
    PIN_NUMBER='(6)';
    PINUSE='GROUND';
  'GND4':
    PIN_NUMBER='(11)';
    PINUSE='GROUND';
  end_pin;
  body
    CLASS='IO';
    PART_NAME='D_ESD_DIFFPAIR';
    BODY_NAME='D_ESD_DIFFPAIR';
    PHYS_DES_PREFIX='D';
  end_body;
end_primitive;
primitive 'D_ESD_DIFFPAIR_BGA5';
  pin
  'IN_1P':
    PIN_NUMBER='(A2)';
    PIN_TYPE='ANALOG';
    NO_LOAD_CHECK='BOTH';
    NO_IO_CHECK='BOTH';
    ALLOW_CONNECT='TRUE';
  'IN_1N':
    PIN_NUMBER='(B2)';
    PIN_TYPE='ANALOG';
    NO_LOAD_CHECK='BOTH';
    NO_IO_CHECK='BOTH';
    ALLOW_CONNECT='TRUE';
  'OUT_1P':
    PIN_NUMBER='(A1)';
    PIN_TYPE='ANALOG';
    NO_LOAD_CHECK='BOTH';
    NO_IO_CHECK='BOTH';
    ALLOW_CONNECT='TRUE';
  'OUT_1N':
    PIN_NUMBER='(B1)';
    PIN_TYPE='ANALOG';
    NO_LOAD_CHECK='BOTH';
    NO_IO_CHECK='BOTH';
    ALLOW_CONNECT='TRUE';
  'GND1':
    PIN_NUMBER='(C2)';
    PINUSE='GROUND';
  end_pin;
  body
    CLASS='IO';
    PART_NAME='D_ESD_DIFFPAIR';
    BODY_NAME='D_ESD_DIFFPAIR';
    PHYS_DES_PREFIX='D';
  end_body;
end_primitive;
primitive 'D_ESD_DIFFPAIR_SMD_7PIN';
  pin
  'A':
    PIN_NUMBER='(1,3,4)';
    PIN_TYPE='ANALOG';
    NO_LOAD_CHECK='BOTH';
    NO_IO_CHECK='BOTH';
    ALLOW_CONNECT='TRUE';
    PIN_GROUP='1';
  'B':
    PIN_NUMBER='(7,6,5)';
    PIN_TYPE='ANALOG';
    NO_LOAD_CHECK='BOTH';
    NO_IO_CHECK='BOTH';
    ALLOW_CONNECT='TRUE';
    PIN_GROUP='1';
  'GND':
    PIN_NUMBER='(2,2,2)';
    PINUSE='GROUND';
  end_pin;
  body
    CLASS='IO';
    PART_NAME='D_ESD_DIFFPAIR';
    BODY_NAME='D_ESD_DIFFPAIR';
    PHYS_DES_PREFIX='D';
  end_body;
end_primitive;
END.
