FILE_TYPE=LIBRARY_PARTS;
TIME='Created/Modified on Wed 6 11 52:03:3916 0000';
primitive 'U_RST_MON_SOIC8';
  pin
  '_MR':
    PIN_NUMBER='(1)';
    INPUT_LOAD='(-0.01,0.01)';
  '_PFO':
    PIN_NUMBER='(5)';
    OUTPUT_LOAD='(1.0,-1.0)';
  'PFI':
    PIN_NUMBER='(4)';
    INPUT_LOAD='(-0.01,0.01)';
  'WDI':
    PIN_NUMBER='(6)';
    INPUT_LOAD='(-0.01,0.01)';
  '_RST':
    PIN_NUMBER='(7)';
    OUTPUT_LOAD='(1.0,-1.0)';
  '_WDO':
    PIN_NUMBER='(8)';
    OUTPUT_LOAD='(1.0,-1.0)';
  'VCC':
    PIN_NUMBER='(2)';
    PINUSE='POWER';
  'GND':
    PIN_NUMBER='(3)';
    PINUSE='GROUND';
  end_pin;
  body
    CLASS='IC';
    PART_NAME='U_RST_MON';
    BODY_NAME='U_RST_MON';
    PHYS_DES_PREFIX='U';
  end_body;
end_primitive;
primitive 'U_RST_MON_SO8';
  pin
  'RST_IN':
    PIN_NUMBER='(1)';
    INPUT_LOAD='(-0.01,0.01)';
  'SRT':
    PIN_NUMBER='(3)';
    INPUT_LOAD='(-0.01,0.01)';
  'SWT':
    PIN_NUMBER='(4)';
    INPUT_LOAD='(-0.01,0.01)';
  'WDS':
    PIN_NUMBER='(5)';
    INPUT_LOAD='(-0.01,0.01)';
  'WDI':
    PIN_NUMBER='(6)';
    INPUT_LOAD='(-0.01,0.01)';
  '-RST':
    PIN_NUMBER='(7)';
    OUTPUT_LOAD='(1.0,-1.0)';
  'VCC':
    PIN_NUMBER='(8)';
    PINUSE='POWER';
  'GND':
    PIN_NUMBER='(2)';
    PINUSE='GROUND';
  end_pin;
  body
    CLASS='IC';
    PART_NAME='U_RST_MON';
    BODY_NAME='U_RST_MON';
    PHYS_DES_PREFIX='U';
  end_body;
end_primitive;
primitive 'U_RST_MON_SOT23_5';
  pin
  'RST_IN':
    PIN_NUMBER='(4)';
    INPUT_LOAD='(-0.01,0.01)';
  '-RST':
    PIN_NUMBER='(1)';
    OUTPUT_LOAD='(1.0,-1.0)';
  '-MR':
    PIN_NUMBER='(3)';
    INPUT_LOAD='(-0.01,0.01)';
  'VCC':
    PIN_NUMBER='(5)';
    PINUSE='POWER';
  'GND':
    PIN_NUMBER='(2)';
    PINUSE='GROUND';
  end_pin;
  body
    CLASS='IC';
    PART_NAME='U_RST_MON';
    BODY_NAME='U_RST_MON';
    PHYS_DES_PREFIX='U';
  end_body;
end_primitive;
primitive 'U_RST_MON_SOT23_6';
  pin
  'RST_IN':
    PIN_NUMBER='(4)';
    INPUT_LOAD='(-0.01,0.01)';
  '-RST':
    PIN_NUMBER='(1)';
    OUTPUT_LOAD='(1.0,-1.0)';
  '-RST_SEN':
    PIN_NUMBER='(5)';
    OUTPUT_LOAD='(1.0,-1.0)';
  '-MR':
    PIN_NUMBER='(3)';
    INPUT_LOAD='(-0.01,0.01)';
  'VCC':
    PIN_NUMBER='(6)';
    PINUSE='POWER';
  'GND':
    PIN_NUMBER='(2)';
    PINUSE='GROUND';
  end_pin;
  body
    CLASS='IC';
    PART_NAME='U_RST_MON';
    BODY_NAME='U_RST_MON';
    PHYS_DES_PREFIX='U';
  end_body;
end_primitive;
primitive 'U_RST_MON_SOT23_6PIN';
  pin
  'PFI':
    PIN_NUMBER='(4)';
    INPUT_LOAD='(-0.01,0.01)';
  '-RST':
    PIN_NUMBER='(1)';
    OUTPUT_LOAD='(1.0,-1.0)';
  '-PFO':
    PIN_NUMBER='(5)';
    OUTPUT_LOAD='(1.0,-1.0)';
  '-MR':
    PIN_NUMBER='(3)';
    INPUT_LOAD='(-0.01,0.01)';
  'VCC':
    PIN_NUMBER='(6)';
    PINUSE='POWER';
  'GND':
    PIN_NUMBER='(2)';
    PINUSE='GROUND';
  end_pin;
  body
    CLASS='IC';
    PART_NAME='U_RST_MON';
    BODY_NAME='U_RST_MON';
    PHYS_DES_PREFIX='U';
  end_body;
end_primitive;
primitive 'U_RST_MON_TSOP_5';
  pin
  'RST_OUT':
    PIN_NUMBER='(1)';
    INPUT_LOAD='(-0.01,0.01)';
  'INPUT':
    PIN_NUMBER='(2)';
    OUTPUT_LOAD='(1.0,-1.0)';
  'GND':
    PIN_NUMBER='(3)';
    PINUSE='GROUND';
  'NC1':
    PIN_NUMBER='(4)';
    PINUSE='NC';
  'NC2':
    PIN_NUMBER='(5)';
    PINUSE='NC';
  end_pin;
  body
    CLASS='IC';
    PART_NAME='U_RST_MON';
    BODY_NAME='U_RST_MON';
    PHYS_DES_PREFIX='U';
  end_body;
end_primitive;
primitive 'U_RST_MON_SOT23_6_A';
  pin
  'SENSE1':
    PIN_NUMBER='(6)';
    INPUT_LOAD='(-0.01,0.01)';
  'OUT1':
    PIN_NUMBER='(2)';
    OUTPUT_LOAD='(1.0,-1.0)';
  'OUT2':
    PIN_NUMBER='(3)';
    OUTPUT_LOAD='(1.0,-1.0)';
  'SENSE2':
    PIN_NUMBER='(4)';
    INPUT_LOAD='(-0.01,0.01)';
  'VDD':
    PIN_NUMBER='(1)';
    PINUSE='POWER';
  'GND':
    PIN_NUMBER='(5)';
    PINUSE='GROUND';
  end_pin;
  body
    CLASS='IC';
    PART_NAME='U_RST_MON';
    BODY_NAME='U_RST_MON';
    PHYS_DES_PREFIX='U';
  end_body;
end_primitive;
primitive 'U_RST_MON_DFN06';
  pin
  'SENSE1':
    PIN_NUMBER='(1)';
    INPUT_LOAD='(-0.01,0.01)';
  'OUT1':
    PIN_NUMBER='(5)';
    OUTPUT_LOAD='(1.0,-1.0)';
  'OUT2':
    PIN_NUMBER='(4)';
    OUTPUT_LOAD='(1.0,-1.0)';
  'SENSE2':
    PIN_NUMBER='(3)';
    INPUT_LOAD='(-0.01,0.01)';
  'VDD':
    PIN_NUMBER='(6)';
    PINUSE='POWER';
  'GND':
    PIN_NUMBER='(2)';
    PINUSE='GROUND';
  end_pin;
  body
    CLASS='IC';
    PART_NAME='U_RST_MON';
    BODY_NAME='U_RST_MON';
    PHYS_DES_PREFIX='U';
  end_body;
end_primitive;
primitive 'U_RST_MON_SON06';
  pin
  'ENABLE':
    PIN_NUMBER='(1)';
    INPUT_LOAD='(-0.01,0.01)';
  'CT':
    PIN_NUMBER='(5)';
    INPUT_LOAD='(-0.01,0.01)';
  'SENSE_OUT':
    PIN_NUMBER='(4)';
    OUTPUT_LOAD='(1.0,-1.0)';
  'SENSE':
    PIN_NUMBER='(3)';
    INPUT_LOAD='(-0.01,0.01)';
  'VCC':
    PIN_NUMBER='(6)';
    PINUSE='POWER';
  'GND':
    PIN_NUMBER='(2)';
    PINUSE='GROUND';
  end_pin;
  body
    CLASS='IC';
    PART_NAME='U_RST_MON';
    BODY_NAME='U_RST_MON';
    PHYS_DES_PREFIX='U';
  end_body;
end_primitive;
primitive 'U_RST_MON_SOT_23_6P';
  pin
  'VSET0':
    PIN_NUMBER='(1)';
    INPUT_LOAD='(-0.01,0.01)';
  'VSET1':
    PIN_NUMBER='(6)';
    INPUT_LOAD='(-0.01,0.01)';
  'VSET2':
    PIN_NUMBER='(5)';
    INPUT_LOAD='(-0.01,0.01)';
  '-RST':
    PIN_NUMBER='(3)';
    OUTPUT_LOAD='(1.0,-1.0)';
  'VCC':
    PIN_NUMBER='(4)';
    PINUSE='POWER';
  'GND':
    PIN_NUMBER='(2)';
    PINUSE='GROUND';
  end_pin;
  body
    CLASS='IC';
    PART_NAME='U_RST_MON';
    BODY_NAME='U_RST_MON';
    PHYS_DES_PREFIX='U';
  end_body;
end_primitive;
primitive 'U_RST_MON_SOT23-5';
  pin
  '-RST':
    PIN_NUMBER='(1)';
    OUTPUT_LOAD='(1.0,-1.0)';
  'CT':
    PIN_NUMBER='(4)';
    OUTPUT_LOAD='(1.0,-1.0)';
  '-MR':
    PIN_NUMBER='(3)';
    INPUT_LOAD='(-0.01,0.01)';
  'VCC':
    PIN_NUMBER='(5)';
    PINUSE='POWER';
  'GND':
    PIN_NUMBER='(2)';
    PINUSE='GROUND';
  end_pin;
  body
    CLASS='IC';
    PART_NAME='U_RST_MON';
    BODY_NAME='U_RST_MON';
    PHYS_DES_PREFIX='U';
  end_body;
end_primitive;
primitive 'U_RST_MON_SOT143_4PIN','U_RST_MON_SOT143';
  pin
  'GND':
    PIN_NUMBER='(1)';
    PINUSE='GROUND';
  '-RST':
    PIN_NUMBER='(2)';
    OUTPUT_LOAD='(1.0,-1.0)';
  '-MR':
    PIN_NUMBER='(3)';
    INPUT_LOAD='(-0.01,0.01)';
  'VCC':
    PIN_NUMBER='(4)';
    PINUSE='POWER';
  end_pin;
  body
    CLASS='IC';
    PART_NAME='U_RST_MON';
    BODY_NAME='U_RST_MON';
    PHYS_DES_PREFIX='U';
  end_body;
end_primitive;

primitive 'U_RST_MON_MSOP8';
  pin
  'SENSE4':
    PIN_NUMBER='(1)';
    INPUT_LOAD='(-0.01,0.01)';
  'SENSE3':
    PIN_NUMBER='(2)';
    INPUT_LOAD='(-0.01,0.01)';
  'SENSE2':
    PIN_NUMBER='(3)';
    INPUT_LOAD='(-0.01,0.01)';
  'SENSE1':
    PIN_NUMBER='(4)';
    INPUT_LOAD='(-0.01,0.01)';
  'GND':
    PIN_NUMBER='(5)';
    PINUSE='GROUND';
  '-RST':
    PIN_NUMBER='(6)';
    OUTPUT_LOAD='(1.0,-1.0)';
  '-MR':
    PIN_NUMBER='(7)';
    INPUT_LOAD='(-0.01,0.01)';
  'VDD':
    PIN_NUMBER='(8)';
    PINUSE='POWER';
  end_pin;
  body
    CLASS='IC';
    PART_NAME='U_RST_MON';
    BODY_NAME='U_RST_MON';
    PHYS_DES_PREFIX='U';
  end_body;
end_primitive;

primitive 'U_RST_MON_SC70-3';
  pin
  'GND':
    PIN_NUMBER='(1)';
    PINUSE='GROUND';
  'RST':
    PIN_NUMBER='(2)';
    OUTPUT_LOAD='(1.0,-1.0)';
  'SENSE':
    PIN_NUMBER='(3)';
    PINUSE='POWER';
  end_pin;
  body
    CLASS='IC';
    PART_NAME='U_RST_MON';
    BODY_NAME='U_RST_MON';
    PHYS_DES_PREFIX='U';
  end_body;
end_primitive;

END.
