FILE_TYPE=LIBRARY_PARTS;

PRIMITIVE 'CON_RJ45_TH_RA_SHLD_16';
  PIN
   'SHIELD_GND1':
      PIN_NUMBER='(17)';
      PINUSE='GROUND';
   'SHIELD_GND2':
      PIN_NUMBER='(18)';
      PINUSE='GROUND';
    'MDCT0':
      PIN_NUMBER='(12)';
      PIN_TYPE='ANALOG';
      NO_LOAD_CHECK='BOTH';
      NO_IO_CHECK='BOTH';
      ALLOW_CONNECT='TRUE';
    'MDCT1':
      PIN_NUMBER='(6)';
      PIN_TYPE='ANALOG';
      NO_LOAD_CHECK='BOTH';
      NO_IO_CHECK='BOTH';
      ALLOW_CONNECT='TRUE';
    'MDCT2':
      PIN_NUMBER='(1)';
      PIN_TYPE='ANALOG';
      NO_LOAD_CHECK='BOTH';
      NO_IO_CHECK='BOTH';
      ALLOW_CONNECT='TRUE';
    'MDCT3':
      PIN_NUMBER='(7)';
      PIN_TYPE='ANALOG';
      NO_LOAD_CHECK='BOTH';
      NO_IO_CHECK='BOTH';
      ALLOW_CONNECT='TRUE';
    '-ORANGE':
      PIN_NUMBER='(15)';
      INPUT_LOAD='(-0.01,0.01)';
    '-GREEN2':
      PIN_NUMBER='(16)';
      INPUT_LOAD='(-0.01,0.01)';
	'GREEN1':
      PIN_NUMBER='(14)';
      INPUT_LOAD='(-0.01,0.01)';
    '-GREEN1':
      PIN_NUMBER='(13)';
      INPUT_LOAD='(-0.01,0.01)';
    '-MD0N':
      PIN_NUMBER='(10)';
      PIN_TYPE='ANALOG';
      NO_LOAD_CHECK='BOTH';
      NO_IO_CHECK='BOTH';
      ALLOW_CONNECT='TRUE';
	'MD0P':
      PIN_NUMBER='(11)';
      PIN_TYPE='ANALOG';
      NO_LOAD_CHECK='BOTH';
      NO_IO_CHECK='BOTH';
      ALLOW_CONNECT='TRUE';
    '-MD1N':
      PIN_NUMBER='(5)';
      PIN_TYPE='ANALOG';
      NO_LOAD_CHECK='BOTH';
      NO_IO_CHECK='BOTH';
      ALLOW_CONNECT='TRUE';
    'MD1P':
      PIN_NUMBER='(4)';
      PIN_TYPE='ANALOG';
      NO_LOAD_CHECK='BOTH';
      NO_IO_CHECK='BOTH';
      ALLOW_CONNECT='TRUE';
    '-MD2N':
      PIN_NUMBER='(2)';
      PIN_TYPE='ANALOG';
      NO_LOAD_CHECK='BOTH';
      NO_IO_CHECK='BOTH';
      ALLOW_CONNECT='TRUE';
    'MD2P':
      PIN_NUMBER='(3)';
      PIN_TYPE='ANALOG';
      NO_LOAD_CHECK='BOTH';
      NO_IO_CHECK='BOTH';
      ALLOW_CONNECT='TRUE';
    '-MD3N':
      PIN_NUMBER='(9)';
      PIN_TYPE='ANALOG';
      NO_LOAD_CHECK='BOTH';
      NO_IO_CHECK='BOTH';
      ALLOW_CONNECT='TRUE';
    'MD3P':
      PIN_NUMBER='(8)';
      PIN_TYPE='ANALOG';
      NO_LOAD_CHECK='BOTH';
      NO_IO_CHECK='BOTH';
      ALLOW_CONNECT='TRUE';
  END_PIN;
  BODY
    PART_NAME='CON_RJ45';
    BODY_NAME='CON_RJ45';
    CLASS='IO';
    PHYS_DES_PREFIX='J';
  END_BODY;
END_PRIMITIVE;

PRIMITIVE 'CON_RJ45_RJ45_10GIGE';
  PIN
   'GPIN1':
      PIN_NUMBER='(20)';
      PIN_TYPE='ANALOG';
      NO_LOAD_CHECK='BOTH';
      NO_IO_CHECK='BOTH';
      ALLOW_CONNECT='TRUE';
   'GPIN2':
      PIN_NUMBER='(21)';
      PIN_TYPE='ANALOG';
      NO_LOAD_CHECK='BOTH';
      NO_IO_CHECK='BOTH';
      ALLOW_CONNECT='TRUE';
    'CT1':
      PIN_NUMBER='(7)';
      PIN_TYPE='ANALOG';
      NO_LOAD_CHECK='BOTH';
      NO_IO_CHECK='BOTH';
      ALLOW_CONNECT='TRUE';
    'CT2':
      PIN_NUMBER='(1)';
      PIN_TYPE='ANALOG';
      NO_LOAD_CHECK='BOTH';
      NO_IO_CHECK='BOTH';
      ALLOW_CONNECT='TRUE';
    'CT3':
      PIN_NUMBER='(6)';
      PIN_TYPE='ANALOG';
      NO_LOAD_CHECK='BOTH';
      NO_IO_CHECK='BOTH';
      ALLOW_CONNECT='TRUE';
    'CT4':
      PIN_NUMBER='(12)';
      PIN_TYPE='ANALOG';
      NO_LOAD_CHECK='BOTH';
      NO_IO_CHECK='BOTH';
      ALLOW_CONNECT='TRUE';
    '-GREEN1':
      PIN_NUMBER='(16)';
      INPUT_LOAD='(-0.01,0.01)';
    '-GREEN2':
      PIN_NUMBER='(17)';
      INPUT_LOAD='(-0.01,0.01)';
    'IECT':
      PIN_NUMBER='(13)';
      PIN_TYPE='ANALOG';
      NO_LOAD_CHECK='BOTH';
      NO_IO_CHECK='BOTH';
      ALLOW_CONNECT='TRUE';
    '-IETN':
      PIN_NUMBER='(15)';
      PIN_TYPE='ANALOG';
      NO_LOAD_CHECK='BOTH';
      NO_IO_CHECK='BOTH';
      ALLOW_CONNECT='TRUE';
    'IETP':
      PIN_NUMBER='(14)';
      PIN_TYPE='ANALOG';
      NO_LOAD_CHECK='BOTH';
      NO_IO_CHECK='BOTH';
      ALLOW_CONNECT='TRUE';
    '-ORANGE1':
      PIN_NUMBER='(18)';
      INPUT_LOAD='(-0.01,0.01)';
    '-ORANGE2':
      PIN_NUMBER='(19)';
      INPUT_LOAD='(-0.01,0.01)';
    '-TR1N':
      PIN_NUMBER='(9)';
      PIN_TYPE='ANALOG';
      NO_LOAD_CHECK='BOTH';
      NO_IO_CHECK='BOTH';
      ALLOW_CONNECT='TRUE';
    'TR1P':
      PIN_NUMBER='(8)';
      PIN_TYPE='ANALOG';
      NO_LOAD_CHECK='BOTH';
      NO_IO_CHECK='BOTH';
      ALLOW_CONNECT='TRUE';
    '-TR2N':
      PIN_NUMBER='(3)';
      PIN_TYPE='ANALOG';
      NO_LOAD_CHECK='BOTH';
      NO_IO_CHECK='BOTH';
      ALLOW_CONNECT='TRUE';
    'TR2P':
      PIN_NUMBER='(2)';
      PIN_TYPE='ANALOG';
      NO_LOAD_CHECK='BOTH';
      NO_IO_CHECK='BOTH';
      ALLOW_CONNECT='TRUE';
    '-TR3N':
      PIN_NUMBER='(5)';
      PIN_TYPE='ANALOG';
      NO_LOAD_CHECK='BOTH';
      NO_IO_CHECK='BOTH';
      ALLOW_CONNECT='TRUE';
    'TR3P':
      PIN_NUMBER='(4)';
      PIN_TYPE='ANALOG';
      NO_LOAD_CHECK='BOTH';
      NO_IO_CHECK='BOTH';
      ALLOW_CONNECT='TRUE';
    '-TR4N':
      PIN_NUMBER='(11)';
      PIN_TYPE='ANALOG';
      NO_LOAD_CHECK='BOTH';
      NO_IO_CHECK='BOTH';
      ALLOW_CONNECT='TRUE';
    'TR4P':
      PIN_NUMBER='(10)';
      PIN_TYPE='ANALOG';
      NO_LOAD_CHECK='BOTH';
      NO_IO_CHECK='BOTH';
      ALLOW_CONNECT='TRUE';
  END_PIN;
  BODY
    PART_NAME='CON_RJ45';
    BODY_NAME='CON_RJ45';
    CLASS='IO';
    PHYS_DES_PREFIX='J';
  END_BODY;
END_PRIMITIVE;

primitive 'CON_RJ45_RJ45_10PIN';
  pin
    'TR0P':
      PIN_NUMBER='(1)';
      BIDIRECTIONAL='TRUE';
      INPUT_LOAD='(-0.01,0.01)';
      OUTPUT_LOAD='(1.0,-1.0)';
    'TR0N':
      PIN_NUMBER='(2)';
      BIDIRECTIONAL='TRUE';
      INPUT_LOAD='(-0.01,0.01)';
      OUTPUT_LOAD='(1.0,-1.0)';
    'TR1P':
      PIN_NUMBER='(3)';
      BIDIRECTIONAL='TRUE';
      INPUT_LOAD='(-0.01,0.01)';
      OUTPUT_LOAD='(1.0,-1.0)';
    'TR1N':
      PIN_NUMBER='(6)';
      BIDIRECTIONAL='TRUE';
      INPUT_LOAD='(-0.01,0.01)';
      OUTPUT_LOAD='(1.0,-1.0)';
    'TR2P':
      PIN_NUMBER='(4)';
      BIDIRECTIONAL='TRUE';
      INPUT_LOAD='(-0.01,0.01)';
      OUTPUT_LOAD='(1.0,-1.0)';
    'TR2N':
      PIN_NUMBER='(5)';
      BIDIRECTIONAL='TRUE';
      INPUT_LOAD='(-0.01,0.01)';
      OUTPUT_LOAD='(1.0,-1.0)';
    'TR3P':
      PIN_NUMBER='(7)';
      BIDIRECTIONAL='TRUE';
      INPUT_LOAD='(-0.01,0.01)';
      OUTPUT_LOAD='(1.0,-1.0)';
    'TR3N':
      PIN_NUMBER='(8)';
      BIDIRECTIONAL='TRUE';
      INPUT_LOAD='(-0.01,0.01)';
      OUTPUT_LOAD='(1.0,-1.0)';
    'SHIELD1':
      PIN_NUMBER='(9)';
      PINUSE='POWER';
    'SHIELD2':
      PIN_NUMBER='(10)';
      PINUSE='POWER';
  end_pin;
  body
    BODY_NAME='CON_RJ45';
    PART_NAME='CON_RJ45';
    PHYS_DES_PREFIX='J';
    CLASS='IO';
  end_body;
end_primitive;

primitive 'CON_RJ45_RJ45_20PIN';
  pin
    'CT0':
      PIN_NUMBER='(3)';
      PIN_TYPE='ANALOG';
      NO_LOAD_CHECK='BOTH';
      NO_IO_CHECK='BOTH';
      ALLOW_CONNECT='TRUE';
    'TR0P':
      PIN_NUMBER='(1)';
      BIDIRECTIONAL='TRUE';
      INPUT_LOAD='(-0.01,0.01)';
      OUTPUT_LOAD='(1.0,-1.0)';
    'TR0N':
      PIN_NUMBER='(2)';
      BIDIRECTIONAL='TRUE';
      INPUT_LOAD='(-0.01,0.01)';
      OUTPUT_LOAD='(1.0,-1.0)';
    'TR1P':
      PIN_NUMBER='(4)';
      BIDIRECTIONAL='TRUE';
      INPUT_LOAD='(-0.01,0.01)';
      OUTPUT_LOAD='(1.0,-1.0)';
    'TR1N':
      PIN_NUMBER='(5)';
      BIDIRECTIONAL='TRUE';
      INPUT_LOAD='(-0.01,0.01)';
      OUTPUT_LOAD='(1.0,-1.0)';
    'CT1':
      PIN_NUMBER='(6)';
      PIN_TYPE='ANALOG';
      NO_LOAD_CHECK='BOTH';
      NO_IO_CHECK='BOTH';
      ALLOW_CONNECT='TRUE';
    'CT2':
      PIN_NUMBER='(9)';
      PIN_TYPE='ANALOG';
      NO_LOAD_CHECK='BOTH';
      NO_IO_CHECK='BOTH';
      ALLOW_CONNECT='TRUE';
    'TR2P':
      PIN_NUMBER='(7)';
      BIDIRECTIONAL='TRUE';
      INPUT_LOAD='(-0.01,0.01)';
      OUTPUT_LOAD='(1.0,-1.0)';
    'TR2N':
      PIN_NUMBER='(8)';
      BIDIRECTIONAL='TRUE';
      INPUT_LOAD='(-0.01,0.01)';
      OUTPUT_LOAD='(1.0,-1.0)';
    'TR3P':
      PIN_NUMBER='(10)';
      BIDIRECTIONAL='TRUE';
      INPUT_LOAD='(-0.01,0.01)';
      OUTPUT_LOAD='(1.0,-1.0)';
    'TR3N':
      PIN_NUMBER='(11)';
      BIDIRECTIONAL='TRUE';
      INPUT_LOAD='(-0.01,0.01)';
      OUTPUT_LOAD='(1.0,-1.0)';
    'CT3':
      PIN_NUMBER='(12)';
      OUTPUT_TYPE='(TS,TS)';
      BIDIRECTIONAL='TRUE';
      INPUT_LOAD='(-0.01,0.01)';
      OUTPUT_LOAD='(1.0,-1.0)';
    '13':
      PIN_NUMBER='(13)';
      PIN_TYPE='ANALOG';
      NO_LOAD_CHECK='BOTH';
      NO_IO_CHECK='BOTH';
      ALLOW_CONNECT='TRUE';
    '14':
      PIN_NUMBER='(14)';
      PIN_TYPE='ANALOG';
      NO_LOAD_CHECK='BOTH';
      NO_IO_CHECK='BOTH';
      ALLOW_CONNECT='TRUE';
    '15':
      PIN_NUMBER='(15)';
      PIN_TYPE='ANALOG';
      NO_LOAD_CHECK='BOTH';
      NO_IO_CHECK='BOTH';
      ALLOW_CONNECT='TRUE';
    '16':
      PIN_NUMBER='(16)';
      PIN_TYPE='ANALOG';
      NO_LOAD_CHECK='BOTH';
      NO_IO_CHECK='BOTH';
      ALLOW_CONNECT='TRUE';
    'SHIELD1':
      PIN_NUMBER='(17)';
      PINUSE='POWER';
    'SHIELD2':
      PIN_NUMBER='(18)';
      PINUSE='POWER';
    'SHIELD3':
      PIN_NUMBER='(19)';
      PINUSE='POWER';
    'SHIELD4':
      PIN_NUMBER='(20)';
      PINUSE='POWER';
  end_pin;
  body
    BODY_NAME='CON_RJ45';
    PART_NAME='CON_RJ45';
    PHYS_DES_PREFIX='J';
    CLASS='IO';
  end_body;
end_primitive;

primitive 'CON_RJ45_TH_RA_SHLD','CON_RJ45_TH_RA_SHLD_14';
  pin
    '1':
      PIN_NUMBER='(1)';
      PIN_TYPE='ANALOG';
      NO_LOAD_CHECK='BOTH';
      NO_IO_CHECK='BOTH';
      ALLOW_CONNECT='TRUE';
    '2':
      PIN_NUMBER='(2)';
      PIN_TYPE='ANALOG';
      NO_LOAD_CHECK='BOTH';
      NO_IO_CHECK='BOTH';
      ALLOW_CONNECT='TRUE';
    '3':
      PIN_NUMBER='(3)';
      PIN_TYPE='ANALOG';
      NO_LOAD_CHECK='BOTH';
      NO_IO_CHECK='BOTH';
      ALLOW_CONNECT='TRUE';
    '4':
      PIN_NUMBER='(4)';
      PIN_TYPE='ANALOG';
      NO_LOAD_CHECK='BOTH';
      NO_IO_CHECK='BOTH';
      ALLOW_CONNECT='TRUE';
    '5':
      PIN_NUMBER='(5)';
      PIN_TYPE='ANALOG';
      NO_LOAD_CHECK='BOTH';
      NO_IO_CHECK='BOTH';
      ALLOW_CONNECT='TRUE';
    '6':
      PIN_NUMBER='(6)';
      PIN_TYPE='ANALOG';
      NO_LOAD_CHECK='BOTH';
      NO_IO_CHECK='BOTH';
      ALLOW_CONNECT='TRUE';
    '7':
      PIN_NUMBER='(7)';
      PIN_TYPE='ANALOG';
      NO_LOAD_CHECK='BOTH';
      NO_IO_CHECK='BOTH';
      ALLOW_CONNECT='TRUE';
    '8':
      PIN_NUMBER='(8)';
      PIN_TYPE='ANALOG';
      NO_LOAD_CHECK='BOTH';
      NO_IO_CHECK='BOTH';
      ALLOW_CONNECT='TRUE';
    '9':
      PIN_NUMBER='(9)';
      PIN_TYPE='ANALOG';
      NO_LOAD_CHECK='BOTH';
      NO_IO_CHECK='BOTH';
      ALLOW_CONNECT='TRUE';
    '10':
      PIN_NUMBER='(10)';
      PIN_TYPE='ANALOG';
      NO_LOAD_CHECK='BOTH';
      NO_IO_CHECK='BOTH';
      ALLOW_CONNECT='TRUE';
    '11':
      PIN_NUMBER='(11)';
      PIN_TYPE='ANALOG';
      NO_LOAD_CHECK='BOTH';
      NO_IO_CHECK='BOTH';
      ALLOW_CONNECT='TRUE';
    '12':
      PIN_NUMBER='(12)';
      PIN_TYPE='ANALOG';
      NO_LOAD_CHECK='BOTH';
      NO_IO_CHECK='BOTH';
      ALLOW_CONNECT='TRUE';
    '13':
      PIN_NUMBER='(13)';
      PIN_TYPE='ANALOG';
      NO_LOAD_CHECK='BOTH';
      NO_IO_CHECK='BOTH';
      ALLOW_CONNECT='TRUE';
    '14':
      PIN_NUMBER='(14)';
      PIN_TYPE='ANALOG';
      NO_LOAD_CHECK='BOTH';
      NO_IO_CHECK='BOTH';
      ALLOW_CONNECT='TRUE';
  end_pin;
  body
    PART_NAME='CON_RJ45';
    BODY_NAME='CON_RJ45';
    PHYS_DES_PREFIX='J';
    CLASS='IO';
  end_body;
end_primitive;

primitive 'CON_RJ45_TH_RA_SHLD_10PIN';
  pin
    '1':
      PIN_NUMBER='(1)';
      PIN_TYPE='ANALOG';
      NO_LOAD_CHECK='BOTH';
      NO_IO_CHECK='BOTH';
      ALLOW_CONNECT='TRUE';
    '2':
      PIN_NUMBER='(2)';
      PIN_TYPE='ANALOG';
      NO_LOAD_CHECK='BOTH';
      NO_IO_CHECK='BOTH';
      ALLOW_CONNECT='TRUE';
    '3':
      PIN_NUMBER='(3)';
      PIN_TYPE='ANALOG';
      NO_LOAD_CHECK='BOTH';
      NO_IO_CHECK='BOTH';
      ALLOW_CONNECT='TRUE';
    '4':
      PIN_NUMBER='(4)';
      PIN_TYPE='ANALOG';
      NO_LOAD_CHECK='BOTH';
      NO_IO_CHECK='BOTH';
      ALLOW_CONNECT='TRUE';
    '5':
      PIN_NUMBER='(5)';
      PIN_TYPE='ANALOG';
      NO_LOAD_CHECK='BOTH';
      NO_IO_CHECK='BOTH';
      ALLOW_CONNECT='TRUE';
    '6':
      PIN_NUMBER='(6)';
      PIN_TYPE='ANALOG';
      NO_LOAD_CHECK='BOTH';
      NO_IO_CHECK='BOTH';
      ALLOW_CONNECT='TRUE';
    '7':
      PIN_NUMBER='(7)';
      PIN_TYPE='ANALOG';
      NO_LOAD_CHECK='BOTH';
      NO_IO_CHECK='BOTH';
      ALLOW_CONNECT='TRUE';
    '8':
      PIN_NUMBER='(8)';
      PIN_TYPE='ANALOG';
      NO_LOAD_CHECK='BOTH';
      NO_IO_CHECK='BOTH';
      ALLOW_CONNECT='TRUE';
    '9':
      PIN_NUMBER='(9)';
      PIN_TYPE='ANALOG';
      NO_LOAD_CHECK='BOTH';
      NO_IO_CHECK='BOTH';
      ALLOW_CONNECT='TRUE';
    '10':
      PIN_NUMBER='(10)';
      PIN_TYPE='ANALOG';
      NO_LOAD_CHECK='BOTH';
      NO_IO_CHECK='BOTH';
      ALLOW_CONNECT='TRUE';
  end_pin;
  body
    PART_NAME='CON_RJ45';
    BODY_NAME='CON_RJ45';
    PHYS_DES_PREFIX='J';
    CLASS='IO';
  end_body;
end_primitive;

primitive 'CON_RJ45_RJ45_12PIN';
  pin
    'TDP':
      PIN_NUMBER='(1)';
      PIN_TYPE='ANALOG';
      NO_LOAD_CHECK='BOTH';
      NO_IO_CHECK='BOTH';
      ALLOW_CONNECT='TRUE';
    'TDN':
      PIN_NUMBER='(2)';
      PIN_TYPE='ANALOG';
      NO_LOAD_CHECK='BOTH';
      NO_IO_CHECK='BOTH';
      ALLOW_CONNECT='TRUE';
    'CT1':
      PIN_NUMBER='(3)';
      PIN_TYPE='ANALOG';
      NO_LOAD_CHECK='BOTH';
      NO_IO_CHECK='BOTH';
      ALLOW_CONNECT='TRUE';
    'GND1':
      PIN_NUMBER='(4)';
      PINUSE='POWER';
    'GND2':
      PIN_NUMBER='(5)';
      PINUSE='POWER';
    'CT2':
      PIN_NUMBER='(6)';
      PIN_TYPE='ANALOG';
      NO_LOAD_CHECK='BOTH';
      NO_IO_CHECK='BOTH';
      ALLOW_CONNECT='TRUE';
    'RDP':
      PIN_NUMBER='(7)';
      PIN_TYPE='ANALOG';
      NO_LOAD_CHECK='BOTH';
      NO_IO_CHECK='BOTH';
      ALLOW_CONNECT='TRUE';
    'RDN':
      PIN_NUMBER='(8)';
      PIN_TYPE='ANALOG';
      NO_LOAD_CHECK='BOTH';
      NO_IO_CHECK='BOTH';
      ALLOW_CONNECT='TRUE';
    'YELC':
      PIN_NUMBER='(12)';
      PIN_TYPE='ANALOG';
      NO_LOAD_CHECK='BOTH';
      NO_IO_CHECK='BOTH';
      ALLOW_CONNECT='TRUE';
    'YELA':
      PIN_NUMBER='(11)';
      PIN_TYPE='ANALOG';
      NO_LOAD_CHECK='BOTH';
      NO_IO_CHECK='BOTH';
      ALLOW_CONNECT='TRUE';
    'GRNC':
      PIN_NUMBER='(10)';
      PIN_TYPE='ANALOG';
      NO_LOAD_CHECK='BOTH';
      NO_IO_CHECK='BOTH';
      ALLOW_CONNECT='TRUE';
    'GRNA':
      PIN_NUMBER='(9)';
      PIN_TYPE='ANALOG';
      NO_LOAD_CHECK='BOTH';
      NO_IO_CHECK='BOTH';
      ALLOW_CONNECT='TRUE';
    'GND3':
      PIN_NUMBER='(13)';
      PINUSE='POWER';
    'GND4':
      PIN_NUMBER='(14)';
      PINUSE='POWER';
  end_pin;
  body
    PART_NAME='CON_RJ45';
    BODY_NAME='CON_RJ45';
    PHYS_DES_PREFIX='J';
    CLASS='IO';
  end_body;
end_primitive;

primitive 'CON_RJ45_RJ45_GIGE';
  pin
    '1':
      PIN_NUMBER='(1)';
      PIN_TYPE='ANALOG';
      NO_LOAD_CHECK='BOTH';
      NO_IO_CHECK='BOTH';
      ALLOW_CONNECT='TRUE';
    '2':
      PIN_NUMBER='(2)';
      PIN_TYPE='ANALOG';
      NO_LOAD_CHECK='BOTH';
      NO_IO_CHECK='BOTH';
      ALLOW_CONNECT='TRUE';
    '3':
      PIN_NUMBER='(3)';
      PIN_TYPE='ANALOG';
      NO_LOAD_CHECK='BOTH';
      NO_IO_CHECK='BOTH';
      ALLOW_CONNECT='TRUE';
    '4':
      PIN_NUMBER='(4)';
      PIN_TYPE='ANALOG';
      NO_LOAD_CHECK='BOTH';
      NO_IO_CHECK='BOTH';
      ALLOW_CONNECT='TRUE';
    '5':
      PIN_NUMBER='(5)';
      PIN_TYPE='ANALOG';
      NO_LOAD_CHECK='BOTH';
      NO_IO_CHECK='BOTH';
      ALLOW_CONNECT='TRUE';
    '6':
      PIN_NUMBER='(6)';
      PIN_TYPE='ANALOG';
      NO_LOAD_CHECK='BOTH';
      NO_IO_CHECK='BOTH';
      ALLOW_CONNECT='TRUE';
    '7':
      PIN_NUMBER='(7)';
      PIN_TYPE='ANALOG';
      NO_LOAD_CHECK='BOTH';
      NO_IO_CHECK='BOTH';
      ALLOW_CONNECT='TRUE';
    '8':
      PIN_NUMBER='(8)';
      PIN_TYPE='ANALOG';
      NO_LOAD_CHECK='BOTH';
      NO_IO_CHECK='BOTH';
      ALLOW_CONNECT='TRUE';
    '9':
      PIN_NUMBER='(9)';
      PIN_TYPE='ANALOG';
      NO_LOAD_CHECK='BOTH';
      NO_IO_CHECK='BOTH';
      ALLOW_CONNECT='TRUE';
    '10':
      PIN_NUMBER='(10)';
      PIN_TYPE='ANALOG';
      NO_LOAD_CHECK='BOTH';
      NO_IO_CHECK='BOTH';
      ALLOW_CONNECT='TRUE';
    '11':
      PIN_NUMBER='(11)';
      PIN_TYPE='ANALOG';
      NO_LOAD_CHECK='BOTH';
      NO_IO_CHECK='BOTH';
      ALLOW_CONNECT='TRUE';
    '12':
      PIN_NUMBER='(12)';
      PIN_TYPE='ANALOG';
      NO_LOAD_CHECK='BOTH';
      NO_IO_CHECK='BOTH';
      ALLOW_CONNECT='TRUE';
    '13':
      PIN_NUMBER='(13)';
      PIN_TYPE='ANALOG';
      NO_LOAD_CHECK='BOTH';
      NO_IO_CHECK='BOTH';
      ALLOW_CONNECT='TRUE';
    '14':
      PIN_NUMBER='(14)';
      PIN_TYPE='ANALOG';
      NO_LOAD_CHECK='BOTH';
      NO_IO_CHECK='BOTH';
      ALLOW_CONNECT='TRUE';
    '15':
      PIN_NUMBER='(15)';
      PIN_TYPE='ANALOG';
      NO_LOAD_CHECK='BOTH';
      NO_IO_CHECK='BOTH';
      ALLOW_CONNECT='TRUE';
    '16':
      PIN_NUMBER='(16)';
      PIN_TYPE='ANALOG';
      NO_LOAD_CHECK='BOTH';
      NO_IO_CHECK='BOTH';
      ALLOW_CONNECT='TRUE';
    '17':
      PIN_NUMBER='(17)';
      PIN_TYPE='ANALOG';
      NO_LOAD_CHECK='BOTH';
      NO_IO_CHECK='BOTH';
      ALLOW_CONNECT='TRUE';
    '18':
      PIN_NUMBER='(18)';
      PIN_TYPE='ANALOG';
      NO_LOAD_CHECK='BOTH';
      NO_IO_CHECK='BOTH';
      ALLOW_CONNECT='TRUE';
  end_pin;
  body
    PART_NAME='CON_RJ45';
    BODY_NAME='CON_RJ45';
    PHYS_DES_PREFIX='J';
    CLASS='IO';
  end_body;
end_primitive;

primitive 'CON_RJ45_RJ45_GML';
  pin
    'CH_GND':
      PIN_NUMBER='(R10)';
      PINUSE='GROUND';
    'VCC':
      PIN_NUMBER='(R1)';
      PINUSE='POWER';
    'TX3P':
      PIN_NUMBER='(R8)';
      PIN_TYPE='ANALOG';
      NO_LOAD_CHECK='BOTH';
      NO_IO_CHECK='BOTH';
      ALLOW_CONNECT='TRUE';
    'TX3N':
      PIN_NUMBER='(R9)';
      PIN_TYPE='ANALOG';
      NO_LOAD_CHECK='BOTH';
      NO_IO_CHECK='BOTH';
      ALLOW_CONNECT='TRUE';
    'TX2P':
      PIN_NUMBER='(R6)';
      PIN_TYPE='ANALOG';
      NO_LOAD_CHECK='BOTH';
      NO_IO_CHECK='BOTH';
      ALLOW_CONNECT='TRUE';
    'TX2N':
      PIN_NUMBER='(R7)';
      PIN_TYPE='ANALOG';
      NO_LOAD_CHECK='BOTH';
      NO_IO_CHECK='BOTH';
      ALLOW_CONNECT='TRUE';
    'TX1P':
      PIN_NUMBER='(R4)';
      PIN_TYPE='ANALOG';
      NO_LOAD_CHECK='BOTH';
      NO_IO_CHECK='BOTH';
      ALLOW_CONNECT='TRUE';
    'TX1N':
      PIN_NUMBER='(R5)';
      PIN_TYPE='ANALOG';
      NO_LOAD_CHECK='BOTH';
      NO_IO_CHECK='BOTH';
      ALLOW_CONNECT='TRUE';
    'TX0P':
      PIN_NUMBER='(R2)';
      PIN_TYPE='ANALOG';
      NO_LOAD_CHECK='BOTH';
      NO_IO_CHECK='BOTH';
      ALLOW_CONNECT='TRUE';
    'TX0N':
      PIN_NUMBER='(R3)';
      PIN_TYPE='ANALOG';
      NO_LOAD_CHECK='BOTH';
      NO_IO_CHECK='BOTH';
      ALLOW_CONNECT='TRUE';
    'GND1':
      PIN_NUMBER='(1)';
      PINUSE='GROUND';
    'GND2':
      PIN_NUMBER='(2)';
      PINUSE='GROUND';
    'D3_LED':
      PIN_NUMBER='(L2)';
      PIN_TYPE='ANALOG';
      NO_LOAD_CHECK='BOTH';
      NO_IO_CHECK='BOTH';
      ALLOW_CONNECT='TRUE';
    'D1_LED':
      PIN_NUMBER='(L4)';
      PIN_TYPE='ANALOG';
      NO_LOAD_CHECK='BOTH';
      NO_IO_CHECK='BOTH';
      ALLOW_CONNECT='TRUE';
    'D4_LED':
      PIN_NUMBER='(L1)';
      PIN_TYPE='ANALOG';
      NO_LOAD_CHECK='BOTH';
      NO_IO_CHECK='BOTH';
      ALLOW_CONNECT='TRUE';
    'D2_LED':
      PIN_NUMBER='(L3)';
      PIN_TYPE='ANALOG';
      NO_LOAD_CHECK='BOTH';
      NO_IO_CHECK='BOTH';
      ALLOW_CONNECT='TRUE';
  end_pin;
  body
    PART_NAME='CON_RJ45';
    BODY_NAME='CON_RJ45';
    PHYS_DES_PREFIX='J';
    CLASS='IO';
  end_body;
end_primitive;

primitive 'CON_RJ45_RJ45_16PIN';
  pin
    '1':
      PIN_NUMBER='(1)';
      PIN_TYPE='ANALOG';
      NO_LOAD_CHECK='Both';
      NO_IO_CHECK='Both';
      ALLOW_CONNECT='TRUE';
    '2':
      PIN_NUMBER='(2)';
      PIN_TYPE='ANALOG';
      NO_LOAD_CHECK='Both';
      NO_IO_CHECK='Both';
      ALLOW_CONNECT='TRUE';
    '3':
      PIN_NUMBER='(3)';
      PIN_TYPE='ANALOG';
      NO_LOAD_CHECK='Both';
      NO_IO_CHECK='Both';
      ALLOW_CONNECT='TRUE';
    '4':
      PIN_NUMBER='(4)';
      PIN_TYPE='ANALOG';
      NO_LOAD_CHECK='Both';
      NO_IO_CHECK='Both';
      ALLOW_CONNECT='TRUE';
    '5':
      PIN_NUMBER='(5)';
      PIN_TYPE='ANALOG';
      NO_LOAD_CHECK='Both';
      NO_IO_CHECK='Both';
      ALLOW_CONNECT='TRUE';
    '6':
      PIN_NUMBER='(6)';
      PIN_TYPE='ANALOG';
      NO_LOAD_CHECK='Both';
      NO_IO_CHECK='Both';
      ALLOW_CONNECT='TRUE';
    '7':
      PIN_NUMBER='(7)';
      PIN_TYPE='ANALOG';
      NO_LOAD_CHECK='Both';
      NO_IO_CHECK='Both';
      ALLOW_CONNECT='TRUE';
    '8':
      PIN_NUMBER='(8)';
      PIN_TYPE='ANALOG';
      NO_LOAD_CHECK='Both';
      NO_IO_CHECK='Both';
      ALLOW_CONNECT='TRUE';
    '9':
      PIN_NUMBER='(9)';
      PIN_TYPE='ANALOG';
      NO_LOAD_CHECK='Both';
      NO_IO_CHECK='Both';
      ALLOW_CONNECT='TRUE';
    '10':
      PIN_NUMBER='(10)';
      PIN_TYPE='ANALOG';
      NO_LOAD_CHECK='Both';
      NO_IO_CHECK='Both';
      ALLOW_CONNECT='TRUE';
    '11':
      PIN_NUMBER='(11)';
      PIN_TYPE='ANALOG';
      NO_LOAD_CHECK='Both';
      NO_IO_CHECK='Both';
      ALLOW_CONNECT='TRUE';
    '12':
      PIN_NUMBER='(12)';
      PIN_TYPE='ANALOG';
      NO_LOAD_CHECK='Both';
      NO_IO_CHECK='Both';
      ALLOW_CONNECT='TRUE';
    '13':
      PIN_NUMBER='(13)';
      PIN_TYPE='ANALOG';
      NO_LOAD_CHECK='Both';
      NO_IO_CHECK='Both';
      ALLOW_CONNECT='TRUE';
    '14':
      PIN_NUMBER='(14)';
      PIN_TYPE='ANALOG';
      NO_LOAD_CHECK='Both';
      NO_IO_CHECK='Both';
      ALLOW_CONNECT='TRUE';
    '15':
      PIN_NUMBER='(15)';
      PIN_TYPE='ANALOG';
      NO_LOAD_CHECK='Both';
      NO_IO_CHECK='Both';
      ALLOW_CONNECT='TRUE';
    '16':
      PIN_NUMBER='(16)';
      PIN_TYPE='ANALOG';
      NO_LOAD_CHECK='Both';
      NO_IO_CHECK='Both';
      ALLOW_CONNECT='TRUE';
  end_pin;
  body
    PART_NAME='CON_RJ45';
    BODY_NAME='CON_RJ45';
    PHYS_DES_PREFIX='J';
    CLASS='IO';
  end_body;
end_primitive;


primitive 'CON_RJ45_RJ45_TM_DUAL';
  pin
    'CH_GND0':
      PIN_NUMBER='(R10)';
      PINUSE='GROUND';
    'VCC0':
      PIN_NUMBER='(R9)';
      PINUSE='POWER';
    'TX3P0':
      PIN_NUMBER='(R7)';
      PIN_TYPE='ANALOG';
      NO_LOAD_CHECK='BOTH';
      NO_IO_CHECK='BOTH';
      ALLOW_CONNECT='TRUE';
    'TX3N0':
      PIN_NUMBER='(R8)';
      PIN_TYPE='ANALOG';
      NO_LOAD_CHECK='BOTH';
      NO_IO_CHECK='BOTH';
      ALLOW_CONNECT='TRUE';
    'TX2P0':
      PIN_NUMBER='(R5)';
      PIN_TYPE='ANALOG';
      NO_LOAD_CHECK='BOTH';
      NO_IO_CHECK='BOTH';
      ALLOW_CONNECT='TRUE';
    'TX2N0':
      PIN_NUMBER='(R6)';
      PIN_TYPE='ANALOG';
      NO_LOAD_CHECK='BOTH';
      NO_IO_CHECK='BOTH';
      ALLOW_CONNECT='TRUE';
    'TX1P0':
      PIN_NUMBER='(R3)';
      PIN_TYPE='ANALOG';
      NO_LOAD_CHECK='BOTH';
      NO_IO_CHECK='BOTH';
      ALLOW_CONNECT='TRUE';
    'TX1N0':
      PIN_NUMBER='(R4)';
      PIN_TYPE='ANALOG';
      NO_LOAD_CHECK='BOTH';
      NO_IO_CHECK='BOTH';
      ALLOW_CONNECT='TRUE';
    'TX0P0':
      PIN_NUMBER='(R1)';
      PIN_TYPE='ANALOG';
      NO_LOAD_CHECK='BOTH';
      NO_IO_CHECK='BOTH';
      ALLOW_CONNECT='TRUE';
    'TX0N0':
      PIN_NUMBER='(R2)';
      PIN_TYPE='ANALOG';
      NO_LOAD_CHECK='BOTH';
      NO_IO_CHECK='BOTH';
      ALLOW_CONNECT='TRUE';
    'GND1':
      PIN_NUMBER='(1)';
      PINUSE='GROUND';
    'GND2':
      PIN_NUMBER='(2)';
      PINUSE='GROUND';
    'GND3':
      PIN_NUMBER='(3)';
      PINUSE='GROUND';
    'D3_LED0':
      PIN_NUMBER='(L2)';
      PIN_TYPE='ANALOG';
      NO_LOAD_CHECK='BOTH';
      NO_IO_CHECK='BOTH';
      ALLOW_CONNECT='TRUE';
    'D1_LED0':
      PIN_NUMBER='(L4)';
      PIN_TYPE='ANALOG';
      NO_LOAD_CHECK='BOTH';
      NO_IO_CHECK='BOTH';
      ALLOW_CONNECT='TRUE';
    'D4_LED0':
      PIN_NUMBER='(L1)';
      PIN_TYPE='ANALOG';
      NO_LOAD_CHECK='BOTH';
      NO_IO_CHECK='BOTH';
      ALLOW_CONNECT='TRUE';
    'D2_LED0':
      PIN_NUMBER='(L3)';
      PIN_TYPE='ANALOG';
      NO_LOAD_CHECK='BOTH';
      NO_IO_CHECK='BOTH';
      ALLOW_CONNECT='TRUE';

    'CH_GND1':
      PIN_NUMBER='(RR10)';
      PINUSE='GROUND';
    'VCC1':
      PIN_NUMBER='(RR9)';
      PINUSE='POWER';
    'TX3P1':
      PIN_NUMBER='(RR7)';
      PIN_TYPE='ANALOG';
      NO_LOAD_CHECK='BOTH';
      NO_IO_CHECK='BOTH';
      ALLOW_CONNECT='TRUE';
    'TX3N1':
      PIN_NUMBER='(RR8)';
      PIN_TYPE='ANALOG';
      NO_LOAD_CHECK='BOTH';
      NO_IO_CHECK='BOTH';
      ALLOW_CONNECT='TRUE';
    'TX2P1':
      PIN_NUMBER='(RR5)';
      PIN_TYPE='ANALOG';
      NO_LOAD_CHECK='BOTH';
      NO_IO_CHECK='BOTH';
      ALLOW_CONNECT='TRUE';
    'TX2N1':
      PIN_NUMBER='(RR6)';
      PIN_TYPE='ANALOG';
      NO_LOAD_CHECK='BOTH';
      NO_IO_CHECK='BOTH';
      ALLOW_CONNECT='TRUE';
    'TX1P1':
      PIN_NUMBER='(RR3)';
      PIN_TYPE='ANALOG';
      NO_LOAD_CHECK='BOTH';
      NO_IO_CHECK='BOTH';
      ALLOW_CONNECT='TRUE';
    'TX1N1':
      PIN_NUMBER='(RR4)';
      PIN_TYPE='ANALOG';
      NO_LOAD_CHECK='BOTH';
      NO_IO_CHECK='BOTH';
      ALLOW_CONNECT='TRUE';
    'TX0P1':
      PIN_NUMBER='(RR1)';
      PIN_TYPE='ANALOG';
      NO_LOAD_CHECK='BOTH';
      NO_IO_CHECK='BOTH';
      ALLOW_CONNECT='TRUE';
    'TX0N1':
      PIN_NUMBER='(RR2)';
      PIN_TYPE='ANALOG';
      NO_LOAD_CHECK='BOTH';
      NO_IO_CHECK='BOTH';
      ALLOW_CONNECT='TRUE';
    'GND4':
      PIN_NUMBER='(4)';
      PINUSE='GROUND';
    'GND5':
      PIN_NUMBER='(5)';
      PINUSE='GROUND';
    'GND6':
      PIN_NUMBER='(6)';
      PINUSE='GROUND';
    'D3_LED1':
      PIN_NUMBER='(LL2)';
      PIN_TYPE='ANALOG';
      NO_LOAD_CHECK='BOTH';
      NO_IO_CHECK='BOTH';
      ALLOW_CONNECT='TRUE';
    'D1_LED1':
      PIN_NUMBER='(LL4)';
      PIN_TYPE='ANALOG';
      NO_LOAD_CHECK='BOTH';
      NO_IO_CHECK='BOTH';
      ALLOW_CONNECT='TRUE';
    'D4_LED1':
      PIN_NUMBER='(LL1)';
      PIN_TYPE='ANALOG';
      NO_LOAD_CHECK='BOTH';
      NO_IO_CHECK='BOTH';
      ALLOW_CONNECT='TRUE';
    'D2_LED1':
      PIN_NUMBER='(LL3)';
      PIN_TYPE='ANALOG';
      NO_LOAD_CHECK='BOTH';
      NO_IO_CHECK='BOTH';
      ALLOW_CONNECT='TRUE';
  end_pin;
  body
    PART_NAME='CON_RJ45';
    BODY_NAME='CON_RJ45';
    PHYS_DES_PREFIX='J';
    CLASS='IO';
  end_body;
end_primitive;

primitive 'CON_RJ45_TH_RA_SHLD_15';
  pin
    'CH_GND':
      PIN_NUMBER='(10)';
      PINUSE='GROUND';
    'VCC':
      PIN_NUMBER='(9)';
      PINUSE='POWER';
    'TX0P':
      PIN_NUMBER='(1)';
      PIN_TYPE='ANALOG';
      NO_LOAD_CHECK='BOTH';
      NO_IO_CHECK='BOTH';
      ALLOW_CONNECT='TRUE';
    'TX0N':
      PIN_NUMBER='(2)';
      PIN_TYPE='ANALOG';
      NO_LOAD_CHECK='BOTH';
      NO_IO_CHECK='BOTH';
      ALLOW_CONNECT='TRUE';
    'TX1P':
      PIN_NUMBER='(3)';
      PIN_TYPE='ANALOG';
      NO_LOAD_CHECK='BOTH';
      NO_IO_CHECK='BOTH';
      ALLOW_CONNECT='TRUE';
    'TX1N':
      PIN_NUMBER='(4)';
      PIN_TYPE='ANALOG';
      NO_LOAD_CHECK='BOTH';
      NO_IO_CHECK='BOTH';
      ALLOW_CONNECT='TRUE';
    'TX2P':
      PIN_NUMBER='(5)';
      PIN_TYPE='ANALOG';
      NO_LOAD_CHECK='BOTH';
      NO_IO_CHECK='BOTH';
      ALLOW_CONNECT='TRUE';
    'TX2N':
      PIN_NUMBER='(6)';
      PIN_TYPE='ANALOG';
      NO_LOAD_CHECK='BOTH';
      NO_IO_CHECK='BOTH';
      ALLOW_CONNECT='TRUE';
    'TX3P':
      PIN_NUMBER='(7)';
      PIN_TYPE='ANALOG';
      NO_LOAD_CHECK='BOTH';
      NO_IO_CHECK='BOTH';
      ALLOW_CONNECT='TRUE';
    'TX3N':
      PIN_NUMBER='(8)';
      PIN_TYPE='ANALOG';
      NO_LOAD_CHECK='BOTH';
      NO_IO_CHECK='BOTH';
      ALLOW_CONNECT='TRUE';
    'LED_DUAL_A':
      PIN_NUMBER='(12)';
      PIN_TYPE='ANALOG';
      NO_LOAD_CHECK='BOTH';
      NO_IO_CHECK='BOTH';
      ALLOW_CONNECT='TRUE';
    'LED_DUAL_C1':
      PIN_NUMBER='(11)';
      PIN_TYPE='ANALOG';
      NO_LOAD_CHECK='BOTH';
      NO_IO_CHECK='BOTH';
      ALLOW_CONNECT='TRUE';
    'LED_DUAL_C2':
      PIN_NUMBER='(13)';
      PIN_TYPE='ANALOG';
      NO_LOAD_CHECK='BOTH';
      NO_IO_CHECK='BOTH';
      ALLOW_CONNECT='TRUE';
    'LED2_A':
      PIN_NUMBER='(14)';
      PIN_TYPE='ANALOG';
      NO_LOAD_CHECK='BOTH';
      NO_IO_CHECK='BOTH';
      ALLOW_CONNECT='TRUE';
    'LED2_C':
      PIN_NUMBER='(15)';
      PIN_TYPE='ANALOG';
      NO_LOAD_CHECK='BOTH';
      NO_IO_CHECK='BOTH';
      ALLOW_CONNECT='TRUE';
    'NC':
      PIN_NUMBER='(16)';
      PINUSE='NC';
    'GND1':
      PIN_NUMBER='(17)';
      PINUSE='GROUND';
    'GND2':
      PIN_NUMBER='(18)';
      PINUSE='GROUND';
  end_pin;
  body
    PART_NAME='CON_RJ45';
    BODY_NAME='CON_RJ45';
    PHYS_DES_PREFIX='J';
    CLASS='IO';
  end_body;
end_primitive;

primitive 'CON_RJ45_TH_DUAL';
  pin
    'TX0N':        PIN_NUMBER='(U1 , L1 )'; PINUSE='UNSPEC'; NO_LOAD_CHECK='Both'; NO_IO_CHECK='Both'; NO_ASSERT_CHECK='TRUE'; NO_DIR_CHECK='TRUE'; ALLOW_CONNECT='TRUE';
    'TX0P':        PIN_NUMBER='(U2 , L2 )'; PINUSE='UNSPEC'; NO_LOAD_CHECK='Both'; NO_IO_CHECK='Both'; NO_ASSERT_CHECK='TRUE'; NO_DIR_CHECK='TRUE'; ALLOW_CONNECT='TRUE';
    'TX1N':        PIN_NUMBER='(U3 , L3 )'; PINUSE='UNSPEC'; NO_LOAD_CHECK='Both'; NO_IO_CHECK='Both'; NO_ASSERT_CHECK='TRUE'; NO_DIR_CHECK='TRUE'; ALLOW_CONNECT='TRUE';
    'TX1P':        PIN_NUMBER='(U4 , L4 )'; PINUSE='UNSPEC'; NO_LOAD_CHECK='Both'; NO_IO_CHECK='Both'; NO_ASSERT_CHECK='TRUE'; NO_DIR_CHECK='TRUE'; ALLOW_CONNECT='TRUE';
    'TX2N':        PIN_NUMBER='(U5 , L5 )'; PINUSE='UNSPEC'; NO_LOAD_CHECK='Both'; NO_IO_CHECK='Both'; NO_ASSERT_CHECK='TRUE'; NO_DIR_CHECK='TRUE'; ALLOW_CONNECT='TRUE';
    'TX2P':        PIN_NUMBER='(U6 , L6 )'; PINUSE='UNSPEC'; NO_LOAD_CHECK='Both'; NO_IO_CHECK='Both'; NO_ASSERT_CHECK='TRUE'; NO_DIR_CHECK='TRUE'; ALLOW_CONNECT='TRUE';
    'TX3N':        PIN_NUMBER='(U7 , L7 )'; PINUSE='UNSPEC'; NO_LOAD_CHECK='Both'; NO_IO_CHECK='Both'; NO_ASSERT_CHECK='TRUE'; NO_DIR_CHECK='TRUE'; ALLOW_CONNECT='TRUE';
    'TX3P':        PIN_NUMBER='(U8 , L8 )'; PINUSE='UNSPEC'; NO_LOAD_CHECK='Both'; NO_IO_CHECK='Both'; NO_ASSERT_CHECK='TRUE'; NO_DIR_CHECK='TRUE'; ALLOW_CONNECT='TRUE';
    'VCC':         PIN_NUMBER='(U9 , L9 )'; PINUSE='UNSPEC'; NO_LOAD_CHECK='Both'; NO_IO_CHECK='Both'; NO_ASSERT_CHECK='TRUE'; NO_DIR_CHECK='TRUE'; ALLOW_CONNECT='TRUE';
    'CH_GND':      PIN_NUMBER='(U10, L10)'; PINUSE='UNSPEC'; NO_LOAD_CHECK='Both'; NO_IO_CHECK='Both'; NO_ASSERT_CHECK='TRUE'; NO_DIR_CHECK='TRUE'; ALLOW_CONNECT='TRUE';
    'GRN_A_YLW_C': PIN_NUMBER='(U11, L11)'; PINUSE='UNSPEC'; NO_LOAD_CHECK='Both'; NO_IO_CHECK='Both'; NO_ASSERT_CHECK='TRUE'; NO_DIR_CHECK='TRUE'; ALLOW_CONNECT='TRUE';
    'GRN_C_YLW_A': PIN_NUMBER='(U12, L12)'; PINUSE='UNSPEC'; NO_LOAD_CHECK='Both'; NO_IO_CHECK='Both'; NO_ASSERT_CHECK='TRUE'; NO_DIR_CHECK='TRUE'; ALLOW_CONNECT='TRUE';
    'GRN_C':       PIN_NUMBER='(U13, L13)'; PINUSE='UNSPEC'; NO_LOAD_CHECK='Both'; NO_IO_CHECK='Both'; NO_ASSERT_CHECK='TRUE'; NO_DIR_CHECK='TRUE'; ALLOW_CONNECT='TRUE';
    'GRN_A':       PIN_NUMBER='(U14, L14)'; PINUSE='UNSPEC'; NO_LOAD_CHECK='Both'; NO_IO_CHECK='Both'; NO_ASSERT_CHECK='TRUE'; NO_DIR_CHECK='TRUE'; ALLOW_CONNECT='TRUE';
    'GND1':        PIN_NUMBER='(15, 16)'; PINUSE='UNSPEC'; NO_LOAD_CHECK='Both'; NO_IO_CHECK='Both'; NO_ASSERT_CHECK='TRUE'; NO_DIR_CHECK='TRUE'; ALLOW_CONNECT='TRUE';
    'GND2':        PIN_NUMBER='(17, 18)'; PINUSE='UNSPEC'; NO_LOAD_CHECK='Both'; NO_IO_CHECK='Both'; NO_ASSERT_CHECK='TRUE'; NO_DIR_CHECK='TRUE'; ALLOW_CONNECT='TRUE';
  end_pin;
  body
    PART_NAME='CON_RJ45';
    BODY_NAME='CON_RJ45';
    PHYS_DES_PREFIX='J';
    CLASS='IO';
    PINCOUNT='32';
  end_body;
end_primitive;

primitive 'CON_RJ45_RJ45_POE';
  pin
    'P1':
      PIN_NUMBER='(1)';
      PIN_TYPE='ANALOG';
      NO_LOAD_CHECK='BOTH';
      NO_IO_CHECK='BOTH';
      ALLOW_CONNECT='TRUE';
    'P2':
      PIN_NUMBER='(2)';
      BIDIRECTIONAL='TRUE';
      INPUT_LOAD='(-0.01,0.01)';
      OUTPUT_LOAD='(1.0,-1.0)';
    'P3':
      PIN_NUMBER='(3)';
      BIDIRECTIONAL='TRUE';
      INPUT_LOAD='(-0.01,0.01)';
      OUTPUT_LOAD='(1.0,-1.0)';
    'P6':
      PIN_NUMBER='(6)';
      BIDIRECTIONAL='TRUE';
      INPUT_LOAD='(-0.01,0.01)';
      OUTPUT_LOAD='(1.0,-1.0)';
    'P4':
      PIN_NUMBER='(4)';
      BIDIRECTIONAL='TRUE';
      INPUT_LOAD='(-0.01,0.01)';
      OUTPUT_LOAD='(1.0,-1.0)';
    'P7':
      PIN_NUMBER='(7)';
      PIN_TYPE='ANALOG';
      NO_LOAD_CHECK='BOTH';
      NO_IO_CHECK='BOTH';
      ALLOW_CONNECT='TRUE';
    'P8':
      PIN_NUMBER='(8)';
      PIN_TYPE='ANALOG';
      NO_LOAD_CHECK='BOTH';
      NO_IO_CHECK='BOTH';
      ALLOW_CONNECT='TRUE';
    'P5':
      PIN_NUMBER='(5)';
      BIDIRECTIONAL='TRUE';
      INPUT_LOAD='(-0.01,0.01)';
      OUTPUT_LOAD='(1.0,-1.0)';
    'P9':
      PIN_NUMBER='(9)';
      BIDIRECTIONAL='TRUE';
      INPUT_LOAD='(-0.01,0.01)';
      OUTPUT_LOAD='(1.0,-1.0)';
    'P10':
      PIN_NUMBER='(10)';
      BIDIRECTIONAL='TRUE';
      INPUT_LOAD='(-0.01,0.01)';
      OUTPUT_LOAD='(1.0,-1.0)';
    'P11':
      PIN_NUMBER='(11)';
      PINUSE='POWER';  
    'P12':
      PIN_NUMBER='(12)';
      PINUSE='POWER';
    'P13':
      PIN_NUMBER='(13)';
      PINUSE='POWER';
    'P14':
      PIN_NUMBER='(14)';
      PINUSE='POWER';
    'P15':
      PIN_NUMBER='(15)';
      PIN_TYPE='ANALOG';
      NO_LOAD_CHECK='BOTH';
      NO_IO_CHECK='BOTH';
      ALLOW_CONNECT='TRUE';
    'P16':
      PIN_NUMBER='(16)';
      PIN_TYPE='ANALOG';
      NO_LOAD_CHECK='BOTH';
      NO_IO_CHECK='BOTH';
      ALLOW_CONNECT='TRUE';
    'P17':
      PIN_NUMBER='(17)';
      PIN_TYPE='ANALOG';
      NO_LOAD_CHECK='BOTH';
      NO_IO_CHECK='BOTH';
      ALLOW_CONNECT='TRUE';
    'P18':
      PIN_NUMBER='(18)';
      PIN_TYPE='ANALOG';
      NO_LOAD_CHECK='BOTH';
      NO_IO_CHECK='BOTH';
      ALLOW_CONNECT='TRUE';
    'SHIELD1':
      PIN_NUMBER='(19)';
      PINUSE='GROUND';
    'SHIELD2':
      PIN_NUMBER='(20)';
      PINUSE='GROUND';
  end_pin;
  body
    BODY_NAME='CON_RJ45';
    PART_NAME='CON_RJ45';
    PHYS_DES_PREFIX='J';
    CLASS='IO';
  end_body;
end_primitive;

PRIMITIVE 'CON_RJ45_RJ45-10GBE';
  PIN
   'GPIN1':
      PIN_NUMBER='(18)';
      PIN_TYPE='ANALOG';
      NO_LOAD_CHECK='BOTH';
      NO_IO_CHECK='BOTH';
      ALLOW_CONNECT='TRUE';
   'GPIN2':
      PIN_NUMBER='(19)';
      PIN_TYPE='ANALOG';
      NO_LOAD_CHECK='BOTH';
      NO_IO_CHECK='BOTH';
      ALLOW_CONNECT='TRUE';
    'CT1':
      PIN_NUMBER='(7)';
      PIN_TYPE='ANALOG';
      NO_LOAD_CHECK='BOTH';
      NO_IO_CHECK='BOTH';
      ALLOW_CONNECT='TRUE';
    'CT2':
      PIN_NUMBER='(1)';
      PIN_TYPE='ANALOG';
      NO_LOAD_CHECK='BOTH';
      NO_IO_CHECK='BOTH';
      ALLOW_CONNECT='TRUE';
    'CT3':
      PIN_NUMBER='(6)';
      PIN_TYPE='ANALOG';
      NO_LOAD_CHECK='BOTH';
      NO_IO_CHECK='BOTH';
      ALLOW_CONNECT='TRUE';
    'CT4':
      PIN_NUMBER='(12)';
      PIN_TYPE='ANALOG';
      NO_LOAD_CHECK='BOTH';
      NO_IO_CHECK='BOTH';
      ALLOW_CONNECT='TRUE';
    'GREEN_N':
      PIN_NUMBER='(13)';
      INPUT_LOAD='(-0.01,0.01)';
	'GREEN':
      PIN_NUMBER='(14)';
      INPUT_LOAD='(-0.01,0.01)';
    'GREEN2_N':
      PIN_NUMBER='(17)';
      INPUT_LOAD='(-0.01,0.01)';
    'YELLOW_N':
      PIN_NUMBER='(15)';
      INPUT_LOAD='(-0.01,0.01)';
    'COM':
      PIN_NUMBER='(16)';
      INPUT_LOAD='(-0.01,0.01)';
    'TR1N_N':
      PIN_NUMBER='(9)';
      PIN_TYPE='ANALOG';
      NO_LOAD_CHECK='BOTH';
      NO_IO_CHECK='BOTH';
      ALLOW_CONNECT='TRUE';
    'TR1P':
      PIN_NUMBER='(8)';
      PIN_TYPE='ANALOG';
      NO_LOAD_CHECK='BOTH';
      NO_IO_CHECK='BOTH';
      ALLOW_CONNECT='TRUE';
    'TR2N_N':
      PIN_NUMBER='(3)';
      PIN_TYPE='ANALOG';
      NO_LOAD_CHECK='BOTH';
      NO_IO_CHECK='BOTH';
      ALLOW_CONNECT='TRUE';
    'TR2P':
      PIN_NUMBER='(2)';
      PIN_TYPE='ANALOG';
      NO_LOAD_CHECK='BOTH';
      NO_IO_CHECK='BOTH';
      ALLOW_CONNECT='TRUE';
    'TR3N_N':
      PIN_NUMBER='(5)';
      PIN_TYPE='ANALOG';
      NO_LOAD_CHECK='BOTH';
      NO_IO_CHECK='BOTH';
      ALLOW_CONNECT='TRUE';
    'TR3P':
      PIN_NUMBER='(4)';
      PIN_TYPE='ANALOG';
      NO_LOAD_CHECK='BOTH';
      NO_IO_CHECK='BOTH';
      ALLOW_CONNECT='TRUE';
    'TR4N_N':
      PIN_NUMBER='(11)';
      PIN_TYPE='ANALOG';
      NO_LOAD_CHECK='BOTH';
      NO_IO_CHECK='BOTH';
      ALLOW_CONNECT='TRUE';
    'TR4P':
      PIN_NUMBER='(10)';
      PIN_TYPE='ANALOG';
      NO_LOAD_CHECK='BOTH';
      NO_IO_CHECK='BOTH';
      ALLOW_CONNECT='TRUE';
  END_PIN;
  BODY
    PART_NAME='CON_RJ45';
    BODY_NAME='CON_RJ45';
    CLASS='IO';
    PHYS_DES_PREFIX='J';
  END_BODY;
END_PRIMITIVE;

primitive 'CON_RJ45_RJ45-1GBE';
  pin
    'GND1':
      PIN_NUMBER='(9)';
      PINUSE='GROUND';
    'GND2':
      PIN_NUMBER='(10)';
      PINUSE='GROUND'; 
    '1':
      PIN_NUMBER='(1)';
      PIN_TYPE='ANALOG';
      NO_LOAD_CHECK='BOTH';
      NO_IO_CHECK='BOTH';
      ALLOW_CONNECT='TRUE';
    '2':
      PIN_NUMBER='(2)';
      PIN_TYPE='ANALOG';
      NO_LOAD_CHECK='BOTH';
      NO_IO_CHECK='BOTH';
      ALLOW_CONNECT='TRUE';
    '3':
      PIN_NUMBER='(3)';
      PIN_TYPE='ANALOG';
      NO_LOAD_CHECK='BOTH';
      NO_IO_CHECK='BOTH';
      ALLOW_CONNECT='TRUE';
    '4':
      PIN_NUMBER='(4)';
      PIN_TYPE='ANALOG';
      NO_LOAD_CHECK='BOTH';
      NO_IO_CHECK='BOTH';
      ALLOW_CONNECT='TRUE';
    '5':
      PIN_NUMBER='(5)';
      PIN_TYPE='ANALOG';
      NO_LOAD_CHECK='BOTH';
      NO_IO_CHECK='BOTH';
      ALLOW_CONNECT='TRUE';
    '6':
      PIN_NUMBER='(6)';
      PIN_TYPE='ANALOG';
      NO_LOAD_CHECK='BOTH';
      NO_IO_CHECK='BOTH';
      ALLOW_CONNECT='TRUE';
    '7':
      PIN_NUMBER='(7)';
      PIN_TYPE='ANALOG';
      NO_LOAD_CHECK='BOTH';
      NO_IO_CHECK='BOTH';
      ALLOW_CONNECT='TRUE';
    '8':
      PIN_NUMBER='(8)';
      PIN_TYPE='ANALOG';
      NO_LOAD_CHECK='BOTH';
      NO_IO_CHECK='BOTH';
      ALLOW_CONNECT='TRUE';
  end_pin;
  body
    PART_NAME='CON_RJ45';
    BODY_NAME='CON_RJ45';
    PHYS_DES_PREFIX='J';
    CLASS='IO';
  end_body;
end_primitive;

END.
