FILE_TYPE=LIBRARY_PARTS;
primitive 'CON_FPC_15_SMD15';
  pin
    '1':
      PIN_NUMBER='(1)';
      BIDIRECTIONAL='TRUE';
      INPUT_LOAD='(-0.01,0.01)';
      OUTPUT_LOAD='(1.0,-1.0)';
    '2':
      PIN_NUMBER='(2)';
      BIDIRECTIONAL='TRUE';
      INPUT_LOAD='(-0.01,0.01)';
      OUTPUT_LOAD='(1.0,-1.0)';
    '3':
      PIN_NUMBER='(3)';
      BIDIRECTIONAL='TRUE';
      INPUT_LOAD='(-0.01,0.01)';
      OUTPUT_LOAD='(1.0,-1.0)';
    '4':
      PIN_NUMBER='(4)';
      BIDIRECTIONAL='TRUE';
      INPUT_LOAD='(-0.01,0.01)';
      OUTPUT_LOAD='(1.0,-1.0)';
    '5':
      PIN_NUMBER='(5)';
      BIDIRECTIONAL='TRUE';
      INPUT_LOAD='(-0.01,0.01)';
      OUTPUT_LOAD='(1.0,-1.0)';
    '6':
      PIN_NUMBER='(6)';
      BIDIRECTIONAL='TRUE';
      INPUT_LOAD='(-0.01,0.01)';
      OUTPUT_LOAD='(1.0,-1.0)';
    '7':
      PIN_NUMBER='(7)';
      BIDIRECTIONAL='TRUE';
      INPUT_LOAD='(-0.01,0.01)';
      OUTPUT_LOAD='(1.0,-1.0)';
    '8':
      PIN_NUMBER='(8)';
      BIDIRECTIONAL='TRUE';
      INPUT_LOAD='(-0.01,0.01)';
      OUTPUT_LOAD='(1.0,-1.0)';
    '9':
      PIN_NUMBER='(9)';
      BIDIRECTIONAL='TRUE';
      INPUT_LOAD='(-0.01,0.01)';
      OUTPUT_LOAD='(1.0,-1.0)';
    '10':
      PIN_NUMBER='(10)';
      BIDIRECTIONAL='TRUE';
      INPUT_LOAD='(-0.01,0.01)';
      OUTPUT_LOAD='(1.0,-1.0)';
    '11':
      PIN_NUMBER='(11)';
      BIDIRECTIONAL='TRUE';
      INPUT_LOAD='(-0.01,0.01)';
      OUTPUT_LOAD='(1.0,-1.0)';
    '12':
      PIN_NUMBER='(12)';
      BIDIRECTIONAL='TRUE';
      INPUT_LOAD='(-0.01,0.01)';
      OUTPUT_LOAD='(1.0,-1.0)';
    '13':
      PIN_NUMBER='(13)';
      BIDIRECTIONAL='TRUE';
      INPUT_LOAD='(-0.01,0.01)';
      OUTPUT_LOAD='(1.0,-1.0)';
    '14':
      PIN_NUMBER='(14)';
      BIDIRECTIONAL='TRUE';
      INPUT_LOAD='(-0.01,0.01)';
      OUTPUT_LOAD='(1.0,-1.0)';
    '15':
      PIN_NUMBER='(15)';
      BIDIRECTIONAL='TRUE';
      INPUT_LOAD='(-0.01,0.01)';
      OUTPUT_LOAD='(1.0,-1.0)';
  end_pin;
  body
    PART_NAME='CON_FPC_15';
    BODY_NAME='CON_FPC_15';
    PHYS_DES_PREFIX='J';
    CLASS='IO';
  end_body;
end_primitive;

primitive 'CON_FPC_15_NONPHY';
  pin
    '1':
      PIN_NUMBER='(1)';
      BIDIRECTIONAL='TRUE';
      INPUT_LOAD='(-0.01,0.01)';
      OUTPUT_LOAD='(1.0,-1.0)';
    '2':
      PIN_NUMBER='(2)';
      BIDIRECTIONAL='TRUE';
      INPUT_LOAD='(-0.01,0.01)';
      OUTPUT_LOAD='(1.0,-1.0)';
    '3':
      PIN_NUMBER='(3)';
      BIDIRECTIONAL='TRUE';
      INPUT_LOAD='(-0.01,0.01)';
      OUTPUT_LOAD='(1.0,-1.0)';
    '4':
      PIN_NUMBER='(4)';
      BIDIRECTIONAL='TRUE';
      INPUT_LOAD='(-0.01,0.01)';
      OUTPUT_LOAD='(1.0,-1.0)';
    '5':
      PIN_NUMBER='(5)';
      BIDIRECTIONAL='TRUE';
      INPUT_LOAD='(-0.01,0.01)';
      OUTPUT_LOAD='(1.0,-1.0)';
    '6':
      PIN_NUMBER='(6)';
      BIDIRECTIONAL='TRUE';
      INPUT_LOAD='(-0.01,0.01)';
      OUTPUT_LOAD='(1.0,-1.0)';
    '7':
      PIN_NUMBER='(7)';
      BIDIRECTIONAL='TRUE';
      INPUT_LOAD='(-0.01,0.01)';
      OUTPUT_LOAD='(1.0,-1.0)';
    '8':
      PIN_NUMBER='(8)';
      BIDIRECTIONAL='TRUE';
      INPUT_LOAD='(-0.01,0.01)';
      OUTPUT_LOAD='(1.0,-1.0)';
    '9':
      PIN_NUMBER='(9)';
      BIDIRECTIONAL='TRUE';
      INPUT_LOAD='(-0.01,0.01)';
      OUTPUT_LOAD='(1.0,-1.0)';
    '10':
      PIN_NUMBER='(10)';
      BIDIRECTIONAL='TRUE';
      INPUT_LOAD='(-0.01,0.01)';
      OUTPUT_LOAD='(1.0,-1.0)';
    '11':
      PIN_NUMBER='(11)';
      BIDIRECTIONAL='TRUE';
      INPUT_LOAD='(-0.01,0.01)';
      OUTPUT_LOAD='(1.0,-1.0)';
    '12':
      PIN_NUMBER='(12)';
      BIDIRECTIONAL='TRUE';
      INPUT_LOAD='(-0.01,0.01)';
      OUTPUT_LOAD='(1.0,-1.0)';
    '13':
      PIN_NUMBER='(13)';
      BIDIRECTIONAL='TRUE';
      INPUT_LOAD='(-0.01,0.01)';
      OUTPUT_LOAD='(1.0,-1.0)';
    '14':
      PIN_NUMBER='(14)';
      BIDIRECTIONAL='TRUE';
      INPUT_LOAD='(-0.01,0.01)';
      OUTPUT_LOAD='(1.0,-1.0)';
    '15':
      PIN_NUMBER='(15)';
      BIDIRECTIONAL='TRUE';
      INPUT_LOAD='(-0.01,0.01)';
      OUTPUT_LOAD='(1.0,-1.0)';
  end_pin;
  body
    PART_NAME='CON_FPC_15';
    BODY_NAME='CON_FPC_15';
    PHYS_DES_PREFIX='J';
    CLASS='IO';
  end_body;
end_primitive;

PRIMITIVE 'CON_FPC_15_SMD15_TE';
	PIN
	'PIN1':
		PIN_NUMBER='(1)';
		INPUT_LOAD='(-0.01,0.01)';
		OUTPUT_LOAD='(1.0,-1.0)';
		BIDIRECTIONAL='TRUE';
	'PIN2':
		PIN_NUMBER='(2)';
		PINUSE='NC';
	'PIN3':
		PIN_NUMBER='(3)';
		INPUT_LOAD='(-0.01,0.01)';
		OUTPUT_LOAD='(1.0,-1.0)';
		BIDIRECTIONAL='TRUE';
	'PIN4':
		PIN_NUMBER='(4)';
		PINUSE='NC';
	'PIN5':
		PIN_NUMBER='(5)';
		INPUT_LOAD='(-0.01,0.01)';
		OUTPUT_LOAD='(1.0,-1.0)';
		BIDIRECTIONAL='TRUE';
	'PIN6':
		PIN_NUMBER='(6)';
		PINUSE='NC';
	'PIN7':
		PIN_NUMBER='(7)';
		INPUT_LOAD='(-0.01,0.01)';
		OUTPUT_LOAD='(1.0,-1.0)';
		BIDIRECTIONAL='TRUE';
	'PIN8':
		PIN_NUMBER='(8)';
		PINUSE='NC';
	'PIN9':
		PIN_NUMBER='(9)';
		INPUT_LOAD='(-0.01,0.01)';
		OUTPUT_LOAD='(1.0,-1.0)';
		BIDIRECTIONAL='TRUE';
	'PIN10':
		PIN_NUMBER='(10)';
		PINUSE='NC';
	'PIN11':
		PIN_NUMBER='(11)';
		INPUT_LOAD='(-0.01,0.01)';
		OUTPUT_LOAD='(1.0,-1.0)';
		BIDIRECTIONAL='TRUE';
	'PIN12':
		PIN_NUMBER='(12)';
		PINUSE='NC';
	'PIN13':
		PIN_NUMBER='(13)';
		INPUT_LOAD='(-0.01,0.01)';
		OUTPUT_LOAD='(1.0,-1.0)';
		BIDIRECTIONAL='TRUE';
	'PIN14':
		PIN_NUMBER='(14)';
		PINUSE='NC';
	'PIN15':
		PIN_NUMBER='(15)';
		INPUT_LOAD='(-0.01,0.01)';
		OUTPUT_LOAD='(1.0,-1.0)';
		BIDIRECTIONAL='TRUE';
	'PIN16':
		PIN_NUMBER='(16)';
		PINUSE='NC';
	'PIN17':
		PIN_NUMBER='(17)';
		INPUT_LOAD='(-0.01,0.01)';
		OUTPUT_LOAD='(1.0,-1.0)';
		BIDIRECTIONAL='TRUE';
	'PIN18':
		PIN_NUMBER='(18)';
		PINUSE='NC';
	'PIN19':
		PIN_NUMBER='(19)';
		INPUT_LOAD='(-0.01,0.01)';
		OUTPUT_LOAD='(1.0,-1.0)';
		BIDIRECTIONAL='TRUE';
	'PIN20':
		PIN_NUMBER='(20)';
		PINUSE='NC';
	'PIN21':
		PIN_NUMBER='(21)';
		INPUT_LOAD='(-0.01,0.01)';
		OUTPUT_LOAD='(1.0,-1.0)';
		BIDIRECTIONAL='TRUE';
	'PIN22':
		PIN_NUMBER='(22)';
		PINUSE='NC';
	'PIN23':
		PIN_NUMBER='(23)';
		INPUT_LOAD='(-0.01,0.01)';
		OUTPUT_LOAD='(1.0,-1.0)';
		BIDIRECTIONAL='TRUE';
	'PIN24':
		PIN_NUMBER='(24)';
		PINUSE='NC';
	'PIN25':
		PIN_NUMBER='(25)';
		INPUT_LOAD='(-0.01,0.01)';
		OUTPUT_LOAD='(1.0,-1.0)';
		BIDIRECTIONAL='TRUE';
	'PIN26':
		PIN_NUMBER='(26)';
		PINUSE='NC';
	'PIN27':
		PIN_NUMBER='(27)';
		INPUT_LOAD='(-0.01,0.01)';
		OUTPUT_LOAD='(1.0,-1.0)';
		BIDIRECTIONAL='TRUE';
	'PIN28':
		PIN_NUMBER='(28)';
		PINUSE='NC';
	'PIN29':
		PIN_NUMBER='(29)';
		INPUT_LOAD='(-0.01,0.01)';
		OUTPUT_LOAD='(1.0,-1.0)';
		BIDIRECTIONAL='TRUE';
	'PIN30':
		PIN_NUMBER='(30)';
		PINUSE='NC';
	END_PIN;
	BODY
		PHYS_DES_PREFIX='J';
		CLASS='IO';
		PART_NAME='CON_FPC_15';
		BODY_NAME='CON_FPC_15';
	END_BODY;
END_PRIMITIVE;

END.
