FILE_TYPE=LIBRARY_PARTS;
TIME='Created/Modified on Tue Mar 17 16:51:50 2015';
primitive 'U_CPU_EFM8SB1_QFN20';
  pin

  'P0_1':
    PIN_NUMBER='(1)';
    INPUT_LOAD='(-0.01,0.01)';
    OUTPUT_LOAD='(1.0,-1.0)';
    OUTPUT_TYPE='(TS,TS)';
    BIDIRECTIONAL='TRUE';
  'P0_0':
    PIN_NUMBER='(2)';
    INPUT_LOAD='(-0.01,0.01)';
    OUTPUT_LOAD='(1.0,-1.0)';
    OUTPUT_TYPE='(TS,TS)';
    BIDIRECTIONAL='TRUE';
  'GND1':
    PIN_NUMBER='(3)';
    PINUSE='GROUND';
  'VDD':
    PIN_NUMBER='(4)';
    PINUSE='POWER';
  '-RST':
    PIN_NUMBER='(5)';
    INPUT_LOAD='(-0.01,0.01)';
    OUTPUT_LOAD='(1.0,-1.0)';
    OUTPUT_TYPE='(TS,TS)';
    BIDIRECTIONAL='TRUE';
  'P2_7_C2D':
    PIN_NUMBER='(6)';
    INPUT_LOAD='(-0.01,0.01)';
    OUTPUT_LOAD='(1.0,-1.0)';
    OUTPUT_TYPE='(TS,TS)';
    BIDIRECTIONAL='TRUE';
  'P1_7':
    PIN_NUMBER='(7)';
    INPUT_LOAD='(-0.01,0.01)';
    OUTPUT_LOAD='(1.0,-1.0)';
    OUTPUT_TYPE='(TS,TS)';
    BIDIRECTIONAL='TRUE';
  'P1_6':
    PIN_NUMBER='(8)';
    INPUT_LOAD='(-0.01,0.01)';
    OUTPUT_LOAD='(1.0,-1.0)';
    OUTPUT_TYPE='(TS,TS)';
    BIDIRECTIONAL='TRUE';
  'P1_5':
    PIN_NUMBER='(9)';
    INPUT_LOAD='(-0.01,0.01)';
    OUTPUT_LOAD='(1.0,-1.0)';
    OUTPUT_TYPE='(TS,TS)';
    BIDIRECTIONAL='TRUE';
  'P1_3':
    PIN_NUMBER='(10)';
    INPUT_LOAD='(-0.01,0.01)';
    OUTPUT_LOAD='(1.0,-1.0)';
    OUTPUT_TYPE='(TS,TS)';
    BIDIRECTIONAL='TRUE';	
  'P1_2':
    PIN_NUMBER='(11)';
    INPUT_LOAD='(-0.01,0.01)';
    OUTPUT_LOAD='(1.0,-1.0)';
    OUTPUT_TYPE='(TS,TS)';
    BIDIRECTIONAL='TRUE';
  'GND2':
    PIN_NUMBER='(12)';
    PINUSE='GROUND';
  'P1_1':
    PIN_NUMBER='(13)';
    INPUT_LOAD='(-0.01,0.01)';
    OUTPUT_LOAD='(1.0,-1.0)';
    OUTPUT_TYPE='(TS,TS)';
    BIDIRECTIONAL='TRUE';
  'P1_0':
    PIN_NUMBER='(14)';
    INPUT_LOAD='(-0.01,0.01)';
    OUTPUT_LOAD='(1.0,-1.0)';
    OUTPUT_TYPE='(TS,TS)';
    BIDIRECTIONAL='TRUE';
  'P0_7':
    PIN_NUMBER='(15)';
    INPUT_LOAD='(-0.01,0.01)';
    OUTPUT_LOAD='(1.0,-1.0)';
    OUTPUT_TYPE='(TS,TS)';
    BIDIRECTIONAL='TRUE';
  'P0_6':
    PIN_NUMBER='(16)';
    INPUT_LOAD='(-0.01,0.01)';
    OUTPUT_LOAD='(1.0,-1.0)';
    OUTPUT_TYPE='(TS,TS)';
    BIDIRECTIONAL='TRUE';
  'P0_5':
    PIN_NUMBER='(17)';
    INPUT_LOAD='(-0.01,0.01)';
    OUTPUT_LOAD='(1.0,-1.0)';
    OUTPUT_TYPE='(TS,TS)';
    BIDIRECTIONAL='TRUE';
  'P0_4':
    PIN_NUMBER='(18)';
    INPUT_LOAD='(-0.01,0.01)';
    OUTPUT_LOAD='(1.0,-1.0)';
    OUTPUT_TYPE='(TS,TS)';
    BIDIRECTIONAL='TRUE';
  'P0_3':
    PIN_NUMBER='(19)';
    INPUT_LOAD='(-0.01,0.01)';
    OUTPUT_LOAD='(1.0,-1.0)';
    OUTPUT_TYPE='(TS,TS)';
    BIDIRECTIONAL='TRUE';
  'P0_2':
    PIN_NUMBER='(20)';
    INPUT_LOAD='(-0.01,0.01)';
    OUTPUT_LOAD='(1.0,-1.0)';
    OUTPUT_TYPE='(TS,TS)';
    BIDIRECTIONAL='TRUE';
  'EPAD':
    PIN_NUMBER='(21)';
    PINUSE='GROUND';
  end_pin;
  body
    CLASS='IC';
    BODY_NAME='U_CPU_EFM8SB1';
    PART_NAME='U_CPU_EFM8SB1';
    PHYS_DES_PREFIX='U';
  end_body;
end_primitive;
END.
