FILE_TYPE=LIBRARY_PARTS;
TIME='CREATED/MODIFIED ON WED OCT 09 16:56:16 2002';

primitive 'MOUNTING_HOLE_X1_1L';
  pin
    '1A':
      PIN_NUMBER='(1)';
      PIN_TYPE='ANALOG';
      NO_LOAD_CHECK='BOTH';
      NO_IO_CHECK='BOTH';
      ALLOW_CONNECT='TRUE';
    '1B':
      PIN_NUMBER='(2)';
      PIN_TYPE='ANALOG';
      NO_LOAD_CHECK='BOTH';
      NO_IO_CHECK='BOTH';
      ALLOW_CONNECT='TRUE';
  end_pin;
  body
    CLASS=IO;
    BOM_IGNORE='TRUE';
    BODY_NAME='MOUNTING_HOLE';
    PART_NAME='MOUNTING_HOLE';
    PHYS_DES_PREFIX='MEC';
  end_body;
end_primitive;

primitive 'MOUNTING_HOLE_SPLIT';
  pin
    'GND':
      PIN_NUMBER='(1)';
      PIN_TYPE='ANALOG';
      NO_LOAD_CHECK='BOTH';
      NO_IO_CHECK='BOTH';
      ALLOW_CONNECT='TRUE';
    '2A':
      PIN_NUMBER='(2A)';
      PIN_TYPE='ANALOG';
      NO_LOAD_CHECK='BOTH';
      NO_IO_CHECK='BOTH';
      ALLOW_CONNECT='TRUE';
    '2B':
      PIN_NUMBER='(2B)';
      PIN_TYPE='ANALOG';
      NO_LOAD_CHECK='BOTH';
      NO_IO_CHECK='BOTH';
      ALLOW_CONNECT='TRUE';
  end_pin;
  body
    CLASS=IO;
    BOM_IGNORE='TRUE';
    BODY_NAME='MOUNTING_HOLE';
    PART_NAME='MOUNTING_HOLE';
    PHYS_DES_PREFIX='MEC';
  end_body;
end_primitive;

primitive 'MOUNTING_HOLE_X1';
  pin
    'GND':
      PIN_NUMBER='(1)';
      PIN_TYPE='ANALOG';
      NO_LOAD_CHECK='BOTH';
      NO_IO_CHECK='BOTH';
      ALLOW_CONNECT='TRUE';
  end_pin;
  body
    CLASS=IO;
    BOM_IGNORE='TRUE';
    BODY_NAME='MOUNTING_HOLE';
    PART_NAME='MOUNTING_HOLE';
    PHYS_DES_PREFIX='MEC';
    PINCOUNT='1';
  end_body;
end_primitive;

primitive 'MOUNTING_HOLE_X2';
  pin
    'GND':
      PIN_NUMBER='(1,2)';
      PIN_TYPE='ANALOG';
      NO_LOAD_CHECK='BOTH';
      NO_IO_CHECK='BOTH';
      ALLOW_CONNECT='TRUE';
  end_pin;
  body
    CLASS=IO;
    BOM_IGNORE='TRUE';
    BODY_NAME='MOUNTING_HOLE';
    PART_NAME='MOUNTING_HOLE';
    PHYS_DES_PREFIX='MEC';
  end_body;
end_primitive;

primitive 'MOUNTING_HOLE_X3';
  pin
    'GND':
      PIN_NUMBER='(1,2,3)';
      PIN_TYPE='ANALOG';
      NO_LOAD_CHECK='BOTH';
      NO_IO_CHECK='BOTH';
      ALLOW_CONNECT='TRUE';
  end_pin;
  body
    CLASS=IO;
    BOM_IGNORE='TRUE';
    BODY_NAME='MOUNTING_HOLE';
    PART_NAME='MOUNTING_HOLE';
    PHYS_DES_PREFIX='MEC';
  end_body;
end_primitive;

primitive 'MOUNTING_HOLE_X4';
  pin
    'GND':
      PIN_NUMBER='(1,2,3,4)';
      PIN_TYPE='ANALOG';
      NO_LOAD_CHECK='BOTH';
      NO_IO_CHECK='BOTH';
      ALLOW_CONNECT='TRUE';
  end_pin;
  body
    CLASS=IO;
    BOM_IGNORE='TRUE';
    BODY_NAME='MOUNTING_HOLE';
    PART_NAME='MOUNTING_HOLE';
    PHYS_DES_PREFIX='MEC';
    PINCOUNT='4';
  end_body;
end_primitive;

primitive 'MOUNTING_HOLE_X5';
  pin
    'GND':
      PIN_NUMBER='(1,2,3,4,5)';
      PIN_TYPE='ANALOG';
      NO_LOAD_CHECK='BOTH';
      NO_IO_CHECK='BOTH';
      ALLOW_CONNECT='TRUE';
  end_pin;
  body
    CLASS=IO;
    BOM_IGNORE='TRUE';
    BODY_NAME='MOUNTING_HOLE';
    PART_NAME='MOUNTING_HOLE';
    PHYS_DES_PREFIX='MEC';
  end_body;
end_primitive;

primitive 'MOUNTING_HOLE_X6';
  pin
    'GND':
      PIN_NUMBER='(1,2,3,4,5,6)';
      PIN_TYPE='ANALOG';
      NO_LOAD_CHECK='BOTH';
      NO_IO_CHECK='BOTH';
      ALLOW_CONNECT='TRUE';
  end_pin;
  body
    CLASS=IO;
    BOM_IGNORE='TRUE';
    BODY_NAME='MOUNTING_HOLE';
    PART_NAME='MOUNTING_HOLE';
    PHYS_DES_PREFIX='MEC';
  end_body;
end_primitive;

primitive 'MOUNTING_HOLE_X7';
  pin
    'GND':
      PIN_NUMBER='(1,2,3,4,5,6,7)';
      PIN_TYPE='ANALOG';
      NO_LOAD_CHECK='BOTH';
      NO_IO_CHECK='BOTH';
      ALLOW_CONNECT='TRUE';
  end_pin;
  body
    CLASS=IO;
    BOM_IGNORE='TRUE';
    BODY_NAME='MOUNTING_HOLE';
    PART_NAME='MOUNTING_HOLE';
    PHYS_DES_PREFIX='MEC';
  end_body;
end_primitive;



primitive 'MOUNTING_HOLE_X8';
  pin
    'GND':
      PIN_NUMBER='(1,2,3,4,5,6,7,8)';
      PIN_TYPE='ANALOG';
      NO_LOAD_CHECK='BOTH';
      NO_IO_CHECK='BOTH';
      ALLOW_CONNECT='TRUE';
  end_pin;
  body
    CLASS=IO;
    BOM_IGNORE='TRUE';
    BODY_NAME='MOUNTING_HOLE';
    PART_NAME='MOUNTING_HOLE';
    PHYS_DES_PREFIX='MEC';
  end_body;
end_primitive;

primitive 'MOUNTING_HOLE_X9';
  pin
    'GND':
      PIN_NUMBER='(1,2,3,4,5,6,7,8,9)';
      PIN_TYPE='ANALOG';
      NO_LOAD_CHECK='BOTH';
      NO_IO_CHECK='BOTH';
      ALLOW_CONNECT='TRUE';
  end_pin;
  body
    CLASS=IO;
    BOM_IGNORE='TRUE';
    BODY_NAME='MOUNTING_HOLE';
    PART_NAME='MOUNTING_HOLE';
    PHYS_DES_PREFIX='MEC';
  end_body;
end_primitive;

primitive 'MOUNTING_HOLE_X10';
  pin
    'GND':
      PIN_NUMBER='(1,2,3,4,5,6,7,8,9,10)';
      PIN_TYPE='ANALOG';
      NO_LOAD_CHECK='BOTH';
      NO_IO_CHECK='BOTH';
      ALLOW_CONNECT='TRUE';
  end_pin;
  body
    CLASS=IO;
    BOM_IGNORE='TRUE';
    BODY_NAME='MOUNTING_HOLE';
    PART_NAME='MOUNTING_HOLE';
    PHYS_DES_PREFIX='MEC';
  end_body;
end_primitive;

primitive 'MOUNTING_HOLE_X11';
  pin
    'GND':
      PIN_NUMBER='(1,2,3,4,5,6,7,8,9,10,11)';
      PIN_TYPE='ANALOG';
      NO_LOAD_CHECK='BOTH';
      NO_IO_CHECK='BOTH';
      ALLOW_CONNECT='TRUE';
  end_pin;
  body
    CLASS=IO;
    BOM_IGNORE='TRUE';
    BODY_NAME='MOUNTING_HOLE';
    PART_NAME='MOUNTING_HOLE';
    PHYS_DES_PREFIX='MEC';
  end_body;
end_primitive;

primitive 'MOUNTING_HOLE_X12';
  pin
    'GND':
      PIN_NUMBER='(1,2,3,4,5,6,7,8,9,10,11,12)';
      PIN_TYPE='ANALOG';
      NO_LOAD_CHECK='BOTH';
      NO_IO_CHECK='BOTH';
      ALLOW_CONNECT='TRUE';
  end_pin;
  body
    CLASS=IO;
    BOM_IGNORE='TRUE';
    BODY_NAME='MOUNTING_HOLE';
    PART_NAME='MOUNTING_HOLE';
    PHYS_DES_PREFIX='MEC';
  end_body;
end_primitive;

primitive 'MOUNTING_HOLE_X13';
  pin
    'GND':
      PIN_NUMBER='(1,2,3,4,5,6,7,8,9,10,11,12,13)';
      PIN_TYPE='ANALOG';
      NO_LOAD_CHECK='BOTH';
      NO_IO_CHECK='BOTH';
      ALLOW_CONNECT='TRUE';
  end_pin;
  body
    CLASS=IO;
    BOM_IGNORE='TRUE';
    BODY_NAME='MOUNTING_HOLE';
    PART_NAME='MOUNTING_HOLE';
    PHYS_DES_PREFIX='MEC';
  end_body;
end_primitive;

primitive 'MOUNTING_HOLE_X14';
  pin
    'GND':
      PIN_NUMBER='(1,2,3,4,5,6,7,8,9,10,11,12,13,14)';
      PIN_TYPE='ANALOG';
      NO_LOAD_CHECK='BOTH';
      NO_IO_CHECK='BOTH';
      ALLOW_CONNECT='TRUE';
  end_pin;
  body
    CLASS=IO;
    BOM_IGNORE='TRUE';
    BODY_NAME='MOUNTING_HOLE';
    PART_NAME='MOUNTING_HOLE';
    PHYS_DES_PREFIX='MEC';
  end_body;
end_primitive;

primitive 'MOUNTING_HOLE_X15';
  pin
    'GND':
      PIN_NUMBER='(1,2,3,4,5,6,7,8,9,10,11,12,13,14,15)';
      PIN_TYPE='ANALOG';
      NO_LOAD_CHECK='BOTH';
      NO_IO_CHECK='BOTH';
      ALLOW_CONNECT='TRUE';
  end_pin;
  body
    CLASS=IO;
    BOM_IGNORE='TRUE';
    BODY_NAME='MOUNTING_HOLE';
    PART_NAME='MOUNTING_HOLE';
    PHYS_DES_PREFIX='MEC';
  end_body;
end_primitive;

primitive 'MOUNTING_HOLE_X16';
  pin
    'GND':
      PIN_NUMBER='(1,2,3,4,5,6,7,8,9,10,11,12,13,14,15,16)';
      PIN_TYPE='ANALOG';
      NO_LOAD_CHECK='BOTH';
      NO_IO_CHECK='BOTH';
      ALLOW_CONNECT='TRUE';
  end_pin;
  body
    CLASS=IO;
    BOM_IGNORE='TRUE';
    BODY_NAME='MOUNTING_HOLE';
    PART_NAME='MOUNTING_HOLE';
    PHYS_DES_PREFIX='MEC';
  end_body;
end_primitive;

primitive 'MOUNTING_HOLE_X17';
  pin
    'GND':
      PIN_NUMBER='(1,2,3,4,5,6,7,8,9,10,11,12,13,14,15,16,17)';
      PIN_TYPE='ANALOG';
      NO_LOAD_CHECK='BOTH';
      NO_IO_CHECK='BOTH';
      ALLOW_CONNECT='TRUE';
  end_pin;
  body
    CLASS=IO;
    BOM_IGNORE='TRUE';
    BODY_NAME='MOUNTING_HOLE';
    PART_NAME='MOUNTING_HOLE';
    PHYS_DES_PREFIX='MEC';
  end_body;
end_primitive;

primitive 'MOUNTING_HOLE_X18';
  pin
    'GND':
      PIN_NUMBER='(1,2,3,4,5,6,7,8,9,10,11,12,13,14,15,16,17,18)';
      PIN_TYPE='ANALOG';
      NO_LOAD_CHECK='BOTH';
      NO_IO_CHECK='BOTH';
      ALLOW_CONNECT='TRUE';
  end_pin;
  body
    CLASS=IO;
    BOM_IGNORE='TRUE';
    BODY_NAME='MOUNTING_HOLE';
    PART_NAME='MOUNTING_HOLE';
    PHYS_DES_PREFIX='MEC';
  end_body;
end_primitive;

primitive 'MOUNTING_HOLE_X19';
  pin
    'GND':
      PIN_NUMBER='(1,2,3,4,5,6,7,8,9,10,11,12,13,14,15,16,17,18,19)';
      PIN_TYPE='ANALOG';
      NO_LOAD_CHECK='BOTH';
      NO_IO_CHECK='BOTH';
      ALLOW_CONNECT='TRUE';
  end_pin;
  body
    CLASS=IO;
    BOM_IGNORE='TRUE';
    BODY_NAME='MOUNTING_HOLE';
    PART_NAME='MOUNTING_HOLE';
    PHYS_DES_PREFIX='MEC';
  end_body;
end_primitive;

primitive 'MOUNTING_HOLE_X20';
  pin
    'GND':
      PIN_NUMBER='(1,2,3,4,5,6,7,8,9,10,11,12,13,14,15,16,17,18,19,20)';
      PIN_TYPE='ANALOG';
      NO_LOAD_CHECK='BOTH';
      NO_IO_CHECK='BOTH';
      ALLOW_CONNECT='TRUE';
  end_pin;
  body
    CLASS=IO;
    BOM_IGNORE='TRUE';
    BODY_NAME='MOUNTING_HOLE';
    PART_NAME='MOUNTING_HOLE';
    PHYS_DES_PREFIX='MEC';
  end_body;
end_primitive;

primitive 'MOUNTING_HOLE_X22';
  pin
    'GND':
      PIN_NUMBER='(1,2,3,4,5,6,7,8,9,10,11,12,13,14,15,16,17,18,19,20,21,22)';
      PIN_TYPE='ANALOG';
      NO_LOAD_CHECK='BOTH';
      NO_IO_CHECK='BOTH';
      ALLOW_CONNECT='TRUE';
  end_pin;
  body
    CLASS=IO;
    BOM_IGNORE='TRUE';
    BODY_NAME='MOUNTING_HOLE';
    PART_NAME='MOUNTING_HOLE';
    PHYS_DES_PREFIX='MEC';
  end_body;
end_primitive;

primitive 'MOUNTING_HOLE_X24';
  pin
    'GND':
      PIN_NUMBER='(1,2,3,4,5,6,7,8,9,10,11,12,13,14,15,16,17,18,19,20,21,22,23,24)';
      PIN_TYPE='ANALOG';
      NO_LOAD_CHECK='BOTH';
      NO_IO_CHECK='BOTH';
      ALLOW_CONNECT='TRUE';
  end_pin;
  body
    CLASS=IO;
    BOM_IGNORE='TRUE';
    BODY_NAME='MOUNTING_HOLE';
    PART_NAME='MOUNTING_HOLE';
    PHYS_DES_PREFIX='MEC';
    PINCOUNT='24';
  end_body;
end_primitive;

primitive 'MOUNTING_HOLE_X25';
  pin
    'GND':
      PIN_NUMBER='(1,2,3,4,5,6,7,8,9,10,11,12,13,14,15,16,17,18,19,20,21,22,23,24,25)';
      PIN_TYPE='ANALOG';
      NO_LOAD_CHECK='BOTH';
      NO_IO_CHECK='BOTH';
      ALLOW_CONNECT='TRUE';
  end_pin;
  body
    CLASS=IO;
    BOM_IGNORE='TRUE';
    BODY_NAME='MOUNTING_HOLE';
    PART_NAME='MOUNTING_HOLE';
    PHYS_DES_PREFIX='MEC';
  end_body;
end_primitive;

primitive 'MOUNTING_HOLE_X26';
  pin
    'GND':
      PIN_NUMBER='(1,2,3,4,5,6,7,8,9,10,11,12,13,14,15,16,17,18,19,20,21,22,23,24,25,26)';
      PIN_TYPE='ANALOG';
      NO_LOAD_CHECK='BOTH';
      NO_IO_CHECK='BOTH';
      ALLOW_CONNECT='TRUE';
  end_pin;
  body
    CLASS=IO;
    BOM_IGNORE='TRUE';
    BODY_NAME='MOUNTING_HOLE';
    PART_NAME='MOUNTING_HOLE';
    PHYS_DES_PREFIX='MEC';
    PINCOUNT='26';
  end_body;
end_primitive;

primitive 'MOUNTING_HOLE_X28';
  pin
    'GND':
      PIN_NUMBER='(1,2,3,4,5,6,7,8,9,10,11,12,13,14,15,16,17,18,19,20,21,22,23,24,25,26,27,28)';
      PIN_TYPE='ANALOG';
      NO_LOAD_CHECK='BOTH';
      NO_IO_CHECK='BOTH';
      ALLOW_CONNECT='TRUE';
  end_pin;
  body
    CLASS=IO;
    BOM_IGNORE='TRUE';
    BODY_NAME='MOUNTING_HOLE';
    PART_NAME='MOUNTING_HOLE';
    PHYS_DES_PREFIX='MEC';
  end_body;
end_primitive;

primitive 'MOUNTING_HOLE_X32';
  pin
    'GND':
      PIN_NUMBER='(1,2,3,4,5,6,7,8,9,10,11,12,13,14,15,16,17,18,19,20,21,22,23,24,25,26,27,28,29,30,31,32)';
      PIN_TYPE='ANALOG';
      NO_LOAD_CHECK='BOTH';
      NO_IO_CHECK='BOTH';
      ALLOW_CONNECT='TRUE';
  end_pin;
  body
    CLASS=IO;
    BOM_IGNORE='TRUE';
    BODY_NAME='MOUNTING_HOLE';
    PART_NAME='MOUNTING_HOLE';
    PHYS_DES_PREFIX='MEC';
  end_body;
end_primitive;

primitive 'MOUNTING_HOLE_X40';
  pin
    'GND':
      PIN_NUMBER='(1,2,3,4,5,6,7,8,9,10,11,12,13,14,15,16,17,18,19,20,21,22,23,24,25,26,27,28,29,30,31,32,33,34,35,36,37,38,39,40)';
      PIN_TYPE='ANALOG';
      NO_LOAD_CHECK='BOTH';
      NO_IO_CHECK='BOTH';
      ALLOW_CONNECT='TRUE';
  end_pin;
  body
    CLASS=IO;
    BOM_IGNORE='TRUE';
    BODY_NAME='MOUNTING_HOLE';
    PART_NAME='MOUNTING_HOLE';
    PHYS_DES_PREFIX='MEC';
  end_body;
end_primitive;


primitive 'MOUNTING_HOLE_X42';
  pin
    'GND':
      PIN_NUMBER='(1,2,3,4,5,6,7,8,9,10,11,12,13,14,15,16,17,18,19,20,21,22,23,24,25,26,27,28,29,30,31,32,33,34,35,36,37,38,39,40,41,42)';
      PIN_TYPE='ANALOG';
      NO_LOAD_CHECK='BOTH';
      NO_IO_CHECK='BOTH';
      ALLOW_CONNECT='TRUE';
  end_pin;
  body
    CLASS=IO;
    BOM_IGNORE='TRUE';
    BODY_NAME='MOUNTING_HOLE';
    PART_NAME='MOUNTING_HOLE';
    PHYS_DES_PREFIX='MEC';
  end_body;
end_primitive;

primitive 'MOUNTING_HOLE_X48';
  pin
    'GND':
      PIN_NUMBER='(1,2,3,4,5,6,7,8,9,10,11,12,13,14,15,16,17,18,19,20,21,22,23,24,25,26,27,28,29,30,31,32,33,34,35,36,37,38,39,40,41,42,43,44,45,46,47,48)';
      PIN_TYPE='ANALOG';
      NO_LOAD_CHECK='BOTH';
      NO_IO_CHECK='BOTH';
      ALLOW_CONNECT='TRUE';
  end_pin;
  body
    CLASS=IO;
    BOM_IGNORE='TRUE';
    BODY_NAME='MOUNTING_HOLE';
    PART_NAME='MOUNTING_HOLE';
    PHYS_DES_PREFIX='MEC';
    PINCOUNT='48';
  end_body;
end_primitive;

primitive 'MOUNTING_HOLE_X56';
  pin
    'GND':
      PIN_NUMBER='(1,2,3,4,5,6,7,8,9,10,11,12,13,14,15,16,17,18,19,20,21,22,23,24,25,26,27,28,29,30,31,32,33,34,35,36,37,38,39,40,41,42,43,44,45,46,47,48,49,50,51,52,53,54,55,56)';
      PIN_TYPE='ANALOG';
      NO_LOAD_CHECK='BOTH';
      NO_IO_CHECK='BOTH';
      ALLOW_CONNECT='TRUE';
  end_pin;
  body
    CLASS=IO;
    BOM_IGNORE='TRUE';
    BODY_NAME='MOUNTING_HOLE';
    PART_NAME='MOUNTING_HOLE';
    PHYS_DES_PREFIX='MEC';
    PINCOUNT='56';
  end_body;
end_primitive;

primitive 'MOUNTING_HOLE_X147';
  pin
    'GND':

PIN_NUMBER='(1,2,3,4,5,6,7,8,9,10,11,12,13,14,15,16,17,18,19,20,21,22,23,24,25,26,27,28,29,30,31,32,33,34,35,36,37,38,39,40,41,42,43,44,45,46,47,48,49,50,51,52,53,54,55,56,57,58,59,60,61,62,63,64,65,66,67,68,69,70,71,72,73,74,75,76,77,78,79,80,81,82,83,84,85,86,87,88,89,90,91,92,93,94,95,96,97,98,99,100,101,102,103,104,105,106,107,108,109,110,111,112,113,114,115,116,117,118,119,120,121,122,123,124,125,126,127,128,129,130,131,132,133,134,135,136,137,138,139,140,141,142,143,144,145,146,147)';
      PIN_TYPE='ANALOG';
      NO_LOAD_CHECK='BOTH';
      NO_IO_CHECK='BOTH';
      ALLOW_CONNECT='TRUE';
  end_pin;
  body
    CLASS=IO;
    BOM_IGNORE='TRUE';
    BODY_NAME='MOUNTING_HOLE';
    PART_NAME='MOUNTING_HOLE';
    PHYS_DES_PREFIX='MEC';
  end_body;
end_primitive;

primitive 'MOUNTING_HOLE_X199';
  pin
    'GND':

PIN_NUMBER='(1,2,3,4,5,6,7,8,9,10,11,12,13,14,15,16,17,18,19,20,21,22,23,24,25,26,27,28,29,30,31,32,33,34,35,36,37,38,39,40,41,42,43,44,45,46,47,48,49,50,51,52,53,54,55,56,57,58,59,60,61,62,63,64,65,66,67,68,69,70,71,72,73,74,75,76,77,78,79,80,81,82,83,84,85,86,87,88,89,90,91,92,93,94,95,96,97,98,99,100,101,102,103,104,105,106,107,108,109,110,111,112,113,114,115,116,117,118,119,120,121,122,123,124,125,126,127,128,129,130,131,132,133,134,135,136,137,138,139,140,141,142,143,144,145,146,147,148,149,150,151,152,153,154,155,156,157,158,159,160,161,162,163,164,165,166,167,168,169,170,171,172,173,174,175,176,177,178,179,180,181,182,183,184,185,186,187,188,189,190,191,192,193,194,195,196,197,198,199)';
      PIN_TYPE='ANALOG';
      NO_LOAD_CHECK='BOTH';
      NO_IO_CHECK='BOTH';
      ALLOW_CONNECT='TRUE';
  end_pin;
  body
    CLASS=IO;
    BOM_IGNORE='TRUE';
    BODY_NAME='MOUNTING_HOLE';
    PART_NAME='MOUNTING_HOLE';
    PHYS_DES_PREFIX='MEC';
  end_body;
end_primitive;

primitive 'MOUNTING_HOLE_BRDMNT','MOUNTING_HOLE_BRDMNT2','MOUNTING_HOLE_BRDMNT_X8';
    pin
    '1':
      PIN_NUMBER='(1)';
      PIN_TYPE='ANALOG';
      NO_LOAD_CHECK='BOTH';
      NO_IO_CHECK='BOTH';
      ALLOW_CONNECT='TRUE';
    '2':
      PIN_NUMBER='(2)';
      PIN_TYPE='ANALOG';
      NO_LOAD_CHECK='BOTH';
      NO_IO_CHECK='BOTH';
      ALLOW_CONNECT='TRUE';
    '3':
      PIN_NUMBER='(3)';
      PIN_TYPE='ANALOG';
      NO_LOAD_CHECK='BOTH';
      NO_IO_CHECK='BOTH';
      ALLOW_CONNECT='TRUE';
    '4':
      PIN_NUMBER='(4)';
      PIN_TYPE='ANALOG';
      NO_LOAD_CHECK='BOTH';
      NO_IO_CHECK='BOTH';
      ALLOW_CONNECT='TRUE';
    '5':
      PIN_NUMBER='(5)';
      PIN_TYPE='ANALOG';
      NO_LOAD_CHECK='BOTH';
      NO_IO_CHECK='BOTH';
      ALLOW_CONNECT='TRUE';
    '6':
      PIN_NUMBER='(6)';
      PIN_TYPE='ANALOG';
      NO_LOAD_CHECK='BOTH';
      NO_IO_CHECK='BOTH';
      ALLOW_CONNECT='TRUE';
    '7':
      PIN_NUMBER='(7)';
      PIN_TYPE='ANALOG';
      NO_LOAD_CHECK='BOTH';
      NO_IO_CHECK='BOTH';
      ALLOW_CONNECT='TRUE';
    '8':
      PIN_NUMBER='(8)';
      PIN_TYPE='ANALOG';
      NO_LOAD_CHECK='BOTH';
      NO_IO_CHECK='BOTH';
      ALLOW_CONNECT='TRUE';

    end_pin;
    body
        CLASS='IO';
        PART_NAME='MOUNTING_HOLE';
        BODY_NAME='MOUNTING_HOLE';
        PHYS_DES_PREFIX='MEC';
        PINCOUNT='8';
    end_body;
end_primitive;

primitive 'MOUNTING_HOLE_4PIN';
  pin
   '1':
    PIN_NUMBER='(1)';
    PIN_TYPE='ANALOG';
    NO_LOAD_CHECK='BOTH';
    NO_IO_CHECK='BOTH';
    ALLOW_CONNECT='TRUE';
   '2':
    PIN_NUMBER='(2)';
    PIN_TYPE='ANALOG';
    NO_LOAD_CHECK='BOTH';
    NO_IO_CHECK='BOTH';
    ALLOW_CONNECT='TRUE';
  '3':
    PIN_NUMBER='(3)';
    PIN_TYPE='ANALOG';
    NO_LOAD_CHECK='BOTH';
    NO_IO_CHECK='BOTH';
    ALLOW_CONNECT='TRUE';
  '4':
    PIN_NUMBER='(4)';
    PIN_TYPE='ANALOG';
    NO_LOAD_CHECK='BOTH';
    NO_IO_CHECK='BOTH';
    ALLOW_CONNECT='TRUE';
  '5':
    PIN_NUMBER='(5)';
    PIN_TYPE='ANALOG';
    NO_LOAD_CHECK='BOTH';
    NO_IO_CHECK='BOTH';
    ALLOW_CONNECT='TRUE';
  '6':
    PIN_NUMBER='(6)';
    PIN_TYPE='ANALOG';
    NO_LOAD_CHECK='BOTH';
    NO_IO_CHECK='BOTH';
    ALLOW_CONNECT='TRUE';
  '7':
    PIN_NUMBER='(7)';
    PIN_TYPE='ANALOG';
    NO_LOAD_CHECK='BOTH';
    NO_IO_CHECK='BOTH';
    ALLOW_CONNECT='TRUE';
  '8':
    PIN_NUMBER='(8)';
    PIN_TYPE='ANALOG';
    NO_LOAD_CHECK='BOTH';
    NO_IO_CHECK='BOTH';
    ALLOW_CONNECT='TRUE';
   '9':
    PIN_NUMBER='(9)';
    PIN_TYPE='ANALOG';
    NO_LOAD_CHECK='BOTH';
    NO_IO_CHECK='BOTH';
    ALLOW_CONNECT='TRUE';
   '10':
    PIN_NUMBER='(10)';
    PIN_TYPE='ANALOG';
    NO_LOAD_CHECK='BOTH';
    NO_IO_CHECK='BOTH';
    ALLOW_CONNECT='TRUE';
  '11':
    PIN_NUMBER='(11)';
    PIN_TYPE='ANALOG';
    NO_LOAD_CHECK='BOTH';
    NO_IO_CHECK='BOTH';
    ALLOW_CONNECT='TRUE';
  '12':
    PIN_NUMBER='(12)';
    PIN_TYPE='ANALOG';
    NO_LOAD_CHECK='BOTH';
    NO_IO_CHECK='BOTH';
    ALLOW_CONNECT='TRUE';
  '13':
    PIN_NUMBER='(13)';
    PIN_TYPE='ANALOG';
    NO_LOAD_CHECK='BOTH';
    NO_IO_CHECK='BOTH';
    ALLOW_CONNECT='TRUE';
  '14':
    PIN_NUMBER='(14)';
    PIN_TYPE='ANALOG';
    NO_LOAD_CHECK='BOTH';
    NO_IO_CHECK='BOTH';
    ALLOW_CONNECT='TRUE';
  '15':
    PIN_NUMBER='(15)';
    PIN_TYPE='ANALOG';
    NO_LOAD_CHECK='BOTH';
    NO_IO_CHECK='BOTH';
    ALLOW_CONNECT='TRUE';
  '16':
    PIN_NUMBER='(16)';
    PIN_TYPE='ANALOG';
    NO_LOAD_CHECK='BOTH';
    NO_IO_CHECK='BOTH';
    ALLOW_CONNECT='TRUE';
  end_pin;
  body
    CLASS='DISCRETE';
    PART_NAME='MOUNTING_HOLE';
    BODY_NAME='MOUNTING_HOLE';
    PHYS_DES_PREFIX='MEC';
    BOM_IGNORE='TRUE';
  end_body;
end_primitive;

primitive 'MOUNTING_HOLE_16PIN';
  pin
   '1':
    PIN_NUMBER='(1)';
    PIN_TYPE='ANALOG';
    NO_LOAD_CHECK='BOTH';
    NO_IO_CHECK='BOTH';
    ALLOW_CONNECT='TRUE';
   '2':
    PIN_NUMBER='(2)';
    PIN_TYPE='ANALOG';
    NO_LOAD_CHECK='BOTH';
    NO_IO_CHECK='BOTH';
    ALLOW_CONNECT='TRUE';
  '3':
    PIN_NUMBER='(3)';
    PIN_TYPE='ANALOG';
    NO_LOAD_CHECK='BOTH';
    NO_IO_CHECK='BOTH';
    ALLOW_CONNECT='TRUE';
  '4':
    PIN_NUMBER='(4)';
    PIN_TYPE='ANALOG';
    NO_LOAD_CHECK='BOTH';
    NO_IO_CHECK='BOTH';
    ALLOW_CONNECT='TRUE';
  '5':
    PIN_NUMBER='(5)';
    PIN_TYPE='ANALOG';
    NO_LOAD_CHECK='BOTH';
    NO_IO_CHECK='BOTH';
    ALLOW_CONNECT='TRUE';
  '6':
    PIN_NUMBER='(6)';
    PIN_TYPE='ANALOG';
    NO_LOAD_CHECK='BOTH';
    NO_IO_CHECK='BOTH';
    ALLOW_CONNECT='TRUE';
  '7':
    PIN_NUMBER='(7)';
    PIN_TYPE='ANALOG';
    NO_LOAD_CHECK='BOTH';
    NO_IO_CHECK='BOTH';
    ALLOW_CONNECT='TRUE';
  '8':
    PIN_NUMBER='(8)';
    PIN_TYPE='ANALOG';
    NO_LOAD_CHECK='BOTH';
    NO_IO_CHECK='BOTH';
    ALLOW_CONNECT='TRUE';
   '9':
    PIN_NUMBER='(9)';
    PIN_TYPE='ANALOG';
    NO_LOAD_CHECK='BOTH';
    NO_IO_CHECK='BOTH';
    ALLOW_CONNECT='TRUE';
   '10':
    PIN_NUMBER='(10)';
    PIN_TYPE='ANALOG';
    NO_LOAD_CHECK='BOTH';
    NO_IO_CHECK='BOTH';
    ALLOW_CONNECT='TRUE';
  '11':
    PIN_NUMBER='(11)';
    PIN_TYPE='ANALOG';
    NO_LOAD_CHECK='BOTH';
    NO_IO_CHECK='BOTH';
    ALLOW_CONNECT='TRUE';
  '12':
    PIN_NUMBER='(12)';
    PIN_TYPE='ANALOG';
    NO_LOAD_CHECK='BOTH';
    NO_IO_CHECK='BOTH';
    ALLOW_CONNECT='TRUE';
  '13':
    PIN_NUMBER='(13)';
    PIN_TYPE='ANALOG';
    NO_LOAD_CHECK='BOTH';
    NO_IO_CHECK='BOTH';
    ALLOW_CONNECT='TRUE';
  '14':
    PIN_NUMBER='(14)';
    PIN_TYPE='ANALOG';
    NO_LOAD_CHECK='BOTH';
    NO_IO_CHECK='BOTH';
    ALLOW_CONNECT='TRUE';
  '15':
    PIN_NUMBER='(15)';
    PIN_TYPE='ANALOG';
    NO_LOAD_CHECK='BOTH';
    NO_IO_CHECK='BOTH';
    ALLOW_CONNECT='TRUE';
  '16':
    PIN_NUMBER='(16)';
    PIN_TYPE='ANALOG';
    NO_LOAD_CHECK='BOTH';
    NO_IO_CHECK='BOTH';
    ALLOW_CONNECT='TRUE';
  end_pin;
  body
    CLASS='DISCRETE';
    PART_NAME='MOUNTING_HOLE';
    BODY_NAME='MOUNTING_HOLE';
    PHYS_DES_PREFIX='MEC';
    BOM_IGNORE='TRUE';
  end_body;
end_primitive;
primitive 'MOUNTING_HOLE_TOUCH_X1';
  pin
    'PAD':
      PIN_NUMBER='(1)';
      PIN_TYPE='ANALOG';
      NO_LOAD_CHECK='BOTH';
      NO_IO_CHECK='BOTH';
      ALLOW_CONNECT='TRUE';
  end_pin;
  body
    CLASS=IO;
    BOM_IGNORE='TRUE';
    BODY_NAME='MOUNTING_HOLE';
    PART_NAME='MOUNTING_HOLE';
    PHYS_DES_PREFIX='MEC';
  end_body;
end_primitive;

primitive 'MOUNTING_HOLE_X44';
  pin
    'GND':
      PIN_NUMBER='(1,2,3,4,5,6,7,8,9,10,11,12,13,14,15,16,17,18,19,20,21,22,23,24,25,26,27,28,29,30,31,32,33,34,35,36,37,38,39,40,41,42,43,44)';
      PIN_TYPE='ANALOG';
      NO_LOAD_CHECK='BOTH';
      NO_IO_CHECK='BOTH';
      ALLOW_CONNECT='TRUE';
  end_pin;
  body
    CLASS=IO;
    BOM_IGNORE='TRUE';
    BODY_NAME='MOUNTING_HOLE';
    PART_NAME='MOUNTING_HOLE';
    PHYS_DES_PREFIX='MEC';
  end_body;
end_primitive;

primitive 'MOUNTING_HOLE_X60';
  pin
    'GND':
      PIN_NUMBER='(1,2,3,4,5,6,7,8,9,10,11,12,13,14,15,16,17,18,19,20,21,22,23,24,25,26,27,28,29,30,31,32,33,34,35,36,37,38,39,40,41,42,43,44,45,46,47,48,49,50,51,52,53,54,55,56,57,58,59,60)';
      PIN_TYPE='ANALOG';
      NO_LOAD_CHECK='BOTH';
      NO_IO_CHECK='BOTH';
      ALLOW_CONNECT='TRUE';
  end_pin;
  body
    CLASS=IO;
    BOM_IGNORE='TRUE';
    BODY_NAME='MOUNTING_HOLE';
    PART_NAME='MOUNTING_HOLE';
    PHYS_DES_PREFIX='MEC';
    PINCOUNT='60';
  end_body;
end_primitive;

primitive 'MOUNTING_HOLE_X88';
  pin
    'GND':
      PIN_NUMBER='(1,2,3,4,5,6,7,8,9,10,11,12,13,14,15,16,17,18,19,20,21,22,23,24,25,26,27,28,29,30,31,32,33,34,35,36,37,38,39,40,41,42,43,44,45,46,47,48,49,50,51,52,53,54,55,56,57,58,59,60,61,62,63,64,65,66,67,68,69,70,71,72,73,74,75,76,77,78,79,80,81,82,83,84,85,86,87,88)';
      PIN_TYPE='ANALOG';
      NO_LOAD_CHECK='BOTH';
      NO_IO_CHECK='BOTH';
      ALLOW_CONNECT='TRUE';
  end_pin;
  body
    CLASS=IO;
    BOM_IGNORE='TRUE';
    BODY_NAME='MOUNTING_HOLE';
    PART_NAME='MOUNTING_HOLE';
    PHYS_DES_PREFIX='MEC';
  end_body;
end_primitive;

primitive 'MOUNTING_HOLE_1PIN';
  pin
   '1':
    PIN_NUMBER='(1)';
    PIN_TYPE='ANALOG';
    NO_LOAD_CHECK='BOTH';
    NO_IO_CHECK='BOTH';
    ALLOW_CONNECT='TRUE';
  end_pin;
  body
    CLASS='DISCRETE';
    PART_NAME='MOUNTING_HOLE';
    BODY_NAME='MOUNTING_HOLE';
    PHYS_DES_PREFIX='MEC';
    BOM_IGNORE='TRUE';
  end_body;
end_primitive;
END.
