FILE_TYPE=LIBRARY_PARTS;
TIME='Created/Modified on Thu Sep 11 10:09:40 2008';


primitive 'CON_BATTERY_SMD_3PIN';
 pin
  '1':
    PIN_NUMBER='(1)';
    PIN_TYPE='ANALOG';
    NO_LOAD_CHECK='BOTH';
    NO_IO_CHECK='BOTH';
    ALLOW_CONNECT='TRUE';
  '2':
    PIN_NUMBER='(2)';
    PIN_TYPE='ANALOG';
    NO_LOAD_CHECK='BOTH';
    NO_IO_CHECK='BOTH';
    ALLOW_CONNECT='TRUE';
  '3':
    PIN_NUMBER='(3)';
    PIN_TYPE='ANALOG';
    NO_LOAD_CHECK='BOTH';
    NO_IO_CHECK='BOTH';
    ALLOW_CONNECT='TRUE';
 end_pin;
 body
  CLASS=IO;
  PART_NAME='CON_BATTERY';
  BODY_NAME='CON_BATTERY';
  PHYS_DES_PREFIX='J';
 end_body;
end_primitive;


primitive 'CON_BATTERY_SMD_4PIN';
 pin
  '1':
    PIN_NUMBER='(1)';
    PIN_TYPE='ANALOG';
    NO_LOAD_CHECK='BOTH';
    NO_IO_CHECK='BOTH';
    ALLOW_CONNECT='TRUE';
  '2':
    PIN_NUMBER='(2)';
    PIN_TYPE='ANALOG';
    NO_LOAD_CHECK='BOTH';
    NO_IO_CHECK='BOTH';
    ALLOW_CONNECT='TRUE';
  '3':
    PIN_NUMBER='(3)';
    PIN_TYPE='ANALOG';
    NO_LOAD_CHECK='BOTH';
    NO_IO_CHECK='BOTH';
    ALLOW_CONNECT='TRUE';
  '4':
    PIN_NUMBER='(4)';
    PIN_TYPE='ANALOG';
    NO_LOAD_CHECK='BOTH';
    NO_IO_CHECK='BOTH';
    ALLOW_CONNECT='TRUE';
 end_pin;
 body
  CLASS=IO;
  PART_NAME='CON_BATTERY';
  BODY_NAME='CON_BATTERY';
  PHYS_DES_PREFIX='J';
 end_body;
end_primitive;

primitive 'CON_BATTERY_DIP5_RA';
 pin
  '1':
    PIN_NUMBER='(1)';
    PIN_TYPE='ANALOG';
    NO_LOAD_CHECK='BOTH';
    NO_IO_CHECK='BOTH';
    ALLOW_CONNECT='TRUE';
  '2':
    PIN_NUMBER='(2)';
    PIN_TYPE='ANALOG';
    NO_LOAD_CHECK='BOTH';
    NO_IO_CHECK='BOTH';
    ALLOW_CONNECT='TRUE';
  '3':
    PIN_NUMBER='(3)';
    PIN_TYPE='ANALOG';
    NO_LOAD_CHECK='BOTH';
    NO_IO_CHECK='BOTH';
    ALLOW_CONNECT='TRUE';
  '4':
    PIN_NUMBER='(4)';
    PIN_TYPE='ANALOG';
    NO_LOAD_CHECK='BOTH';
    NO_IO_CHECK='BOTH';
    ALLOW_CONNECT='TRUE';
  '5':
    PIN_NUMBER='(5)';
    PIN_TYPE='ANALOG';
    NO_LOAD_CHECK='BOTH';
    NO_IO_CHECK='BOTH';
    ALLOW_CONNECT='TRUE';
 '6':
    PIN_NUMBER='(6)';
    PIN_TYPE='ANALOG';
    NO_LOAD_CHECK='BOTH';
    NO_IO_CHECK='BOTH';
    ALLOW_CONNECT='TRUE';
 '7':
    PIN_NUMBER='(7)';
    PIN_TYPE='ANALOG';
    NO_LOAD_CHECK='BOTH';
    NO_IO_CHECK='BOTH';
    ALLOW_CONNECT='TRUE';
 end_pin;
 body
  CLASS=IO;
  PART_NAME='CON_BATTERY';
  BODY_NAME='CON_BATTERY';
  PHYS_DES_PREFIX='J';
 end_body;
end_primitive;

primitive 'CON_BATTERY_SMD_RA','CON_BATTERY_SMD','CON_BATTERY_TH_2P';
 pin
  '1':
    PIN_NUMBER='(1)';
    PIN_TYPE='ANALOG';
    NO_LOAD_CHECK='BOTH';
    NO_IO_CHECK='BOTH';
    ALLOW_CONNECT='TRUE';
  '2':
    PIN_NUMBER='(2)';
    PIN_TYPE='ANALOG';
    NO_LOAD_CHECK='BOTH';
    NO_IO_CHECK='BOTH';
    ALLOW_CONNECT='TRUE';
 end_pin;
 body
  CLASS=IO;
  PART_NAME='CON_BATTERY';
  BODY_NAME='CON_BATTERY';
  PHYS_DES_PREFIX='J';
 end_body;
end_primitive;



primitive 'CON_BATTERY_SMD_8PIN','CON_BATTERY_SMT';
 pin
  '1':
    PIN_NUMBER='(1)';
    PIN_TYPE='ANALOG';
    NO_LOAD_CHECK='BOTH';
    NO_IO_CHECK='BOTH';
    ALLOW_CONNECT='TRUE';
  '2':
    PIN_NUMBER='(2)';
    PIN_TYPE='ANALOG';
    NO_LOAD_CHECK='BOTH';
    NO_IO_CHECK='BOTH';
    ALLOW_CONNECT='TRUE';
  '3':
    PIN_NUMBER='(3)';
    PIN_TYPE='ANALOG';
    NO_LOAD_CHECK='BOTH';
    NO_IO_CHECK='BOTH';
    ALLOW_CONNECT='TRUE';
  '4':
    PIN_NUMBER='(4)';
    PIN_TYPE='ANALOG';
    NO_LOAD_CHECK='BOTH';
    NO_IO_CHECK='BOTH';
    ALLOW_CONNECT='TRUE';
  '5':
    PIN_NUMBER='(5)';
    PIN_TYPE='ANALOG';
    NO_LOAD_CHECK='BOTH';
    NO_IO_CHECK='BOTH';
    ALLOW_CONNECT='TRUE';
  '6':
    PIN_NUMBER='(6)';
    PIN_TYPE='ANALOG';
    NO_LOAD_CHECK='BOTH';
    NO_IO_CHECK='BOTH';
    ALLOW_CONNECT='TRUE';
  '7':
    PIN_NUMBER='(7)';
    PIN_TYPE='ANALOG';
    NO_LOAD_CHECK='BOTH';
    NO_IO_CHECK='BOTH';
    ALLOW_CONNECT='TRUE';
  '8':
    PIN_NUMBER='(8)';
    PIN_TYPE='ANALOG';
    NO_LOAD_CHECK='BOTH';
    NO_IO_CHECK='BOTH';
    ALLOW_CONNECT='TRUE';
 end_pin;
 body
  CLASS=IO;
  PART_NAME='con_battery';
  BODY_NAME='con_battery';
  PHYS_DES_PREFIX='J';
 end_body;
end_primitive;

END.
