FILE_TYPE=LIBRARY_PARTS;
TIME='Created/Modified on Thu May 12 13:54:08 2011';

primitive 'U_LEVSHFT_3STATE_SC70_6PIN','U_LEVSHFT_3STATE_SC70_6';
  pin
    'DIR':
      PIN_NUMBER='(5)';
      INPUT_LOAD='(-0.01,0.01)';
    'GND':
      PIN_NUMBER='(2)';
      PINUSE='GROUND';
    'A':
      PIN_NUMBER='(3)';
      INPUT_LOAD='(-0.01,0.01)';
      OUTPUT_LOAD='(1.0,-1.0)';
      OUTPUT_TYPE='(TS,TS)';
      BIDIRECTIONAL='TRUE';
    'B':
      PIN_NUMBER='(4)';
      INPUT_LOAD='(-0.01,0.01)';
      OUTPUT_LOAD='(1.0,-1.0)';
      OUTPUT_TYPE='(TS,TS)';
      BIDIRECTIONAL='TRUE';
   'VCCA':
      PIN_NUMBER='(1)';
      PINUSE='POWER';
   'VCCB':
      PIN_NUMBER='(6)';
      PINUSE='POWER';
  end_pin;
  body
    CLASS='IC';
    PART_NAME='U_LEVSHFT_3STATE';
    BODY_NAME='U_LEVSHFT_3STATE';
    PHYS_DES_PREFIX='U';
    PINCOUNT='6';
  end_body;
end_primitive;

primitive 'U_LEVSHFT_3STATE_DSBGA';
  pin
    'DIR':
      PIN_NUMBER='(B2)';
      INPUT_LOAD='(-0.01,0.01)';
    'GND':
      PIN_NUMBER='(B1)';
      PINUSE='GROUND';
    'A':
      PIN_NUMBER='(C1)';
      INPUT_LOAD='(-0.01,0.01)';
      OUTPUT_LOAD='(1.0,-1.0)';
      OUTPUT_TYPE='(TS,TS)';
      BIDIRECTIONAL='TRUE';
    'B':
      PIN_NUMBER='(C2)';
      INPUT_LOAD='(-0.01,0.01)';
      OUTPUT_LOAD='(1.0,-1.0)';
      OUTPUT_TYPE='(TS,TS)';
      BIDIRECTIONAL='TRUE';
   'VCCA':
      PIN_NUMBER='(A1)';
      PINUSE='POWER';
   'VCCB':
      PIN_NUMBER='(A2)';
      PINUSE='POWER';
  end_pin;
  body
    CLASS='IC';
    PART_NAME='U_LEVSHFT_3STATE';
    BODY_NAME='U_LEVSHFT_3STATE';
    PHYS_DES_PREFIX='U';
    PINCOUNT='6';
  end_body;
end_primitive;

primitive 'U_LEVSHFT_3STATE_TSSOP16';
  pin
    '1DIR':
      PIN_NUMBER='(2)';
      INPUT_LOAD='(-0.01,0.01)';
    '2DIR':
      PIN_NUMBER='(3)';
       INPUT_LOAD='(-0.01,0.01)';
    '-2OE':
      PIN_NUMBER='(14)';
       INPUT_LOAD='(-0.01,0.01)';
    '-1OE':
      PIN_NUMBER='(15)';
       INPUT_LOAD='(-0.01,0.01)';
    'GND1':
      PIN_NUMBER='(8)';
      PINUSE='GROUND';
    'GND2':
      PIN_NUMBER='(9)';
      PINUSE='GROUND';
    '1A1':
      PIN_NUMBER='(4)';
      INPUT_LOAD='(-0.01,0.01)';
      OUTPUT_LOAD='(1.0,-1.0)';
      OUTPUT_TYPE='(TS,TS)';
      BIDIRECTIONAL='TRUE';
    '1A2':
      PIN_NUMBER='(5)';
      INPUT_LOAD='(-0.01,0.01)';
      OUTPUT_LOAD='(1.0,-1.0)';
      OUTPUT_TYPE='(TS,TS)';
      BIDIRECTIONAL='TRUE';
    '2A1':
      PIN_NUMBER='(6)';
      INPUT_LOAD='(-0.01,0.01)';
      OUTPUT_LOAD='(1.0,-1.0)';
      OUTPUT_TYPE='(TS,TS)';
      BIDIRECTIONAL='TRUE';
    '2A2':
      PIN_NUMBER='(7)';
      INPUT_LOAD='(-0.01,0.01)';
      OUTPUT_LOAD='(1.0,-1.0)';
      OUTPUT_TYPE='(TS,TS)';
      BIDIRECTIONAL='TRUE';
    '1B1':
      PIN_NUMBER='(13)';
      INPUT_LOAD='(-0.01,0.01)';
      OUTPUT_LOAD='(1.0,-1.0)';
      OUTPUT_TYPE='(TS,TS)';
      BIDIRECTIONAL='TRUE';
   '1B2':
      PIN_NUMBER='(12)';
      INPUT_LOAD='(-0.01,0.01)';
      OUTPUT_LOAD='(1.0,-1.0)';
      OUTPUT_TYPE='(TS,TS)';
      BIDIRECTIONAL='TRUE';
   '2B1':
      PIN_NUMBER='(11)';
      INPUT_LOAD='(-0.01,0.01)';
      OUTPUT_LOAD='(1.0,-1.0)';
      OUTPUT_TYPE='(TS,TS)';
      BIDIRECTIONAL='TRUE';
  '2B2':
      PIN_NUMBER='(10)';
      INPUT_LOAD='(-0.01,0.01)';
      OUTPUT_LOAD='(1.0,-1.0)';
      OUTPUT_TYPE='(TS,TS)';
      BIDIRECTIONAL='TRUE';
   'VCCA':
      PIN_NUMBER='(1)';
      PINUSE='POWER';
   'VCCB':
      PIN_NUMBER='(16)';
      PINUSE='POWER';
  end_pin;
  body
    CLASS='IC';
    PART_NAME='U_LEVSHFT_3STATE';
    BODY_NAME='U_LEVSHFT_3STATE';
    PHYS_DES_PREFIX='U';
  end_body;
end_primitive;

primitive 'U_LEVSHFT_3STATE_SSOP8';
  pin
   'VCCA':
      PIN_NUMBER='(1)';
      PINUSE='POWER';
    'A1':
      PIN_NUMBER='(2)';
      INPUT_LOAD='(-0.01,0.01)';
      OUTPUT_LOAD='(1.0,-1.0)';
      OUTPUT_TYPE='(TS,TS)';
      BIDIRECTIONAL='TRUE';
    'A2':
      PIN_NUMBER='(3)';
      INPUT_LOAD='(-0.01,0.01)';
      OUTPUT_LOAD='(1.0,-1.0)';
      OUTPUT_TYPE='(TS,TS)';
      BIDIRECTIONAL='TRUE';
    'GND':
      PIN_NUMBER='(4)';
      PINUSE='GROUND';
    'DIR':
      PIN_NUMBER='(5)';
      INPUT_LOAD='(-0.01,0.01)';
    'B2':
      PIN_NUMBER='(6)';
      INPUT_LOAD='(-0.01,0.01)';
      OUTPUT_LOAD='(1.0,-1.0)';
      OUTPUT_TYPE='(TS,TS)';
      BIDIRECTIONAL='TRUE';
    'B1':
      PIN_NUMBER='(7)';
      INPUT_LOAD='(-0.01,0.01)';
      OUTPUT_LOAD='(1.0,-1.0)';
      OUTPUT_TYPE='(TS,TS)';
      BIDIRECTIONAL='TRUE';
   'VCCB':
      PIN_NUMBER='(8)';
      PINUSE='POWER';
  end_pin;
  body
    CLASS='IC';
    PART_NAME='U_LEVSHFT_3STATE';
    BODY_NAME='U_LEVSHFT_3STATE';
    PHYS_DES_PREFIX='U';
    PINCOUNT='8';
  end_body;
end_primitive;

primitive 'U_LEVSHFT_3STATE_XSOP8';
  pin
   'VCCA':
      PIN_NUMBER='(3)';
      PINUSE='POWER';
    'A1':
      PIN_NUMBER='(5)';
      INPUT_LOAD='(-0.01,0.01)';
      OUTPUT_LOAD='(1.0,-1.0)';
      OUTPUT_TYPE='(TS,TS)';
      BIDIRECTIONAL='TRUE';
    'A2':
      PIN_NUMBER='(4)';
      INPUT_LOAD='(-0.01,0.01)';
      OUTPUT_LOAD='(1.0,-1.0)';
      OUTPUT_TYPE='(TS,TS)';
      BIDIRECTIONAL='TRUE';
    'GND':
      PIN_NUMBER='(2)';
      PINUSE='GROUND';
    'OE':
      PIN_NUMBER='(6)';
      INPUT_LOAD='(-0.01,0.01)';
    'B2':
      PIN_NUMBER='(1)';
      INPUT_LOAD='(-0.01,0.01)';
      OUTPUT_LOAD='(1.0,-1.0)';
      OUTPUT_TYPE='(TS,TS)';
      BIDIRECTIONAL='TRUE';
    'B1':
      PIN_NUMBER='(8)';
      INPUT_LOAD='(-0.01,0.01)';
      OUTPUT_LOAD='(1.0,-1.0)';
      OUTPUT_TYPE='(TS,TS)';
      BIDIRECTIONAL='TRUE';
   'VCCB':
      PIN_NUMBER='(7)';
      PINUSE='POWER';
  end_pin;
  body
    CLASS='IC';
    PART_NAME='U_LEVSHFT_3STATE';
    BODY_NAME='U_LEVSHFT_3STATE';
    PHYS_DES_PREFIX='U';
  end_body;
end_primitive;

primitive 'U_LEVSHFT_3STATE_BGA_8';
  pin
   'VCCA':
      PIN_NUMBER='(A1)';
      PINUSE='POWER';
    'A1':
      PIN_NUMBER='(B1)';
      INPUT_LOAD='(-0.01,0.01)';
      OUTPUT_LOAD='(1.0,-1.0)';
      OUTPUT_TYPE='(TS,TS)';
      BIDIRECTIONAL='TRUE';
    'A2':
      PIN_NUMBER='(C1)';
      INPUT_LOAD='(-0.01,0.01)';
      OUTPUT_LOAD='(1.0,-1.0)';
      OUTPUT_TYPE='(TS,TS)';
      BIDIRECTIONAL='TRUE';
    'GND':
      PIN_NUMBER='(D1)';
      PINUSE='GROUND';
    'DIR':
      PIN_NUMBER='(D2)';
      INPUT_LOAD='(-0.01,0.01)';
    'B2':
      PIN_NUMBER='(C2)';
      INPUT_LOAD='(-0.01,0.01)';
      OUTPUT_LOAD='(1.0,-1.0)';
      OUTPUT_TYPE='(TS,TS)';
      BIDIRECTIONAL='TRUE';
    'B1':
      PIN_NUMBER='(B2)';
      INPUT_LOAD='(-0.01,0.01)';
      OUTPUT_LOAD='(1.0,-1.0)';
      OUTPUT_TYPE='(TS,TS)';
      BIDIRECTIONAL='TRUE';
   'VCCB':
      PIN_NUMBER='(A2)';
      PINUSE='POWER';
  end_pin;
  body
    CLASS='IC';
    PART_NAME='U_LEVSHFT_3STATE';
    BODY_NAME='U_LEVSHFT_3STATE';
    PHYS_DES_PREFIX='U';
    PINCOUNT='8';
  end_body;
end_primitive;

primitive 'U_LEVSHFT_3STATE_QFN14';
  pin
    'OE':
      PIN_NUMBER='(8)';
      INPUT_LOAD='(-0.01,0.01)';
    'GND':
      PIN_NUMBER='(7)';
      PINUSE='GROUND';
    'TGND':
      PIN_NUMBER='(15)';
      PINUSE='GROUND';
    'NC':
      PIN_NUMBER='(6)';
      PINUSE='NC';
    'NC1':
      PIN_NUMBER='(9)';
      PINUSE='NC';
    'A1':
      PIN_NUMBER='(2)';
      INPUT_LOAD='(-0.01,0.01)';
      OUTPUT_LOAD='(1.0,-1.0)';
      OUTPUT_TYPE='(TS,TS)';
      BIDIRECTIONAL='TRUE';
    'A2':
      PIN_NUMBER='(3)';
      INPUT_LOAD='(-0.01,0.01)';
      OUTPUT_LOAD='(1.0,-1.0)';
      OUTPUT_TYPE='(TS,TS)';
      BIDIRECTIONAL='TRUE';
    'A3':
      PIN_NUMBER='(4)';
      INPUT_LOAD='(-0.01,0.01)';
      OUTPUT_LOAD='(1.0,-1.0)';
      OUTPUT_TYPE='(TS,TS)';
      BIDIRECTIONAL='TRUE';
    'A4':
      PIN_NUMBER='(5)';
      INPUT_LOAD='(-0.01,0.01)';
      OUTPUT_LOAD='(1.0,-1.0)';
      OUTPUT_TYPE='(TS,TS)';
      BIDIRECTIONAL='TRUE';
    'B1':
      PIN_NUMBER='(13)';
      INPUT_LOAD='(-0.01,0.01)';
      OUTPUT_LOAD='(1.0,-1.0)';
      OUTPUT_TYPE='(TS,TS)';
      BIDIRECTIONAL='TRUE';
   'B2':
      PIN_NUMBER='(12)';
      INPUT_LOAD='(-0.01,0.01)';
      OUTPUT_LOAD='(1.0,-1.0)';
      OUTPUT_TYPE='(TS,TS)';
      BIDIRECTIONAL='TRUE';
   'B3':
      PIN_NUMBER='(11)';
      INPUT_LOAD='(-0.01,0.01)';
      OUTPUT_LOAD='(1.0,-1.0)';
      OUTPUT_TYPE='(TS,TS)';
      BIDIRECTIONAL='TRUE';
   'B4':
      PIN_NUMBER='(10)';
      INPUT_LOAD='(-0.01,0.01)';
      OUTPUT_LOAD='(1.0,-1.0)';
      OUTPUT_TYPE='(TS,TS)';
      BIDIRECTIONAL='TRUE';
   'VCCA':
      PIN_NUMBER='(1)';
      PINUSE='POWER';
   'VCCB':
      PIN_NUMBER='(14)';
      PINUSE='POWER';
  end_pin;
  body
    CLASS='IC';
    PART_NAME='U_LEVSHFT_3STATE';
    BODY_NAME='U_LEVSHFT_3STATE';
    PHYS_DES_PREFIX='U';
  end_body;
end_primitive;

primitive 'U_LEVSHFT_3STATE_QFN16';
  pin
    '1DIR':
      PIN_NUMBER='(2)';
      INPUT_LOAD='(-0.01,0.01)';
    '2DIR':
      PIN_NUMBER='(3)';
       INPUT_LOAD='(-0.01,0.01)';
    '-2OE':
      PIN_NUMBER='(14)';
       INPUT_LOAD='(-0.01,0.01)';
    '-1OE':
      PIN_NUMBER='(15)';
       INPUT_LOAD='(-0.01,0.01)';
    'GND1':
      PIN_NUMBER='(8)';
      PINUSE='GROUND';
    'GND2':
      PIN_NUMBER='(9)';
      PINUSE='GROUND';
    '1A1':
      PIN_NUMBER='(4)';
      INPUT_LOAD='(-0.01,0.01)';
      OUTPUT_LOAD='(1.0,-1.0)';
      OUTPUT_TYPE='(TS,TS)';
      BIDIRECTIONAL='TRUE';
    '1A2':
      PIN_NUMBER='(5)';
      INPUT_LOAD='(-0.01,0.01)';
      OUTPUT_LOAD='(1.0,-1.0)';
      OUTPUT_TYPE='(TS,TS)';
      BIDIRECTIONAL='TRUE';
    '2A1':
      PIN_NUMBER='(6)';
      INPUT_LOAD='(-0.01,0.01)';
      OUTPUT_LOAD='(1.0,-1.0)';
      OUTPUT_TYPE='(TS,TS)';
      BIDIRECTIONAL='TRUE';
    '2A2':
      PIN_NUMBER='(7)';
      INPUT_LOAD='(-0.01,0.01)';
      OUTPUT_LOAD='(1.0,-1.0)';
      OUTPUT_TYPE='(TS,TS)';
      BIDIRECTIONAL='TRUE';
    '1B1':
      PIN_NUMBER='(13)';
      INPUT_LOAD='(-0.01,0.01)';
      OUTPUT_LOAD='(1.0,-1.0)';
      OUTPUT_TYPE='(TS,TS)';
      BIDIRECTIONAL='TRUE';
   '1B2':
      PIN_NUMBER='(12)';
      INPUT_LOAD='(-0.01,0.01)';
      OUTPUT_LOAD='(1.0,-1.0)';
      OUTPUT_TYPE='(TS,TS)';
      BIDIRECTIONAL='TRUE';
   '2B1':
      PIN_NUMBER='(11)';
      INPUT_LOAD='(-0.01,0.01)';
      OUTPUT_LOAD='(1.0,-1.0)';
      OUTPUT_TYPE='(TS,TS)';
      BIDIRECTIONAL='TRUE';
  '2B2':
      PIN_NUMBER='(10)';
      INPUT_LOAD='(-0.01,0.01)';
      OUTPUT_LOAD='(1.0,-1.0)';
      OUTPUT_TYPE='(TS,TS)';
      BIDIRECTIONAL='TRUE';
   'VCCA':
      PIN_NUMBER='(1)';
      PINUSE='POWER';
   'VCCB':
      PIN_NUMBER='(16)';
      PINUSE='POWER';
   'THERMPAD':
      PIN_NUMBER='(17)';
      PINUSE='GROUND';
  end_pin;
  body
    CLASS='IC';
    PART_NAME='U_LEVSHFT_3STATE';
    BODY_NAME='U_LEVSHFT_3STATE';
    PHYS_DES_PREFIX='U';
  end_body;
end_primitive;

primitive 'U_LEVSHFT_3STATE_QFN24';
  pin
   'VCCA':
      PIN_NUMBER='(1)';
      PINUSE='POWER';
    'DIR':
      PIN_NUMBER='(2)';
      INPUT_LOAD='(-0.01,0.01)';
    'A1':
      PIN_NUMBER='(3)';
      INPUT_LOAD='(-0.01,0.01)';
      OUTPUT_LOAD='(1.0,-1.0)';
      OUTPUT_TYPE='(TS,TS)';
      BIDIRECTIONAL='TRUE';
    'A2':
      PIN_NUMBER='(4)';
      INPUT_LOAD='(-0.01,0.01)';
      OUTPUT_LOAD='(1.0,-1.0)';
      OUTPUT_TYPE='(TS,TS)';
      BIDIRECTIONAL='TRUE';
    'A3':
      PIN_NUMBER='(5)';
      INPUT_LOAD='(-0.01,0.01)';
      OUTPUT_LOAD='(1.0,-1.0)';
      OUTPUT_TYPE='(TS,TS)';
      BIDIRECTIONAL='TRUE';
    'A4':
      PIN_NUMBER='(6)';
      INPUT_LOAD='(-0.01,0.01)';
      OUTPUT_LOAD='(1.0,-1.0)';
      OUTPUT_TYPE='(TS,TS)';
      BIDIRECTIONAL='TRUE';
    'A5':
      PIN_NUMBER='(7)';
      INPUT_LOAD='(-0.01,0.01)';
      OUTPUT_LOAD='(1.0,-1.0)';
      OUTPUT_TYPE='(TS,TS)';
      BIDIRECTIONAL='TRUE';
    'A6':
      PIN_NUMBER='(8)';
      INPUT_LOAD='(-0.01,0.01)';
      OUTPUT_LOAD='(1.0,-1.0)';
      OUTPUT_TYPE='(TS,TS)';
      BIDIRECTIONAL='TRUE';
    'A7':
      PIN_NUMBER='(9)';
      INPUT_LOAD='(-0.01,0.01)';
      OUTPUT_LOAD='(1.0,-1.0)';
      OUTPUT_TYPE='(TS,TS)';
      BIDIRECTIONAL='TRUE';
    'A8':
      PIN_NUMBER='(10)';
      INPUT_LOAD='(-0.01,0.01)';
      OUTPUT_LOAD='(1.0,-1.0)';
      OUTPUT_TYPE='(TS,TS)';
      BIDIRECTIONAL='TRUE';
    'GND1':
      PIN_NUMBER='(11)';
      PINUSE='GROUND';
    'GND2':
      PIN_NUMBER='(12)';
      PINUSE='GROUND';
    'GND3':
      PIN_NUMBER='(13)';
      PINUSE='GROUND';
    'B1':
      PIN_NUMBER='(21)';
      INPUT_LOAD='(-0.01,0.01)';
      OUTPUT_LOAD='(1.0,-1.0)';
      OUTPUT_TYPE='(TS,TS)';
      BIDIRECTIONAL='TRUE';
    'B2':
      PIN_NUMBER='(20)';
      INPUT_LOAD='(-0.01,0.01)';
      OUTPUT_LOAD='(1.0,-1.0)';
      OUTPUT_TYPE='(TS,TS)';
      BIDIRECTIONAL='TRUE';
    'B3':
      PIN_NUMBER='(19)';
      INPUT_LOAD='(-0.01,0.01)';
      OUTPUT_LOAD='(1.0,-1.0)';
      OUTPUT_TYPE='(TS,TS)';
      BIDIRECTIONAL='TRUE';
    'B4':
      PIN_NUMBER='(18)';
      INPUT_LOAD='(-0.01,0.01)';
      OUTPUT_LOAD='(1.0,-1.0)';
      OUTPUT_TYPE='(TS,TS)';
      BIDIRECTIONAL='TRUE';
    'B5':
      PIN_NUMBER='(17)';
      INPUT_LOAD='(-0.01,0.01)';
      OUTPUT_LOAD='(1.0,-1.0)';
      OUTPUT_TYPE='(TS,TS)';
      BIDIRECTIONAL='TRUE';
    'B6':
      PIN_NUMBER='(16)';
      INPUT_LOAD='(-0.01,0.01)';
      OUTPUT_LOAD='(1.0,-1.0)';
      OUTPUT_TYPE='(TS,TS)';
      BIDIRECTIONAL='TRUE';
    'B7':
      PIN_NUMBER='(15)';
      INPUT_LOAD='(-0.01,0.01)';
      OUTPUT_LOAD='(1.0,-1.0)';
      OUTPUT_TYPE='(TS,TS)';
      BIDIRECTIONAL='TRUE';
    'B8':
      PIN_NUMBER='(14)';
      INPUT_LOAD='(-0.01,0.01)';
      OUTPUT_LOAD='(1.0,-1.0)';
      OUTPUT_TYPE='(TS,TS)';
      BIDIRECTIONAL='TRUE';
    'OE':
      PIN_NUMBER='(22)';
      INPUT_LOAD='(-0.01,0.01)';
   'VCCB1':
      PIN_NUMBER='(23)';
      PINUSE='POWER';
   'VCCB2':
      PIN_NUMBER='(24)';
      PINUSE='POWER';
    'TGND':
      PIN_NUMBER='(25)';
      PINUSE='GROUND';
  end_pin;
  body
    CLASS='IC';
    PART_NAME='U_LEVSHFT_3STATE';
    BODY_NAME='U_LEVSHFT_3STATE';
    PHYS_DES_PREFIX='U';
  end_body;
end_primitive;

primitive 'U_LEVSHFT_3STATE_TSSOP14';
  pin
    'OE':
      PIN_NUMBER='(8)';
      INPUT_LOAD='(-0.01,0.01)';
    'GND':
      PIN_NUMBER='(7)';
      PINUSE='GROUND';
    'NC':
      PIN_NUMBER='(6)';
      PINUSE='NC';
    'NC1':
      PIN_NUMBER='(9)';
      PINUSE='NC';
    'A1':
      PIN_NUMBER='(2)';
      INPUT_LOAD='(-0.01,0.01)';
      OUTPUT_LOAD='(1.0,-1.0)';
      OUTPUT_TYPE='(TS,TS)';
      BIDIRECTIONAL='TRUE';
    'A2':
      PIN_NUMBER='(3)';
      INPUT_LOAD='(-0.01,0.01)';
      OUTPUT_LOAD='(1.0,-1.0)';
      OUTPUT_TYPE='(TS,TS)';
      BIDIRECTIONAL='TRUE';
    'A3':
      PIN_NUMBER='(4)';
      INPUT_LOAD='(-0.01,0.01)';
      OUTPUT_LOAD='(1.0,-1.0)';
      OUTPUT_TYPE='(TS,TS)';
      BIDIRECTIONAL='TRUE';
    'A4':
      PIN_NUMBER='(5)';
      INPUT_LOAD='(-0.01,0.01)';
      OUTPUT_LOAD='(1.0,-1.0)';
      OUTPUT_TYPE='(TS,TS)';
      BIDIRECTIONAL='TRUE';
    'B1':
      PIN_NUMBER='(13)';
      INPUT_LOAD='(-0.01,0.01)';
      OUTPUT_LOAD='(1.0,-1.0)';
      OUTPUT_TYPE='(TS,TS)';
      BIDIRECTIONAL='TRUE';
   'B2':
      PIN_NUMBER='(12)';
      INPUT_LOAD='(-0.01,0.01)';
      OUTPUT_LOAD='(1.0,-1.0)';
      OUTPUT_TYPE='(TS,TS)';
      BIDIRECTIONAL='TRUE';
   'B3':
      PIN_NUMBER='(11)';
      INPUT_LOAD='(-0.01,0.01)';
      OUTPUT_LOAD='(1.0,-1.0)';
      OUTPUT_TYPE='(TS,TS)';
      BIDIRECTIONAL='TRUE';
   'B4':
      PIN_NUMBER='(10)';
      INPUT_LOAD='(-0.01,0.01)';
      OUTPUT_LOAD='(1.0,-1.0)';
      OUTPUT_TYPE='(TS,TS)';
      BIDIRECTIONAL='TRUE';
   'VCCA':
      PIN_NUMBER='(1)';
      PINUSE='POWER';
   'VCCB':
      PIN_NUMBER='(14)';
      PINUSE='POWER';
  end_pin;
  body
    CLASS='IC';
    PART_NAME='U_LEVSHFT_3STATE';
    BODY_NAME='U_LEVSHFT_3STATE';
    PHYS_DES_PREFIX='U';
  end_body;
end_primitive;

PRIMITIVE 'U_LEVSHFT_3STATE_SC70_5';
	PIN
	'-OE':
		PIN_NUMBER='(1)';
		INPUT_LOAD='(-0.01,0.01)';
	'IN':
		PIN_NUMBER='(2)';
		INPUT_LOAD='(-0.01,0.01)';
	'GND':
		PIN_NUMBER='(3)';
		PINUSE='GROUND';
	'OUT':
		PIN_NUMBER='(4)';
		OUTPUT_LOAD='(1.0,-1.0)';
	'VCC':
		PIN_NUMBER='(5)';
		PINUSE='POWER';
	END_PIN;
	BODY
		PHYS_DES_PREFIX='U';
		CLASS='IC';
		PART_NAME='U_LEVSHFT_3STATE';
		BODY_NAME='U_LEVSHFT_3STATE';
	END_BODY;
END_PRIMITIVE;


END.
