FILE_TYPE=LIBRARY_PARTS;
TIME='Created/Modified on Fri Nov 13 14:41:11 2009';

primitive 'L_0201','L_0402','L_0603','L_0805','L_1008','L_1206','L_1210','L_1812','L_2220','L_3012','L_7_6X7_6','L_CDR73','L_SMD_12X9MM_9X10MM','L_SMD_9X10MM','L_SMD_10X10','L_SMD_10X12_5MM','L_SMD_12X12_PWR','L_SMD_12X5','L_SMD_12X9','L_SMD_17_02X17_78MM','L_SMD_18_54X15_24MM','L_SMD_22_3X15_3MM','L_SMD_23_8X23_8MM','L_SMD_4_5X4_0MM','L_SMD_420X400','L_SMD_5_6X5_2MM','L_SMD_520X508','L_SMD_074X067','L_SMD_590X530','L_SMD_6_6X4_45MM','L_SMD_6X6','L_SMD_7X6','L_SMD_8_89X6_74MM','L_TH','L_SMD_128X125','L_SMD_157X157','L_SMD_154X154','L_SMD_133X075','L_SMD_2X2','L_2020','L_2520','L_SMD_8MM','L_MULTI_TH_117_120','L_SMD1005','L_SMD_5X5','L_SMD_045_041','L_3225','L_SMD','L_SMD_2_5X2','L_2016','L_SMD_8X7','L_SMD_8X8_CUTOUT','L_SMD_10_3X10_8','L_0402W','L_0603W','L_3210','L_3230','L_SMD_3X3MM','L_SMD_044X040','L_SMD_045X041','L_SMD_052X050','L_SMD_058X052','L_SMD_073X066','L_SMD_078X072','L_SMD_082X082','L_SMD_10X10_CUTOUT','L_SMD_10X7','L_SMD_11X7_CUTOUT','L_SMD_11_5X10','L_SMD_12X10','L_SMD_13MM','L_SMD_13X13','L_SMD_13X13_CUTOUT','L_SMD_13X7','L_SMD_13X8','L_SMD_140X126','L_SMD_15X13','L_SMD_172X75','L_SMD_17X17','L_SMD_17X9','L_SMD_225X220','L_SMD_3X3','L_SMD_12X6','L_SMD_4X4','L_SMD_4_5X4','L_SMD_68X76','L_SMD_7X7','L_SMD_8X8','L_SMD_9X8','L_SMD_12X8','L_INDSMD_2520_MICRO_B','L_SMD_MULTI_590X530','L_SMD_11X8','L_SMD_10X6';
  pin
    '1':
      PIN_NUMBER='(1)';
	PIN_TYPE='ANALOG';
	NO_LOAD_CHECK='BOTH';
	NO_IO_CHECK='BOTH';
	ALLOW_CONNECT='TRUE';
    '2':
      PIN_NUMBER='(2)';
	PIN_TYPE='ANALOG';
	NO_LOAD_CHECK='BOTH';
	NO_IO_CHECK='BOTH';
	ALLOW_CONNECT='TRUE';
  end_pin;
  body
    CLASS='DISCRETE';
    BODY_NAME='L';
    PART_NAME='L';
    PHYS_DES_PREFIX='L';
    PINCOUNT='2';
	SIGNAL_MODEL='nv_ind';
  end_body;
end_primitive;

primitive 'L_TOP';
  pin
    '1':
      PIN_NUMBER='(1)';
	PIN_TYPE='ANALOG';
	NO_LOAD_CHECK='BOTH';
	NO_IO_CHECK='BOTH';
	ALLOW_CONNECT='TRUE';
    '2':
      PIN_NUMBER='(2)';
	PIN_TYPE='ANALOG';
	NO_LOAD_CHECK='BOTH';
	NO_IO_CHECK='BOTH';
	ALLOW_CONNECT='TRUE';
  end_pin;
  body
    CLASS='DISCRETE';
    BODY_NAME='L';
    PART_NAME='L';
    PHYS_DES_PREFIX='L';
    PINCOUNT='2';
	SIGNAL_MODEL='nv_ind';
  end_body;
end_primitive;

primitive 'L_BOTTOM';
  pin
    '1':
      PIN_NUMBER='(1)';
	PIN_TYPE='ANALOG';
	NO_LOAD_CHECK='BOTH';
	NO_IO_CHECK='BOTH';
	ALLOW_CONNECT='TRUE';
    '2':
      PIN_NUMBER='(2)';
	PIN_TYPE='ANALOG';
	NO_LOAD_CHECK='BOTH';
	NO_IO_CHECK='BOTH';
	ALLOW_CONNECT='TRUE';
  end_pin;
  body
    CLASS='DISCRETE';
    BODY_NAME='L';
    PART_NAME='L';
    PHYS_DES_PREFIX='L';
    PINCOUNT='2';
	SIGNAL_MODEL='nv_ind';
  end_body;
end_primitive;

primitive 'L_BEAD_0201','L_BEAD_0402','L_BEAD_0603','L_BEAD_0805','L_BEAD_1612','L_BEAD_1206','L_BEAD_1210','L_BEAD_INDSMD_2520_MICRO_B','L_BEAD_1812','L_BEAD_3312';
  pin
    '1':
      PIN_NUMBER='(1)';
	PIN_TYPE='ANALOG';
	NO_LOAD_CHECK='BOTH';
	NO_IO_CHECK='BOTH';
	ALLOW_CONNECT='TRUE';
    '2':
      PIN_NUMBER='(2)';
	PIN_TYPE='ANALOG';
	NO_LOAD_CHECK='BOTH';
	NO_IO_CHECK='BOTH';
	ALLOW_CONNECT='TRUE';
  end_pin;
  body
    CLASS='DISCRETE';
    BODY_NAME='L';
    PART_NAME='L';
    PHYS_DES_PREFIX='LB';
    PINCOUNT='2';
	SIGNAL_MODEL='nv_ind_noxnet';
  end_body;
end_primitive;

primitive 'L_BEAD_PAK8P';
  pin
    '2':
      PIN_NUMBER='(8,7,6,5)';
	PIN_TYPE='ANALOG';
	NO_LOAD_CHECK='BOTH';
	NO_IO_CHECK='BOTH';
	ALLOW_CONNECT='TRUE';
      PIN_GROUP='1';
    '1':
      PIN_NUMBER='(1,2,3,4)';
	PIN_TYPE='ANALOG';
	NO_LOAD_CHECK='BOTH';
	NO_IO_CHECK='BOTH';
	ALLOW_CONNECT='TRUE';
      PIN_GROUP='1';
 end_pin;
  body
    CLASS='DISCRETE';
    BODY_NAME='L';
    PART_NAME='L';
    PHYS_DES_PREFIX='LP';
	SIGNAL_MODEL='nv_ind_bead_8p_noxnet';
  end_body;
end_primitive;

primitive 'L_CPL2','L_CPL2_R';
  pin
    '1':
      PIN_NUMBER='(1,3)';
	PIN_TYPE='ANALOG';
	NO_LOAD_CHECK='BOTH';
	NO_IO_CHECK='BOTH';
	ALLOW_CONNECT='TRUE';
    '2':
      PIN_NUMBER='(2,4)';
	PIN_TYPE='ANALOG';
	NO_LOAD_CHECK='BOTH';
	NO_IO_CHECK='BOTH';
	ALLOW_CONNECT='TRUE';
  end_pin;
  body
    CLASS='DISCRETE';
    BODY_NAME='L';
    PART_NAME='L';
    PHYS_DES_PREFIX='LC';
	SIGNAL_MODEL='nv_ind_pak2';
  end_body;
end_primitive;

primitive 'L_CPL3';
  pin
    '1':
      PIN_NUMBER='(1,3,5)';
	PIN_TYPE='ANALOG';
	NO_LOAD_CHECK='BOTH';
	NO_IO_CHECK='BOTH';
	ALLOW_CONNECT='TRUE';
    '2':
      PIN_NUMBER='(2,4,6)';
	PIN_TYPE='ANALOG';
	NO_LOAD_CHECK='BOTH';
	NO_IO_CHECK='BOTH';
	ALLOW_CONNECT='TRUE';
  end_pin;
  body
    CLASS='DISCRETE';
    BODY_NAME='L';
    PART_NAME='L';
    PHYS_DES_PREFIX='LC';
	SIGNAL_MODEL='nv_ind_pak3';
  end_body;
end_primitive;

primitive 'L_CPL4';
  pin
    '1':
      PIN_NUMBER='(1,3,5,7)';
	PIN_TYPE='ANALOG';
	NO_LOAD_CHECK='BOTH';
	NO_IO_CHECK='BOTH';
	ALLOW_CONNECT='TRUE';
    '2':
      PIN_NUMBER='(2,4,6,8)';
	PIN_TYPE='ANALOG';
	NO_LOAD_CHECK='BOTH';
	NO_IO_CHECK='BOTH';
	ALLOW_CONNECT='TRUE';
  end_pin;
  body
    CLASS='DISCRETE';
    BODY_NAME='L';
    PART_NAME='L';
    PHYS_DES_PREFIX='LC';
	SIGNAL_MODEL='nv_ind_pak4';
  end_body;
end_primitive;

primitive 'L_CPL5';
  pin
    '1':
      PIN_NUMBER='(1,3,5,7,9)';
	PIN_TYPE='ANALOG';
	NO_LOAD_CHECK='BOTH';
	NO_IO_CHECK='BOTH';
	ALLOW_CONNECT='TRUE';
    '2':
      PIN_NUMBER='(2,4,6,8,10)';
	PIN_TYPE='ANALOG';
	NO_LOAD_CHECK='BOTH';
	NO_IO_CHECK='BOTH';
	ALLOW_CONNECT='TRUE';
  end_pin;
  body
    CLASS='DISCRETE';
    BODY_NAME='L';
    PART_NAME='L';
    PHYS_DES_PREFIX='LC';
	SIGNAL_MODEL='nv_ind_pak5';
  end_body;
end_primitive;

primitive 'L_SMD_218X215','L_SMD3P_8X8','L_SMD3P_15X18','L_SMD_10X12';
  pin
    '1':
      PIN_NUMBER='(1)';
	PIN_TYPE='ANALOG';
	NO_LOAD_CHECK='BOTH';
	NO_IO_CHECK='BOTH';
	ALLOW_CONNECT='TRUE';
    '2':
      PIN_NUMBER='(2)';
	PIN_TYPE='ANALOG';
	NO_LOAD_CHECK='BOTH';
	NO_IO_CHECK='BOTH';
	ALLOW_CONNECT='TRUE';
    '3':
      PIN_NUMBER='(3)';
	PIN_TYPE='ANALOG';
	NO_LOAD_CHECK='BOTH';
	NO_IO_CHECK='BOTH';
	ALLOW_CONNECT='TRUE';
  end_pin;
  body
    CLASS='DISCRETE';
    BODY_NAME='L';
    PART_NAME='L';
    PHYS_DES_PREFIX='L';
    PINCOUNT='3';
	SIGNAL_MODEL='nv_ind';
  end_body;
end_primitive;

primitive 'L_SMD_146x83';
  pin
    '1':
      PIN_NUMBER='(1,4)';
	PIN_TYPE='ANALOG';
	NO_LOAD_CHECK='BOTH';
	NO_IO_CHECK='BOTH';
	ALLOW_CONNECT='TRUE';
    '2':
      PIN_NUMBER='(2,3)';
	PIN_TYPE='ANALOG';
	NO_LOAD_CHECK='BOTH';
	NO_IO_CHECK='BOTH';
	ALLOW_CONNECT='TRUE';
  end_pin;
  body
    CLASS='DISCRETE';
    BODY_NAME='L';
    PART_NAME='L';
    PHYS_DES_PREFIX='LC';
	SIGNAL_MODEL='nv_ind_pak2';
  end_body;
end_primitive;

primitive 'L_3225_4PIN';
  pin
    '1A':
      PIN_NUMBER='(1A)';
	PIN_TYPE='ANALOG';
	NO_LOAD_CHECK='BOTH';
	NO_IO_CHECK='BOTH';
	ALLOW_CONNECT='TRUE';
    '1B':
      PIN_NUMBER='(1B)';
	PIN_TYPE='ANALOG';
	NO_LOAD_CHECK='BOTH';
	NO_IO_CHECK='BOTH';
	ALLOW_CONNECT='TRUE';
    '2A':
      PIN_NUMBER='(2A)';
	PIN_TYPE='ANALOG';
	NO_LOAD_CHECK='BOTH';
	NO_IO_CHECK='BOTH';
	ALLOW_CONNECT='TRUE';
    '2B':
      PIN_NUMBER='(2B)';
	PIN_TYPE='ANALOG';
	NO_LOAD_CHECK='BOTH';
	NO_IO_CHECK='BOTH';
	ALLOW_CONNECT='TRUE';
  end_pin;
  body
    CLASS='DISCRETE';
    BODY_NAME='L';
    PART_NAME='L';
    PHYS_DES_PREFIX='L';
    SIGNAL_MODEL='nv_ind';
  end_body;
end_primitive;

primitive 'L_CPL2_B';
  pin
    '1':
      PIN_NUMBER='(1)';
	PIN_TYPE='ANALOG';
	NO_LOAD_CHECK='BOTH';
	NO_IO_CHECK='BOTH';
	ALLOW_CONNECT='TRUE';
    '2':
      PIN_NUMBER='(2)';
	PIN_TYPE='ANALOG';
	NO_LOAD_CHECK='BOTH';
	NO_IO_CHECK='BOTH';
	ALLOW_CONNECT='TRUE';
	'3':
      PIN_NUMBER='(3)';
	PIN_TYPE='ANALOG';
	NO_LOAD_CHECK='BOTH';
	NO_IO_CHECK='BOTH';
	ALLOW_CONNECT='TRUE';
	'4':
      PIN_NUMBER='(4)';
	PIN_TYPE='ANALOG';
	NO_LOAD_CHECK='BOTH';
	NO_IO_CHECK='BOTH';
	ALLOW_CONNECT='TRUE';
  end_pin;
  body
    CLASS='DISCRETE';
    BODY_NAME='L';
    PART_NAME='L';
    PHYS_DES_PREFIX='LC';
	SIGNAL_MODEL='nv_ind_pak2';
  end_body;
end_primitive;

END.
