FILE_TYPE=LIBRARY_PARTS;
TIME='Created/Modified on Thu Apr 16 14:20:57 2015';
primitive 'CON_B2W_1X4_SMD','CON_B2W_1X4_TH4','CON_B2W_1X4_TH';
  pin
  '1':
    PIN_NUMBER='(1)';
    PIN_TYPE='ANALOG';
    NO_LOAD_CHECK='BOTH';
    NO_IO_CHECK='BOTH';
    ALLOW_CONNECT='TRUE';
  '2':
    PIN_NUMBER='(2)';
    PIN_TYPE='ANALOG';
    NO_LOAD_CHECK='BOTH';
    NO_IO_CHECK='BOTH';
    ALLOW_CONNECT='TRUE';
  '3':
    PIN_NUMBER='(3)';
    PIN_TYPE='ANALOG';
    NO_LOAD_CHECK='BOTH';
    NO_IO_CHECK='BOTH';
    ALLOW_CONNECT='TRUE';
  '4':
    PIN_NUMBER='(4)';
    PIN_TYPE='ANALOG';
    NO_LOAD_CHECK='BOTH';
    NO_IO_CHECK='BOTH';
    ALLOW_CONNECT='TRUE';
  end_pin;
  body
    CLASS='IO';
    BODY_NAME='CON_B2W_1X4';
    PART_NAME='CON_B2W_1X4';
    PHYS_DES_PREFIX='J';
    PINCOUNT='4';
  end_body;
end_primitive;
primitive 'CON_B2W_1X4_TH04';
  pin
  '1':
    PIN_NUMBER='(1)';
    PIN_TYPE='ANALOG';
    NO_LOAD_CHECK='BOTH';
    NO_IO_CHECK='BOTH';
    ALLOW_CONNECT='TRUE';
  '2':
    PIN_NUMBER='(2)';
    PIN_TYPE='ANALOG';
    NO_LOAD_CHECK='BOTH';
    NO_IO_CHECK='BOTH';
    ALLOW_CONNECT='TRUE';
  '3':
    PIN_NUMBER='(3)';
    PIN_TYPE='ANALOG';
    NO_LOAD_CHECK='BOTH';
    NO_IO_CHECK='BOTH';
    ALLOW_CONNECT='TRUE';
  '4':
    PIN_NUMBER='(4)';
    PIN_TYPE='ANALOG';
    NO_LOAD_CHECK='BOTH';
    NO_IO_CHECK='BOTH';
    ALLOW_CONNECT='TRUE';
  'GND'<5..24>:
    PIN_NUMBER='(<5..24>)';
    PIN_TYPE='ANALOG';
    NO_LOAD_CHECK='BOTH';
    NO_IO_CHECK='BOTH';
    ALLOW_CONNECT='TRUE';
  end_pin;
  body
    CLASS='IO';
    BODY_NAME='CON_B2W_1X4';
    PART_NAME='CON_B2W_1X4';
    PHYS_DES_PREFIX='J';
  end_body;
end_primitive;
primitive 'CON_B2W_1X4_SMD_MT2';
  pin
  '1':
    PIN_NUMBER='(1)';
    PIN_TYPE='ANALOG';
    NO_LOAD_CHECK='BOTH';
    NO_IO_CHECK='BOTH';
    ALLOW_CONNECT='TRUE';
  '2':
    PIN_NUMBER='(2)';
    PIN_TYPE='ANALOG';
    NO_LOAD_CHECK='BOTH';
    NO_IO_CHECK='BOTH';
    ALLOW_CONNECT='TRUE';
  '3':
    PIN_NUMBER='(3)';
    PIN_TYPE='ANALOG';
    NO_LOAD_CHECK='BOTH';
    NO_IO_CHECK='BOTH';
    ALLOW_CONNECT='TRUE';
  '4':
    PIN_NUMBER='(4)';
    PIN_TYPE='ANALOG';
    NO_LOAD_CHECK='BOTH';
    NO_IO_CHECK='BOTH';
    ALLOW_CONNECT='TRUE';
  'MT1':
    PIN_NUMBER='(5)';
    PINUSE='NC';
  'MT2':
    PIN_NUMBER='(6)';
    PINUSE='NC';
  end_pin;
  body
    CLASS='IO';
    BODY_NAME='CON_B2W_1X4';
    PART_NAME='CON_B2W_1X4';
    PHYS_DES_PREFIX='J';
  end_body;
end_primitive;
END.
