FILE_TYPE=LIBRARY_PARTS;
TIME='Created/Modified on Tue Dec 15 11:01:33 2009';

primitive 'VIRTUAL_SHORT_SHUNT', 'VIRTUAL_SHORT_4MIL', 'VIRTUAL_SHORT_10MIL', 'VIRTUAL_SHORT_12MIL', 'VIRTUAL_SHORT_25MIL', 'VIRTUAL_SHORT_65MIL';
  pin
    'B':
      PIN_NUMBER='(2)';
	PIN_TYPE='ANALOG';
	NO_LOAD_CHECK='BOTH';
	NO_IO_CHECK='BOTH';
	ALLOW_CONNECT='TRUE';
    'A':
      PIN_NUMBER='(1)';
	PIN_TYPE='ANALOG';
	NO_LOAD_CHECK='BOTH';
	NO_IO_CHECK='BOTH';
	ALLOW_CONNECT='TRUE';
  end_pin;
  body
    CLASS='DISCRETE';
    BODY_NAME='VIRTUAL_SHORT';
    PART_NAME='VIRTUAL_SHORT';
    PHYS_DES_PREFIX='VS';
    PINCOUNT='2';
  end_body;
end_primitive;

END.
