FILE_TYPE=LIBRARY_PARTS;
TIME=' COMPILATION ON TUE JAN 08 13:43:34 2002  ';
primitive 'L_CMF_4P','L_CMF_4P_CMFLTR4_2012','L_CMF_4P_CMFLTR4_3225','L_CMF_4P_SMDA_012X010','L_CMF_4P_SMDA_020X012','L_CMF_4P_SMDA_070X060','L_CMF_4P_SMDA_006X005','L_CMF_4P_SMDA_045X032','L_CMF_4P_SMDA_120X110','L_CMF_4P_SMDA_039X025';
  pin
    '1':
      PIN_NUMBER='(1)';
	PIN_TYPE='ANALOG';
	NO_LOAD_CHECK='BOTH';
	NO_IO_CHECK='BOTH';
	ALLOW_CONNECT='TRUE';
    '2':
      PIN_NUMBER='(2)';
	PIN_TYPE='ANALOG';
	NO_LOAD_CHECK='BOTH';
	NO_IO_CHECK='BOTH';
	ALLOW_CONNECT='TRUE';
    '3':
      PIN_NUMBER='(3)';
	PIN_TYPE='ANALOG';
	NO_LOAD_CHECK='BOTH';
	NO_IO_CHECK='BOTH';
	ALLOW_CONNECT='TRUE';
    '4':
      PIN_NUMBER='(4)';
	PIN_TYPE='ANALOG';
	NO_LOAD_CHECK='BOTH';
	NO_IO_CHECK='BOTH';
	ALLOW_CONNECT='TRUE';
  end_pin;
  body
    CLASS='DISCRETE';
    BODY_NAME='L_CMF_4P';
    PART_NAME='L_CMF_4P';
    PHYS_DES_PREFIX='L';
	SIGNAL_MODEL='nv_ind_cmf_4p';
  end_body;
end_primitive;

primitive 'L_CMF_4P_CMFLTR4_0504','L_CMF_4P_SMDB_012X010','L_CMF_4P_SMDB_020X012','L_CMF_4P_SMDB_008X007','L_CMF_4P_SMDB_009X007','L_CMF_4P_SMDB_023X015','L_CMF_4P_SMDB_006X005';
  pin
    'P1':
      PIN_NUMBER='(1)';
	PIN_TYPE='ANALOG';
	NO_LOAD_CHECK='BOTH';
	NO_IO_CHECK='BOTH';
	ALLOW_CONNECT='TRUE';
    'P2':
      PIN_NUMBER='(2)';
	PIN_TYPE='ANALOG';
	NO_LOAD_CHECK='BOTH';
	NO_IO_CHECK='BOTH';
	ALLOW_CONNECT='TRUE';
    'P3':
      PIN_NUMBER='(3)';
	PIN_TYPE='ANALOG';
	NO_LOAD_CHECK='BOTH';
	NO_IO_CHECK='BOTH';
	ALLOW_CONNECT='TRUE';
    'P4':
      PIN_NUMBER='(4)';
	PIN_TYPE='ANALOG';
	NO_LOAD_CHECK='BOTH';
	NO_IO_CHECK='BOTH';
	ALLOW_CONNECT='TRUE';
  end_pin;
  body
    CLASS='DISCRETE';
    BODY_NAME='L_CMF_4P';
    PART_NAME='L_CMF_4P';
    PHYS_DES_PREFIX='L';
	SIGNAL_MODEL='nv_ind_cmf_4p_0504';
  end_body;
end_primitive;

END.
