FILE_TYPE=LIBRARY_PARTS;
TIME='CREATED/MODIFIED ON SUN 08 SEP 13:50:23 2019';

PRIMITIVE 'U_USB_HUB_RTS5489_QFN88';
	PIN
	'AV10_1':
		PIN_NUMBER='(1,0)';
		PINUSE='POWER';
	'DSP2_RX_N':
		PIN_NUMBER='(0,2)';
		INPUT_LOAD='(-0.01,0.01)';
	'DSP2_RX_P':
		PIN_NUMBER='(0,3)';
		INPUT_LOAD='(-0.01,0.01)';
	'GND1':
		PIN_NUMBER='(4,0)';
		PINUSE='GROUND';
	'DSP2_TX_P':
		PIN_NUMBER='(0,5)';
		OUTPUT_LOAD='(1.0,-1.0)';
	'DSP2_TX_N':
		PIN_NUMBER='(0,6)';
		OUTPUT_LOAD='(1.0,-1.0)';
	'AV10_2':
		PIN_NUMBER='(7,0)';
		PINUSE='POWER';
	'DSP1_RX_N':
		PIN_NUMBER='(0,8)';
		INPUT_LOAD='(-0.01,0.01)';
	'DSP1_RX_P':
		PIN_NUMBER='(0,9)';
		INPUT_LOAD='(-0.01,0.01)';
	'NC1':
		PIN_NUMBER='(0,10)';
		PINUSE='NC';
	'NC2':
		PIN_NUMBER='(0,11)';
		PINUSE='NC';
	'DSP1_TX_P':
		PIN_NUMBER='(0,12)';
		OUTPUT_LOAD='(1.0,-1.0)';
	'DSP1_TX_N':
		PIN_NUMBER='(0,13)';
		OUTPUT_LOAD='(1.0,-1.0)';
	'NC3':
		PIN_NUMBER='(0,14)';
		PINUSE='NC';
	'NC4':
		PIN_NUMBER='(0,15)';
		PINUSE='NC';
	'AV10_3':
		PIN_NUMBER='(16,0)';
		PINUSE='POWER';
	'I2C_CLK':
		PIN_NUMBER='(0,17)';
		INPUT_LOAD='(-0.01,0.01)';
		OUTPUT_LOAD='(1.0,-1.0)';
		BIDIRECTIONAL='TRUE';
	'DSP3_PWR_EN':
		PIN_NUMBER='(0,18)';
		INPUT_LOAD='(-0.01,0.01)';
		OUTPUT_LOAD='(1.0,-1.0)';
		BIDIRECTIONAL='TRUE';
	'DSP1_PWR_EN':
		PIN_NUMBER='(0,19)';
		INPUT_LOAD='(-0.01,0.01)';
		OUTPUT_LOAD='(1.0,-1.0)';
		BIDIRECTIONAL='TRUE';
	'DSP3_OCP':
		PIN_NUMBER='(0,20)';
		INPUT_LOAD='(-0.01,0.01)';
		OUTPUT_LOAD='(1.0,-1.0)';
		BIDIRECTIONAL='TRUE';
	'DSP1_OCP':
		PIN_NUMBER='(0,21)';
		INPUT_LOAD='(-0.01,0.01)';
		OUTPUT_LOAD='(1.0,-1.0)';
		BIDIRECTIONAL='TRUE';
	'AV33_1':
		PIN_NUMBER='(22,0)';
		PINUSE='POWER';
	'AV10_4':
		PIN_NUMBER='(23,0)';
		PINUSE='POWER';
	'DSP4_RX_N':
		PIN_NUMBER='(0,24)';
		INPUT_LOAD='(-0.01,0.01)';
	'DSP4_RX_P':
		PIN_NUMBER='(0,25)';
		INPUT_LOAD='(-0.01,0.01)';
	'GND2':
		PIN_NUMBER='(26,0)';
		PINUSE='GROUND';
	'DSP4_TX_P':
		PIN_NUMBER='(0,27)';
		OUTPUT_LOAD='(1.0,-1.0)';
	'DSP4_TX_N':
		PIN_NUMBER='(0,28)';
		OUTPUT_LOAD='(1.0,-1.0)';
	'AV10_5':
		PIN_NUMBER='(29,0)';
		PINUSE='POWER';
	'DSP3_RX_N':
		PIN_NUMBER='(0,30)';
		INPUT_LOAD='(-0.01,0.01)';
	'DSP3_RX_P':
		PIN_NUMBER='(0,31)';
		INPUT_LOAD='(-0.01,0.01)';
	'GND3':
		PIN_NUMBER='(32,0)';
		PINUSE='GROUND';
	'DSP3_TX_P':
		PIN_NUMBER='(0,33)';
		OUTPUT_LOAD='(1.0,-1.0)';
	'DSP3_TX_N':
		PIN_NUMBER='(0,34)';
		OUTPUT_LOAD='(1.0,-1.0)';
	'AV10_6':
		PIN_NUMBER='(35,0)';
		PINUSE='POWER';
	'BPWR_DET':
		PIN_NUMBER='(0,36)';
		INPUT_LOAD='(-0.01,0.01)';
	'ADC_IN0':
		PIN_NUMBER='(0,37)';
		PIN_TYPE='ANALOG';
		NO_LOAD_CHECK='BOTH';
		NO_IO_CHECK='BOTH';
		ALLOW_CONNECT='TRUE';
	'ADC_IN1':
		PIN_NUMBER='(0,38)';
		PIN_TYPE='ANALOG';
		NO_LOAD_CHECK='BOTH';
		NO_IO_CHECK='BOTH';
		ALLOW_CONNECT='TRUE';
	'LOC_PWR':
		PIN_NUMBER='(0,39)';
		INPUT_LOAD='(-0.01,0.01)';
	'ADC_CAP':
		PIN_NUMBER='(40,0)';
		PINUSE='POWER';
	'5V_LDO':
		PIN_NUMBER='(41,0)';
		PINUSE='POWER';
	'AV33_2':
		PIN_NUMBER='(42,0)';
		PINUSE='POWER';
	'XTLI':
		PIN_NUMBER='(0,43)';
		INPUT_LOAD='(-0.01,0.01)';
	'XTLO':
		PIN_NUMBER='(0,44)';
		OUTPUT_LOAD='(1.0,-1.0)';
	'RREF':
		PIN_NUMBER='(0,45)';
		INPUT_LOAD='(-0.01,0.01)';
	'AV10_7':
		PIN_NUMBER='(46,0)';
		PINUSE='POWER';
	'USP_D_P':
		PIN_NUMBER='(0,47)';
		INPUT_LOAD='(-0.01,0.01)';
		OUTPUT_LOAD='(1.0,-1.0)';
		BIDIRECTIONAL='TRUE';
	'USP_D_N':
		PIN_NUMBER='(0,48)';
		INPUT_LOAD='(-0.01,0.01)';
		OUTPUT_LOAD='(1.0,-1.0)';
		BIDIRECTIONAL='TRUE';
	'DSP1_D_P':
		PIN_NUMBER='(0,49)';
		INPUT_LOAD='(-0.01,0.01)';
		OUTPUT_LOAD='(1.0,-1.0)';
		BIDIRECTIONAL='TRUE';
	'DSP1_D_N':
		PIN_NUMBER='(0,50)';
		INPUT_LOAD='(-0.01,0.01)';
		OUTPUT_LOAD='(1.0,-1.0)';
		BIDIRECTIONAL='TRUE';
	'DSP2_D_P':
		PIN_NUMBER='(0,51)';
		INPUT_LOAD='(-0.01,0.01)';
		OUTPUT_LOAD='(1.0,-1.0)';
		BIDIRECTIONAL='TRUE';
	'DSP2_D_N':
		PIN_NUMBER='(0,52)';
		INPUT_LOAD='(-0.01,0.01)';
		OUTPUT_LOAD='(1.0,-1.0)';
		BIDIRECTIONAL='TRUE';
	'DSP3_D_P':
		PIN_NUMBER='(0,53)';
		INPUT_LOAD='(-0.01,0.01)';
		OUTPUT_LOAD='(1.0,-1.0)';
		BIDIRECTIONAL='TRUE';
	'DSP3_D_N':
		PIN_NUMBER='(0,54)';
		INPUT_LOAD='(-0.01,0.01)';
		OUTPUT_LOAD='(1.0,-1.0)';
		BIDIRECTIONAL='TRUE';
	'DSP4_D_P':
		PIN_NUMBER='(0,55)';
		INPUT_LOAD='(-0.01,0.01)';
		OUTPUT_LOAD='(1.0,-1.0)';
		BIDIRECTIONAL='TRUE';
	'DSP4_D_N':
		PIN_NUMBER='(0,56)';
		INPUT_LOAD='(-0.01,0.01)';
		OUTPUT_LOAD='(1.0,-1.0)';
		BIDIRECTIONAL='TRUE';
	'AV10_8':
		PIN_NUMBER='(57,0)';
		PINUSE='POWER';
	'SPI_MISO':
		PIN_NUMBER='(0,58)';
		INPUT_LOAD='(-0.01,0.01)';
		OUTPUT_LOAD='(1.0,-1.0)';
		BIDIRECTIONAL='TRUE';
	'SPI_MOSI':
		PIN_NUMBER='(0,59)';
		INPUT_LOAD='(-0.01,0.01)';
		OUTPUT_LOAD='(1.0,-1.0)';
		BIDIRECTIONAL='TRUE';
	'SPI_SCK':
		PIN_NUMBER='(0,60)';
		INPUT_LOAD='(-0.01,0.01)';
		OUTPUT_LOAD='(1.0,-1.0)';
		BIDIRECTIONAL='TRUE';
	'SPI_SCS_N':
		PIN_NUMBER='(0,61)';
		INPUT_LOAD='(-0.01,0.01)';
		OUTPUT_LOAD='(1.0,-1.0)';
		BIDIRECTIONAL='TRUE';
	'DSP2_OCP':
		PIN_NUMBER='(0,62)';
		INPUT_LOAD='(-0.01,0.01)';
		OUTPUT_LOAD='(1.0,-1.0)';
		BIDIRECTIONAL='TRUE';
	'DSP4_OCP':
		PIN_NUMBER='(0,63)';
		INPUT_LOAD='(-0.01,0.01)';
		OUTPUT_LOAD='(1.0,-1.0)';
		BIDIRECTIONAL='TRUE';
	'DSP2_PWR_EN':
		PIN_NUMBER='(0,64)';
		INPUT_LOAD='(-0.01,0.01)';
		OUTPUT_LOAD='(1.0,-1.0)';
		BIDIRECTIONAL='TRUE';
	'DSP4_PWR_EN':
		PIN_NUMBER='(0,65)';
		INPUT_LOAD='(-0.01,0.01)';
		OUTPUT_LOAD='(1.0,-1.0)';
		BIDIRECTIONAL='TRUE';
	'I2C_DAT':
		PIN_NUMBER='(0,66)';
		INPUT_LOAD='(-0.01,0.01)';
		OUTPUT_LOAD='(1.0,-1.0)';
		BIDIRECTIONAL='TRUE';
	'-I2C_INT':
		PIN_NUMBER='(0,67)';
		INPUT_LOAD='(-0.01,0.01)';
		OUTPUT_LOAD='(1.0,-1.0)';
		BIDIRECTIONAL='TRUE';
	'-SM_INT':
		PIN_NUMBER='(0,68)';
		INPUT_LOAD='(-0.01,0.01)';
		OUTPUT_LOAD='(1.0,-1.0)';
		BIDIRECTIONAL='TRUE';
	'SM_CLK':
		PIN_NUMBER='(0,69)';
		INPUT_LOAD='(-0.01,0.01)';
		OUTPUT_LOAD='(1.0,-1.0)';
		BIDIRECTIONAL='TRUE';
	'SM_DAT':
		PIN_NUMBER='(0,70)';
		INPUT_LOAD='(-0.01,0.01)';
		OUTPUT_LOAD='(1.0,-1.0)';
		BIDIRECTIONAL='TRUE';
	'GPIO14':
		PIN_NUMBER='(0,71)';
		INPUT_LOAD='(-0.01,0.01)';
		OUTPUT_LOAD='(1.0,-1.0)';
		BIDIRECTIONAL='TRUE';
	'AV10_9':
		PIN_NUMBER='(72,0)';
		PINUSE='POWER';
	'USP_RX_N':
		PIN_NUMBER='(0,73)';
		INPUT_LOAD='(-0.01,0.01)';
	'USP_RX_P':
		PIN_NUMBER='(0,74)';
		INPUT_LOAD='(-0.01,0.01)';
	'NC5':
		PIN_NUMBER='(0,75)';
		PINUSE='NC';
	'NC6':
		PIN_NUMBER='(0,76)';
		PINUSE='NC';
	'USP_TX_P':
		PIN_NUMBER='(0,77)';
		OUTPUT_LOAD='(1.0,-1.0)';
	'USP_TX_N':
		PIN_NUMBER='(0,78)';
		OUTPUT_LOAD='(1.0,-1.0)';
	'NC7':
		PIN_NUMBER='(0,79)';
		PINUSE='NC';
	'NC8':
		PIN_NUMBER='(0,80)';
		PINUSE='NC';
	'AV10_10':
		PIN_NUMBER='(81,0)';
		PINUSE='POWER';
	'NC9':
		PIN_NUMBER='(0,82)';
		PINUSE='NC';
	'5V_IN1':
		PIN_NUMBER='(83,0)';
		PINUSE='POWER';
	'NC10':
		PIN_NUMBER='(0,84)';
		PINUSE='NC';
	'AV33_3':
		PIN_NUMBER='(85,0)';
		PINUSE='POWER';
	'NC11':
		PIN_NUMBER='(0,86)';
		PINUSE='NC';
	'5V_IN2':
		PIN_NUMBER='(87,0)';
		PINUSE='POWER';
	'NC12':
		PIN_NUMBER='(0,88)';
		PINUSE='NC';
	'EPAD':
		PIN_NUMBER='(89,0)';
		PINUSE='GROUND';
	END_PIN;
	BODY
		PHYS_DES_PREFIX='U';
		CLASS='IC';
		PART_NAME='U_USB_HUB_RTS5489';
		BODY_NAME='U_USB_HUB_RTS5489';
	END_BODY;
END_PRIMITIVE;
END.
