FILE_TYPE=LIBRARY_PARTS;
TIME='Created/Modified on Wed Sep 07 10:01:43 2011';
primitive 'CON_USB_USB3_A';
  pin
    'VBUS':
      PIN_NUMBER='(1)';
      PINUSE='POWER';
    'DN':
      PIN_NUMBER='(2)';
      INPUT_LOAD='(-0.01,0.01)';
      OUTPUT_LOAD='(1.0,-1.0)';
      OUTPUT_TYPE='(TS,TS)';
      BIDIRECTIONAL='TRUE';
    'DP':
      PIN_NUMBER='(3)';
      INPUT_LOAD='(-0.01,0.01)';
      OUTPUT_LOAD='(1.0,-1.0)';
      OUTPUT_TYPE='(TS,TS)';
      BIDIRECTIONAL='TRUE';
    'GND1':
      PIN_NUMBER='(4)';
      PINUSE='GROUND';
    'RX_N':
      PIN_NUMBER='(5)';
      INPUT_LOAD='(-0.01,0.01)';
    'RX_P':
      PIN_NUMBER='(6)';
      INPUT_LOAD='(-0.01,0.01)';
    'GND2':
      PIN_NUMBER='(7)';
      PINUSE='POWER';
    'TX_N':
      PIN_NUMBER='(8)';
      OUTPUT_LOAD='(1.0,-1.0)';
    'TX_P':
      PIN_NUMBER='(9)';
      OUTPUT_LOAD='(1.0,-1.0)';
    'SH1':
      PIN_NUMBER='(10)';
      PINUSE='GROUND';
    'SH2':
      PIN_NUMBER='(11)';
      PINUSE='GROUND';
    'SH3':
      PIN_NUMBER='(12)';
      PINUSE='GROUND';
    'SH4':
      PIN_NUMBER='(13)';
      PINUSE='GROUND';
   end_pin;
   body
    CLASS='IO';
    BODY_NAME='CON_USB';
    PART_NAME='CON_USB';
    PHYS_DES_PREFIX='J';
    PINCOUNT='13';
  end_body;
end_primitive;

primitive 'CON_USB_USB3_MICOR_B';
  pin
    'VBUS':
      PIN_NUMBER='(1)';
      PINUSE='POWER';
    'DN':
      PIN_NUMBER='(2)';
      INPUT_LOAD='(-0.01,0.01)';
      OUTPUT_LOAD='(1.0,-1.0)';
      OUTPUT_TYPE='(TS,TS)';
      BIDIRECTIONAL='TRUE';
    'DP':
      PIN_NUMBER='(3)';
      INPUT_LOAD='(-0.01,0.01)';
      OUTPUT_LOAD='(1.0,-1.0)';
      OUTPUT_TYPE='(TS,TS)';
      BIDIRECTIONAL='TRUE';
    'ID':
      PIN_NUMBER='(4)';
      PIN_TYPE='ANALOG';
      NO_LOAD_CHECK='BOTH';
      UNKNOWN_LOADING='TRUE';
      NO_IO_CHECK='BOTH';
      ALLOW_CONNECT='TRUE';
    'GND':
      PIN_NUMBER='(5)';
      PINUSE='GROUND';
    'TX_N':
      PIN_NUMBER='(6)';
      OUTPUT_LOAD='(1.0,-1.0)';
    'TX_P':
      PIN_NUMBER='(7)';
      OUTPUT_LOAD='(1.0,-1.0)';
    'GND2':
      PIN_NUMBER='(8)';
      PINUSE='POWER';
    'RX_N':
      PIN_NUMBER='(9)';
      INPUT_LOAD='(-0.01,0.01)';
    'RX_P':
      PIN_NUMBER='(10)';
      INPUT_LOAD='(-0.01,0.01)';
    'SH1':
      PIN_NUMBER='(11)';
      PINUSE='GROUND';
    'SH2':
      PIN_NUMBER='(12)';
      PINUSE='GROUND';
   end_pin;
   body
    CLASS='IO';
    BODY_NAME='CON_USB';
    PART_NAME='CON_USB';
    PHYS_DES_PREFIX='J';
    PINCOUNT='12';
  end_body;
end_primitive;

primitive 'CON_USB_TYPE_B','CON_USB_TYPE_A','CON_USB_TYPE_B_S';
  pin
    'VBUS':
      PIN_NUMBER='(1)';
      PINUSE='POWER';
    'DN':
      PIN_NUMBER='(2)';
      INPUT_LOAD='(-0.01,0.01)';
      OUTPUT_LOAD='(1.0,-1.0)';
      OUTPUT_TYPE='(TS,TS)';
      BIDIRECTIONAL='TRUE';
    'DP':
      PIN_NUMBER='(3)';
      INPUT_LOAD='(-0.01,0.01)';
      OUTPUT_LOAD='(1.0,-1.0)';
      OUTPUT_TYPE='(TS,TS)';
      BIDIRECTIONAL='TRUE';
    'GND':
      PIN_NUMBER='(4)';
      PINUSE='GROUND';
    'SH1':
      PIN_NUMBER='(5)';
      PINUSE='GROUND';
    'SH2':
      PIN_NUMBER='(6)';
      PINUSE='GROUND';
  end_pin;
  body
    CLASS='IO';
    BODY_NAME='CON_USB';
    PART_NAME='CON_USB';
    PHYS_DES_PREFIX='J';
    PINCOUNT='6';
  end_body;
end_primitive;

primitive 'CON_USB_MINI_B','CON_USB_MINI_AB','CON_USB_MICRO_B','CON_USB_F_SMD','CON_USB_F_SMD_AB','CON_USB_MICRO_AB_SMD5';
  pin
    'VBUS':
      PIN_NUMBER='(1)';
      PINUSE='POWER';
    'DN':
      PIN_NUMBER='(2)';
      INPUT_LOAD='(-0.01,0.01)';
      OUTPUT_LOAD='(1.0,-1.0)';
      OUTPUT_TYPE='(TS,TS)';
      BIDIRECTIONAL='TRUE';
    'DP':
      PIN_NUMBER='(3)';
      INPUT_LOAD='(-0.01,0.01)';
      OUTPUT_LOAD='(1.0,-1.0)';
      OUTPUT_TYPE='(TS,TS)';
      BIDIRECTIONAL='TRUE';
    'ID':
      PIN_NUMBER='(4)';
      PIN_TYPE='ANALOG';
      NO_LOAD_CHECK='BOTH';
      UNKNOWN_LOADING='TRUE';
      NO_IO_CHECK='BOTH';
      ALLOW_CONNECT='TRUE';
    'GND':
      PIN_NUMBER='(5)';
      PINUSE='GROUND';
    'SH1':
      PIN_NUMBER='(6)';
      PINUSE='GROUND';
    'SH2':
      PIN_NUMBER='(7)';
      PINUSE='GROUND';
    'SH3':
      PIN_NUMBER='(8)';
      PINUSE='GROUND';
    'SH4':
      PIN_NUMBER='(9)';
      PINUSE='GROUND';
  end_pin;
  body
    CLASS='IO';
    BODY_NAME='CON_USB';
    PART_NAME='CON_USB';
    PHYS_DES_PREFIX='J';
    PINCOUNT='9';
  end_body;
end_primitive;

primitive 'CON_USB_SMD_11PIN','CON_USB_SMD_11PIN_B','CON_USB_MICRO_AB_11','CON_USB_MICRO_B_ALT';
  pin
    'VBUS':
      PIN_NUMBER='(1)';
      PINUSE='POWER';
    'DN':
      PIN_NUMBER='(2)';
      INPUT_LOAD='(-0.01,0.01)';
      OUTPUT_LOAD='(1.0,-1.0)';
      OUTPUT_TYPE='(TS,TS)';
      BIDIRECTIONAL='TRUE';
    'DP':
      PIN_NUMBER='(3)';
      INPUT_LOAD='(-0.01,0.01)';
      OUTPUT_LOAD='(1.0,-1.0)';
      OUTPUT_TYPE='(TS,TS)';
      BIDIRECTIONAL='TRUE';
    'ID':
      PIN_NUMBER='(4)';
      PIN_TYPE='ANALOG';
      NO_LOAD_CHECK='BOTH';
      UNKNOWN_LOADING='TRUE';
      NO_IO_CHECK='BOTH';
      ALLOW_CONNECT='TRUE';
    'GND':
      PIN_NUMBER='(5)';
      PINUSE='GROUND';
    'SH1':
      PIN_NUMBER='(6)';
      PINUSE='GROUND';
    'SH2':
      PIN_NUMBER='(7)';
      PINUSE='GROUND';
    'SH3':
      PIN_NUMBER='(8)';
      PINUSE='GROUND';
    'SH4':
      PIN_NUMBER='(9)';
      PINUSE='GROUND';
   'MT1':
      PIN_NUMBER='(10)';
      PINUSE='GROUND';
   'MT2':
      PIN_NUMBER='(11)';
      PINUSE='GROUND';
  end_pin;
  body
    CLASS='IO';
    BODY_NAME='CON_USB';
    PART_NAME='CON_USB';
    PHYS_DES_PREFIX='J';
    PINCOUNT='11';
  end_body;
end_primitive;

primitive 'CON_USB_TYPEA_TH_4PIN';
  pin
    'VBUS':
      PIN_NUMBER='(1)';
      PINUSE='POWER';
    'DN':
      PIN_NUMBER='(2)';
      INPUT_LOAD='(-0.01,0.01)';
      OUTPUT_LOAD='(1.0,-1.0)';
      OUTPUT_TYPE='(TS,TS)';
      BIDIRECTIONAL='TRUE';
    'DP':
      PIN_NUMBER='(3)';
      INPUT_LOAD='(-0.01,0.01)';
      OUTPUT_LOAD='(1.0,-1.0)';
      OUTPUT_TYPE='(TS,TS)';
      BIDIRECTIONAL='TRUE';
    'GND':
      PIN_NUMBER='(4)';
      PINUSE='GROUND';
    'SH1':
      PIN_NUMBER='(5)';
      PINUSE='GROUND';
    'SH2':
      PIN_NUMBER='(6)';
      PINUSE='GROUND';
    'SH3':
      PIN_NUMBER='(7)';
      PINUSE='GROUND';
    'SH4':
      PIN_NUMBER='(8)';
      PINUSE='GROUND';
  end_pin;
  body
    CLASS='IO';
    BODY_NAME='CON_USB';
    PART_NAME='CON_USB';
    PHYS_DES_PREFIX='J';
    PINCOUNT='8';
  end_body;
end_primitive;

primitive 'CON_USB_TYPE_A_D';
  pin
    'VBUS1':
      PIN_NUMBER='(1A)';
      PINUSE='POWER';
    'DN1':
      PIN_NUMBER='(2A)';
      INPUT_LOAD='(-0.01,0.01)';
      OUTPUT_LOAD='(1.0,-1.0)';
      OUTPUT_TYPE='(TS,TS)';
      BIDIRECTIONAL='TRUE';
    'DP1':
      PIN_NUMBER='(3A)';
      INPUT_LOAD='(-0.01,0.01)';
      OUTPUT_LOAD='(1.0,-1.0)';
      OUTPUT_TYPE='(TS,TS)';
      BIDIRECTIONAL='TRUE';
    'GND1':
      PIN_NUMBER='(4A)';
      PINUSE='GROUND';
    'VBUS2':
      PIN_NUMBER='(1B)';
      PINUSE='POWER';
    'DN2':
      PIN_NUMBER='(2B)';
      INPUT_LOAD='(-0.01,0.01)';
      OUTPUT_LOAD='(1.0,-1.0)';
      OUTPUT_TYPE='(TS,TS)';
      BIDIRECTIONAL='TRUE';
    'DP2':
      PIN_NUMBER='(3B)';
      INPUT_LOAD='(-0.01,0.01)';
      OUTPUT_LOAD='(1.0,-1.0)';
      OUTPUT_TYPE='(TS,TS)';
      BIDIRECTIONAL='TRUE';
    'GND2':
      PIN_NUMBER='(4B)';
      PINUSE='GROUND';
    'SH1':
      PIN_NUMBER='(1)';
      PINUSE='GROUND';
    'SH2':
      PIN_NUMBER='(2)';
      PINUSE='GROUND';
    'SH3':
      PIN_NUMBER='(3)';
      PINUSE='GROUND';
    'SH4':
      PIN_NUMBER='(4)';
      PINUSE='GROUND';
  end_pin;
  body
    CLASS='IO';
    BODY_NAME='CON_USB';
    PART_NAME='CON_USB';
    PHYS_DES_PREFIX='J';
    PINCOUNT='12';
  end_body;
end_primitive;

primitive 'CON_USB_MICRO_AB','CON_USB_SMD10';
  pin
    'VBUS':
      PIN_NUMBER='(1)';
      PINUSE='POWER';
    'DN':
      PIN_NUMBER='(2)';
      INPUT_LOAD='(-0.01,0.01)';
      OUTPUT_LOAD='(1.0,-1.0)';
      OUTPUT_TYPE='(TS,TS)';
      BIDIRECTIONAL='TRUE';
    'DP':
      PIN_NUMBER='(3)';
      INPUT_LOAD='(-0.01,0.01)';
      OUTPUT_LOAD='(1.0,-1.0)';
      OUTPUT_TYPE='(TS,TS)';
      BIDIRECTIONAL='TRUE';
    'ID':
      PIN_NUMBER='(4)';
      PIN_TYPE='ANALOG';
      NO_LOAD_CHECK='BOTH';
      UNKNOWN_LOADING='TRUE';
      NO_IO_CHECK='BOTH';
      ALLOW_CONNECT='TRUE';
    'GND1':
      PIN_NUMBER='(5)';
      PINUSE='GROUND';
    'TX_N':
      PIN_NUMBER='(9)';
      OUTPUT_LOAD='(1.0,-1.0)';
     'TX_P':
      PIN_NUMBER='(10)';
      OUTPUT_LOAD='(1.0,-1.0)';
    'GND2':
      PIN_NUMBER='(8)';
      PINUSE='GROUND';
    'RX_N':
      PIN_NUMBER='(6)';
      INPUT_LOAD='(-0.01,0.01)';
    'RX_P':
      PIN_NUMBER='(7)';
      INPUT_LOAD='(-0.01,0.01)';
    'SH1':
      PIN_NUMBER='(11)';
      PINUSE='GROUND';
    'SH2':
      PIN_NUMBER='(12)';
      PINUSE='GROUND';
    'SH3':
      PIN_NUMBER='(13)';
      PINUSE='GROUND';
    'SH4':
      PIN_NUMBER='(14)';
      PINUSE='GROUND';
    'SH5':
      PIN_NUMBER='(15)';
      PINUSE='GROUND';
    'SH6':
      PIN_NUMBER='(16)';
      PINUSE='GROUND';
  end_pin;
  body
    CLASS='IO';
    BODY_NAME='CON_USB';
    PART_NAME='CON_USB';
    PHYS_DES_PREFIX='J';
    PINCOUNT='16';
  end_body;
end_primitive;

primitive 'CON_USB_SMD_8PIN';
  pin
    'VBUS':
      PIN_NUMBER='(1)';
      PINUSE='POWER';
    'DN':
      PIN_NUMBER='(2)';
      INPUT_LOAD='(-0.01,0.01)';
      OUTPUT_LOAD='(1.0,-1.0)';
      OUTPUT_TYPE='(TS,TS)';
      BIDIRECTIONAL='TRUE';
    'DP':
      PIN_NUMBER='(3)';
      INPUT_LOAD='(-0.01,0.01)';
      OUTPUT_LOAD='(1.0,-1.0)';
      OUTPUT_TYPE='(TS,TS)';
      BIDIRECTIONAL='TRUE';
    'ID':
      PIN_NUMBER='(4)';
      PIN_TYPE='ANALOG';
      NO_LOAD_CHECK='BOTH';
      UNKNOWN_LOADING='TRUE';
      NO_IO_CHECK='BOTH';
      ALLOW_CONNECT='TRUE';
    'GND':
      PIN_NUMBER='(5)';
      PINUSE='GROUND';
    'SH1':
      PIN_NUMBER='(6)';
      PINUSE='GROUND';
    'SH2':
      PIN_NUMBER='(7)';
      PINUSE='GROUND';
    'SH3':
      PIN_NUMBER='(8)';
      PINUSE='GROUND';
  end_pin;
  body
    CLASS='IO';
    BODY_NAME='CON_USB';
    PART_NAME='CON_USB';
    PHYS_DES_PREFIX='J';
    PINCOUNT='8';
  end_body;
end_primitive;

primitive 'CON_USB_TYPE-AB_5PIN','CON_USB_USB_CON_TH','CON_USB_MICRO_B_7';
  pin
    'VBUS':
      PIN_NUMBER='(1)';
      PINUSE='POWER';
    'DN':
      PIN_NUMBER='(2)';
      INPUT_LOAD='(-0.01,0.01)';
      OUTPUT_LOAD='(1.0,-1.0)';
      OUTPUT_TYPE='(TS,TS)';
      BIDIRECTIONAL='TRUE';
    'DP':
      PIN_NUMBER='(3)';
      INPUT_LOAD='(-0.01,0.01)';
      OUTPUT_LOAD='(1.0,-1.0)';
      OUTPUT_TYPE='(TS,TS)';
      BIDIRECTIONAL='TRUE';
    'ID':
      PIN_NUMBER='(4)';
      PIN_TYPE='ANALOG';
      NO_LOAD_CHECK='BOTH';
      UNKNOWN_LOADING='TRUE';
      NO_IO_CHECK='BOTH';
      ALLOW_CONNECT='TRUE';
    'GND':
      PIN_NUMBER='(5)';
      PINUSE='GROUND';
    'MT1':
      PIN_NUMBER='(6)';
      PINUSE='GROUND';
    'MT2':
      PIN_NUMBER='(7)';
      PINUSE='GROUND';
  end_pin;
  body
    CLASS='IO';
    BODY_NAME='CON_USB';
    PART_NAME='CON_USB';
    PHYS_DES_PREFIX='J';
    PINCOUNT='7';
  end_body;
end_primitive;

primitive 'CON_USB_MICRO_B_10';
  pin
    'VBUS':
      PIN_NUMBER='(1)';
      PINUSE='POWER';
    'DN':
      PIN_NUMBER='(2)';
      INPUT_LOAD='(-0.01,0.01)';
      OUTPUT_LOAD='(1.0,-1.0)';
      OUTPUT_TYPE='(TS,TS)';
      BIDIRECTIONAL='TRUE';
    'DP':
      PIN_NUMBER='(3)';
      INPUT_LOAD='(-0.01,0.01)';
      OUTPUT_LOAD='(1.0,-1.0)';
      OUTPUT_TYPE='(TS,TS)';
      BIDIRECTIONAL='TRUE';
    'ID':
      PIN_NUMBER='(4)';
      PIN_TYPE='ANALOG';
      NO_LOAD_CHECK='BOTH';
      UNKNOWN_LOADING='TRUE';
      NO_IO_CHECK='BOTH';
      ALLOW_CONNECT='TRUE';
    'GND':
      PIN_NUMBER='(5)';
      PINUSE='GROUND';
    'SH1':
      PIN_NUMBER='(6)';
      PINUSE='GROUND';
    'SH2':
      PIN_NUMBER='(7)';
      PINUSE='GROUND';
    'SH3':
      PIN_NUMBER='(8)';
      PINUSE='GROUND';
    'SH4':
      PIN_NUMBER='(9)';
      PINUSE='GROUND';
    'MT1':
      PIN_NUMBER='(10)';
      PINUSE='GROUND';
  end_pin;
  body
    CLASS='IO';
    BODY_NAME='CON_USB';
    PART_NAME='CON_USB';
    PHYS_DES_PREFIX='J';
    PINCOUNT='10';
  end_body;
end_primitive;
primitive 'CON_USB_TYPE_A_2';
  pin
    'VBUS':
      PIN_NUMBER='(1)';
      PINUSE='POWER';
    'DN':
      PIN_NUMBER='(2)';
      INPUT_LOAD='(-0.01,0.01)';
      OUTPUT_LOAD='(1.0,-1.0)';
      OUTPUT_TYPE='(TS,TS)';
      BIDIRECTIONAL='TRUE';
    'DP': 
      PIN_NUMBER='(3)';
      INPUT_LOAD='(-0.01,0.01)';
      OUTPUT_LOAD='(1.0,-1.0)';
      OUTPUT_TYPE='(TS,TS)';
      BIDIRECTIONAL='TRUE';
    'GND':
      PIN_NUMBER='(4)';
      PINUSE='GROUND';
    'SH1':
      PIN_NUMBER='(H1)';
      PINUSE='POWER';
    'SH2':
      PIN_NUMBER='(H2)';
      PINUSE='POWER';
    'SH3':
      PIN_NUMBER='(H3)';
      PINUSE='POWER';
   'SH4':
      PIN_NUMBER='(H4)';
      PINUSE='POWER';
  end_pin;
  body
    CLASS='IO';
    BODY_NAME='CON_USB';
    PART_NAME='CON_USB';
    PHYS_DES_PREFIX='J';
    PINCOUNT='8';
  end_body;
  end_primitive;
END.
