FILE_TYPE=LIBRARY_PARTS;
primitive 'U_LDO_SO8_NOVR';
  pin
    'GND':
      PIN_NUMBER='(8)';
      PINUSE='GROUND';
    'EN':
      PIN_NUMBER='(2)';
      INPUT_LOAD='(-0.01,0.01)';
    'FB':
      PIN_NUMBER='(7)';
      PIN_TYPE='ANALOG';
      NO_LOAD_CHECK='Both';
      NO_IO_CHECK='Both';
      ALLOW_CONNECT='TRUE';
      UNKNOWN_LOADING='TRUE';
    'VOUT':
      PIN_NUMBER='(6)';
      PINUSE='POWER';
    'VIN':
      PIN_NUMBER='(3)';
      PINUSE='POWER';
    'POK':
      PIN_NUMBER='(1)';
      OUTPUT_TYPE='(OC,AND)';
      OUTPUT_LOAD='(1.0,*)';
    'PAD':
      PIN_NUMBER='(9)';
      PINUSE='GROUND';
    'NC':
      PIN_NUMBER='(5)';
      PINUSE='NC';
    'VCNTL':
      PIN_NUMBER='(4)';
      PINUSE='POWER';
  end_pin;
  body
    PART_NAME='U_LDO';
    BODY_NAME='U_LDO';
    JEDEC_TYPE='so08_050x040_t035x028';
    PHYS_DES_PREFIX='U';
    CLASS='IC';
  end_body;
end_primitive;

primitive 'U_LDO_SOT23_5_NOVR','U_LDO_SOT23_5_FIX','U_LDO_SOT23_5_ADJ';
  pin
    'EN':
      PIN_NUMBER='(3)';
      PIN_TYPE='ANALOG';
      NO_LOAD_CHECK='BOTH';
      NO_IO_CHECK='BOTH';
      ALLOW_CONNECT='TRUE';
      UNKNOWN_LOADING='TRUE';
    'GND':
      PIN_NUMBER='(2)';
      PINUSE='GROUND';
    'IN':
      PIN_NUMBER='(1)';
      PIN_TYPE='ANALOG';
      NO_LOAD_CHECK='BOTH';
      NO_IO_CHECK='BOTH';
      ALLOW_CONNECT='TRUE';
      UNKNOWN_LOADING='TRUE';
    'ADJ':
      PIN_NUMBER='(4)';
      PIN_TYPE='ANALOG';
      NO_LOAD_CHECK='BOTH';
      NO_IO_CHECK='BOTH';
      ALLOW_CONNECT='TRUE';
      UNKNOWN_LOADING='TRUE';
    'OUT':
      PIN_NUMBER='(5)';
      PIN_TYPE='ANALOG';
      NO_LOAD_CHECK='BOTH';
      NO_IO_CHECK='BOTH';
      ALLOW_CONNECT='TRUE';
      UNKNOWN_LOADING='TRUE';
  end_pin;
  body
    PART_NAME='U_LDO';
    BODY_NAME='U_LDO';
    PINCOUNT='5';
    NO_LOAD_CHECK='BOTH';
    PHYS_DES_PREFIX='U';
    CLASS='IC';
  end_body;
end_primitive;

primitive 'U_LDO_UDFN4_NOVR';
  pin
    'EN':
      PIN_NUMBER='(3)';
      PIN_TYPE='ANALOG';
      NO_LOAD_CHECK='BOTH';
      NO_IO_CHECK='BOTH';
      ALLOW_CONNECT='TRUE';
      UNKNOWN_LOADING='TRUE';
    'IN':
      PIN_NUMBER='(4)';
      PIN_TYPE='ANALOG';
      NO_LOAD_CHECK='BOTH';
      NO_IO_CHECK='BOTH';
      ALLOW_CONNECT='TRUE';
      UNKNOWN_LOADING='TRUE';
    'OUT':
      PIN_NUMBER='(1)';
      PIN_TYPE='ANALOG';
      NO_LOAD_CHECK='BOTH';
      NO_IO_CHECK='BOTH';
      ALLOW_CONNECT='TRUE';
      UNKNOWN_LOADING='TRUE';
    'GND2':
      PIN_NUMBER='(5)';
      PINUSE='GROUND';
    'GND1':
      PIN_NUMBER='(2)';
      PINUSE='GROUND';
  end_pin;
  body
    PART_NAME='U_LDO';
    NO_LOAD_CHECK='BOTH';
    BODY_NAME='U_LDO';
    PINCOUNT='5';
    PHYS_DES_PREFIX='U';
    CLASS='IC';
  end_body;
end_primitive;

primitive 'U_LDO_TDFN10_NOVR';
  pin
    'VOUT3':
      PIN_NUMBER='(3)';
      PINUSE='POWER';
    'EN':
      PIN_NUMBER='(6)';
      INPUT_LOAD='(-0.01,0.01)';
    'POK':
      PIN_NUMBER='(5)';
      OUTPUT_TYPE='(OC,AND)';
      OUTPUT_LOAD='(1.0,*)';
    'VCTL':
      PIN_NUMBER='(10)';
      PINUSE='POWER';
    'VOUT1':
      PIN_NUMBER='(1)';
      PINUSE='POWER';
    'VOUT2':
      PIN_NUMBER='(2)';
      PINUSE='POWER';
    'VIN2':
      PIN_NUMBER='(8)';
      PINUSE='POWER';
    'VIN3':
      PIN_NUMBER='(9)';
      PINUSE='POWER';
    'FB':
      PIN_NUMBER='(4)';
      PIN_TYPE='ANALOG';
      NO_LOAD_CHECK='BOTH';
      NO_IO_CHECK='BOTH';
      ALLOW_CONNECT='TRUE';
      UNKNOWN_LOADING='TRUE';
    'GND':
      PIN_NUMBER='(11)';
      PINUSE='POWER';
    'VIN1':
      PIN_NUMBER='(7)';
      PINUSE='POWER';
  end_pin;
  body
    PART_NAME='U_LDO';
    NO_LOAD_CHECK='BOTH';
    BODY_NAME='U_LDO';
    PHYS_DES_PREFIX='U';
    CLASS='IC';
  end_body;
end_primitive;

primitive 'U_LDO_DFN6';
  pin
    'GND':
      PIN_NUMBER='(3)';
      PINUSE='GROUND';
    'EPAD':
      PIN_NUMBER='(7)';
      PINUSE='GROUND';
    'VOUT':
      PIN_NUMBER='(1)';
      PINUSE='POWER';
    'EN':
      PIN_NUMBER='(4)';
      INPUT_LOAD='(-0.01,0.01)';
    'NC_1':
      PIN_NUMBER='(2)';
      PINUSE='NC';
    'NC_2':
      PIN_NUMBER='(5)';
      PINUSE='NC';
    'VIN':
      PIN_NUMBER='(6)';
      PINUSE='POWER';
  end_pin;
  body
    PART_NAME='U_LDO';
    BODY_NAME='U_LDO';
    PHYS_DES_PREFIX='U';
    CLASS='IC';
  end_body;
end_primitive;

primitive 'U_LDO_DFN10';
  pin
    'IN_1':
      PIN_NUMBER='(1)';
      PIN_TYPE='ANALOG';
      NO_LOAD_CHECK='BOTH';
      UNKNOWN_LOADING='TRUE';
      NO_IO_CHECK='BOTH';
      ALLOW_CONNECT='TRUE';
    'IN_2':
      PIN_NUMBER='(2)';
      PIN_TYPE='ANALOG';
      NO_LOAD_CHECK='BOTH';
      UNKNOWN_LOADING='TRUE';
      NO_IO_CHECK='BOTH';
      ALLOW_CONNECT='TRUE';
    'OUT_1':
      PIN_NUMBER='(10)';
      PIN_TYPE='ANALOG';
      NO_LOAD_CHECK='BOTH';
      UNKNOWN_LOADING='TRUE';
      NO_IO_CHECK='BOTH';
      ALLOW_CONNECT='TRUE';
    'OUT_2':
      PIN_NUMBER='(9)';
      PIN_TYPE='ANALOG';
      NO_LOAD_CHECK='BOTH';
      UNKNOWN_LOADING='TRUE';
      NO_IO_CHECK='BOTH';
      ALLOW_CONNECT='TRUE';
    'PG':
      PIN_NUMBER='(3)';
      OUTPUT_LOAD='(1.0,-1.0)';
    'BIAS':
      PIN_NUMBER='(4)';
      INPUT_LOAD='(-0.01,0.01)';
    'EN':
      PIN_NUMBER='(5)';
      INPUT_LOAD='(-0.01,0.01)';
    'GND':
      PIN_NUMBER='(6)';
      PINUSE='GROUND';
    'SS':
      PIN_NUMBER='(7)';
      INPUT_LOAD='(-0.01,0.01)';
    'FB':
      PIN_NUMBER='(8)';
      PIN_TYPE='ANALOG';
      NO_LOAD_CHECK='BOTH';
      UNKNOWN_LOADING='TRUE';
      NO_IO_CHECK='BOTH';
      ALLOW_CONNECT='TRUE';
    'TP':
      PIN_NUMBER='(11)';
      PINUSE='GROUND';
  end_pin;
  body
    PART_NAME='U_LDO';
    BODY_NAME='U_LDO';
    PHYS_DES_PREFIX='U';
    CLASS='IC';
  end_body;
end_primitive;

primitive 'U_LDO_DFN06';
  pin
    'BIAS':
      PIN_NUMBER='(1)';
      INPUT_LOAD='(-0.01,0.01)';
    'GND':
      PIN_NUMBER='(2)';
      PINUSE='GROUND';
    'EPAD':
      PIN_NUMBER='(7)';
      PINUSE='GROUND';
    'IN':
      PIN_NUMBER='(3)';
      PIN_TYPE='ANALOG';
      NO_LOAD_CHECK='BOTH';
      UNKNOWN_LOADING='TRUE';
      NO_IO_CHECK='BOTH';
      ALLOW_CONNECT='TRUE';
    'OUT':
      PIN_NUMBER='(4)';
      PIN_TYPE='ANALOG';
      NO_LOAD_CHECK='BOTH';
      UNKNOWN_LOADING='TRUE';
      NO_IO_CHECK='BOTH';
      ALLOW_CONNECT='TRUE';
    'ADJ':
      PIN_NUMBER='(5)';
      PIN_TYPE='ANALOG';
      NO_LOAD_CHECK='BOTH';
      NO_IO_CHECK='BOTH';
      ALLOW_CONNECT='TRUE';
      UNKNOWN_LOADING='TRUE';
    'SHDN':
      PIN_NUMBER='(6)';
      INPUT_LOAD='(-0.01,0.01)';
  end_pin;
  body
    PART_NAME='U_LDO';
    BODY_NAME='U_LDO';
    PINCOUNT='7';
    PHYS_DES_PREFIX='U';
    CLASS='IC';
  end_body;
end_primitive;

primitive 'U_LDO_QFN20';
  pin
    'OUT1_14':
      PIN_NUMBER='(14)';
      PINUSE='POWER';
    'OUT1_15':
      PIN_NUMBER='(15)';
      PINUSE='POWER';
    'FB1':
      PIN_NUMBER='(16)';
      INPUT_LOAD='(-0.01,0.01)';
    'PG1':
      PIN_NUMBER='(17)';
      OUTPUT_LOAD='(1.0,-1.0)';
    'OUT2_11':
      PIN_NUMBER='(11)';
      PINUSE='POWER';
    'OUT2_12':
      PIN_NUMBER='(12)';
      PINUSE='POWER';
    'FB2':
      PIN_NUMBER='(10)';
      INPUT_LOAD='(-0.01,0.01)';
    'PG2':
      PIN_NUMBER='(9)';
      OUTPUT_LOAD='(1.0,-1.0)';
    'GND_3':
      PIN_NUMBER='(3)';
      PINUSE='GROUND';
    'GND_13':
      PIN_NUMBER='(13)';
      PINUSE='GROUND';
    'IN1_1':
      PIN_NUMBER='(1)';
      PINUSE='POWER';
    'IN1_2':
      PIN_NUMBER='(2)';
      PINUSE='POWER';
    'EN1':
      PIN_NUMBER='(20)';
      INPUT_LOAD='(-0.01,0.01)';
    'SS_CTRL1':
      PIN_NUMBER='(18)';
      INPUT_LOAD='(-0.01,0.01)';
    'NR_SS1':
      PIN_NUMBER='(19)';
      PIN_TYPE='ANALOG';
      NO_LOAD_CHECK='Both';
      NO_IO_CHECK='Both';
      ALLOW_CONNECT='TRUE';
    'IN2_4':
      PIN_NUMBER='(4)';
      PINUSE='POWER';
    'IN2_5':
      PIN_NUMBER='(5)';
      PINUSE='POWER';
    'EN2':
      PIN_NUMBER='(6)';
      INPUT_LOAD='(-0.01,0.01)';
    'SS_CTRL2':
      PIN_NUMBER='(8)';
      INPUT_LOAD='(-0.01,0.01)';
    'NR_SS2':
      PIN_NUMBER='(7)';
      PIN_TYPE='ANALOG';
      NO_LOAD_CHECK='Both';
      NO_IO_CHECK='Both';
      ALLOW_CONNECT='TRUE';
    'EPAD':
      PIN_NUMBER='(21)';
      PINUSE='GROUND';
  end_pin;
  body
    PART_NAME='U_LDO';
    BODY_NAME='U_LDO';
    PHYS_DES_PREFIX='U';
    CLASS='IC';
  end_body;
end_primitive;

END.
